#
# A fatal error has been detected by the Java Runtime Environment:
#
#  SIGSEGV (0xb) at pc=0x679531e0, pid=16095, tid=1772092224
#
# JRE version: Java(TM) SE Runtime Environment (7.0_45-b18) (build 1.7.0_45-b18)
# Java VM: Java HotSpot(TM) Client VM (24.45-b08 mixed mode linux-x86 )
# Problematic frame:
# C  [libgio-2.0.so.0+0x371e0]  g_emblemed_icon_new+0xfd0
#
# Failed to write core dump. Core dumps have been disabled. To enable core dumping, try "ulimit -c unlimited" before starting Java again
#
# If you would like to submit a bug report, please visit:
#   http://bugreport.sun.com/bugreport/crash.jsp
#

---------------  T H R E A D  ---------------

Current thread is native thread

siginfo:si_signo=SIGSEGV: si_errno=0, si_code=128 (), si_addr=0x00000000

Registers:
EAX=0x682f1b00, EBX=0xb7791000, ECX=0x699ffb40, EDX=0x679531e0
ESP=0x699ff33c, EBP=0x00000003, ESI=0x699ffbe8, EDI=0xb779119c
EIP=0x679531e0, EFLAGS=0x00010286, CR2=0xb779de00

Top of Stack: (sp=0x699ff33c)
0x699ff33c:   b777fb66 682f1b00 00000000 00000000
0x699ff34c:   b6fe4afe 00000000 00000000 b7791180
0x699ff35c:   00000004 00000000 00000000 b777fad9
0x699ff36c:   b7791000 00000000 00000000 699ff468
0x699ff37c:   b777fd86 699ff3a4 00000000 00000000
0x699ff38c:   00000000 00000000 00000000 00000000
0x699ff39c:   00000000 00000000 b7791000 00000000
0x699ff3ac:   003d0f00 699ff468 7373bddc a36e3661 

Instructions: (pc=0x679531e0)
0x679531c0:   24 20 89 04 24 e8 16 35 04 00 89 c6 8b 44 24 24
0x679531d0:   89 34 24 89 44 24 04 e8 e4 35 04 00 8d 83 50 6c
0x679531e0:   ed ff 89 44 24 04 89 34 24 e8 22 3c 04 00 89 34
0x679531f0:   24 e8 8a b1 fe ff 8b 5c 24 14 8b 74 24 18 83 c4 

Register to memory mapping:

EAX=0x682f1b00 is an unknown value
EBX=0xb7791000: <offset 0x18000> in /lib/i386-linux-gnu/libpthread.so.0 at 0xb7779000
ECX=0x699ffb40 is an unknown value
EDX=0x679531e0: <offset 0x371e0> in /usr/lib/i386-linux-gnu/libgio-2.0.so.0 at 0x6791c000
ESP=0x699ff33c is an unknown value
EBP=0x00000003 is an unknown value
ESI=0x699ffbe8 is an unknown value
EDI=0xb779119c: <offset 0x1819c> in /lib/i386-linux-gnu/libpthread.so.0 at 0xb7779000


Stack: [0x697ff000,0x69a00000],  sp=0x699ff33c,  free space=2048k
Native frames: (J=compiled Java code, j=interpreted, Vv=VM code, C=native code)
C  [libgio-2.0.so.0+0x371e0]  g_emblemed_icon_new+0xfd0


---------------  P R O C E S S  ---------------

VM state:not at safepoint (normal execution)

VM Mutex/Monitor currently owned by a thread: None

Heap
 def new generation   total 9792K, used 3986K [0x6c780000, 0x6d220000, 0x7c780000)
  eden space 8704K,  39% used [0x6c780000, 0x6cad49b0, 0x6d000000)
  from space 1088K,  58% used [0x6d110000, 0x6d1ae6e8, 0x6d220000)
  to   space 1088K,   0% used [0x6d000000, 0x6d000000, 0x6d110000)
 tenured generation   total 21888K, used 12168K [0x7c780000, 0x7dce0000, 0x9c780000)
   the space 21888K,  55% used [0x7c780000, 0x7d362328, 0x7d362400, 0x7dce0000)
 compacting perm gen  total 32768K, used 16947K [0x9c780000, 0x9e780000, 0xb4780000)
   the space 32768K,  51% used [0x9c780000, 0x9d80cfe8, 0x9d80d000, 0x9e780000)
No shared spaces configured.

Card table byte_map: [0x6c53f000,0x6c780000] byte_map_base: 0x6c1db400

Polling page: 0xb779e000

Code Cache  [0xb4800000, 0xb4a98000, 0xb6800000)
 total_blobs=1446 nmethods=1194 adapters=188 free_code_cache=30132Kb largest_free_block=30854272

Compilation events (10 events):
Event: 5.161 Thread 0xb686e400 1220   !         java.lang.SecurityManager::checkPackageAccess (156 bytes)
Event: 5.162 Thread 0xb686e400 nmethod 1220 0xb4a8cec8 code [0xb4a8d110, 0xb4a8d8fc]
Event: 5.162 Thread 0xb686e400 1221             java.util.Hashtable::initHashSeedAsNeeded (61 bytes)
Event: 5.163 Thread 0xb686e400 nmethod 1221 0xb4a8dfc8 code [0xb4a8e0d0, 0xb4a8e1ec]
Event: 5.163 Thread 0xb686e400 1222             java.awt.datatransfer.MimeTypeParameterList::parse (451 bytes)
Event: 5.167 Thread 0xb686e400 nmethod 1222 0xb4a8e248 code [0xb4a8e670, 0xb4a8f820]
Event: 5.167 Thread 0xb686e400 1223             java.awt.datatransfer.MimeTypeParameterList::isTokenChar (27 bytes)
Event: 5.167 Thread 0xb686e400 nmethod 1223 0xb4a91188 code [0xb4a91280, 0xb4a9133c]
Event: 5.176 Thread 0xb686e400 1224   !         org.openide.filesystems.XMLMapAttr$Attr::decode (91 bytes)
Event: 5.178 Thread 0xb686e400 nmethod 1224 0xb4a913c8 code [0xb4a91600, 0xb4a91f20]

GC Heap History (10 events):
Event: 3.963 GC heap before
{Heap before GC invocations=8 (full 0):
 def new generation   total 9792K, used 9614K [0x6c780000, 0x6d220000, 0x7c780000)
  eden space 8704K, 100% used [0x6c780000, 0x6d000000, 0x6d000000)
  from space 1088K,  83% used [0x6d000000, 0x6d0e38b8, 0x6d110000)
  to   space 1088K,   0% used [0x6d110000, 0x6d110000, 0x6d220000)
 tenured generation   total 21888K, used 7947K [0x7c780000, 0x7dce0000, 0x9c780000)
   the space 21888K,  36% used [0x7c780000, 0x7cf42db0, 0x7cf42e00, 0x7dce0000)
 compacting perm gen  total 32768K, used 13740K [0x9c780000, 0x9e780000, 0xb4780000)
   the space 32768K,  41% used [0x9c780000, 0x9d4eb3f0, 0x9d4eb400, 0x9e780000)
No shared spaces configured.
Event: 3.976 GC heap after
Heap after GC invocations=9 (full 0):
 def new generation   total 9792K, used 860K [0x6c780000, 0x6d220000, 0x7c780000)
  eden space 8704K,   0% used [0x6c780000, 0x6c780000, 0x6d000000)
  from space 1088K,  79% used [0x6d110000, 0x6d1e72c0, 0x6d220000)
  to   space 1088K,   0% used [0x6d000000, 0x6d000000, 0x6d110000)
 tenured generation   total 21888K, used 8779K [0x7c780000, 0x7dce0000, 0x9c780000)
   the space 21888K,  40% used [0x7c780000, 0x7d012c48, 0x7d012e00, 0x7dce0000)
 compacting perm gen  total 32768K, used 13740K [0x9c780000, 0x9e780000, 0xb4780000)
   the space 32768K,  41% used [0x9c780000, 0x9d4eb3f0, 0x9d4eb400, 0x9e780000)
No shared spaces configured.
}
Event: 4.333 GC heap before
{Heap before GC invocations=9 (full 0):
 def new generation   total 9792K, used 9564K [0x6c780000, 0x6d220000, 0x7c780000)
  eden space 8704K, 100% used [0x6c780000, 0x6d000000, 0x6d000000)
  from space 1088K,  79% used [0x6d110000, 0x6d1e72c0, 0x6d220000)
  to   space 1088K,   0% used [0x6d000000, 0x6d000000, 0x6d110000)
 tenured generation   total 21888K, used 8779K [0x7c780000, 0x7dce0000, 0x9c780000)
   the space 21888K,  40% used [0x7c780000, 0x7d012c48, 0x7d012e00, 0x7dce0000)
 compacting perm gen  total 32768K, used 14762K [0x9c780000, 0x9e780000, 0xb4780000)
   the space 32768K,  45% used [0x9c780000, 0x9d5eab08, 0x9d5eac00, 0x9e780000)
No shared spaces configured.
Event: 4.350 GC heap after
Heap after GC invocations=10 (full 0):
 def new generation   total 9792K, used 1088K [0x6c780000, 0x6d220000, 0x7c780000)
  eden space 8704K,   0% used [0x6c780000, 0x6c780000, 0x6d000000)
  from space 1088K, 100% used [0x6d000000, 0x6d110000, 0x6d110000)
  to   space 1088K,   0% used [0x6d110000, 0x6d110000, 0x6d220000)
 tenured generation   total 21888K, used 9761K [0x7c780000, 0x7dce0000, 0x9c780000)
   the space 21888K,  44% used [0x7c780000, 0x7d1085e8, 0x7d108600, 0x7dce0000)
 compacting perm gen  total 32768K, used 14762K [0x9c780000, 0x9e780000, 0xb4780000)
   the space 32768K,  45% used [0x9c780000, 0x9d5eab08, 0x9d5eac00, 0x9e780000)
No shared spaces configured.
}
Event: 4.657 GC heap before
{Heap before GC invocations=10 (full 0):
 def new generation   total 9792K, used 9792K [0x6c780000, 0x6d220000, 0x7c780000)
  eden space 8704K, 100% used [0x6c780000, 0x6d000000, 0x6d000000)
  from space 1088K, 100% used [0x6d000000, 0x6d110000, 0x6d110000)
  to   space 1088K,   0% used [0x6d110000, 0x6d110000, 0x6d220000)
 tenured generation   total 21888K, used 9761K [0x7c780000, 0x7dce0000, 0x9c780000)
   the space 21888K,  44% used [0x7c780000, 0x7d1085e8, 0x7d108600, 0x7dce0000)
 compacting perm gen  total 32768K, used 15981K [0x9c780000, 0x9e780000, 0xb4780000)
   the space 32768K,  48% used [0x9c780000, 0x9d71b700, 0x9d71b800, 0x9e780000)
No shared spaces configured.
Event: 4.673 GC heap after
Heap after GC invocations=11 (full 0):
 def new generation   total 9792K, used 876K [0x6c780000, 0x6d220000, 0x7c780000)
  eden space 8704K,   0% used [0x6c780000, 0x6c780000, 0x6d000000)
  from space 1088K,  80% used [0x6d110000, 0x6d1eb060, 0x6d220000)
  to   space 1088K,   0% used [0x6d000000, 0x6d000000, 0x6d110000)
 tenured generation   total 21888K, used 10826K [0x7c780000, 0x7dce0000, 0x9c780000)
   the space 21888K,  49% used [0x7c780000, 0x7d212b20, 0x7d212c00, 0x7dce0000)
 compacting perm gen  total 32768K, used 15981K [0x9c780000, 0x9e780000, 0xb4780000)
   the space 32768K,  48% used [0x9c780000, 0x9d71b700, 0x9d71b800, 0x9e780000)
No shared spaces configured.
}
Event: 4.817 GC heap before
{Heap before GC invocations=11 (full 0):
 def new generation   total 9792K, used 9580K [0x6c780000, 0x6d220000, 0x7c780000)
  eden space 8704K, 100% used [0x6c780000, 0x6d000000, 0x6d000000)
  from space 1088K,  80% used [0x6d110000, 0x6d1eb060, 0x6d220000)
  to   space 1088K,   0% used [0x6d000000, 0x6d000000, 0x6d110000)
 tenured generation   total 21888K, used 10826K [0x7c780000, 0x7dce0000, 0x9c780000)
   the space 21888K,  49% used [0x7c780000, 0x7d212b20, 0x7d212c00, 0x7dce0000)
 compacting perm gen  total 32768K, used 16220K [0x9c780000, 0x9e780000, 0xb4780000)
   the space 32768K,  49% used [0x9c780000, 0x9d7570a0, 0x9d757200, 0x9e780000)
No shared spaces configured.
Event: 4.840 GC heap after
Heap after GC invocations=12 (full 0):
 def new generation   total 9792K, used 690K [0x6c780000, 0x6d220000, 0x7c780000)
  eden space 8704K,   0% used [0x6c780000, 0x6c780000, 0x6d000000)
  from space 1088K,  63% used [0x6d000000, 0x6d0acbc0, 0x6d110000)
  to   space 1088K,   0% used [0x6d110000, 0x6d110000, 0x6d220000)
 tenured generation   total 21888K, used 11621K [0x7c780000, 0x7dce0000, 0x9c780000)
   the space 21888K,  53% used [0x7c780000, 0x7d2d9568, 0x7d2d9600, 0x7dce0000)
 compacting perm gen  total 32768K, used 16220K [0x9c780000, 0x9e780000, 0xb4780000)
   the space 32768K,  49% used [0x9c780000, 0x9d7570a0, 0x9d757200, 0x9e780000)
No shared spaces configured.
}
Event: 5.111 GC heap before
{Heap before GC invocations=12 (full 0):
 def new generation   total 9792K, used 9394K [0x6c780000, 0x6d220000, 0x7c780000)
  eden space 8704K, 100% used [0x6c780000, 0x6d000000, 0x6d000000)
  from space 1088K,  63% used [0x6d000000, 0x6d0acbc0, 0x6d110000)
  to   space 1088K,   0% used [0x6d110000, 0x6d110000, 0x6d220000)
 tenured generation   total 21888K, used 11621K [0x7c780000, 0x7dce0000, 0x9c780000)
   the space 21888K,  53% used [0x7c780000, 0x7d2d9568, 0x7d2d9600, 0x7dce0000)
 compacting perm gen  total 32768K, used 16688K [0x9c780000, 0x9e780000, 0xb4780000)
   the space 32768K,  50% used [0x9c780000, 0x9d7cc170, 0x9d7cc200, 0x9e780000)
No shared spaces configured.
Event: 5.125 GC heap after
Heap after GC invocations=13 (full 0):
 def new generation   total 9792K, used 633K [0x6c780000, 0x6d220000, 0x7c780000)
  eden space 8704K,   0% used [0x6c780000, 0x6c780000, 0x6d000000)
  from space 1088K,  58% used [0x6d110000, 0x6d1ae6e8, 0x6d220000)
  to   space 1088K,   0% used [0x6d000000, 0x6d000000, 0x6d110000)
 tenured generation   total 21888K, used 12168K [0x7c780000, 0x7dce0000, 0x9c780000)
   the space 21888K,  55% used [0x7c780000, 0x7d362328, 0x7d362400, 0x7dce0000)
 compacting perm gen  total 32768K, used 16688K [0x9c780000, 0x9e780000, 0xb4780000)
   the space 32768K,  50% used [0x9c780000, 0x9d7cc170, 0x9d7cc200, 0x9e780000)
No shared spaces configured.
}

Deoptimization events (0 events):
No events

Internal exceptions (10 events):
Event: 5.031 Thread 0x69a4d800 Threw 0x6ce8c980 at /HUDSON/workspace/7u-2-build-linux-i586/jdk7u45/229/hotspot/src/share/vm/prims/jvm.cpp:1244
Event: 5.031 Thread 0x69a4d800 Threw 0x6ce8e800 at /HUDSON/workspace/7u-2-build-linux-i586/jdk7u45/229/hotspot/src/share/vm/prims/jvm.cpp:1244
Event: 5.091 Thread 0x696b8c00 Threw 0x6ce80380 at /HUDSON/workspace/7u-2-build-linux-i586/jdk7u45/229/hotspot/src/share/vm/prims/jvm.cpp:1244
Event: 5.104 Thread 0x6a127000 Threw 0x6cf88940 at /HUDSON/workspace/7u-2-build-linux-i586/jdk7u45/229/hotspot/src/share/vm/prims/jni.cpp:717
Event: 5.106 Thread 0x6a127000 Threw 0x6cf8c5f8 at /HUDSON/workspace/7u-2-build-linux-i586/jdk7u45/229/hotspot/src/share/vm/prims/jvm.cpp:1244
Event: 5.108 Thread 0x6a127000 Threw 0x6cfd7028 at /HUDSON/workspace/7u-2-build-linux-i586/jdk7u45/229/hotspot/src/share/vm/prims/jvm.cpp:1244
Event: 5.137 Thread 0x6a127000 Threw 0x6c7d9da0 at /HUDSON/workspace/7u-2-build-linux-i586/jdk7u45/229/hotspot/src/share/vm/prims/jvm.cpp:1244
Event: 5.168 Thread 0x6a127000 Threw 0x6ca060f0 at /HUDSON/workspace/7u-2-build-linux-i586/jdk7u45/229/hotspot/src/share/vm/prims/jvm.cpp:1244
Event: 5.168 Thread 0x6a127000 Threw 0x6ca0b098 at /HUDSON/workspace/7u-2-build-linux-i586/jdk7u45/229/hotspot/src/share/vm/prims/jvm.cpp:1244
Event: 5.176 Thread 0x6a127000 Threw 0x6ca6a160 at /HUDSON/workspace/7u-2-build-linux-i586/jdk7u45/229/hotspot/src/share/vm/prims/jvm.cpp:1244

Events (10 events):
Event: 5.174 loading class 0x685fadd0
Event: 5.174 loading class 0x685fadd0 done
Event: 5.175 loading class 0x6af14738
Event: 5.175 loading class 0x6af14738 done
Event: 5.176 loading class 0xb68f1620
Event: 5.176 loading class 0xb68f1620 done
Event: 5.177 Thread 0x644b0800 Thread added: 0x644b0800
Event: 5.177 Thread 0x6a127000 Thread exited: 0x6a127000
Event: 5.177 Thread 0xb6808800 Thread exited: 0xb6808800
Event: 5.178 Thread 0xb6808800 Thread added: 0xb6808800


Dynamic libraries:
08048000-08049000 r-xp 00000000 08:01 3414729    /usr/lib/jvm/java-7-oracle/bin/java
08049000-0804a000 rw-p 00000000 08:01 3414729    /usr/lib/jvm/java-7-oracle/bin/java
0808e000-080af000 rw-p 00000000 00:00 0          [heap]
62fff000-63002000 ---p 00000000 00:00 0 
63002000-63200000 rw-p 00000000 00:00 0          [stack:16124]
63200000-6322e000 rw-p 00000000 00:00 0 
6322e000-63300000 ---p 00000000 00:00 0 
633fb000-633fe000 ---p 00000000 00:00 0 
633fe000-635fc000 rw-p 00000000 00:00 0          [stack:16122]
635fc000-635ff000 ---p 00000000 00:00 0 
635ff000-637fd000 rw-p 00000000 00:00 0          [stack:16121]
637fd000-63800000 ---p 00000000 00:00 0 
63800000-639fe000 rw-p 00000000 00:00 0          [stack:16120]
639fe000-63a01000 ---p 00000000 00:00 0 
63a01000-63bff000 rw-p 00000000 00:00 0          [stack:16119]
63bff000-63c02000 ---p 00000000 00:00 0 
63c02000-63e00000 rw-p 00000000 00:00 0          [stack:16118]
63e00000-63e32000 rw-p 00000000 00:00 0 
63e32000-63f00000 ---p 00000000 00:00 0 
63ffe000-64001000 ---p 00000000 00:00 0 
64001000-641ff000 rw-p 00000000 00:00 0          [stack:16117]
641ff000-64202000 ---p 00000000 00:00 0 
64202000-64400000 rw-p 00000000 00:00 0          [stack:16116]
64400000-644b8000 rw-p 00000000 00:00 0 
644b8000-64500000 ---p 00000000 00:00 0 
64573000-64574000 ---p 00000000 00:00 0 
64574000-64d74000 rw-p 00000000 00:00 0          [stack:16115]
64d74000-64d8e000 r-xp 00000000 08:01 1703972    /usr/lib/i386-linux-gnu/libdbusmenu-glib.so.4.0.12
64d8e000-64d8f000 ---p 0001a000 08:01 1703972    /usr/lib/i386-linux-gnu/libdbusmenu-glib.so.4.0.12
64d8f000-64d90000 r--p 0001a000 08:01 1703972    /usr/lib/i386-linux-gnu/libdbusmenu-glib.so.4.0.12
64d90000-64d91000 rw-p 0001b000 08:01 1703972    /usr/lib/i386-linux-gnu/libdbusmenu-glib.so.4.0.12
64d91000-64da2000 r-xp 00000000 08:01 1704635    /usr/lib/i386-linux-gnu/libdbusmenu-gtk.so.4.0.12
64da2000-64da3000 r--p 00010000 08:01 1704635    /usr/lib/i386-linux-gnu/libdbusmenu-gtk.so.4.0.12
64da3000-64da4000 rw-p 00011000 08:01 1704635    /usr/lib/i386-linux-gnu/libdbusmenu-gtk.so.4.0.12
64dbb000-64dcb000 r-xp 00000000 08:01 1056324    /lib/i386-linux-gnu/libudev.so.1.2.2
64dcb000-64dcc000 r--p 0000f000 08:01 1056324    /lib/i386-linux-gnu/libudev.so.1.2.2
64dcc000-64dcd000 rw-p 00010000 08:01 1056324    /lib/i386-linux-gnu/libudev.so.1.2.2
64dcd000-64dff000 r-xp 00000000 08:01 1708515    /usr/lib/i386-linux-gnu/gvfs/libgvfscommon.so
64dff000-64e00000 ---p 00032000 08:01 1708515    /usr/lib/i386-linux-gnu/gvfs/libgvfscommon.so
64e00000-64e02000 r--p 00032000 08:01 1708515    /usr/lib/i386-linux-gnu/gvfs/libgvfscommon.so
64e02000-64e03000 rw-p 00034000 08:01 1708515    /usr/lib/i386-linux-gnu/gvfs/libgvfscommon.so
64e03000-64e33000 r-xp 00000000 08:01 1704717    /usr/lib/i386-linux-gnu/gio/modules/libgvfsdbus.so
64e33000-64e34000 r--p 0002f000 08:01 1704717    /usr/lib/i386-linux-gnu/gio/modules/libgvfsdbus.so
64e34000-64e35000 rw-p 00030000 08:01 1704717    /usr/lib/i386-linux-gnu/gio/modules/libgvfsdbus.so
64e35000-64e78000 r-xp 00000000 08:01 1708607    /usr/lib/i386-linux-gnu/libibus-1.0.so.0.402.0
64e78000-64e79000 r--p 00043000 08:01 1708607    /usr/lib/i386-linux-gnu/libibus-1.0.so.0.402.0
64e79000-64e7a000 rw-p 00044000 08:01 1708607    /usr/lib/i386-linux-gnu/libibus-1.0.so.0.402.0
64e84000-64e8a000 rw-s 00000000 00:04 4030474    /SYSV00000000 (deleted)
64e8a000-64e8f000 r-xp 00000000 08:01 1704638    /usr/lib/i386-linux-gnu/gtk-2.0/2.10.0/menuproxies/libappmenu.so
64e8f000-64e90000 r--p 00004000 08:01 1704638    /usr/lib/i386-linux-gnu/gtk-2.0/2.10.0/menuproxies/libappmenu.so
64e90000-64e91000 rw-p 00005000 08:01 1704638    /usr/lib/i386-linux-gnu/gtk-2.0/2.10.0/menuproxies/libappmenu.so
64e91000-64e97000 r-xp 00000000 08:01 1704480    /usr/lib/i386-linux-gnu/gtk-2.0/2.10.0/immodules/im-ibus.so
64e97000-64e98000 r--p 00005000 08:01 1704480    /usr/lib/i386-linux-gnu/gtk-2.0/2.10.0/immodules/im-ibus.so
64e98000-64e99000 rw-p 00006000 08:01 1704480    /usr/lib/i386-linux-gnu/gtk-2.0/2.10.0/immodules/im-ibus.so
64e99000-64eeb000 r--p 00000000 08:01 2624493    /usr/share/fonts/truetype/ttf-dejavu/DejaVuSansMono.ttf
64eeb000-64f42000 r--p 00000000 08:01 2623724    /usr/share/fonts/truetype/ubuntu-font-family/Ubuntu-R.ttf
64f42000-64f44000 r-xp 00000000 08:01 1712413    /usr/lib/i386-linux-gnu/pango/1.8.0/modules/pango-basic-fc.so
64f44000-64f45000 r--p 00002000 08:01 1712413    /usr/lib/i386-linux-gnu/pango/1.8.0/modules/pango-basic-fc.so
64f45000-64f46000 rw-p 00003000 08:01 1712413    /usr/lib/i386-linux-gnu/pango/1.8.0/modules/pango-basic-fc.so
64f46000-64f47000 r--s 00000000 08:01 2370925    /var/cache/fontconfig/c05880de57d1f5e948fdfacc138775d9-le32d4.cache-3
64f47000-64f4d000 r--s 00000000 08:01 2363768    /var/cache/fontconfig/945677eb7aeaf62f1d50efc3fb3ec7d8-le32d4.cache-3
64f4d000-64f4f000 r--s 00000000 08:01 2363067    /var/cache/fontconfig/99e8ed0e538f840c565b6ed5dad60d56-le32d4.cache-3
64f4f000-64f52000 r--s 00000000 08:01 2370922    /var/cache/fontconfig/2cd17615ca594fa2959ae173292e504c-le32d4.cache-3
64f52000-64f53000 r--s 00000000 08:01 2370921    /var/cache/fontconfig/e7071f4a29fa870f4323321c154eba04-le32d4.cache-3
64f53000-64f54000 r--s 00000000 08:01 2370920    /var/cache/fontconfig/617957603a337376ca8784972c6029f5-le32d4.cache-3
64f54000-64f55000 r--s 00000000 08:01 2370919    /var/cache/fontconfig/0d8c3b2ac0904cb8a57a757ad11a4a08-le32d4.cache-3
64f55000-64f59000 r--s 00000000 08:01 2370918    /var/cache/fontconfig/a755afe4a08bf5b97852ceb7400b47bc-le32d4.cache-3
64f59000-64f60000 r--s 00000000 08:01 2362230    /var/cache/fontconfig/6d41288fd70b0be22e8c3a91e032eec0-le32d4.cache-3
64f60000-64f6b000 r--s 00000000 08:01 2360047    /var/cache/fontconfig/04aabc0a78ac019cf9454389977116d2-le32d4.cache-3
64f6b000-64f6c000 r--s 00000000 08:01 2370915    /var/cache/fontconfig/1ac9eb803944fde146138c791f5cc56a-le32d4.cache-3
64f6c000-64f6d000 r--s 00000000 08:01 2370914    /var/cache/fontconfig/b95bc8ffbebda2bbdae4265e45b8178d-le32d4.cache-3
64f6d000-64f70000 r--s 00000000 08:01 2364859    /var/cache/fontconfig/385c0604a188198f04d133e54aba7fe7-le32d4.cache-3
64f70000-64f71000 r--s 00000000 08:01 2370912    /var/cache/fontconfig/9c956a7723ca69a44b382d9179c9802f-le32d4.cache-3
64f71000-64f72000 r--s 00000000 08:01 2370911    /var/cache/fontconfig/dc05db6664285cc2f12bf69c139ae4c3-le32d4.cache-3
64f72000-64f73000 r--s 00000000 08:01 2370910    /var/cache/fontconfig/5d1cca7074f29429a8d18692746c2426-le32d4.cache-3
64f73000-64f75000 r--s 00000000 08:01 2370909    /var/cache/fontconfig/767a8244fc0220cfb567a839d0392e0b-le32d4.cache-3
64f75000-64f76000 r--s 00000000 08:01 2360624    /var/cache/fontconfig/4794a0821666d79190d59a36cb4f44b5-le32d4.cache-3
64f76000-64f78000 r--s 00000000 08:01 2370906    /var/cache/fontconfig/bf2c1853a9e9b00bb02fe2e9bcf1e201-le32d4.cache-3
64f78000-64f7b000 r--s 00000000 08:01 2364865    /var/cache/fontconfig/8801497958630a81b71ace7c5f9b32a8-le32d4.cache-3
64f7b000-64f7f000 r--s 00000000 08:01 2370904    /var/cache/fontconfig/3047814df9a2f067bd2d96a2b9c36e5a-le32d4.cache-3
64f7f000-64f83000 r--s 00000000 08:01 2360364    /var/cache/fontconfig/b47c4e1ecd0709278f4910c18777a504-le32d4.cache-3
64f83000-64f85000 r--s 00000000 08:01 2360363    /var/cache/fontconfig/14d493b97896515cad3840ba4896e372-le32d4.cache-3
64f85000-64f87000 r--s 00000000 08:01 2370898    /var/cache/fontconfig/e49e89034d371f0f9de17aab02136486-le32d4.cache-3
64f87000-64f94000 r--s 00000000 08:01 2363743    /var/cache/fontconfig/d52a8644073d54c13679302ca1180695-le32d4.cache-3
64f94000-64f9a000 r--s 00000000 08:01 2360362    /var/cache/fontconfig/3f7329c5293ffd510edef78f73874cfd-le32d4.cache-3
64f9a000-64f9c000 r--s 00000000 08:01 2363764    /var/cache/fontconfig/65f976e5259cbe6dc7697b8648396239-le32d4.cache-3
64f9c000-64fa3000 r--s 00000000 08:01 2363189    /var/cache/fontconfig/83bf95040141907cd45bb53cf7c1c148-le32d4.cache-3
64fa3000-64fac000 r--s 00000000 08:01 2363188    /var/cache/fontconfig/53d14c92082a93e67d5078324eb314ca-le32d4.cache-3
64fac000-64faf000 r--s 00000000 08:01 2364858    /var/cache/fontconfig/6c08beecf0dac481ec92e759e0c2e6d7-le32d4.cache-3
64faf000-64fb2000 r--s 00000000 08:01 2364853    /var/cache/fontconfig/4d6aee6d44eccb37054d3216e945f618-le32d4.cache-3
64fb2000-64fb5000 r--s 00000000 08:01 2364852    /var/cache/fontconfig/d6c6df98c3df5faf9bd0f8ef4d91efe5-le32d4.cache-3
64fb5000-64fc2000 r--s 00000000 08:01 2363183    /var/cache/fontconfig/4ac51e5cfbc76fc3f983e470323a16d3-le32d4.cache-3
64fc2000-64fd5000 r--s 00000000 08:01 2362266    /var/cache/fontconfig/e13b20fdb08344e0e664864cc2ede53d-le32d4.cache-3
64fd5000-64fdc000 r--s 00000000 08:01 2368413    /var/cache/fontconfig/8f02d4cb045bd6ce15663e43f347c9f8-le32d4.cache-3
64fdc000-64fed000 r--s 00000000 08:01 2368409    /var/cache/fontconfig/467c019e582ee353435ea5c21d137ef6-le32d4.cache-3
65033000-65034000 ---p 00000000 00:00 0 
65034000-65834000 rw-p 00000000 00:00 0          [stack:16114]
65834000-65835000 ---p 00000000 00:00 0 
65835000-66035000 rw-p 00000000 00:00 0          [stack:16113]
66035000-66070000 r--p 00000000 08:01 2622230    /usr/share/glib-2.0/schemas/gschemas.compiled
66070000-66076000 r-xp 00000000 08:01 1709197    /usr/lib/i386-linux-gnu/libogg.so.0.8.0
66076000-66077000 r--p 00005000 08:01 1709197    /usr/lib/i386-linux-gnu/libogg.so.0.8.0
66077000-66078000 rw-p 00006000 08:01 1709197    /usr/lib/i386-linux-gnu/libogg.so.0.8.0
66078000-660a1000 r-xp 00000000 08:01 1709403    /usr/lib/i386-linux-gnu/libvorbis.so.0.4.5
660a1000-660a2000 ---p 00029000 08:01 1709403    /usr/lib/i386-linux-gnu/libvorbis.so.0.4.5
660a2000-660a3000 r--p 00029000 08:01 1709403    /usr/lib/i386-linux-gnu/libvorbis.so.0.4.5
660a3000-660a4000 rw-p 0002a000 08:01 1709403    /usr/lib/i386-linux-gnu/libvorbis.so.0.4.5
660a4000-660ad000 r-xp 00000000 08:01 1709007    /usr/lib/i386-linux-gnu/libltdl.so.7.3.0
660ad000-660ae000 r--p 00008000 08:01 1709007    /usr/lib/i386-linux-gnu/libltdl.so.7.3.0
660ae000-660af000 rw-p 00009000 08:01 1709007    /usr/lib/i386-linux-gnu/libltdl.so.7.3.0
660af000-660c0000 r-xp 00000000 08:01 1704634    /usr/lib/i386-linux-gnu/libtdb.so.1.2.10
660c0000-660c1000 r--p 00010000 08:01 1704634    /usr/lib/i386-linux-gnu/libtdb.so.1.2.10
660c1000-660c2000 rw-p 00011000 08:01 1704634    /usr/lib/i386-linux-gnu/libtdb.so.1.2.10
660c2000-660d1000 r-xp 00000000 08:01 1704768    /usr/lib/i386-linux-gnu/libcanberra.so.0.2.5
660d1000-660d2000 r--p 0000e000 08:01 1704768    /usr/lib/i386-linux-gnu/libcanberra.so.0.2.5
660d2000-660d3000 rw-p 0000f000 08:01 1704768    /usr/lib/i386-linux-gnu/libcanberra.so.0.2.5
660d3000-67242000 r-xp 00000000 08:01 1704556    /usr/lib/i386-linux-gnu/libicudata.so.48.1.1
67242000-67243000 r--p 0116e000 08:01 1704556    /usr/lib/i386-linux-gnu/libicudata.so.48.1.1
67243000-67244000 rw-p 0116f000 08:01 1704556    /usr/lib/i386-linux-gnu/libicudata.so.48.1.1
67244000-6739a000 r-xp 00000000 08:01 1703959    /usr/lib/i386-linux-gnu/libicuuc.so.48.1.1
6739a000-673a4000 r--p 00155000 08:01 1703959    /usr/lib/i386-linux-gnu/libicuuc.so.48.1.1
673a4000-673a5000 rw-p 0015f000 08:01 1703959    /usr/lib/i386-linux-gnu/libicuuc.so.48.1.1
673a5000-673a9000 rw-p 00000000 00:00 0 
673a9000-67485000 r-xp 00000000 08:01 1704287    /usr/lib/i386-linux-gnu/libstdc++.so.6.0.17
67485000-67486000 ---p 000dc000 08:01 1704287    /usr/lib/i386-linux-gnu/libstdc++.so.6.0.17
67486000-6748a000 r--p 000dc000 08:01 1704287    /usr/lib/i386-linux-gnu/libstdc++.so.6.0.17
6748a000-6748b000 rw-p 000e0000 08:01 1704287    /usr/lib/i386-linux-gnu/libstdc++.so.6.0.17
6748b000-67492000 rw-p 00000000 00:00 0 
67492000-67493000 r--s 00000000 08:01 2370907    /var/cache/fontconfig/9eae20f1ff8cc0a7d125749e875856bd-le32d4.cache-3
67493000-67497000 r--s 00000000 08:01 2363190    /var/cache/fontconfig/7ef2298fde41cc6eeb7af42e48b7d293-le32d4.cache-3
67497000-6749f000 r-xp 00000000 08:01 1709407    /usr/lib/i386-linux-gnu/libvorbisfile.so.3.3.4
6749f000-674a0000 r--p 00007000 08:01 1709407    /usr/lib/i386-linux-gnu/libvorbisfile.so.3.3.4
674a0000-674a1000 rw-p 00008000 08:01 1709407    /usr/lib/i386-linux-gnu/libvorbisfile.so.3.3.4
674a1000-674a2000 r--s 00000000 08:01 2370903    /var/cache/fontconfig/56cf4f4769d0f4abc89a4895d7bd3ae1-le32d4.cache-3
674ac000-674b6000 r-xp 00000000 08:01 1708066    /usr/lib/i386-linux-gnu/gio/modules/libdconfsettings.so
674b6000-674b7000 r--p 00009000 08:01 1708066    /usr/lib/i386-linux-gnu/gio/modules/libdconfsettings.so
674b7000-674b8000 rw-p 0000a000 08:01 1708066    /usr/lib/i386-linux-gnu/gio/modules/libdconfsettings.so
674b8000-674bd000 r-xp 00000000 08:01 1708045    /usr/lib/i386-linux-gnu/gtk-2.0/modules/libcanberra-gtk-module.so
674bd000-674be000 r--p 00004000 08:01 1708045    /usr/lib/i386-linux-gnu/gtk-2.0/modules/libcanberra-gtk-module.so
674be000-674bf000 rw-p 00005000 08:01 1708045    /usr/lib/i386-linux-gnu/gtk-2.0/modules/libcanberra-gtk-module.so
674bf000-674f4000 r-xp 00000000 08:01 1710165    /usr/lib/i386-linux-gnu/gtk-2.0/2.10.0/engines/libmurrine.so
674f4000-674f5000 r--p 00034000 08:01 1710165    /usr/lib/i386-linux-gnu/gtk-2.0/2.10.0/engines/libmurrine.so
674f5000-674f6000 rw-p 00035000 08:01 1710165    /usr/lib/i386-linux-gnu/gtk-2.0/2.10.0/engines/libmurrine.so
674f6000-67529000 r-xp 00000000 08:01 1704202    /usr/lib/i386-linux-gnu/libicule.so.48.1.1
67529000-6752a000 ---p 00033000 08:01 1704202    /usr/lib/i386-linux-gnu/libicule.so.48.1.1
6752a000-6752b000 r--p 00033000 08:01 1704202    /usr/lib/i386-linux-gnu/libicule.so.48.1.1
6752b000-6752c000 rw-p 00034000 08:01 1704202    /usr/lib/i386-linux-gnu/libicule.so.48.1.1
6752c000-6756b000 r-xp 00000000 08:01 1048640    /lib/i386-linux-gnu/libpcre.so.3.13.1
6756b000-6756c000 r--p 0003f000 08:01 1048640    /lib/i386-linux-gnu/libpcre.so.3.13.1
6756c000-6756d000 rw-p 00040000 08:01 1048640    /lib/i386-linux-gnu/libpcre.so.3.13.1
6756d000-67572000 r-xp 00000000 08:01 1706167    /usr/lib/i386-linux-gnu/libffi.so.6.0.1
67572000-67573000 r--p 00005000 08:01 1706167    /usr/lib/i386-linux-gnu/libffi.so.6.0.1
67573000-67574000 rw-p 00006000 08:01 1706167    /usr/lib/i386-linux-gnu/libffi.so.6.0.1
67574000-67599000 r-xp 00000000 08:01 1049255    /lib/i386-linux-gnu/libexpat.so.1.6.0
67599000-6759b000 r--p 00025000 08:01 1049255    /lib/i386-linux-gnu/libexpat.so.1.6.0
6759b000-6759c000 rw-p 00027000 08:01 1049255    /lib/i386-linux-gnu/libexpat.so.1.6.0
6759c000-67634000 r-xp 00000000 08:01 1704346    /usr/lib/i386-linux-gnu/libharfbuzz.so.0.913.0
67634000-67635000 ---p 00098000 08:01 1704346    /usr/lib/i386-linux-gnu/libharfbuzz.so.0.913.0
67635000-67636000 r--p 00098000 08:01 1704346    /usr/lib/i386-linux-gnu/libharfbuzz.so.0.913.0
67636000-67637000 rw-p 00099000 08:01 1704346    /usr/lib/i386-linux-gnu/libharfbuzz.so.0.913.0
67637000-6764a000 r-xp 00000000 08:01 1058788    /lib/i386-linux-gnu/libresolv-2.17.so
6764a000-6764b000 r--p 00013000 08:01 1058788    /lib/i386-linux-gnu/libresolv-2.17.so
6764b000-6764c000 rw-p 00014000 08:01 1058788    /lib/i386-linux-gnu/libresolv-2.17.so
6764c000-6764e000 rw-p 00000000 00:00 0 
6764e000-6766b000 r-xp 00000000 08:01 1049376    /lib/i386-linux-gnu/libselinux.so.1
6766b000-6766c000 r--p 0001c000 08:01 1049376    /lib/i386-linux-gnu/libselinux.so.1
6766c000-6766d000 rw-p 0001d000 08:01 1049376    /lib/i386-linux-gnu/libselinux.so.1
6766d000-67694000 r-xp 00000000 08:01 1049372    /lib/i386-linux-gnu/libpng12.so.0.49.0
67694000-67695000 r--p 00026000 08:01 1049372    /lib/i386-linux-gnu/libpng12.so.0.49.0
67695000-67696000 rw-p 00027000 08:01 1049372    /lib/i386-linux-gnu/libpng12.so.0.49.0
67696000-6772a000 r-xp 00000000 08:01 1705818    /usr/lib/i386-linux-gnu/libpixman-1.so.0.28.2
6772a000-6772f000 r--p 00093000 08:01 1705818    /usr/lib/i386-linux-gnu/libpixman-1.so.0.28.2
6772f000-67730000 rw-p 00098000 08:01 1705818    /usr/lib/i386-linux-gnu/libpixman-1.so.0.28.2
67730000-677c6000 r-xp 00000000 08:01 1705824    /usr/lib/i386-linux-gnu/libfreetype.so.6.10.0
677c6000-677ca000 r--p 00095000 08:01 1705824    /usr/lib/i386-linux-gnu/libfreetype.so.6.10.0
677ca000-677cb000 rw-p 00099000 08:01 1705824    /usr/lib/i386-linux-gnu/libfreetype.so.6.10.0
677cb000-678ca000 r-xp 00000000 08:01 1048642    /lib/i386-linux-gnu/libglib-2.0.so.0.3600.0
678ca000-678cb000 r--p 000fe000 08:01 1048642    /lib/i386-linux-gnu/libglib-2.0.so.0.3600.0
678cb000-678cc000 rw-p 000ff000 08:01 1048642    /lib/i386-linux-gnu/libglib-2.0.so.0.3600.0
678cc000-6791a000 r-xp 00000000 08:01 1711619    /usr/lib/i386-linux-gnu/libgobject-2.0.so.0.3600.0
6791a000-6791b000 r--p 0004d000 08:01 1711619    /usr/lib/i386-linux-gnu/libgobject-2.0.so.0.3600.0
6791b000-6791c000 rw-p 0004e000 08:01 1711619    /usr/lib/i386-linux-gnu/libgobject-2.0.so.0.3600.0
6791c000-67a7c000 r-xp 00000000 08:01 1704886    /usr/lib/i386-linux-gnu/libgio-2.0.so.0.3600.0
67a7c000-67a7e000 r--p 00160000 08:01 1704886    /usr/lib/i386-linux-gnu/libgio-2.0.so.0.3600.0
67a7e000-67a7f000 rw-p 00162000 08:01 1704886    /usr/lib/i386-linux-gnu/libgio-2.0.so.0.3600.0
67a7f000-67a80000 rw-p 00000000 00:00 0 
67a80000-67b93000 r-xp 00000000 08:01 1705868    /usr/lib/i386-linux-gnu/libcairo.so.2.11200.14
67b93000-67b95000 r--p 00113000 08:01 1705868    /usr/lib/i386-linux-gnu/libcairo.so.2.11200.14
67b95000-67b96000 rw-p 00115000 08:01 1705868    /usr/lib/i386-linux-gnu/libcairo.so.2.11200.14
67b96000-67b97000 rw-p 00000000 00:00 0 
67b97000-67ff8000 r-xp 00000000 08:01 1710186    /usr/lib/i386-linux-gnu/libgtk-x11-2.0.so.0.2400.17
67ff8000-67ffc000 r--p 00461000 08:01 1710186    /usr/lib/i386-linux-gnu/libgtk-x11-2.0.so.0.2400.17
67ffc000-67ffe000 rw-p 00465000 08:01 1710186    /usr/lib/i386-linux-gnu/libgtk-x11-2.0.so.0.2400.17
67ffe000-68000000 rw-p 00000000 00:00 0 
68000000-680ff000 rw-p 00000000 00:00 0 
680ff000-68100000 ---p 00000000 00:00 0 
68100000-68101000 r--s 00000000 08:01 2370902    /var/cache/fontconfig/b9d506c9ac06c20b433354fa67a72993-le32d4.cache-3
68101000-68118000 r-xp 00000000 08:01 1049289    /lib/i386-linux-gnu/libz.so.1.2.7
68118000-68119000 r--p 00016000 08:01 1049289    /lib/i386-linux-gnu/libz.so.1.2.7
68119000-6811a000 rw-p 00017000 08:01 1049289    /lib/i386-linux-gnu/libz.so.1.2.7
6811a000-68122000 r-xp 00000000 08:01 1705860    /usr/lib/i386-linux-gnu/libxcb-render.so.0.0.0
68122000-68123000 r--p 00008000 08:01 1705860    /usr/lib/i386-linux-gnu/libxcb-render.so.0.0.0
68123000-68124000 rw-p 00009000 08:01 1705860    /usr/lib/i386-linux-gnu/libxcb-render.so.0.0.0
68124000-6815b000 r-xp 00000000 08:01 1705820    /usr/lib/i386-linux-gnu/libfontconfig.so.1.6.2
6815b000-6815c000 r--p 00036000 08:01 1705820    /usr/lib/i386-linux-gnu/libfontconfig.so.1.6.2
6815c000-6815d000 rw-p 00037000 08:01 1705820    /usr/lib/i386-linux-gnu/libfontconfig.so.1.6.2
6815d000-681a6000 r-xp 00000000 08:01 1712418    /usr/lib/i386-linux-gnu/libpango-1.0.so.0.3200.5
681a6000-681a7000 r--p 00049000 08:01 1712418    /usr/lib/i386-linux-gnu/libpango-1.0.so.0.3200.5
681a7000-681a8000 rw-p 0004a000 08:01 1712418    /usr/lib/i386-linux-gnu/libpango-1.0.so.0.3200.5
681a8000-681ba000 r-xp 00000000 08:01 1705570    /usr/lib/i386-linux-gnu/libpangoft2-1.0.so.0.3200.5
681ba000-681bb000 r--p 00011000 08:01 1705570    /usr/lib/i386-linux-gnu/libpangoft2-1.0.so.0.3200.5
681bb000-681bc000 rw-p 00012000 08:01 1705570    /usr/lib/i386-linux-gnu/libpangoft2-1.0.so.0.3200.5
681bc000-681dc000 r-xp 00000000 08:01 1704318    /usr/lib/i386-linux-gnu/libgdk_pixbuf-2.0.so.0.2800.0
681dc000-681dd000 ---p 00020000 08:01 1704318    /usr/lib/i386-linux-gnu/libgdk_pixbuf-2.0.so.0.2800.0
681dd000-681de000 r--p 00020000 08:01 1704318    /usr/lib/i386-linux-gnu/libgdk_pixbuf-2.0.so.0.2800.0
681de000-681df000 rw-p 00021000 08:01 1704318    /usr/lib/i386-linux-gnu/libgdk_pixbuf-2.0.so.0.2800.0
681df000-681fd000 r-xp 00000000 08:01 1707656    /usr/lib/i386-linux-gnu/libatk-1.0.so.0.20809.1
681fd000-681ff000 r--p 0001d000 08:01 1707656    /usr/lib/i386-linux-gnu/libatk-1.0.so.0.20809.1
681ff000-68200000 rw-p 0001f000 08:01 1707656    /usr/lib/i386-linux-gnu/libatk-1.0.so.0.20809.1
68200000-68300000 rw-p 00000000 00:00 0 
68300000-6836f000 rw-p 00000000 00:00 0 
6836f000-68400000 ---p 00000000 00:00 0 
68400000-684fa000 rw-p 00000000 00:00 0 
684fa000-68500000 ---p 00000000 00:00 0 
68500000-68600000 rw-p 00000000 00:00 0 
68600000-686ff000 rw-p 00000000 00:00 0 
686ff000-68700000 ---p 00000000 00:00 0 
68700000-68704000 r-xp 00000000 08:01 1704060    /usr/lib/i386-linux-gnu/libcanberra-gtk.so.0.1.9
68704000-68705000 r--p 00003000 08:01 1704060    /usr/lib/i386-linux-gnu/libcanberra-gtk.so.0.1.9
68705000-68706000 rw-p 00004000 08:01 1704060    /usr/lib/i386-linux-gnu/libcanberra-gtk.so.0.1.9
68706000-6870f000 r-xp 00000000 08:01 1706171    /usr/lib/i386-linux-gnu/libXrandr.so.2.2.0
6870f000-68710000 r--p 00008000 08:01 1706171    /usr/lib/i386-linux-gnu/libXrandr.so.2.2.0
68710000-68711000 rw-p 00009000 08:01 1706171    /usr/lib/i386-linux-gnu/libXrandr.so.2.2.0
68711000-6871c000 r-xp 00000000 08:01 1712417    /usr/lib/i386-linux-gnu/libpangocairo-1.0.so.0.3200.5
6871c000-6871d000 r--p 0000a000 08:01 1712417    /usr/lib/i386-linux-gnu/libpangocairo-1.0.so.0.3200.5
6871d000-6871e000 rw-p 0000b000 08:01 1712417    /usr/lib/i386-linux-gnu/libpangocairo-1.0.so.0.3200.5
6871e000-687c9000 r-xp 00000000 08:01 1704949    /usr/lib/i386-linux-gnu/libgdk-x11-2.0.so.0.2400.17
687c9000-687cb000 r--p 000ab000 08:01 1704949    /usr/lib/i386-linux-gnu/libgdk-x11-2.0.so.0.2400.17
687cb000-687cc000 rw-p 000ad000 08:01 1704949    /usr/lib/i386-linux-gnu/libgdk-x11-2.0.so.0.2400.17
687cc000-687cd000 r--s 00000000 08:01 2771804    /usr/share/netbeans/7.0.1/nb/modules/locale/org-netbeans-modules-options-api_nb.jar
687cd000-687ce000 r--s 00000000 08:01 2771808    /usr/share/netbeans/7.0.1/nb/modules/locale/org-netbeans-core-ui_nb.jar
687ce000-687d1000 r--s 00017000 08:01 2500060    /usr/share/netbeans/ide14/modules/org-netbeans-api-java-classpath.jar
687d1000-687d4000 r--s 0001e000 08:01 2106465    /usr/share/java/jna-3.2.7.jar
687d4000-687d6000 r--s 00000000 08:01 2499260    /usr/share/netbeans/platform13/modules/org-netbeans-libs-jna.jar
687d6000-687e9000 r--s 000f8000 08:01 2106481    /usr/share/java/lucene-core-2.9.4.jar
687e9000-687ea000 r--s 00000000 08:01 2500006    /usr/share/netbeans/ide14/modules/org-netbeans-libs-lucene.jar
687ec000-687ee000 r--s 0001c000 08:01 2500018    /usr/share/netbeans/ide14/modules/org-netbeans-modules-editor-structure.jar
687ee000-687f1000 r--s 0002a000 08:01 2500093    /usr/share/netbeans/ide14/modules/org-netbeans-modules-xml-xam.jar
687f1000-687f9000 r--s 0007b000 08:01 2500085    /usr/share/netbeans/ide14/modules/org-netbeans-modules-xml-schema-model.jar
687f9000-687fe000 r--s 00061000 08:01 2500095    /usr/share/netbeans/ide14/modules/org-netbeans-modules-xml-axi.jar
687fe000-68801000 ---p 00000000 00:00 0 
68801000-689ff000 rw-p 00000000 00:00 0          [stack:16112]
689ff000-68a02000 ---p 00000000 00:00 0 
68a02000-68c00000 rw-p 00000000 00:00 0          [stack:16111]
68c00000-68cfc000 rw-p 00000000 00:00 0 
68cfc000-68d00000 ---p 00000000 00:00 0 
68d00000-68d02000 r--s 00015000 08:01 2106063    /usr/share/java/xml-resolver-1.2.jar
68d02000-68d03000 r--s 00000000 08:01 2500024    /usr/share/netbeans/ide14/modules/org-apache-xml-resolver.jar
68d03000-68d06000 r--s 00031000 08:01 2500086    /usr/share/netbeans/ide14/modules/org-netbeans-modules-xml-retriever.jar
68d06000-68d08000 r--s 00014000 08:01 2098235    /usr/share/java/servlet-api-2.5.jar
68d08000-68d09000 r--s 00000000 08:01 2499958    /usr/share/netbeans/ide14/modules/org-netbeans-modules-servletapi.jar
68d09000-68d0d000 r--s 00046000 08:01 2500035    /usr/share/netbeans/ide14/modules/org-netbeans-modules-xml-xdm.jar
68d0d000-68d26000 r--s 00132000 08:01 2106072    /usr/share/java/xercesImpl-2.11.0.jar
68d26000-68d2f000 r--s 00031000 08:01 2106066    /usr/share/java/xml-apis-1.4.01.jar
68d2f000-68d30000 r--s 00000000 08:01 2499977    /usr/share/netbeans/ide14/modules/org-netbeans-libs-xerces.jar
68d30000-68d32000 r--s 00007000 08:01 2630530    /usr/share/netbeans/java5/modules/org-netbeans-api-java.jar
68d32000-68d34000 r--s 0001c000 08:01 2630524    /usr/share/netbeans/java5/modules/org-netbeans-modules-classfile.jar
68d34000-68d3a000 r--s 0001b000 08:01 2106593    /usr/share/java/javac-api-7.0.1.jar
68d3a000-68d50000 r--s 00183000 08:01 2106594    /usr/share/java/javac-impl-7.0.1.jar
68d50000-68d51000 r--s 00001000 08:01 2630543    /usr/share/netbeans/java5/modules/org-netbeans-libs-javacimpl.jar
68d51000-68d52000 r--s 00000000 08:01 2370899    /var/cache/fontconfig/89034621ae2a8922916bb6bfa5799546-le32d4.cache-3
68d52000-68d54000 r--s 0000e000 08:01 2500029    /usr/share/netbeans/ide14/modules/org-netbeans-modules-editor-indent-project.jar
68d54000-68d59000 r--s 00044000 08:01 2500079    /usr/share/netbeans/ide14/modules/org-netbeans-modules-xml-multiview.jar
68d59000-68d5b000 r--s 0000e000 08:01 2500012    /usr/share/netbeans/ide14/modules/org-netbeans-modules-web-common.jar
68d5b000-68d5d000 r--s 00003000 08:01 2500083    /usr/share/netbeans/ide14/modules/org-netbeans-modules-spellchecker-apimodule.jar
68d5d000-68d65000 r--s 00083000 08:01 2500063    /usr/share/netbeans/ide14/modules/org-netbeans-lib-cvsclient.jar
68d65000-68d66000 r--s 0000f000 08:01 2106479    /usr/share/java/jzlib-1.1.0.jar
68d66000-68d67000 r--s 00000000 08:01 2500020    /usr/share/netbeans/ide14/modules/org-netbeans-libs-jzlib.jar
68d67000-68d6a000 r--s 00034000 08:01 2106473    /usr/share/java/jsch-0.1.48.jar
68d6a000-68d6b000 r--s 00001000 08:01 2499986    /usr/share/netbeans/ide14/modules/org-netbeans-modules-versioning-indexingbridge.jar
68d6b000-68d6d000 r--s 0000d000 08:01 2499245    /usr/share/netbeans/platform13/modules/org-netbeans-modules-sendopts.jar
68d6d000-68d77000 r--s 00042000 08:01 2500042    /usr/share/netbeans/ide14/modules/docs/org-netbeans-modules-usersguide.jar
68d77000-68d79000 r--s 0000e000 08:01 2771800    /usr/share/netbeans/7.0.1/nb/modules/org-netbeans-lib-uihandler.jar
68d79000-68d7f000 r--s 00050000 08:01 2499981    /usr/share/netbeans/ide14/modules/org-netbeans-lib-terminalemulator.jar
68d7f000-68d80000 r--s 00000000 08:01 2499968    /usr/share/netbeans/ide14/modules/org-netbeans-modules-tasklist-kit.jar
68d80000-68d81000 r--s 0000b000 08:01 2500002    /usr/share/netbeans/ide14/modules/org-netbeans-modules-target-iterator.jar
68d81000-68d84000 r--s 00026000 08:01 2630500    /usr/share/netbeans/java5/modules/org-netbeans-modules-java-sourceui.jar
68d84000-68d8c000 r--s 0009f000 08:01 2630526    /usr/share/netbeans/java5/modules/org-netbeans-modules-java-api-common.jar
68d8c000-68d8f000 r--s 00022000 08:01 2106581    /usr/share/java/antlr3-runtime.jar
68d8f000-68d91000 r--s 00000000 08:01 2500082    /usr/share/netbeans/ide14/modules/org-netbeans-libs-antlr3-runtime.jar
68d91000-68d92000 r--s 00002000 08:01 2630542    /usr/share/netbeans/java5/modules/org-netbeans-modules-j2ee-metadata.jar
68d92000-68d95000 r--s 00017000 08:01 2630481    /usr/share/netbeans/java5/modules/org-netbeans-modules-j2ee-metadata-model-support.jar
68d95000-68d9c000 r--s 0004c000 08:01 2630491    /usr/share/netbeans/java5/modules/org-netbeans-modules-j2ee-persistenceapi.jar
68d9c000-68d9f000 r--s 00026000 08:01 2630497    /usr/share/netbeans/java5/modules/org-netbeans-api-debugger-jpda.jar
68d9f000-68da0000 r--s 00001000 08:01 2630532    /usr/share/netbeans/java5/modules/org-netbeans-modules-debugger-jpda-ant.jar
68da0000-68da2000 r--s 00000000 08:01 2630540    /usr/share/netbeans/java5/modules/org-netbeans-modules-ant-browsetask.jar
68da2000-68da9000 r--s 00094000 08:01 2106362    /usr/share/java/beansbinding-1.2.1.jar
68da9000-68daa000 r--s 00000000 08:01 2630531    /usr/share/netbeans/java5/modules/org-jdesktop-beansbinding.jar
68daa000-68dac000 r-xp 00000000 08:01 1705862    /usr/lib/i386-linux-gnu/libxcb-shm.so.0.0.0
68dac000-68dad000 r--p 00001000 08:01 1705862    /usr/lib/i386-linux-gnu/libxcb-shm.so.0.0.0
68dad000-68dae000 rw-p 00002000 08:01 1705862    /usr/lib/i386-linux-gnu/libxcb-shm.so.0.0.0
68dae000-68daf000 r--s 00001000 08:01 2500059    /usr/share/netbeans/ide14/modules/org-netbeans-libs-svnClientAdapter.jar
68daf000-68db3000 r--s 00032000 08:01 2106752    /usr/share/java/ini4j-0.5.2-SNAPSHOT.jar
68db3000-68db4000 r--s 00000000 08:01 2500098    /usr/share/netbeans/ide14/modules/org-netbeans-libs-ini4j.jar
68db4000-68db5000 r--s 00001000 08:01 2500047    /usr/share/netbeans/ide14/modules/org-netbeans-modules-editor-plain-lib.jar
68db5000-68db6000 r--s 00001000 08:01 2499950    /usr/share/netbeans/ide14/modules/org-netbeans-modules-spellchecker-kit.jar
68db6000-68db7000 r--s 0000e000 08:01 2630533    /usr/share/netbeans/java5/modules/org-netbeans-modules-java-editor-lib.jar
68db7000-68dbe000 r--s 00105000 08:01 2499991    /usr/share/netbeans/ide14/modules/org-netbeans-modules-schema2beans.jar
68dbe000-68dc0000 r--s 00000000 08:01 2363192    /var/cache/fontconfig/67709b7835c0f764c1135060c9575660-le32d4.cache-3
68dc0000-68dc2000 r--s 00001000 08:01 2499997    /usr/share/netbeans/ide14/modules/org-netbeans-modules-print-editor.jar
68dc2000-68dc4000 r--s 0000d000 08:01 2500041    /usr/share/netbeans/ide14/modules/docs/org-netbeans-modules-mercurial.jar
68dc4000-68dc5000 r--s 00002000 08:01 2500101    /usr/share/netbeans/ide14/modules/org-netbeans-modules-lexer-nbbridge.jar
68dc5000-68dc6000 r--s 00002000 08:01 2106373    /usr/share/java/bytelist-1.0.6.jar
68dc6000-68dc7000 r--s 00000000 08:01 2500045    /usr/share/netbeans/ide14/modules/org-netbeans-libs-bytelist.jar
68dc7000-68dcc000 r--s 00034000 08:01 2106477    /usr/share/java/jvyamlb-0.2.5.jar
68dcc000-68dcd000 r--s 00000000 08:01 2500050    /usr/share/netbeans/ide14/modules/org-netbeans-libs-jvyamlb.jar
68dcd000-68dcf000 r--s 0000c000 08:01 2499274    /usr/share/netbeans/platform13/modules/org-netbeans-modules-keyring-impl.jar
68dcf000-68dd6000 r--s 00033000 08:01 2106302    /usr/share/java/junit4-4.10.jar
68dd6000-68dd9000 r--s 0000e000 08:01 2106336    /usr/share/java/hamcrest-core-1.2.jar
68dd9000-68dda000 r--s 00000000 08:01 2499275    /usr/share/netbeans/platform13/modules/org-netbeans-libs-junit4.jar
68dda000-68dde000 r--s 00025000 08:01 2499985    /usr/share/netbeans/ide14/modules/org-netbeans-modules-extexecution.jar
68dde000-68de0000 r--s 00004000 08:01 2630513    /usr/share/netbeans/java5/modules/org-netbeans-modules-java-hints-processor.jar
68de0000-68de2000 r--s 0000e000 08:01 2630484    /usr/share/netbeans/java5/modules/org-netbeans-modules-java-source-ant.jar
68de2000-68df6000 r--s 000a3000 08:01 2630518    /usr/share/netbeans/java5/modules/docs/org-netbeans-modules-java-helpset.jar
68df6000-68df7000 r--s 00003000 08:01 2500089    /usr/share/netbeans/ide14/modules/org-netbeans-modules-editor-actions.jar
68df7000-68dfa000 r--s 0003d000 08:01 2499295    /usr/share/netbeans/platform13/modules/org-netbeans-core-output2.jar
68dfa000-68dfc000 r--s 00016000 08:01 2106436    /usr/share/java/flute-1.1-SNAPSHOT.jar
68dfc000-68e00000 r--s 00039000 08:01 2499963    /usr/share/netbeans/ide14/modules/org-netbeans-modules-html-editor-lib.jar
68e00000-68efb000 rw-p 00000000 00:00 0 
68efb000-68f00000 ---p 00000000 00:00 0 
68f00000-68f01000 r--s 00001000 08:01 2500009    /usr/share/netbeans/ide14/modules/org-netbeans-core-browser.jar
68f01000-68f03000 r--s 00002000 08:01 2106759    /usr/share/java/sac-1.3.jar
68f03000-68f04000 r--s 00000000 08:01 2500087    /usr/share/netbeans/ide14/modules/org-netbeans-modules-editor-kit.jar
68f04000-68f07000 r--s 00017000 08:01 2106445    /usr/share/java/osgi.core.jar
68f07000-68f0e000 r--s 00031000 08:01 2106157    /usr/share/java/osgi.compendium.jar
68f0e000-68f0f000 r--s 00000000 08:01 2499277    /usr/share/netbeans/platform13/modules/org-netbeans-libs-osgi.jar
68f0f000-68f16000 r--s 0006e000 08:01 2106426    /usr/share/java/org.apache.felix.framework.jar
68f16000-68f17000 r--s 00000000 08:01 2499264    /usr/share/netbeans/platform13/modules/org-netbeans-libs-felix.jar
68f17000-68f18000 r--s 00000000 08:01 2771805    /usr/share/netbeans/7.0.1/nb/modules/locale/org-netbeans-core-windows_nb.jar
68f18000-68f19000 r--s 00000000 08:01 2499303    /usr/share/netbeans/platform13/modules/org-netbeans-modules-core-kit.jar
68f19000-68f1b000 r--s 00000000 08:01 2500023    /usr/share/netbeans/ide14/modules/org-netbeans-modules-ide-kit.jar
68f1b000-68f1c000 r--s 00000000 08:01 2630486    /usr/share/netbeans/java5/modules/org-netbeans-modules-ant-kit.jar
68f1c000-68f20000 r--s 0002a000 08:01 2500104    /usr/share/netbeans/ide14/modules/org-netbeans-modules-db-metadata-model.jar
68f20000-68f21000 r--s 00006000 08:01 2499990    /usr/share/netbeans/ide14/modules/org-netbeans-modules-dbapi.jar
68f21000-68f23000 r--s 0000f000 08:01 2630523    /usr/share/netbeans/java5/modules/org-netbeans-modules-j2ee-core-utilities.jar
68f23000-68f24000 r--s 00001000 08:01 2499286    /usr/share/netbeans/platform13/modules/org-netbeans-modules-keyring.jar
68f24000-68f25000 r--s 00000000 08:01 2771799    /usr/share/netbeans/7.0.1/nb/modules/org-netbeans-modules-ide-branding-kit.jar
68f25000-68f26000 r--s 00006000 08:01 2500053    /usr/share/netbeans/ide14/modules/org-netbeans-modules-hudson-subversion.jar
68f26000-68f27000 r--s 00005000 08:01 2499973    /usr/share/netbeans/ide14/modules/org-netbeans-modules-hudson-mercurial.jar
68f27000-68f29000 r--s 00008000 08:01 2630525    /usr/share/netbeans/java5/modules/org-netbeans-modules-hudson-ant.jar
68f29000-68f2a000 r--s 00000000 08:01 2630495    /usr/share/netbeans/java5/modules/org-netbeans-modules-form-kit.jar
68f2a000-68f2b000 r--s 00009000 08:01 2499294    /usr/share/netbeans/platform13/modules/org-netbeans-modules-editor-mimelookup-impl.jar
68f2b000-68f37000 r--s 000f1000 08:01 2499293    /usr/share/netbeans/platform13/modules/org-netbeans-api-visual.jar
68f37000-68f38000 r--s 00000000 08:01 2370897    /var/cache/fontconfig/4b14b093aebc79c320de5e86ae1d3314-le32d4.cache-3
68f38000-68f3a000 r-xp 00000000 08:01 1708690    /usr/lib/i386-linux-gnu/libXdamage.so.1.1.0
68f3a000-68f3b000 r--p 00001000 08:01 1708690    /usr/lib/i386-linux-gnu/libXdamage.so.1.1.0
68f3b000-68f3c000 rw-p 00002000 08:01 1708690    /usr/lib/i386-linux-gnu/libXdamage.so.1.1.0
68f3c000-68f52000 r--s 00108000 08:01 2106583    /usr/share/java/swingx1-1.0.jar
68f52000-68f53000 r--s 00001000 08:01 2499959    /usr/share/netbeans/ide14/modules/org-netbeans-libs-swingx.jar
68f53000-68f58000 r--s 00060000 08:01 2500099    /usr/share/netbeans/ide14/modules/org-netbeans-modules-db-dataview.jar
68f58000-68f59000 r--s 00000000 08:01 2500015    /usr/share/netbeans/ide14/modules/org-netbeans-modules-db-kit.jar
68f59000-68f5b000 r--s 00000000 08:01 2771639    /usr/share/netbeans/apisupport3/modules/org-netbeans-modules-apisupport-ant.jar
68f5b000-68f6b000 r--s 000c2000 08:01 2106438    /usr/share/java/freemarker-2.3.18.jar
68f6b000-68f6d000 r--s 00000000 08:01 2499537    /usr/share/netbeans/harness/modules/org-netbeans-modules-apisupport-harness.jar
68f6d000-68f73000 r--s 0006e000 08:01 2771642    /usr/share/netbeans/apisupport3/modules/org-netbeans-modules-apisupport-kit.jar
68f73000-68f75000 r-xp 00000000 08:01 1708686    /usr/lib/i386-linux-gnu/libXcomposite.so.1.0.0
68f75000-68f76000 r--p 00001000 08:01 1708686    /usr/lib/i386-linux-gnu/libXcomposite.so.1.0.0
68f76000-68f77000 rw-p 00002000 08:01 1708686    /usr/lib/i386-linux-gnu/libXcomposite.so.1.0.0
68f77000-68f79000 r-xp 00000000 08:01 1708829    /usr/lib/i386-linux-gnu/libXinerama.so.1.0.0
68f79000-68f7a000 r--p 00001000 08:01 1708829    /usr/lib/i386-linux-gnu/libXinerama.so.1.0.0
68f7a000-68f7b000 rw-p 00002000 08:01 1708829    /usr/lib/i386-linux-gnu/libXinerama.so.1.0.0
68f7b000-68f7f000 r--p 00000000 08:01 526012     /home/prashantvaidyanathan/.config/dconf/user
68f7f000-68f90000 r-xp 00000000 08:01 1704572    /usr/lib/i386-linux-gnu/gtk-2.0/modules/liboverlay-scrollbar.so
68f90000-68f91000 r--p 00010000 08:01 1704572    /usr/lib/i386-linux-gnu/gtk-2.0/modules/liboverlay-scrollbar.so
68f91000-68f92000 rw-p 00011000 08:01 1704572    /usr/lib/i386-linux-gnu/gtk-2.0/modules/liboverlay-scrollbar.so
68f9e000-68f9f000 r--s 00002000 08:01 2499996    /usr/share/netbeans/ide14/modules/org-netbeans-modules-editor-errorstripe-api.jar
68f9f000-68fa3000 r--s 00034000 08:01 2106574    /usr/share/java/trilead-ssh2-6401.jar
68fa3000-68fa4000 r--s 00001000 08:01 2500016    /usr/share/netbeans/ide14/modules/org-netbeans-libs-svnClientAdapter-svnkit.jar
68fa4000-68fa8000 r--s 00024000 08:01 2098246    /usr/share/java/svnClientAdapter-1.8.16.jar
68fa8000-68fb0000 r--s 00041000 08:01 2099435    /usr/share/java/svn-javahl.jar
68fb0000-68fb1000 r--s 00000000 08:01 2370896    /var/cache/fontconfig/8aec10f4cc8391dcef22ca549f1e4354-le32d4.cache-3
68fb1000-68fb3000 r--s 00007000 08:01 2499314    /usr/share/netbeans/platform13/modules/org-netbeans-core-netigso.jar
68fb3000-68fb6000 r--s 00000000 08:01 2360313    /var/cache/fontconfig/9fb319ef52839f11ee26ab8b4cffa12b-le32d4.cache-3
68fb6000-68fba000 r--s 00061000 08:01 2499957    /usr/share/netbeans/ide14/modules/org-netbeans-modules-lexer.jar
68fba000-68fbc000 r--s 0001b000 08:01 2500097    /usr/share/netbeans/ide14/modules/org-netbeans-modules-editor-fold.jar
68fbc000-68fbd000 r--s 00001000 08:01 2499272    /usr/share/netbeans/platform13/modules/org-netbeans-core-nativeaccess.jar
68fbd000-68fbe000 r--s 0001c000 08:01 2106538    /usr/share/java/swing-layout-1.0.4.jar
68fbe000-68fc0000 r--s 00000000 08:01 2499269    /usr/share/netbeans/platform13/modules/org-jdesktop-layout.jar
68fc0000-68fc1000 r--s 00000000 08:01 2363773    /var/cache/fontconfig/ac2cf712d852da827a87a9baf682f5b9-le32d4.cache-3
68fc1000-68fc4000 r--s 00030000 08:01 2499300    /usr/share/netbeans/platform13/modules/ext/updater.jar
68fc4000-68fc5000 r--s 00007000 08:01 2499288    /usr/share/netbeans/platform13/modules/org-netbeans-core-io-ui.jar
68fc5000-68fc7000 r--s 00008000 08:01 2630489    /usr/share/netbeans/java5/modules/org-netbeans-modules-ant-grammar.jar
68fc7000-68fc9000 r--s 00026000 08:01 2771641    /usr/share/netbeans/apisupport3/modules/org-netbeans-modules-apisupport-crudsample.jar
68fc9000-68fca000 r--s 00024000 08:01 2771637    /usr/share/netbeans/apisupport3/modules/org-netbeans-modules-apisupport-osgidemo.jar
68fca000-68fcb000 r--s 00011000 08:01 2771638    /usr/share/netbeans/apisupport3/modules/org-netbeans-modules-apisupport-paintapp.jar
68fcb000-68fce000 r--s 0002a000 08:01 2771640    /usr/share/netbeans/apisupport3/modules/org-netbeans-modules-apisupport-refactoring.jar
68fce000-68feb000 r--s 002c1000 08:01 2771636    /usr/share/netbeans/apisupport3/modules/org-netbeans-modules-apisupport-project.jar
68feb000-68fef000 r--s 00055000 08:01 2500038    /usr/share/netbeans/ide14/modules/org-netbeans-modules-db-mysql.jar
68fef000-68fff000 r--s 00159000 08:01 2630528    /usr/share/netbeans/java5/modules/org-netbeans-modules-debugger-jpda-ui.jar
68fff000-69002000 ---p 00000000 00:00 0 
69002000-69200000 rw-p 00000000 00:00 0          [stack:16110]
69200000-69221000 rw-p 00000000 00:00 0 
69221000-69300000 ---p 00000000 00:00 0 
69300000-69301000 r--s 00005000 08:01 2499965    /usr/share/netbeans/ide14/modules/org-netbeans-libs-freemarker.jar
69301000-69303000 r--s 00004000 08:01 2500036    /usr/share/netbeans/ide14/modules/org-netbeans-modules-db-drivers.jar
69303000-69308000 r--s 00047000 08:01 2500014    /usr/share/netbeans/ide14/modules/org-netbeans-modules-db-sql-editor.jar
69308000-6930c000 r--s 00035000 08:01 2500056    /usr/share/netbeans/ide14/modules/org-netbeans-modules-db-core.jar
6930c000-69316000 r--s 00144000 08:01 2630541    /usr/share/netbeans/java5/modules/org-netbeans-modules-debugger-jpda.jar
69316000-6931b000 r--s 00074000 08:01 2630485    /usr/share/netbeans/java5/modules/org-netbeans-modules-debugger-jpda-projects.jar
6931b000-6931d000 r--s 00022000 08:01 2499983    /usr/share/netbeans/ide14/modules/org-netbeans-modules-derby.jar
6931d000-69321000 r--s 00046000 08:01 2630546    /usr/share/netbeans/java5/modules/org-netbeans-modules-form-j2ee.jar
69321000-6932b000 r--s 00149000 08:01 2499980    /usr/share/netbeans/ide14/modules/org-netbeans-modules-html-editor.jar
6932b000-69332000 r--s 00063000 08:01 2500055    /usr/share/netbeans/ide14/modules/org-netbeans-modules-hudson.jar
69332000-69334000 r--s 00018000 08:01 2630539    /usr/share/netbeans/java5/modules/org-netbeans-modules-i18n-form.jar
69334000-69336000 r--s 00014000 08:01 2771801    /usr/share/netbeans/7.0.1/nb/modules/org-netbeans-modules-autoupdate-pluginimporter.jar
69336000-69347000 r--s 001f8000 08:01 2630529    /usr/share/netbeans/java5/modules/org-netbeans-modules-j2ee-persistence.jar
69347000-6934f000 r--s 0007b000 08:01 2630537    /usr/share/netbeans/java5/modules/org-netbeans-modules-dbschema.jar
6934f000-69352000 r--s 0003f000 08:01 2500069    /usr/share/netbeans/ide14/modules/ext/ddl.jar
69352000-69363000 r--s 00152000 08:01 2500092    /usr/share/netbeans/ide14/modules/org-netbeans-modules-db.jar
69363000-69364000 r--s 00001000 08:01 2630510    /usr/share/netbeans/java5/modules/org-netbeans-modules-java-kit.jar
69364000-69366000 r--s 00043000 08:01 2499989    /usr/share/netbeans/ide14/modules/org-netbeans-modules-defaults.jar
69366000-69368000 r--s 0001d000 08:01 2500034    /usr/share/netbeans/ide14/modules/org-netbeans-modules-extbrowser.jar
69368000-6936a000 r--s 00021000 08:01 2500074    /usr/share/netbeans/ide14/modules/org-netbeans-modules-editor-macros.jar
6936a000-6936c000 r--s 00008000 08:01 2500066    /usr/share/netbeans/ide14/modules/org-netbeans-core-ide.jar
6936c000-69378000 r--s 00160000 08:01 2499289    /usr/share/netbeans/platform13/modules/org-netbeans-core-windows.jar
69378000-69379000 r--s 00003000 08:01 2500078    /usr/share/netbeans/ide14/modules/org-netbeans-modules-editor-plain.jar
69379000-6937b000 r--s 0000d000 08:01 2500084    /usr/share/netbeans/ide14/modules/org-netbeans-modules-dlight-terminal.jar
6937b000-69385000 r--s 000b6000 08:01 2499988    /usr/share/netbeans/ide14/modules/org-netbeans-modules-dlight-nativeexecution.jar
69385000-6938a000 r--s 00062000 08:01 2500054    /usr/share/netbeans/ide14/modules/org-netbeans-modules-html.jar
6938a000-6938c000 r--s 00016000 08:01 2500048    /usr/share/netbeans/ide14/modules/org-netbeans-modules-image.jar
6938c000-69396000 r--s 00087000 08:01 2500005    /usr/share/netbeans/ide14/modules/org-netbeans-modules-css-visual.jar
69396000-6939d000 r--s 000b9000 08:01 2500110    /usr/share/netbeans/ide14/modules/org-netbeans-modules-css-editor.jar
6939d000-6939f000 r--s 00013000 08:01 2500081    /usr/share/netbeans/ide14/modules/org-netbeans-modules-editor-bookmarks.jar
6939f000-693a2000 r--s 00025000 08:01 2630519    /usr/share/netbeans/java5/modules/org-netbeans-modules-ant-debugger.jar
693a2000-693a5000 r--s 00021000 08:01 2630490    /usr/share/netbeans/java5/modules/org-netbeans-modules-java-debug.jar
693a5000-693aa000 r--s 00067000 08:01 2630506    /usr/share/netbeans/java5/modules/org-netbeans-modules-i18n.jar
693aa000-693ac000 r--s 00061000 08:01 2630507    /usr/share/netbeans/java5/modules/org-netbeans-modules-java-examples.jar
693ac000-693af000 r-xp 00000000 08:01 1704864    /usr/lib/i386-linux-gnu/libgmodule-2.0.so.0.3600.0
693af000-693b0000 r--p 00002000 08:01 1704864    /usr/lib/i386-linux-gnu/libgmodule-2.0.so.0.3600.0
693b0000-693b1000 rw-p 00003000 08:01 1704864    /usr/lib/i386-linux-gnu/libgmodule-2.0.so.0.3600.0
693b1000-693b5000 r--s 00043000 08:01 2630545    /usr/share/netbeans/java5/modules/org-netbeans-modules-ant-freeform.jar
693b5000-693bc000 r--s 00083000 08:01 2630502    /usr/share/netbeans/java5/modules/org-netbeans-modules-beans.jar
693bc000-693c4000 r--s 00081000 08:01 2630498    /usr/share/netbeans/java5/modules/org-netbeans-modules-java-navigation.jar
693c4000-693c5000 r--s 00000000 08:01 2363751    /var/cache/fontconfig/94f7fe9bd33aadfac165873bd010d595-le32d4.cache-3
693c5000-693c7000 r--s 00000000 08:01 2363182    /var/cache/fontconfig/c19b55eb3b4c5b40ea175e31682068a5-le32d4.cache-3
693c7000-693cb000 r--s 00052000 08:01 2630516    /usr/share/netbeans/java5/modules/org-netbeans-modules-javadoc.jar
693cb000-693cc000 r-xp 00000000 08:01 1711630    /usr/lib/i386-linux-gnu/libgthread-2.0.so.0.3600.0
693cc000-693cd000 r--p 00000000 08:01 1711630    /usr/lib/i386-linux-gnu/libgthread-2.0.so.0.3600.0
693cd000-693ce000 rw-p 00001000 08:01 1711630    /usr/lib/i386-linux-gnu/libgthread-2.0.so.0.3600.0
693ce000-693d0000 r--s 00008000 08:01 2499273    /usr/share/netbeans/platform13/modules/org-netbeans-modules-queries.jar
693d0000-693dd000 r--s 000b0000 08:01 2499315    /usr/share/netbeans/platform13/modules/org-netbeans-swing-tabcontrol.jar
693dd000-693eb000 r--s 001b1000 08:01 2630494    /usr/share/netbeans/java5/modules/org-netbeans-modules-java-editor.jar
693eb000-693ee000 r--s 00032000 08:01 2630508    /usr/share/netbeans/java5/modules/org-netbeans-modules-javawebstart.jar
693ee000-693f3000 r--s 00097000 08:01 2630544    /usr/share/netbeans/java5/modules/org-netbeans-modules-junit.jar
693f3000-693f7000 r--s 00033000 08:01 2500028    /usr/share/netbeans/ide14/modules/org-netbeans-modules-gsf-testrunner.jar
693f7000-693ff000 r--s 000b6000 08:01 2499270    /usr/share/netbeans/platform13/modules/org-netbeans-modules-autoupdate-ui.jar
693ff000-69402000 ---p 00000000 00:00 0 
69402000-69600000 rw-p 00000000 00:00 0          [stack:16109]
69600000-696ff000 rw-p 00000000 00:00 0 
696ff000-69700000 ---p 00000000 00:00 0 
69700000-69701000 r--s 00002000 08:01 2630521    /usr/share/netbeans/java5/modules/org-netbeans-modules-java-helpset.jar
69701000-69702000 r--s 00005000 08:01 2499978    /usr/share/netbeans/ide14/modules/org-netbeans-modules-gototest.jar
69702000-69703000 r--s 00001000 08:01 2771809    /usr/share/netbeans/7.0.1/nb/modules/locale/org-netbeans-modules-autoupdate-ui_nb.jar
69703000-69705000 r--s 00000000 08:01 2630522    /usr/share/netbeans/java5/modules/org-netbeans-modules-junitlib.jar
69705000-69707000 r--s 00006000 08:01 538129     /home/prashantvaidyanathan/.netbeans/7.0/modules/org-netbeans-modules-languages-antlr.jar
69707000-69710000 r--s 000c1000 08:01 2499951    /usr/share/netbeans/ide14/modules/org-netbeans-modules-languages.jar
69710000-69711000 r--s 00006000 08:01 2500064    /usr/share/netbeans/ide14/modules/org-netbeans-modules-languages-diff.jar
69711000-69713000 r--s 00005000 08:01 2500046    /usr/share/netbeans/ide14/modules/org-netbeans-modules-languages-manifest.jar
69713000-69715000 r--s 0001b000 08:01 2499994    /usr/share/netbeans/ide14/modules/org-netbeans-modules-languages-yaml.jar
69715000-69718000 r--s 0002f000 08:01 2499975    /usr/share/netbeans/ide14/modules/org-netbeans-modules-localhistory.jar
69718000-69727000 r--s 00187000 08:01 2499952    /usr/share/netbeans/ide14/modules/org-netbeans-modules-mercurial.jar
69727000-6972a000 r--s 00032000 08:01 2499307    /usr/share/netbeans/platform13/modules/org-netbeans-modules-print.jar
6972a000-6972b000 r--s 00000000 08:01 2363749    /var/cache/fontconfig/423767150eb258c59035de29db6fca84-le32d4.cache-3
6972b000-6972e000 r--s 0004a000 08:01 2630512    /usr/share/netbeans/java5/modules/org-netbeans-modules-projectimport-eclipse-core.jar
6972e000-69732000 r--s 00049000 08:01 2630505    /usr/share/netbeans/java5/modules/org-netbeans-modules-java-j2seplatform.jar
69732000-69733000 r--s 00001000 08:01 2499974    /usr/share/netbeans/ide14/modules/org-netbeans-modules-projectui-buildmenu.jar
69733000-6973f000 r--s 00149000 08:01 2630487    /usr/share/netbeans/java5/modules/org-netbeans-modules-refactoring-java.jar
6973f000-69742000 r--s 00031000 08:01 2499281    /usr/share/netbeans/platform13/modules/org-netbeans-modules-settings.jar
69742000-69744000 r--s 00005000 08:01 2499954    /usr/share/netbeans/ide14/modules/org-netbeans-modules-spellchecker-bindings-htmlxml.jar
69744000-69746000 r--s 00008000 08:01 2500039    /usr/share/netbeans/ide14/modules/org-netbeans-modules-html-lexer.jar
69746000-69747000 r--s 00006000 08:01 2630496    /usr/share/netbeans/java5/modules/org-netbeans-modules-spellchecker-bindings-java.jar
69747000-69748000 r--s 00003000 08:01 2500032    /usr/share/netbeans/ide14/modules/org-netbeans-modules-spellchecker-bindings-properties.jar
69748000-69749000 r--s 00000000 08:01 2363195    /var/cache/fontconfig/845c20fd2c4814bcec78e05d37a63ccc-le32d4.cache-3
69749000-6974d000 r--s 00029000 08:01 2500061    /usr/share/netbeans/ide14/modules/org-netbeans-modules-spellchecker.jar
6974d000-6974e000 r--s 00000000 08:01 2363194    /var/cache/fontconfig/e7de81b01590fb7e12b38e274e17d0db-le32d4.cache-3
6974e000-69750000 r--s 00017000 08:01 2500010    /usr/share/netbeans/ide14/modules/org-netbeans-modules-editor-util.jar
69750000-69766000 r--s 00244000 08:01 2500058    /usr/share/netbeans/ide14/modules/org-netbeans-modules-subversion.jar
69766000-69767000 r--s 00000000 08:01 2363193    /var/cache/fontconfig/406a1d2d2bf3ed7664fbadefac0b2f66-le32d4.cache-3
69767000-69768000 r--s 00000000 08:01 2771807    /usr/share/netbeans/7.0.1/nb/modules/locale/org-netbeans-spi-quicksearch_nb.jar
69768000-6976d000 r--s 0006c000 08:01 2499291    /usr/share/netbeans/platform13/modules/org-openide-awt.jar
6976d000-69770000 r--s 0002b000 08:01 2499279    /usr/share/netbeans/platform13/modules/org-netbeans-swing-outline.jar
69770000-69771000 r--s 00000000 08:01 2106536    /usr/share/java/AbsoluteLayout-7.0.jar
69771000-6979c000 r--s 00448000 08:01 2630547    /usr/share/netbeans/java5/modules/org-netbeans-modules-form.jar
6979c000-6979d000 r--s 00005000 08:01 2630482    /usr/share/netbeans/java5/modules/org-netbeans-modules-java-guards.jar
6979d000-697a5000 r--s 000cc000 08:01 2630520    /usr/share/netbeans/java5/modules/org-netbeans-modules-java-j2seproject.jar
697a5000-697a7000 r--s 00006000 08:01 2500030    /usr/share/netbeans/ide14/modules/org-netbeans-modules-tasklist-projectint.jar
697a7000-697a9000 r--s 0000b000 08:01 2500102    /usr/share/netbeans/ide14/modules/org-netbeans-modules-tasklist-todo.jar
697a9000-697ae000 r--s 00052000 08:01 2500077    /usr/share/netbeans/ide14/modules/org-netbeans-modules-tasklist-ui.jar
697ae000-697b1000 r--s 00026000 08:01 2500025    /usr/share/netbeans/ide14/modules/org-netbeans-modules-terminal.jar
697b1000-697b2000 r--s 00000000 08:01 2771814    /usr/share/netbeans/7.0.1/nb/modules/org-netbeans-modules-uihandler-exceptionreporter.jar
697b2000-697b4000 r--s 0000c000 08:01 2499285    /usr/share/netbeans/platform13/modules/org-netbeans-api-progress.jar
697b4000-697b7000 r--s 00039000 08:01 2771797    /usr/share/netbeans/7.0.1/nb/modules/org-netbeans-modules-uihandler.jar
697b7000-697b8000 r--s 00004000 08:01 2771813    /usr/share/netbeans/7.0.1/nb/modules/org-netbeans-modules-updatecenters.jar
697b8000-697bd000 r--s 00087000 08:01 2499266    /usr/share/netbeans/platform13/modules/org-netbeans-modules-autoupdate-services.jar
697bd000-697c3000 r--s 0007c000 08:01 2500013    /usr/share/netbeans/ide14/modules/org-netbeans-modules-utilities.jar
697c3000-697c8000 r--s 00018000 08:01 2500043    /usr/share/netbeans/ide14/modules/docs/org-netbeans-modules-versioning-system-cvss.jar
697c8000-697d8000 r--s 00156000 08:01 2500027    /usr/share/netbeans/ide14/modules/org-netbeans-modules-versioning-system-cvss.jar
697d8000-697e2000 r--s 000bb000 08:01 2500003    /usr/share/netbeans/ide14/modules/org-netbeans-modules-versioning-util.jar
697e2000-697e6000 r--s 00059000 08:01 2499962    /usr/share/netbeans/ide14/modules/org-netbeans-modules-versioning.jar
697e6000-697eb000 r--s 0006d000 08:01 2771798    /usr/share/netbeans/7.0.1/nb/modules/org-netbeans-modules-welcome.jar
697eb000-697ec000 r--s 00000000 08:01 2363191    /var/cache/fontconfig/0c9eb80ebd1c36541ebe2852d3bb0c49-le32d4.cache-3
697ec000-697f0000 r--s 00027000 08:01 2499304    /usr/share/netbeans/platform13/modules/org-openide-actions.jar
697f0000-697f1000 r--s 00006000 08:01 2499278    /usr/share/netbeans/platform13/modules/org-openide-execution.jar
697f1000-697f5000 r--s 00042000 08:01 2500096    /usr/share/netbeans/ide14/modules/org-netbeans-spi-viewmodel.jar
697f5000-697f6000 r--s 00002000 08:01 2499309    /usr/share/netbeans/platform13/modules/org-netbeans-api-annotations-common.jar
697f6000-697f9000 r--s 00029000 08:01 2499268    /usr/share/netbeans/platform13/modules/org-netbeans-modules-favorites.jar
697f9000-697fc000 r--s 00019000 08:01 2499267    /usr/share/netbeans/platform13/modules/org-netbeans-core-execution.jar
697fc000-697ff000 r--s 0001e000 08:01 2499246    /usr/share/netbeans/platform13/modules/org-netbeans-core-multiview.jar
697ff000-69802000 ---p 00000000 00:00 0 
69802000-69a00000 rw-p 00000000 00:00 0          [stack:16108]
69a00000-69afb000 rw-p 00000000 00:00 0 
69afb000-69b00000 ---p 00000000 00:00 0 
69b00000-69b01000 r--s 00003000 08:01 2499992    /usr/share/netbeans/ide14/modules/org-netbeans-modules-usersguide.jar
69b01000-69b02000 r--s 00003000 08:01 2499998    /usr/share/netbeans/ide14/modules/org-netbeans-modules-utilities-project.jar
69b02000-69b04000 r--s 00032000 08:01 2500019    /usr/share/netbeans/ide14/modules/org-netbeans-modules-xml-schema-completion.jar
69b04000-69b07000 r--s 00035000 08:01 2630499    /usr/share/netbeans/java5/modules/org-netbeans-modules-xml-tools-java.jar
69b07000-69b0a000 r--s 0001c000 08:01 2500033    /usr/share/netbeans/ide14/modules/org-netbeans-modules-parsing-lucene.jar
69b0a000-69b1e000 r--s 00255000 08:01 2630509    /usr/share/netbeans/java5/modules/org-netbeans-modules-java-source.jar
69b1e000-69b20000 r--s 0000a000 08:01 2630483    /usr/share/netbeans/java5/modules/org-netbeans-modules-java-lexer.jar
69b27000-69b2a000 r--s 00025000 08:01 2499283    /usr/share/netbeans/platform13/modules/org-openide-dialogs.jar
69b2a000-69b2b000 r--s 00000000 08:01 2368414    /var/cache/fontconfig/16326683038b281783a0ef8c680e3a10-le32d4.cache-3
69b30000-69b35000 r--s 00038000 08:01 2500057    /usr/share/netbeans/ide14/modules/org-netbeans-modules-xml-catalog.jar
69b35000-69b39000 r--s 00038000 08:01 2500008    /usr/share/netbeans/ide14/modules/org-netbeans-modules-project-libraries.jar
69b39000-69b3f000 r--s 00066000 08:01 2630501    /usr/share/netbeans/java5/modules/org-apache-tools-ant-module.jar
69b3f000-69b46000 r--s 0005d000 08:01 2500068    /usr/share/netbeans/ide14/modules/ext/org-netbeans-tax.jar
69b46000-69b4c000 r--s 00058000 08:01 2500070    /usr/share/netbeans/ide14/modules/org-netbeans-modules-xml-tax.jar
69b4c000-69bc7000 rw-p 00000000 00:00 0 
69bc7000-69bca000 ---p 00000000 00:00 0 
69bca000-69dc8000 rw-p 00000000 00:00 0          [stack:16107]
69dc8000-69efb000 r-xp 00000000 08:01 1705858    /usr/lib/i386-linux-gnu/libX11.so.6.3.0
69efb000-69efc000 r--p 00132000 08:01 1705858    /usr/lib/i386-linux-gnu/libX11.so.6.3.0
69efc000-69eff000 rw-p 00133000 08:01 1705858    /usr/lib/i386-linux-gnu/libX11.so.6.3.0
69eff000-69f02000 ---p 00000000 00:00 0 
69f02000-6a100000 rw-p 00000000 00:00 0          [stack:16106]
6a100000-6a13e000 rw-p 00000000 00:00 0 
6a13e000-6a200000 ---p 00000000 00:00 0 
6a200000-6a286000 rw-p 00000000 00:00 0 
6a286000-6a300000 ---p 00000000 00:00 0 
6a300000-6a321000 rw-p 00000000 00:00 0 
6a321000-6a400000 ---p 00000000 00:00 0 
6a400000-6a403000 r--s 0002c000 08:01 2499287    /usr/share/netbeans/platform13/modules/org-netbeans-swing-plaf.jar
6a403000-6a405000 r--s 00019000 08:01 2499961    /usr/share/netbeans/ide14/modules/org-netbeans-modules-xml-tools.jar
6a405000-6a408000 r--s 0002b000 08:01 2500080    /usr/share/netbeans/ide14/modules/org-netbeans-modules-xsl.jar
6a408000-6a40e000 r--s 00066000 08:01 2500065    /usr/share/netbeans/ide14/modules/org-netbeans-modules-xml.jar
6a40e000-6a416000 r--s 00097000 08:01 2500088    /usr/share/netbeans/ide14/modules/org-netbeans-modules-xml-text.jar
6a416000-6a419000 r--s 0001d000 08:01 2500103    /usr/share/netbeans/ide14/modules/org-netbeans-modules-editor-deprecated-pre65formatting.jar
6a419000-6a426000 r--s 000e8000 08:01 2500007    /usr/share/netbeans/ide14/modules/org-netbeans-modules-csl-api.jar
6a426000-6a42d000 r--s 00063000 08:01 2499972    /usr/share/netbeans/ide14/modules/org-netbeans-modules-refactoring-api.jar
6a42d000-6a432000 r--s 00045000 08:01 2500021    /usr/share/netbeans/ide14/modules/org-netbeans-modules-jumpto.jar
6a432000-6a43b000 r--s 000b7000 08:01 2499993    /usr/share/netbeans/ide14/modules/org-netbeans-modules-parsing-api.jar
6a43b000-6a440000 r--s 00058000 08:01 2499302    /usr/share/netbeans/platform13/modules/org-netbeans-modules-masterfs.jar
6a440000-6a444000 r--s 00053000 08:01 2499280    /usr/share/netbeans/platform13/modules/org-netbeans-core-ui.jar
6a444000-6a447000 r--s 0003f000 08:01 2500076    /usr/share/netbeans/ide14/modules/org-netbeans-modules-editor-codetemplates.jar
6a447000-6a44b000 r--s 00033000 08:01 2500052    /usr/share/netbeans/ide14/modules/org-netbeans-modules-editor-completion.jar
6a44b000-6a454000 r--s 000db000 08:01 2500001    /usr/share/netbeans/ide14/modules/org-netbeans-modules-diff.jar
6a454000-6a458000 r--s 0005a000 08:01 2500051    /usr/share/netbeans/ide14/modules/org-netbeans-modules-options-editor.jar
6a458000-6a45c000 r--s 00041000 08:01 2500109    /usr/share/netbeans/ide14/modules/org-netbeans-modules-editor-settings-storage.jar
6a45c000-6a45f000 r--s 0003c000 08:01 2499244    /usr/share/netbeans/platform13/modules/org-netbeans-modules-options-keymap.jar
6a45f000-6a461000 r--s 00009000 08:01 2499311    /usr/share/netbeans/platform13/modules/org-netbeans-modules-editor-mimelookup.jar
6a461000-6a463000 r--s 0000b000 08:01 2500031    /usr/share/netbeans/ide14/modules/org-openidex-util.jar
6a463000-6a464000 r--s 00008000 08:01 2499312    /usr/share/netbeans/platform13/modules/org-openide-io.jar
6a464000-6a474000 r--s 00178000 08:01 2500017    /usr/share/netbeans/ide14/modules/org-netbeans-modules-editor-lib.jar
6a4b7000-6a4c5000 r--s 000b9000 08:01 2499969    /usr/share/netbeans/ide14/modules/org-netbeans-spi-debugger-ui.jar
6a4c5000-6a4d6000 r-xp 00000000 08:01 1706240    /usr/lib/jni/libjnidispatch.so
6a4d6000-6a4d7000 r--p 00010000 08:01 1706240    /usr/lib/jni/libjnidispatch.so
6a4d7000-6a4d8000 rw-p 00011000 08:01 1706240    /usr/lib/jni/libjnidispatch.so
6a4d8000-6a4e3000 r--s 000d1000 08:01 2499967    /usr/share/netbeans/ide14/modules/org-netbeans-modules-projectui.jar
6a4e3000-6a4ea000 r-xp 00000000 08:01 3414502    /usr/lib/jvm/java-7-oracle/jre/lib/i386/libmanagement.so
6a4ea000-6a4eb000 rw-p 00006000 08:01 3414502    /usr/lib/jvm/java-7-oracle/jre/lib/i386/libmanagement.so
6a4ee000-6a4f3000 r--s 00061000 08:01 2499284    /usr/share/netbeans/platform13/modules/org-openide-nodes.jar
6a4f3000-6a4f4000 r--s 00000000 08:01 2771806    /usr/share/netbeans/7.0.1/nb/modules/locale/org-netbeans-core_nb.jar
6a4fb000-6a4fc000 rw-p 00000000 00:00 0 
6a4fc000-6a4ff000 r--s 0001d000 08:01 2499261    /usr/share/netbeans/platform13/modules/org-openide-windows.jar
6a4ff000-6a502000 ---p 00000000 00:00 0 
6a502000-6a700000 rw-p 00000000 00:00 0          [stack:16105]
6a700000-6a721000 rw-p 00000000 00:00 0 
6a721000-6a800000 ---p 00000000 00:00 0 
6a800000-6a801000 r--s 00001000 08:01 2499995    /usr/share/netbeans/ide14/modules/org-netbeans-libs-jsch.jar
6a801000-6a80a000 r--s 000a3000 08:01 2500000    /usr/share/netbeans/ide14/modules/org-netbeans-modules-editor.jar
6a80a000-6a813000 r--s 0008e000 08:01 2106605    /usr/share/java/jhall-2.0.05.ds1.jar
6a813000-6a816000 r--s 00025000 08:01 2499263    /usr/share/netbeans/platform13/modules/org-netbeans-modules-javahelp.jar
6a816000-6a81a000 r--s 0004f000 08:01 2499282    /usr/share/netbeans/platform13/modules/org-netbeans-modules-options-api.jar
6a81a000-6a820000 r--s 00072000 08:01 2499296    /usr/share/netbeans/platform13/modules/org-netbeans-core.jar
6a820000-6a8ff000 r--s 00000000 08:01 537951     /home/prashantvaidyanathan/.netbeans/7.0/var/cache/all-layers.dat
6a8ff000-6a902000 ---p 00000000 00:00 0 
6a902000-6ab00000 rw-p 00000000 00:00 0          [stack:16104]
6ab00000-6ab21000 rw-p 00000000 00:00 0 
6ab21000-6ac00000 ---p 00000000 00:00 0 
6ac00000-6ac02000 r--s 00011000 08:01 2500062    /usr/share/netbeans/ide14/modules/org-netbeans-modules-editor-bracesmatching.jar
6ac02000-6ac04000 r--s 00011000 08:01 2499966    /usr/share/netbeans/ide14/modules/org-netbeans-modules-editor-errorstripe.jar
6ac04000-6ac07000 r--s 0001c000 08:01 2500004    /usr/share/netbeans/ide14/modules/org-netbeans-modules-xml-core.jar
6ac07000-6ac09000 r--s 00011000 08:01 2499970    /usr/share/netbeans/ide14/modules/org-netbeans-api-xml.jar
6ac09000-6ac0a000 r--s 00000000 08:01 2368410    /var/cache/fontconfig/e0aa53bcfa504e64f87823c16bc01eb6-le32d4.cache-3
6ac0a000-6ac17000 r--s 00142000 08:01 2499265    /usr/share/netbeans/platform13/modules/org-openide-explorer.jar
6ac17000-6ac77000 r-xp 00000000 08:01 3414512    /usr/lib/jvm/java-7-oracle/jre/lib/i386/libt2k.so
6ac77000-6ac7b000 rw-p 0005f000 08:01 3414512    /usr/lib/jvm/java-7-oracle/jre/lib/i386/libt2k.so
6ac7b000-6ac7f000 rw-p 00000000 00:00 0 
6ac7f000-6ac9a000 r-xp 00000000 08:01 1049263    /lib/i386-linux-gnu/libgcc_s.so.1
6ac9a000-6ac9b000 r--p 0001a000 08:01 1049263    /lib/i386-linux-gnu/libgcc_s.so.1
6ac9b000-6ac9c000 rw-p 0001b000 08:01 1049263    /lib/i386-linux-gnu/libgcc_s.so.1
6ac9c000-6acf8000 r-xp 00000000 08:01 3414533    /usr/lib/jvm/java-7-oracle/jre/lib/i386/libfontmanager.so
6acf8000-6acfb000 rw-p 0005b000 08:01 3414533    /usr/lib/jvm/java-7-oracle/jre/lib/i386/libfontmanager.so
6acfb000-6acff000 rw-p 00000000 00:00 0 
6acff000-6ad02000 ---p 00000000 00:00 0 
6ad02000-6af00000 rw-p 00000000 00:00 0          [stack:16102]
6af00000-6aff9000 rw-p 00000000 00:00 0 
6aff9000-6b000000 ---p 00000000 00:00 0 
6b000000-6b021000 rw-p 00000000 00:00 0 
6b021000-6b100000 ---p 00000000 00:00 0 
6b100000-6b121000 rw-p 00000000 00:00 0 
6b121000-6b200000 ---p 00000000 00:00 0 
6b200000-6b204000 r--s 00038000 08:01 2500011    /usr/share/netbeans/ide14/modules/org-netbeans-modules-projectuiapi.jar
6b204000-6b207000 r--s 00038000 08:01 2499964    /usr/share/netbeans/ide14/modules/org-netbeans-api-debugger.jar
6b207000-6b20a000 r--s 00034000 08:01 2500105    /usr/share/netbeans/ide14/modules/org-netbeans-spi-editor-hints.jar
6b20a000-6b20c000 r--s 0000f000 08:01 2500100    /usr/share/netbeans/ide14/modules/org-netbeans-modules-editor-indent.jar
6b20c000-6b214000 r--s 000a8000 08:01 2500022    /usr/share/netbeans/ide14/modules/org-netbeans-modules-editor-lib2.jar
6b214000-6b216000 r--s 0000c000 08:01 2499976    /usr/share/netbeans/ide14/modules/org-netbeans-spi-navigator.jar
6b216000-6b21b000 r--s 00053000 08:01 2500073    /usr/share/netbeans/ide14/modules/org-netbeans-spi-palette.jar
6b21b000-6b21d000 r--s 0001c000 08:01 2499305    /usr/share/netbeans/platform13/modules/org-netbeans-spi-quicksearch.jar
6b21d000-6b21f000 r--s 00023000 08:01 2499999    /usr/share/netbeans/ide14/modules/org-netbeans-swing-dirchooser.jar
6b21f000-6b223000 r--s 00032000 08:01 2500049    /usr/share/netbeans/ide14/modules/org-netbeans-modules-projectapi.jar
6b223000-6b22d000 r--s 000f4000 08:01 2499290    /usr/share/netbeans/platform13/modules/org-openide-loaders.jar
6b22d000-6b231000 r--s 0004a000 08:01 2499292    /usr/share/netbeans/platform13/modules/org-openide-text.jar
6b231000-6b282000 r-xp 00000000 08:01 3414508    /usr/lib/jvm/java-7-oracle/jre/lib/i386/libsplashscreen.so
6b282000-6b283000 rw-p 00050000 08:01 3414508    /usr/lib/jvm/java-7-oracle/jre/lib/i386/libsplashscreen.so
6b283000-6b286000 rw-p 00000000 00:00 0 
6b286000-6b28b000 r-xp 00000000 08:01 1708692    /usr/lib/i386-linux-gnu/libXdmcp.so.6.0.0
6b28b000-6b28c000 r--p 00004000 08:01 1708692    /usr/lib/i386-linux-gnu/libXdmcp.so.6.0.0
6b28c000-6b28d000 rw-p 00005000 08:01 1708692    /usr/lib/i386-linux-gnu/libXdmcp.so.6.0.0
6b28d000-6b28f000 r-xp 00000000 08:01 1708681    /usr/lib/i386-linux-gnu/libXau.so.6.0.0
6b28f000-6b290000 r--p 00001000 08:01 1708681    /usr/lib/i386-linux-gnu/libXau.so.6.0.0
6b290000-6b291000 rw-p 00002000 08:01 1708681    /usr/lib/i386-linux-gnu/libXau.so.6.0.0
6b291000-6b2b1000 r-xp 00000000 08:01 1705841    /usr/lib/i386-linux-gnu/libxcb.so.1.1.0
6b2b1000-6b2b2000 r--p 0001f000 08:01 1705841    /usr/lib/i386-linux-gnu/libxcb.so.1.1.0
6b2b2000-6b2b3000 rw-p 00020000 08:01 1705841    /usr/lib/i386-linux-gnu/libxcb.so.1.1.0
6b2b3000-6b2fc000 r-xp 00000000 08:01 3414479    /usr/lib/jvm/java-7-oracle/jre/lib/i386/xawt/libmawt.so
6b2fc000-6b2fe000 rw-p 00049000 08:01 3414479    /usr/lib/jvm/java-7-oracle/jre/lib/i386/xawt/libmawt.so
6b2fe000-6b2ff000 rw-p 00000000 00:00 0 
6b2ff000-6b302000 ---p 00000000 00:00 0 
6b302000-6b500000 rw-p 00000000 00:00 0          [stack:16100]
6b500000-6b700000 r--p 00000000 08:01 1705354    /usr/lib/locale/locale-archive
6b700000-6b721000 rw-p 00000000 00:00 0 
6b721000-6b800000 ---p 00000000 00:00 0 
6b800000-6b80e000 r-xp 00000000 08:01 1709428    /usr/lib/i386-linux-gnu/libXi.so.6.1.0
6b80e000-6b80f000 r--p 0000d000 08:01 1709428    /usr/lib/i386-linux-gnu/libXi.so.6.1.0
6b80f000-6b810000 rw-p 0000e000 08:01 1709428    /usr/lib/i386-linux-gnu/libXi.so.6.1.0
6b810000-6b815000 r-xp 00000000 08:01 1705162    /usr/lib/i386-linux-gnu/libXtst.so.6.1.0
6b815000-6b816000 r--p 00004000 08:01 1705162    /usr/lib/i386-linux-gnu/libXtst.so.6.1.0
6b816000-6b817000 rw-p 00005000 08:01 1705162    /usr/lib/i386-linux-gnu/libXtst.so.6.1.0
6b817000-6b81f000 r-xp 00000000 08:01 1705866    /usr/lib/i386-linux-gnu/libXrender.so.1.3.0
6b81f000-6b820000 r--p 00008000 08:01 1705866    /usr/lib/i386-linux-gnu/libXrender.so.1.3.0
6b820000-6b821000 rw-p 00009000 08:01 1705866    /usr/lib/i386-linux-gnu/libXrender.so.1.3.0
6b821000-6b822000 r--s 00002000 08:01 2630527    /usr/share/netbeans/java5/modules/org-netbeans-libs-javacapi.jar
6b822000-6b827000 r-xp 00000000 08:01 1708815    /usr/lib/i386-linux-gnu/libXfixes.so.3.1.0
6b827000-6b828000 r--p 00004000 08:01 1708815    /usr/lib/i386-linux-gnu/libXfixes.so.3.1.0
6b828000-6b829000 rw-p 00005000 08:01 1708815    /usr/lib/i386-linux-gnu/libXfixes.so.3.1.0
6b829000-6b832000 r-xp 00000000 08:01 1708734    /usr/lib/i386-linux-gnu/libXcursor.so.1.0.2
6b832000-6b833000 r--p 00008000 08:01 1708734    /usr/lib/i386-linux-gnu/libXcursor.so.1.0.2
6b833000-6b834000 rw-p 00009000 08:01 1708734    /usr/lib/i386-linux-gnu/libXcursor.so.1.0.2
6b834000-6b838000 r--s 0008a000 08:01 3413877    /usr/lib/jvm/java-7-oracle/jre/lib/jsse.jar
6b838000-6b8be000 r-xp 00000000 08:01 3414519    /usr/lib/jvm/java-7-oracle/jre/lib/i386/libawt.so
6b8be000-6b8c5000 rw-p 00086000 08:01 3414519    /usr/lib/jvm/java-7-oracle/jre/lib/i386/libawt.so
6b8c5000-6b8e9000 rw-p 00000000 00:00 0 
6b8e9000-6b8fe000 r-xp 00000000 08:01 3414477    /usr/lib/jvm/java-7-oracle/jre/lib/i386/libnet.so
6b8fe000-6b8ff000 rw-p 00014000 08:01 3414477    /usr/lib/jvm/java-7-oracle/jre/lib/i386/libnet.so
6b8ff000-6b902000 ---p 00000000 00:00 0 
6b902000-6bb00000 rw-p 00000000 00:00 0          [stack:16099]
6bb00000-6bb21000 rw-p 00000000 00:00 0 
6bb21000-6bc00000 ---p 00000000 00:00 0 
6bc00000-6bc01000 r--s 00006000 08:01 2499956    /usr/share/netbeans/ide14/modules/org-netbeans-modules-xml-lexer.jar
6bc01000-6bc11000 r-xp 00000000 08:01 1705864    /usr/lib/i386-linux-gnu/libXext.so.6.4.0
6bc11000-6bc12000 r--p 0000f000 08:01 1705864    /usr/lib/i386-linux-gnu/libXext.so.6.4.0
6bc12000-6bc13000 rw-p 00010000 08:01 1705864    /usr/lib/i386-linux-gnu/libXext.so.6.4.0
6bc13000-6bc7e000 r--s 00e19000 08:01 3413382    /usr/lib/jvm/java-7-oracle/lib/tools.jar
6bc7e000-6bc7f000 ---p 00000000 00:00 0 
6bc7f000-6bcff000 rw-p 00000000 00:00 0          [stack:16103]
6bcff000-6bd02000 ---p 00000000 00:00 0 
6bd02000-6bf00000 rw-p 00000000 00:00 0          [stack:16098]
6bf00000-6bf2a000 rw-p 00000000 00:00 0 
6bf2a000-6c000000 ---p 00000000 00:00 0 
6c000000-6c004000 r--s 000f7000 08:01 3414663    /usr/lib/jvm/java-7-oracle/jre/lib/ext/localedata.jar
6c004000-6c012000 r-xp 00000000 08:01 3414480    /usr/lib/jvm/java-7-oracle/jre/lib/i386/libnio.so
6c012000-6c013000 rw-p 0000e000 08:01 3414480    /usr/lib/jvm/java-7-oracle/jre/lib/i386/libnio.so
6c013000-6c019000 r--s 0001e000 08:01 3413394    /usr/lib/jvm/java-7-oracle/lib/dt.jar
6c019000-6c01c000 ---p 00000000 00:00 0 
6c01c000-6c09a000 rw-p 00000000 00:00 0          [stack:16101]
6c09a000-6c09b000 ---p 00000000 00:00 0 
6c09b000-6c166000 rw-p 00000000 00:00 0          [stack:16097]
6c166000-6c322000 r--s 039b2000 08:01 3414546    /usr/lib/jvm/java-7-oracle/jre/lib/rt.jar
6c322000-6c38e000 rw-p 00000000 00:00 0 
6c38e000-6c43e000 rw-p 00000000 00:00 0 
6c43e000-6c449000 rw-p 00000000 00:00 0 
6c449000-6c53f000 rw-p 00000000 00:00 0 
6c53f000-6c545000 rw-p 00000000 00:00 0 
6c545000-6c5bf000 rw-p 00000000 00:00 0 
6c5bf000-6c5ca000 rw-p 00000000 00:00 0 
6c5ca000-6c6bf000 rw-p 00000000 00:00 0 
6c6bf000-6c6cf000 rw-p 00000000 00:00 0 
6c6cf000-6c77f000 rw-p 00000000 00:00 0 
6c77f000-6d220000 rw-p 00000000 00:00 0 
6d220000-7c780000 rw-p 00000000 00:00 0 
7c780000-7dce0000 rw-p 00000000 00:00 0 
7dce0000-9c780000 rw-p 00000000 00:00 0 
9c780000-9e780000 rw-p 00000000 00:00 0 
9e780000-b4780000 rw-p 00000000 00:00 0 
b4780000-b478b000 rw-p 00000000 00:00 0 
b478b000-b4800000 rw-p 00000000 00:00 0 
b4800000-b4aa0000 rwxp 00000000 00:00 0 
b4aa0000-b68f6000 rw-p 00000000 00:00 0 
b68f6000-b6900000 ---p 00000000 00:00 0 
b6900000-b6901000 r--s 00008000 08:01 2500037    /usr/share/netbeans/ide14/modules/org-netbeans-spi-tasklist.jar
b6901000-b6902000 r--s 00000000 00:14 231275     /run/user/prashantvaidyanathan/dconf/user
b6902000-b6905000 r--s 00046000 08:01 2771763    /usr/share/netbeans/7.0.1/nb/core/org-netbeans-upgrader.jar
b6905000-b690c000 r--s 000a0000 08:01 2106758    /usr/share/netbeans/platform13/core/org-openide-filesystems.jar
b690c000-b6911000 r--s 00099000 08:01 2106755    /usr/share/netbeans/platform13/core/core.jar
b6911000-b6928000 r-xp 00000000 08:01 3414529    /usr/lib/jvm/java-7-oracle/jre/lib/i386/libzip.so
b6928000-b6929000 rw-p 00017000 08:01 3414529    /usr/lib/jvm/java-7-oracle/jre/lib/i386/libzip.so
b6929000-b6934000 r-xp 00000000 08:01 1058789    /lib/i386-linux-gnu/libnss_files-2.17.so
b6934000-b6935000 r--p 0000a000 08:01 1058789    /lib/i386-linux-gnu/libnss_files-2.17.so
b6935000-b6936000 rw-p 0000b000 08:01 1058789    /lib/i386-linux-gnu/libnss_files-2.17.so
b6936000-b6940000 r-xp 00000000 08:01 1058800    /lib/i386-linux-gnu/libnss_nis-2.17.so
b6940000-b6941000 r--p 00009000 08:01 1058800    /lib/i386-linux-gnu/libnss_nis-2.17.so
b6941000-b6942000 rw-p 0000a000 08:01 1058800    /lib/i386-linux-gnu/libnss_nis-2.17.so
b6942000-b6957000 r-xp 00000000 08:01 1058786    /lib/i386-linux-gnu/libnsl-2.17.so
b6957000-b6958000 r--p 00014000 08:01 1058786    /lib/i386-linux-gnu/libnsl-2.17.so
b6958000-b6959000 rw-p 00015000 08:01 1058786    /lib/i386-linux-gnu/libnsl-2.17.so
b6959000-b695b000 rw-p 00000000 00:00 0 
b695b000-b695e000 r--s 00034000 08:01 2106540    /usr/share/java/org-openide-util-lookup-7.0.jar
b695e000-b6965000 r--s 0007d000 08:01 2106542    /usr/share/java/org-openide-util-7.0.jar
b6965000-b6966000 r--s 00007000 08:01 2106544    /usr/share/java/org-openide-modules-7.0.jar
b6966000-b6969000 r--s 00045000 08:01 2499321    /usr/share/netbeans/platform13/lib/boot.jar
b6969000-b696a000 r--p 002c5000 08:01 1705354    /usr/lib/locale/locale-archive
b696a000-b6972000 rw-s 00000000 08:01 4986262    /tmp/hsperfdata_prashantvaidyanathan/16095
b6972000-b6995000 r-xp 00000000 08:01 3414513    /usr/lib/jvm/java-7-oracle/jre/lib/i386/libjava.so
b6995000-b6996000 rw-p 00022000 08:01 3414513    /usr/lib/jvm/java-7-oracle/jre/lib/i386/libjava.so
b6996000-b699d000 r-xp 00000000 08:01 1058799    /lib/i386-linux-gnu/librt-2.17.so
b699d000-b699e000 r--p 00006000 08:01 1058799    /lib/i386-linux-gnu/librt-2.17.so
b699e000-b699f000 rw-p 00007000 08:01 1058799    /lib/i386-linux-gnu/librt-2.17.so
b699f000-b69a2000 ---p 00000000 00:00 0 
b69a2000-b6ba0000 rw-p 00000000 00:00 0          [stack:16096]
b6ba0000-b6be1000 r-xp 00000000 08:01 1058796    /lib/i386-linux-gnu/libm-2.17.so
b6be1000-b6be2000 r--p 00040000 08:01 1058796    /lib/i386-linux-gnu/libm-2.17.so
b6be2000-b6be3000 rw-p 00041000 08:01 1058796    /lib/i386-linux-gnu/libm-2.17.so
b6be3000-b7169000 r-xp 00000000 08:01 3414494    /usr/lib/jvm/java-7-oracle/jre/lib/i386/client/libjvm.so
b7169000-b718a000 rw-p 00586000 08:01 3414494    /usr/lib/jvm/java-7-oracle/jre/lib/i386/client/libjvm.so
b718a000-b75ab000 rw-p 00000000 00:00 0 
b75ab000-b7759000 r-xp 00000000 08:01 1058797    /lib/i386-linux-gnu/libc-2.17.so
b7759000-b775b000 r--p 001ae000 08:01 1058797    /lib/i386-linux-gnu/libc-2.17.so
b775b000-b775c000 rw-p 001b0000 08:01 1058797    /lib/i386-linux-gnu/libc-2.17.so
b775c000-b775f000 rw-p 00000000 00:00 0 
b775f000-b7762000 r-xp 00000000 08:01 1058802    /lib/i386-linux-gnu/libdl-2.17.so
b7762000-b7763000 r--p 00002000 08:01 1058802    /lib/i386-linux-gnu/libdl-2.17.so
b7763000-b7764000 rw-p 00003000 08:01 1058802    /lib/i386-linux-gnu/libdl-2.17.so
b7764000-b7765000 rw-p 00000000 00:00 0 
b7765000-b7778000 r-xp 00000000 08:01 3413390    /usr/lib/jvm/java-7-oracle/lib/i386/jli/libjli.so
b7778000-b7779000 rw-p 00012000 08:01 3413390    /usr/lib/jvm/java-7-oracle/lib/i386/jli/libjli.so
b7779000-b7790000 r-xp 00000000 08:01 1058795    /lib/i386-linux-gnu/libpthread-2.17.so
b7790000-b7791000 r--p 00016000 08:01 1058795    /lib/i386-linux-gnu/libpthread-2.17.so
b7791000-b7792000 rw-p 00017000 08:01 1058795    /lib/i386-linux-gnu/libpthread-2.17.so
b7792000-b7794000 rw-p 00000000 00:00 0 
b7794000-b779b000 r-xp 00000000 08:01 1058790    /lib/i386-linux-gnu/libnss_compat-2.17.so
b779b000-b779c000 r--p 00006000 08:01 1058790    /lib/i386-linux-gnu/libnss_compat-2.17.so
b779c000-b779d000 rw-p 00007000 08:01 1058790    /lib/i386-linux-gnu/libnss_compat-2.17.so
b779d000-b779e000 rw-p 00000000 00:00 0 
b779e000-b779f000 r--p 00000000 00:00 0 
b779f000-b77aa000 r-xp 00000000 08:01 3414510    /usr/lib/jvm/java-7-oracle/jre/lib/i386/libverify.so
b77aa000-b77ab000 rw-p 0000b000 08:01 3414510    /usr/lib/jvm/java-7-oracle/jre/lib/i386/libverify.so
b77ab000-b77ad000 rw-p 00000000 00:00 0 
b77ad000-b77ae000 r-xp 00000000 00:00 0          [vdso]
b77ae000-b77ce000 r-xp 00000000 08:01 1058798    /lib/i386-linux-gnu/ld-2.17.so
b77ce000-b77cf000 r--p 0001f000 08:01 1058798    /lib/i386-linux-gnu/ld-2.17.so
b77cf000-b77d0000 rw-p 00020000 08:01 1058798    /lib/i386-linux-gnu/ld-2.17.so
bfed2000-bfef4000 rw-p 00000000 00:00 0          [stack]

VM Arguments:
jvm_args: -Djdk.home=/usr/lib/jvm/java-7-oracle -Djava.library.path=/usr/lib/jni -Dnetbeans.system_http_proxy=DIRECT -Dnetbeans.system_http_non_proxy_hosts= -Dnetbeans.dirs=/usr/share/netbeans/7.0.1/nb:/usr/share/netbeans/7.0.1/bin/../ergonomics:/usr/share/netbeans/7.0.1/ide:/usr/share/netbeans/7.0.1/java:/usr/share/netbeans/7.0.1/bin/../xml:/usr/share/netbeans/7.0.1/apisupport:/usr/share/netbeans/7.0.1/bin/../webcommon:/usr/share/netbeans/7.0.1/bin/../websvccommon:/usr/share/netbeans/7.0.1/bin/../enterprise:/usr/share/netbeans/7.0.1/bin/../mobility:/usr/share/netbeans/7.0.1/bin/../profiler:/usr/share/netbeans/7.0.1/bin/../ruby:/usr/share/netbeans/7.0.1/bin/../python:/usr/share/netbeans/7.0.1/bin/../php:/usr/share/netbeans/7.0.1/bin/../visualweb:/usr/share/netbeans/7.0.1/bin/../soa:/usr/share/netbeans/7.0.1/bin/../identity:/usr/share/netbeans/7.0.1/bin/../uml:/usr/share/netbeans/7.0.1/harness:/usr/share/netbeans/7.0.1/bin/../cnd:/usr/share/netbeans/7.0.1/bin/../dlight:/usr/share/netbeans/7.0.1/bin/../groovy:/usr/share/netbeans/7.0.1/bin/../extra:/usr/share/netbeans/7.0.1/bin/../javafx:/usr/share/netbeans/7.0.1/bin/../javacard: -Dnetbeans.home=/usr/share/netbeans/7.0.1/platform -Dnetbeans.importclass=org.netbeans.upgrade.AutoUpgrade -Dnetbeans.accept_license_class=org.netbeans.license.AcceptLicense -XX:MaxPermSize=384m -Xmx768m -Xss2m -Xms32m -XX:PermSize=32m -Dapple.laf.useScreenMenuBar=true -Dapple.awt.graphics.UseQuartz=true -Dsun.java2d.noddraw=true -Dsun.java2d.pmoffscreen=false 
java_command: org.netbeans.Main --userdir /home/prashantvaidyanathan/.netbeans/7.0 --branding nb
Launcher Type: SUN_STANDARD

Environment Variables:
PATH=/usr/lib/lightdm/lightdm:/usr/local/sbin:/usr/local/bin:/usr/sbin:/usr/bin:/sbin:/bin:/usr/games:/usr/local/games
SHELL=/bin/bash
DISPLAY=:0

Signal Handlers:
SIGSEGV: [libjvm.so+0x504580], sa_mask[0]=0x7ffbfeff, sa_flags=0x10000004
SIGBUS: [libjvm.so+0x504580], sa_mask[0]=0x7ffbfeff, sa_flags=0x10000004
SIGFPE: [libjvm.so+0x3fc670], sa_mask[0]=0x7ffbfeff, sa_flags=0x10000004
SIGPIPE: SIG_IGN, sa_mask[0]=0x00001000, sa_flags=0x10000000
SIGXFSZ: [libjvm.so+0x3fc670], sa_mask[0]=0x7ffbfeff, sa_flags=0x10000004
SIGILL: [libjvm.so+0x3fc670], sa_mask[0]=0x7ffbfeff, sa_flags=0x10000004
SIGUSR1: SIG_DFL, sa_mask[0]=0x00000000, sa_flags=0x00000000
SIGUSR2: [libjvm.so+0x3fdb60], sa_mask[0]=0x00000000, sa_flags=0x10000004
SIGHUP: [libjvm.so+0x3fecb0], sa_mask[0]=0x7ffbfeff, sa_flags=0x10000004
SIGINT: SIG_IGN, sa_mask[0]=0x00000000, sa_flags=0x00000000
SIGTERM: [libjvm.so+0x3fecb0], sa_mask[0]=0x7ffbfeff, sa_flags=0x10000004
SIGQUIT: [libjvm.so+0x3fecb0], sa_mask[0]=0x7ffbfeff, sa_flags=0x10000004


---------------  S Y S T E M  ---------------

OS:wheezy/sid

uname:Linux 3.8.0-32-generic #47-Ubuntu SMP Tue Oct 1 21:36:40 UTC 2013 i686
libc:glibc 2.17 NPTL 2.17 
rlimit: STACK 8192k, CORE 0k, NPROC 40256, NOFILE 4096, AS infinity
load average:0.03 0.07 0.06

/proc/meminfo:
MemTotal:        5169340 kB
MemFree:         3597024 kB
Buffers:          278864 kB
Cached:           696988 kB
SwapCached:            0 kB
Active:           911840 kB
Inactive:         516832 kB
Active(anon):     453612 kB
Inactive(anon):    33492 kB
Active(file):     458228 kB
Inactive(file):   483340 kB
Unevictable:          32 kB
Mlocked:              32 kB
HighTotal:       4329352 kB
HighFree:        3148004 kB
LowTotal:         839988 kB
LowFree:          449020 kB
SwapTotal:       3176444 kB
SwapFree:        3176444 kB
Dirty:               356 kB
Writeback:             0 kB
AnonPages:        453452 kB
Mapped:           168904 kB
Shmem:             34288 kB
Slab:              98292 kB
SReclaimable:      77516 kB
SUnreclaim:        20776 kB
KernelStack:        3856 kB
PageTables:         8708 kB
NFS_Unstable:          0 kB
Bounce:                0 kB
WritebackTmp:          0 kB
CommitLimit:     5761112 kB
Committed_AS:    3264544 kB
VmallocTotal:     122880 kB
VmallocUsed:       22444 kB
VmallocChunk:      98700 kB
HardwareCorrupted:     0 kB
AnonHugePages:         0 kB
HugePages_Total:       0
HugePages_Free:        0
HugePages_Rsvd:        0
HugePages_Surp:        0
Hugepagesize:       2048 kB
DirectMap4k:       10232 kB
DirectMap2M:      903168 kB


CPU:total 8 (1 cores per cpu, 1 threads per core) family 6 model 58 stepping 9, cmov, cx8, fxsr, mmx, sse, sse2, sse3, ssse3, sse4.1, sse4.2, popcnt, avx, aes, erms, tsc, tscinvbit, tscinv

/proc/cpuinfo:
processor	: 0
vendor_id	: GenuineIntel
cpu family	: 6
model		: 58
model name	: Intel(R) Core(TM) i7-3610QM CPU @ 2.30GHz
stepping	: 9
microcode	: 0x15
cpu MHz		: 2294.839
cache size	: 6144 KB
fdiv_bug	: no
hlt_bug		: no
f00f_bug	: no
coma_bug	: no
fpu		: yes
fpu_exception	: yes
cpuid level	: 13
wp		: yes
flags		: fpu vme de pse tsc msr pae mce cx8 apic sep mtrr pge mca cmov pat pse36 clflush dts mmx fxsr sse sse2 ss nx rdtscp constant_tsc arch_perfmon pebs bts xtopology tsc_reliable nonstop_tsc aperfmperf eagerfpu pni pclmulqdq ssse3 pcid sse4_1 sse4_2 x2apic popcnt aes xsave avx f16c rdrand hypervisor ida arat epb xsaveopt pln pts dtherm fsgsbase smep
bogomips	: 4589.67
clflush size	: 64
cache_alignment	: 64
address sizes	: 40 bits physical, 48 bits virtual
power management:

processor	: 1
vendor_id	: GenuineIntel
cpu family	: 6
model		: 58
model name	: Intel(R) Core(TM) i7-3610QM CPU @ 2.30GHz
stepping	: 9
microcode	: 0x15
cpu MHz		: 2294.839
cache size	: 6144 KB
fdiv_bug	: no
hlt_bug		: no
f00f_bug	: no
coma_bug	: no
fpu		: yes
fpu_exception	: yes
cpuid level	: 13
wp		: yes
flags		: fpu vme de pse tsc msr pae mce cx8 apic sep mtrr pge mca cmov pat pse36 clflush dts mmx fxsr sse sse2 ss nx rdtscp constant_tsc arch_perfmon pebs bts xtopology tsc_reliable nonstop_tsc aperfmperf eagerfpu pni pclmulqdq ssse3 pcid sse4_1 sse4_2 x2apic popcnt aes xsave avx f16c rdrand hypervisor ida arat epb xsaveopt pln pts dtherm fsgsbase smep
bogomips	: 4589.67
clflush size	: 64
cache_alignment	: 64
address sizes	: 40 bits physical, 48 bits virtual
power management:

processor	: 2
vendor_id	: GenuineIntel
cpu family	: 6
model		: 58
model name	: Intel(R) Core(TM) i7-3610QM CPU @ 2.30GHz
stepping	: 9
microcode	: 0x15
cpu MHz		: 2294.839
cache size	: 6144 KB
fdiv_bug	: no
hlt_bug		: no
f00f_bug	: no
coma_bug	: no
fpu		: yes
fpu_exception	: yes
cpuid level	: 13
wp		: yes
flags		: fpu vme de pse tsc msr pae mce cx8 apic sep mtrr pge mca cmov pat pse36 clflush dts mmx fxsr sse sse2 ss nx rdtscp constant_tsc arch_perfmon pebs bts xtopology tsc_reliable nonstop_tsc aperfmperf eagerfpu pni pclmulqdq ssse3 pcid sse4_1 sse4_2 x2apic popcnt aes xsave avx f16c rdrand hypervisor ida arat epb xsaveopt pln pts dtherm fsgsbase smep
bogomips	: 4589.67
clflush size	: 64
cache_alignment	: 64
address sizes	: 40 bits physical, 48 bits virtual
power management:

processor	: 3
vendor_id	: GenuineIntel
cpu family	: 6
model		: 58
model name	: Intel(R) Core(TM) i7-3610QM CPU @ 2.30GHz
stepping	: 9
microcode	: 0x15
cpu MHz		: 2294.839
cache size	: 6144 KB
fdiv_bug	: no
hlt_bug		: no
f00f_bug	: no
coma_bug	: no
fpu		: yes
fpu_exception	: yes
cpuid level	: 13
wp		: yes
flags		: fpu vme de pse tsc msr pae mce cx8 apic sep mtrr pge mca cmov pat pse36 clflush dts mmx fxsr sse sse2 ss nx rdtscp constant_tsc arch_perfmon pebs bts xtopology tsc_reliable nonstop_tsc aperfmperf eagerfpu pni pclmulqdq ssse3 pcid sse4_1 sse4_2 x2apic popcnt aes xsave avx f16c rdrand hypervisor ida arat epb xsaveopt pln pts dtherm fsgsbase smep
bogomips	: 4589.67
clflush size	: 64
cache_alignment	: 64
address sizes	: 40 bits physical, 48 bits virtual
power management:

processor	: 4
vendor_id	: GenuineIntel
cpu family	: 6
model		: 58
model name	: Intel(R) Core(TM) i7-3610QM CPU @ 2.30GHz
stepping	: 9
microcode	: 0x15
cpu MHz		: 2294.839
cache size	: 6144 KB
fdiv_bug	: no
hlt_bug		: no
f00f_bug	: no
coma_bug	: no
fpu		: yes
fpu_exception	: yes
cpuid level	: 13
wp		: yes
flags		: fpu vme de pse tsc msr pae mce cx8 apic sep mtrr pge mca cmov pat pse36 clflush dts mmx fxsr sse sse2 ss nx rdtscp constant_tsc arch_perfmon pebs bts xtopology tsc_reliable nonstop_tsc aperfmperf eagerfpu pni pclmulqdq ssse3 pcid sse4_1 sse4_2 x2apic popcnt aes xsave avx f16c rdrand hypervisor ida arat epb xsaveopt pln pts dtherm fsgsbase smep
bogomips	: 4589.67
clflush size	: 64
cache_alignment	: 64
address sizes	: 40 bits physical, 48 bits virtual
power management:

processor	: 5
vendor_id	: GenuineIntel
cpu family	: 6
model		: 58
model name	: Intel(R) Core(TM) i7-3610QM CPU @ 2.30GHz
stepping	: 9
microcode	: 0x15
cpu MHz		: 2294.839
cache size	: 6144 KB
fdiv_bug	: no
hlt_bug		: no
f00f_bug	: no
coma_bug	: no
fpu		: yes
fpu_exception	: yes
cpuid level	: 13
wp		: yes
flags		: fpu vme de pse tsc msr pae mce cx8 apic sep mtrr pge mca cmov pat pse36 clflush dts mmx fxsr sse sse2 ss nx rdtscp constant_tsc arch_perfmon pebs bts xtopology tsc_reliable nonstop_tsc aperfmperf eagerfpu pni pclmulqdq ssse3 pcid sse4_1 sse4_2 x2apic popcnt aes xsave avx f16c rdrand hypervisor ida arat epb xsaveopt pln pts dtherm fsgsbase smep
bogomips	: 4589.67
clflush size	: 64
cache_alignment	: 64
address sizes	: 40 bits physical, 48 bits virtual
power management:

processor	: 6
vendor_id	: GenuineIntel
cpu family	: 6
model		: 58
model name	: Intel(R) Core(TM) i7-3610QM CPU @ 2.30GHz
stepping	: 9
microcode	: 0x15
cpu MHz		: 2294.839
cache size	: 6144 KB
fdiv_bug	: no
hlt_bug		: no
f00f_bug	: no
coma_bug	: no
fpu		: yes
fpu_exception	: yes
cpuid level	: 13
wp		: yes
flags		: fpu vme de pse tsc msr pae mce cx8 apic sep mtrr pge mca cmov pat pse36 clflush dts mmx fxsr sse sse2 ss nx rdtscp constant_tsc arch_perfmon pebs bts xtopology tsc_reliable nonstop_tsc aperfmperf eagerfpu pni pclmulqdq ssse3 pcid sse4_1 sse4_2 x2apic popcnt aes xsave avx f16c rdrand hypervisor ida arat epb xsaveopt pln pts dtherm fsgsbase smep
bogomips	: 4589.67
clflush size	: 64
cache_alignment	: 64
address sizes	: 40 bits physical, 48 bits virtual
power management:

processor	: 7
vendor_id	: GenuineIntel
cpu family	: 6
model		: 58
model name	: Intel(R) Core(TM) i7-3610QM CPU @ 2.30GHz
stepping	: 9
microcode	: 0x15
cpu MHz		: 2294.839
cache size	: 6144 KB
fdiv_bug	: no
hlt_bug		: no
f00f_bug	: no
coma_bug	: no
fpu		: yes
fpu_exception	: yes
cpuid level	: 13
wp		: yes
flags		: fpu vme de pse tsc msr pae mce cx8 apic sep mtrr pge mca cmov pat pse36 clflush dts mmx fxsr sse sse2 ss nx rdtscp constant_tsc arch_perfmon pebs bts xtopology tsc_reliable nonstop_tsc aperfmperf eagerfpu pni pclmulqdq ssse3 pcid sse4_1 sse4_2 x2apic popcnt aes xsave avx f16c rdrand hypervisor ida arat epb xsaveopt pln pts dtherm fsgsbase smep
bogomips	: 4589.67
clflush size	: 64
cache_alignment	: 64
address sizes	: 40 bits physical, 48 bits virtual
power management:



Memory: 4k page, physical 5169340k(3597024k free), swap 3176444k(3176444k free)

vm_info: Java HotSpot(TM) Client VM (24.45-b08) for linux-x86 JRE (1.7.0_45-b18), built on Oct  8 2013 05:47:36 by "java_re" with gcc 4.3.0 20080428 (Red Hat 4.3.0-8)

time: Thu Feb 20 23:23:14 2014
elapsed time: 5 seconds

