#
# A fatal error has been detected by the Java Runtime Environment:
#
#  SIGILL (0x4) at pc=0x682241e3, pid=30381, tid=1785539392
#
# JRE version: Java(TM) SE Runtime Environment (7.0_45-b18) (build 1.7.0_45-b18)
# Java VM: Java HotSpot(TM) Client VM (24.45-b08 mixed mode linux-x86 )
# Problematic frame:
# C  [libpango-1.0.so.0+0x11e3]  g_dir_close+0x11e3
#
# Failed to write core dump. Core dumps have been disabled. To enable core dumping, try "ulimit -c unlimited" before starting Java again
#
# If you would like to submit a bug report, please visit:
#   http://bugreport.sun.com/bugreport/crash.jsp
#

---------------  T H R E A D  ---------------

Current thread is native thread

siginfo:si_signo=SIGILL: si_errno=0, si_code=2 (ILL_ILLOPN), si_addr=0x682241e3

Registers:
EAX=0x691f0af8, EBX=0xb771f000, ECX=0x6a6d2b40, EDX=0x00000000
ESP=0x6a6d233c, EBP=0x00000003, ESI=0x6a6d2be8, EDI=0xb771f19c
EIP=0x682241e3, EFLAGS=0x00010203, CR2=0x00000000

Top of Stack: (sp=0x6a6d233c)
0x6a6d233c:   b770db66 691f0af8 00000000 00000000
0x6a6d234c:   b6f72afe 00000000 00000000 b771f180
0x6a6d235c:   00000004 00000000 00000000 b770dad9
0x6a6d236c:   b771f000 00000000 00000000 6a6d2468
0x6a6d237c:   b770dd86 6a6d23a4 00000000 00000000
0x6a6d238c:   00000000 00000000 00000000 00000000
0x6a6d239c:   00000000 00000000 b771f000 00000000
0x6a6d23ac:   003d0f00 6a6d2468 1208cfe4 29f5445e 

Instructions: (pc=0x682241e3)
0x682241c3:   e2 19 ae d9 92 41 bb 19 22 11 4a 41 9d 3b 32 95
0x682241d3:   39 e5 55 86 7b 57 09 0c d1 93 76 f5 40 29 1b 99
0x682241e3:   64 0f 7d ea cb d5 11 14 4a 00 9e 5f 49 fd 77 06
0x682241f3:   cc 2d a0 55 25 e1 26 35 0f 47 a0 e6 82 3f ee a7 

Register to memory mapping:

EAX=0x691f0af8 is an unknown value
EBX=0xb771f000: <offset 0x18000> in /lib/i386-linux-gnu/libpthread.so.0 at 0xb7707000
ECX=0x6a6d2b40 is an unknown value
EDX=0x00000000 is an unknown value
ESP=0x6a6d233c is an unknown value
EBP=0x00000003 is an unknown value
ESI=0x6a6d2be8 is an unknown value
EDI=0xb771f19c: <offset 0x1819c> in /lib/i386-linux-gnu/libpthread.so.0 at 0xb7707000


Stack: [0x6a4d2000,0x6a6d3000],  sp=0x6a6d233c,  free space=2048k
Native frames: (J=compiled Java code, j=interpreted, Vv=VM code, C=native code)
C  [libpango-1.0.so.0+0x11e3]  g_dir_close+0x11e3


---------------  P R O C E S S  ---------------

VM state:not at safepoint (normal execution)

VM Mutex/Monitor currently owned by a thread: None

Heap
 def new generation   total 9792K, used 3869K [0x6c710000, 0x6d1b0000, 0x7c710000)
  eden space 8704K,  38% used [0x6c710000, 0x6ca4cd80, 0x6cf90000)
  from space 1088K,  50% used [0x6d0a0000, 0x6d12aa78, 0x6d1b0000)
  to   space 1088K,   0% used [0x6cf90000, 0x6cf90000, 0x6d0a0000)
 tenured generation   total 21888K, used 12805K [0x7c710000, 0x7dc70000, 0x9c710000)
   the space 21888K,  58% used [0x7c710000, 0x7d391588, 0x7d391600, 0x7dc70000)
 compacting perm gen  total 32768K, used 17447K [0x9c710000, 0x9e710000, 0xb4710000)
   the space 32768K,  53% used [0x9c710000, 0x9d819c70, 0x9d819e00, 0x9e710000)
No shared spaces configured.

Card table byte_map: [0x6c4cf000,0x6c710000] byte_map_base: 0x6c16b780

Polling page: 0xb772c000

Code Cache  [0xb479f000, 0xb4a37000, 0xb679f000)
 total_blobs=1456 nmethods=1195 adapters=196 free_code_cache=30136Kb largest_free_block=30856896

Compilation events (10 events):
Event: 3.659 Thread 0xb686e400 1218             java.lang.ThreadLocal$ThreadLocalMap::getEntryAfterMiss (63 bytes)
Event: 3.660 Thread 0xb686e400 nmethod 1218 0xb4a2d7c8 code [0xb4a2d8e0, 0xb4a2da4c]
Event: 3.660 Thread 0xb686e400 1219             java.util.IdentityHashMap::access$100 (5 bytes)
Event: 3.660 Thread 0xb686e400 nmethod 1219 0xb4a2db88 code [0xb4a2dc80, 0xb4a2dcf0]
Event: 3.667 Thread 0xb686e400 1220   !         java.lang.SecurityManager::checkPackageAccess (156 bytes)
Event: 3.668 Thread 0xb686e400 nmethod 1220 0xb4a2dd48 code [0xb4a2df90, 0xb4a2e77c]
Event: 3.668 Thread 0xb686e400 1221             org.openide.util.lookup.InheritanceTree$NeedsSortEnum::hasMoreElements (5 bytes)
Event: 3.668 Thread 0xb686e400 nmethod 1221 0xb4a2ee48 code [0xb4a2ef40, 0xb4a2efcc]
Event: 3.669 Thread 0xb686e400 1222   !         javax.swing.RepaintManager::addDirtyRegion0 (205 bytes)
Event: 3.670 Thread 0xb686e400 nmethod 1222 0xb4a2f048 code [0xb4a2f220, 0xb4a2f930]

GC Heap History (10 events):
Event: 2.987 GC heap before
{Heap before GC invocations=8 (full 0):
 def new generation   total 9792K, used 9792K [0x6c710000, 0x6d1b0000, 0x7c710000)
  eden space 8704K, 100% used [0x6c710000, 0x6cf90000, 0x6cf90000)
  from space 1088K, 100% used [0x6cf90000, 0x6d0a0000, 0x6d0a0000)
  to   space 1088K,   0% used [0x6d0a0000, 0x6d0a0000, 0x6d1b0000)
 tenured generation   total 21888K, used 7986K [0x7c710000, 0x7dc70000, 0x9c710000)
   the space 21888K,  36% used [0x7c710000, 0x7cedcb30, 0x7cedcc00, 0x7dc70000)
 compacting perm gen  total 32768K, used 13938K [0x9c710000, 0x9e710000, 0xb4710000)
   the space 32768K,  42% used [0x9c710000, 0x9d4ac810, 0x9d4aca00, 0x9e710000)
No shared spaces configured.
Event: 3.006 GC heap after
Heap after GC invocations=9 (full 0):
 def new generation   total 9792K, used 783K [0x6c710000, 0x6d1b0000, 0x7c710000)
  eden space 8704K,   0% used [0x6c710000, 0x6c710000, 0x6cf90000)
  from space 1088K,  71% used [0x6d0a0000, 0x6d163d28, 0x6d1b0000)
  to   space 1088K,   0% used [0x6cf90000, 0x6cf90000, 0x6d0a0000)
 tenured generation   total 21888K, used 9032K [0x7c710000, 0x7dc70000, 0x9c710000)
   the space 21888K,  41% used [0x7c710000, 0x7cfe22e8, 0x7cfe2400, 0x7dc70000)
 compacting perm gen  total 32768K, used 13938K [0x9c710000, 0x9e710000, 0xb4710000)
   the space 32768K,  42% used [0x9c710000, 0x9d4ac810, 0x9d4aca00, 0x9e710000)
No shared spaces configured.
}
Event: 3.240 GC heap before
{Heap before GC invocations=9 (full 0):
 def new generation   total 9792K, used 9487K [0x6c710000, 0x6d1b0000, 0x7c710000)
  eden space 8704K, 100% used [0x6c710000, 0x6cf90000, 0x6cf90000)
  from space 1088K,  71% used [0x6d0a0000, 0x6d163d28, 0x6d1b0000)
  to   space 1088K,   0% used [0x6cf90000, 0x6cf90000, 0x6d0a0000)
 tenured generation   total 21888K, used 9032K [0x7c710000, 0x7dc70000, 0x9c710000)
   the space 21888K,  41% used [0x7c710000, 0x7cfe22e8, 0x7cfe2400, 0x7dc70000)
 compacting perm gen  total 32768K, used 15551K [0x9c710000, 0x9e710000, 0xb4710000)
   the space 32768K,  47% used [0x9c710000, 0x9d63fe30, 0x9d640000, 0x9e710000)
No shared spaces configured.
Event: 3.251 GC heap after
Heap after GC invocations=10 (full 0):
 def new generation   total 9792K, used 1088K [0x6c710000, 0x6d1b0000, 0x7c710000)
  eden space 8704K,   0% used [0x6c710000, 0x6c710000, 0x6cf90000)
  from space 1088K, 100% used [0x6cf90000, 0x6d0a0000, 0x6d0a0000)
  to   space 1088K,   0% used [0x6d0a0000, 0x6d0a0000, 0x6d1b0000)
 tenured generation   total 21888K, used 10074K [0x7c710000, 0x7dc70000, 0x9c710000)
   the space 21888K,  46% used [0x7c710000, 0x7d0e6b40, 0x7d0e6c00, 0x7dc70000)
 compacting perm gen  total 32768K, used 15551K [0x9c710000, 0x9e710000, 0xb4710000)
   the space 32768K,  47% used [0x9c710000, 0x9d63fe30, 0x9d640000, 0x9e710000)
No shared spaces configured.
}
Event: 3.434 GC heap before
{Heap before GC invocations=10 (full 0):
 def new generation   total 9792K, used 9792K [0x6c710000, 0x6d1b0000, 0x7c710000)
  eden space 8704K, 100% used [0x6c710000, 0x6cf90000, 0x6cf90000)
  from space 1088K, 100% used [0x6cf90000, 0x6d0a0000, 0x6d0a0000)
  to   space 1088K,   0% used [0x6d0a0000, 0x6d0a0000, 0x6d1b0000)
 tenured generation   total 21888K, used 10074K [0x7c710000, 0x7dc70000, 0x9c710000)
   the space 21888K,  46% used [0x7c710000, 0x7d0e6b40, 0x7d0e6c00, 0x7dc70000)
 compacting perm gen  total 32768K, used 16459K [0x9c710000, 0x9e710000, 0xb4710000)
   the space 32768K,  50% used [0x9c710000, 0x9d722e78, 0x9d723000, 0x9e710000)
No shared spaces configured.
Event: 3.446 GC heap after
Heap after GC invocations=11 (full 0):
 def new generation   total 9792K, used 1033K [0x6c710000, 0x6d1b0000, 0x7c710000)
  eden space 8704K,   0% used [0x6c710000, 0x6c710000, 0x6cf90000)
  from space 1088K,  94% used [0x6d0a0000, 0x6d1a2460, 0x6d1b0000)
  to   space 1088K,   0% used [0x6cf90000, 0x6cf90000, 0x6d0a0000)
 tenured generation   total 21888K, used 11154K [0x7c710000, 0x7dc70000, 0x9c710000)
   the space 21888K,  50% used [0x7c710000, 0x7d1f4860, 0x7d1f4a00, 0x7dc70000)
 compacting perm gen  total 32768K, used 16459K [0x9c710000, 0x9e710000, 0xb4710000)
   the space 32768K,  50% used [0x9c710000, 0x9d722e78, 0x9d723000, 0x9e710000)
No shared spaces configured.
}
Event: 3.537 GC heap before
{Heap before GC invocations=11 (full 0):
 def new generation   total 9792K, used 9737K [0x6c710000, 0x6d1b0000, 0x7c710000)
  eden space 8704K, 100% used [0x6c710000, 0x6cf90000, 0x6cf90000)
  from space 1088K,  94% used [0x6d0a0000, 0x6d1a2460, 0x6d1b0000)
  to   space 1088K,   0% used [0x6cf90000, 0x6cf90000, 0x6d0a0000)
 tenured generation   total 21888K, used 11154K [0x7c710000, 0x7dc70000, 0x9c710000)
   the space 21888K,  50% used [0x7c710000, 0x7d1f4860, 0x7d1f4a00, 0x7dc70000)
 compacting perm gen  total 32768K, used 16761K [0x9c710000, 0x9e710000, 0xb4710000)
   the space 32768K,  51% used [0x9c710000, 0x9d76e4d0, 0x9d76e600, 0x9e710000)
No shared spaces configured.
Event: 3.547 GC heap after
Heap after GC invocations=12 (full 0):
 def new generation   total 9792K, used 748K [0x6c710000, 0x6d1b0000, 0x7c710000)
  eden space 8704K,   0% used [0x6c710000, 0x6c710000, 0x6cf90000)
  from space 1088K,  68% used [0x6cf90000, 0x6d04b368, 0x6d0a0000)
  to   space 1088K,   0% used [0x6d0a0000, 0x6d0a0000, 0x6d1b0000)
 tenured generation   total 21888K, used 12111K [0x7c710000, 0x7dc70000, 0x9c710000)
   the space 21888K,  55% used [0x7c710000, 0x7d2e3ff0, 0x7d2e4000, 0x7dc70000)
 compacting perm gen  total 32768K, used 16761K [0x9c710000, 0x9e710000, 0xb4710000)
   the space 32768K,  51% used [0x9c710000, 0x9d76e4d0, 0x9d76e600, 0x9e710000)
No shared spaces configured.
}
Event: 3.626 GC heap before
{Heap before GC invocations=12 (full 0):
 def new generation   total 9792K, used 9452K [0x6c710000, 0x6d1b0000, 0x7c710000)
  eden space 8704K, 100% used [0x6c710000, 0x6cf90000, 0x6cf90000)
  from space 1088K,  68% used [0x6cf90000, 0x6d04b368, 0x6d0a0000)
  to   space 1088K,   0% used [0x6d0a0000, 0x6d0a0000, 0x6d1b0000)
 tenured generation   total 21888K, used 12111K [0x7c710000, 0x7dc70000, 0x9c710000)
   the space 21888K,  55% used [0x7c710000, 0x7d2e3ff0, 0x7d2e4000, 0x7dc70000)
 compacting perm gen  total 32768K, used 17000K [0x9c710000, 0x9e710000, 0xb4710000)
   the space 32768K,  51% used [0x9c710000, 0x9d7aa100, 0x9d7aa200, 0x9e710000)
No shared spaces configured.
Event: 3.634 GC heap after
Heap after GC invocations=13 (full 0):
 def new generation   total 9792K, used 554K [0x6c710000, 0x6d1b0000, 0x7c710000)
  eden space 8704K,   0% used [0x6c710000, 0x6c710000, 0x6cf90000)
  from space 1088K,  50% used [0x6d0a0000, 0x6d12aa78, 0x6d1b0000)
  to   space 1088K,   0% used [0x6cf90000, 0x6cf90000, 0x6d0a0000)
 tenured generation   total 21888K, used 12805K [0x7c710000, 0x7dc70000, 0x9c710000)
   the space 21888K,  58% used [0x7c710000, 0x7d391588, 0x7d391600, 0x7dc70000)
 compacting perm gen  total 32768K, used 17000K [0x9c710000, 0x9e710000, 0xb4710000)
   the space 32768K,  51% used [0x9c710000, 0x9d7aa100, 0x9d7aa200, 0x9e710000)
No shared spaces configured.
}

Deoptimization events (0 events):
No events

Internal exceptions (10 events):
Event: 3.623 Thread 0x6bb42000 Threw 0x6cf3e2e0 at /HUDSON/workspace/7u-2-build-linux-i586/jdk7u45/229/hotspot/src/share/vm/prims/jvm.cpp:1244
Event: 3.623 Thread 0x6bb42000 Threw 0x6cf3eeb8 at /HUDSON/workspace/7u-2-build-linux-i586/jdk7u45/229/hotspot/src/share/vm/prims/jvm.cpp:1244
Event: 3.644 Thread 0x6bbc0000 Threw 0x6c794c38 at /HUDSON/workspace/7u-2-build-linux-i586/jdk7u45/229/hotspot/src/share/vm/prims/jvm.cpp:1244
Event: 3.649 Thread 0x6ad33800 Threw 0x6c7b3d08 at /HUDSON/workspace/7u-2-build-linux-i586/jdk7u45/229/hotspot/src/share/vm/prims/jni.cpp:717
Event: 3.650 Thread 0x6ad33800 Threw 0x6c7b79c0 at /HUDSON/workspace/7u-2-build-linux-i586/jdk7u45/229/hotspot/src/share/vm/prims/jvm.cpp:1244
Event: 3.651 Thread 0x6ad33800 Threw 0x6c7ca7b8 at /HUDSON/workspace/7u-2-build-linux-i586/jdk7u45/229/hotspot/src/share/vm/prims/jvm.cpp:1244
Event: 3.660 Thread 0x6ad33800 Threw 0x6c8144b0 at /HUDSON/workspace/7u-2-build-linux-i586/jdk7u45/229/hotspot/src/share/vm/prims/jvm.cpp:1244
Event: 3.668 Thread 0x6ad33800 Threw 0x6c909c98 at /HUDSON/workspace/7u-2-build-linux-i586/jdk7u45/229/hotspot/src/share/vm/prims/jvm.cpp:1244
Event: 3.668 Thread 0x6ad33800 Threw 0x6c90abc0 at /HUDSON/workspace/7u-2-build-linux-i586/jdk7u45/229/hotspot/src/share/vm/prims/jvm.cpp:1244
Event: 3.671 Thread 0x6ad33800 Threw 0x6c959b08 at /HUDSON/workspace/7u-2-build-linux-i586/jdk7u45/229/hotspot/src/share/vm/prims/jvm.cpp:1244

Events (10 events):
Event: 3.670 loading class 0x69106c90 done
Event: 3.670 loading class 0xb6846c18
Event: 3.670 loading class 0xb6846c18 done
Event: 3.671 loading class 0x6ad20648
Event: 3.671 loading class 0x6ad20648 done
Event: 3.671 loading class 0x6bf524b0
Event: 3.671 loading class 0x6bf524b0 done
Event: 3.671 Thread 0x64bb4400 Thread added: 0x64bb4400
Event: 3.671 Thread 0x6ad33800 Thread exited: 0x6ad33800
Event: 3.671 Thread 0xb6808800 Thread exited: 0xb6808800


Dynamic libraries:
08048000-08049000 r-xp 00000000 08:01 3414729    /usr/lib/jvm/java-7-oracle/bin/java
08049000-0804a000 rw-p 00000000 08:01 3414729    /usr/lib/jvm/java-7-oracle/bin/java
0888d000-089bd000 rw-p 00000000 00:00 0          [heap]
63cff000-63d02000 ---p 00000000 00:00 0 
63d02000-63f00000 rw-p 00000000 00:00 0          [stack:30410]
63f00000-63f29000 rw-p 00000000 00:00 0 
63f29000-64000000 ---p 00000000 00:00 0 
640fb000-640fe000 ---p 00000000 00:00 0 
640fe000-642fc000 rw-p 00000000 00:00 0          [stack:30409]
642fc000-642ff000 ---p 00000000 00:00 0 
642ff000-644fd000 rw-p 00000000 00:00 0          [stack:30408]
644fd000-64500000 ---p 00000000 00:00 0 
64500000-646fe000 rw-p 00000000 00:00 0          [stack:30407]
646fe000-64701000 ---p 00000000 00:00 0 
64701000-648ff000 rw-p 00000000 00:00 0          [stack:30406]
648ff000-64902000 ---p 00000000 00:00 0 
64902000-64b00000 rw-p 00000000 00:00 0          [stack:30405]
64b00000-64bbc000 rw-p 00000000 00:00 0 
64bbc000-64c00000 ---p 00000000 00:00 0 
64c38000-64c3b000 ---p 00000000 00:00 0 
64c3b000-64e39000 rw-p 00000000 00:00 0          [stack:30404]
64e39000-64e3a000 ---p 00000000 00:00 0 
64e3a000-6563a000 rw-p 00000000 00:00 0          [stack:30403]
6563a000-65654000 r-xp 00000000 08:01 1703972    /usr/lib/i386-linux-gnu/libdbusmenu-glib.so.4.0.12
65654000-65655000 ---p 0001a000 08:01 1703972    /usr/lib/i386-linux-gnu/libdbusmenu-glib.so.4.0.12
65655000-65656000 r--p 0001a000 08:01 1703972    /usr/lib/i386-linux-gnu/libdbusmenu-glib.so.4.0.12
65656000-65657000 rw-p 0001b000 08:01 1703972    /usr/lib/i386-linux-gnu/libdbusmenu-glib.so.4.0.12
65657000-65668000 r-xp 00000000 08:01 1704635    /usr/lib/i386-linux-gnu/libdbusmenu-gtk.so.4.0.12
65668000-65669000 r--p 00010000 08:01 1704635    /usr/lib/i386-linux-gnu/libdbusmenu-gtk.so.4.0.12
65669000-6566a000 rw-p 00011000 08:01 1704635    /usr/lib/i386-linux-gnu/libdbusmenu-gtk.so.4.0.12
65681000-65691000 r-xp 00000000 08:01 1056324    /lib/i386-linux-gnu/libudev.so.1.2.2
65691000-65692000 r--p 0000f000 08:01 1056324    /lib/i386-linux-gnu/libudev.so.1.2.2
65692000-65693000 rw-p 00010000 08:01 1056324    /lib/i386-linux-gnu/libudev.so.1.2.2
65693000-656c5000 r-xp 00000000 08:01 1708515    /usr/lib/i386-linux-gnu/gvfs/libgvfscommon.so
656c5000-656c6000 ---p 00032000 08:01 1708515    /usr/lib/i386-linux-gnu/gvfs/libgvfscommon.so
656c6000-656c8000 r--p 00032000 08:01 1708515    /usr/lib/i386-linux-gnu/gvfs/libgvfscommon.so
656c8000-656c9000 rw-p 00034000 08:01 1708515    /usr/lib/i386-linux-gnu/gvfs/libgvfscommon.so
656c9000-656f9000 r-xp 00000000 08:01 1704717    /usr/lib/i386-linux-gnu/gio/modules/libgvfsdbus.so
656f9000-656fa000 r--p 0002f000 08:01 1704717    /usr/lib/i386-linux-gnu/gio/modules/libgvfsdbus.so
656fa000-656fb000 rw-p 00030000 08:01 1704717    /usr/lib/i386-linux-gnu/gio/modules/libgvfsdbus.so
656fb000-6573e000 r-xp 00000000 08:01 1708607    /usr/lib/i386-linux-gnu/libibus-1.0.so.0.402.0
6573e000-6573f000 r--p 00043000 08:01 1708607    /usr/lib/i386-linux-gnu/libibus-1.0.so.0.402.0
6573f000-65740000 rw-p 00044000 08:01 1708607    /usr/lib/i386-linux-gnu/libibus-1.0.so.0.402.0
65745000-65746000 r--s 00008000 08:01 2499312    /usr/share/netbeans/platform13/modules/org-openide-io.jar
65746000-65750000 r--s 00250000 08:01 3414474    /usr/lib/jvm/java-7-oracle/jre/lib/resources.jar
65750000-65755000 r-xp 00000000 08:01 1704638    /usr/lib/i386-linux-gnu/gtk-2.0/2.10.0/menuproxies/libappmenu.so
65755000-65756000 r--p 00004000 08:01 1704638    /usr/lib/i386-linux-gnu/gtk-2.0/2.10.0/menuproxies/libappmenu.so
65756000-65757000 rw-p 00005000 08:01 1704638    /usr/lib/i386-linux-gnu/gtk-2.0/2.10.0/menuproxies/libappmenu.so
65757000-6575d000 r-xp 00000000 08:01 1704480    /usr/lib/i386-linux-gnu/gtk-2.0/2.10.0/immodules/im-ibus.so
6575d000-6575e000 r--p 00005000 08:01 1704480    /usr/lib/i386-linux-gnu/gtk-2.0/2.10.0/immodules/im-ibus.so
6575e000-6575f000 rw-p 00006000 08:01 1704480    /usr/lib/i386-linux-gnu/gtk-2.0/2.10.0/immodules/im-ibus.so
6575f000-657b1000 r--p 00000000 08:01 2624493    /usr/share/fonts/truetype/ttf-dejavu/DejaVuSansMono.ttf
657b1000-65808000 r--p 00000000 08:01 2623724    /usr/share/fonts/truetype/ubuntu-font-family/Ubuntu-R.ttf
65808000-6580a000 r-xp 00000000 08:01 1712413    /usr/lib/i386-linux-gnu/pango/1.8.0/modules/pango-basic-fc.so
6580a000-6580b000 r--p 00002000 08:01 1712413    /usr/lib/i386-linux-gnu/pango/1.8.0/modules/pango-basic-fc.so
6580b000-6580c000 rw-p 00003000 08:01 1712413    /usr/lib/i386-linux-gnu/pango/1.8.0/modules/pango-basic-fc.so
6580c000-6580d000 r--s 00000000 08:01 2370925    /var/cache/fontconfig/c05880de57d1f5e948fdfacc138775d9-le32d4.cache-3
6580d000-65813000 r--s 00000000 08:01 2363768    /var/cache/fontconfig/945677eb7aeaf62f1d50efc3fb3ec7d8-le32d4.cache-3
65813000-65815000 r--s 00000000 08:01 2363067    /var/cache/fontconfig/99e8ed0e538f840c565b6ed5dad60d56-le32d4.cache-3
65815000-65818000 r--s 00000000 08:01 2370922    /var/cache/fontconfig/2cd17615ca594fa2959ae173292e504c-le32d4.cache-3
65818000-65819000 r--s 00000000 08:01 2370921    /var/cache/fontconfig/e7071f4a29fa870f4323321c154eba04-le32d4.cache-3
65819000-6581a000 r--s 00000000 08:01 2370920    /var/cache/fontconfig/617957603a337376ca8784972c6029f5-le32d4.cache-3
6581a000-6581b000 r--s 00000000 08:01 2370919    /var/cache/fontconfig/0d8c3b2ac0904cb8a57a757ad11a4a08-le32d4.cache-3
6581b000-6581f000 r--s 00000000 08:01 2370918    /var/cache/fontconfig/a755afe4a08bf5b97852ceb7400b47bc-le32d4.cache-3
6581f000-65826000 r--s 00000000 08:01 2362230    /var/cache/fontconfig/6d41288fd70b0be22e8c3a91e032eec0-le32d4.cache-3
65826000-65831000 r--s 00000000 08:01 2360047    /var/cache/fontconfig/04aabc0a78ac019cf9454389977116d2-le32d4.cache-3
65831000-65832000 r--s 00000000 08:01 2370915    /var/cache/fontconfig/1ac9eb803944fde146138c791f5cc56a-le32d4.cache-3
65832000-65833000 r--s 00000000 08:01 2370914    /var/cache/fontconfig/b95bc8ffbebda2bbdae4265e45b8178d-le32d4.cache-3
65833000-65836000 r--s 00000000 08:01 2364859    /var/cache/fontconfig/385c0604a188198f04d133e54aba7fe7-le32d4.cache-3
65836000-65837000 r--s 00000000 08:01 2370912    /var/cache/fontconfig/9c956a7723ca69a44b382d9179c9802f-le32d4.cache-3
65837000-65838000 r--s 00000000 08:01 2370911    /var/cache/fontconfig/dc05db6664285cc2f12bf69c139ae4c3-le32d4.cache-3
65838000-65839000 r--s 00000000 08:01 2370910    /var/cache/fontconfig/5d1cca7074f29429a8d18692746c2426-le32d4.cache-3
65839000-6583b000 r--s 00000000 08:01 2370909    /var/cache/fontconfig/767a8244fc0220cfb567a839d0392e0b-le32d4.cache-3
6583b000-6583c000 r--s 00000000 08:01 2360624    /var/cache/fontconfig/4794a0821666d79190d59a36cb4f44b5-le32d4.cache-3
6583c000-6583d000 r--s 00000000 08:01 2370907    /var/cache/fontconfig/9eae20f1ff8cc0a7d125749e875856bd-le32d4.cache-3
6583d000-6583f000 r--s 00000000 08:01 2370906    /var/cache/fontconfig/bf2c1853a9e9b00bb02fe2e9bcf1e201-le32d4.cache-3
6583f000-65842000 r--s 00000000 08:01 2364865    /var/cache/fontconfig/8801497958630a81b71ace7c5f9b32a8-le32d4.cache-3
65842000-65846000 r--s 00000000 08:01 2370904    /var/cache/fontconfig/3047814df9a2f067bd2d96a2b9c36e5a-le32d4.cache-3
65846000-65847000 r--s 00000000 08:01 2370903    /var/cache/fontconfig/56cf4f4769d0f4abc89a4895d7bd3ae1-le32d4.cache-3
65847000-65848000 r--s 00000000 08:01 2370902    /var/cache/fontconfig/b9d506c9ac06c20b433354fa67a72993-le32d4.cache-3
65848000-6584c000 r--s 00000000 08:01 2360364    /var/cache/fontconfig/b47c4e1ecd0709278f4910c18777a504-le32d4.cache-3
6584c000-6584e000 r--s 00000000 08:01 2360363    /var/cache/fontconfig/14d493b97896515cad3840ba4896e372-le32d4.cache-3
6584e000-6584f000 r--s 00000000 08:01 2370899    /var/cache/fontconfig/89034621ae2a8922916bb6bfa5799546-le32d4.cache-3
6584f000-65851000 r--s 00000000 08:01 2370898    /var/cache/fontconfig/e49e89034d371f0f9de17aab02136486-le32d4.cache-3
65851000-65852000 r--s 00000000 08:01 2370897    /var/cache/fontconfig/4b14b093aebc79c320de5e86ae1d3314-le32d4.cache-3
65852000-6585f000 r--s 00000000 08:01 2363743    /var/cache/fontconfig/d52a8644073d54c13679302ca1180695-le32d4.cache-3
6585f000-65865000 r--s 00000000 08:01 2360362    /var/cache/fontconfig/3f7329c5293ffd510edef78f73874cfd-le32d4.cache-3
65865000-6586c000 r--s 00000000 08:01 2363189    /var/cache/fontconfig/83bf95040141907cd45bb53cf7c1c148-le32d4.cache-3
6586c000-65875000 r--s 00000000 08:01 2363188    /var/cache/fontconfig/53d14c92082a93e67d5078324eb314ca-le32d4.cache-3
65875000-65878000 r--s 00000000 08:01 2364858    /var/cache/fontconfig/6c08beecf0dac481ec92e759e0c2e6d7-le32d4.cache-3
65878000-65885000 r--s 00000000 08:01 2363183    /var/cache/fontconfig/4ac51e5cfbc76fc3f983e470323a16d3-le32d4.cache-3
65885000-65898000 r--s 00000000 08:01 2362266    /var/cache/fontconfig/e13b20fdb08344e0e664864cc2ede53d-le32d4.cache-3
65898000-6589f000 r--s 00000000 08:01 2368413    /var/cache/fontconfig/8f02d4cb045bd6ce15663e43f347c9f8-le32d4.cache-3
6589f000-658b0000 r--s 00000000 08:01 2368409    /var/cache/fontconfig/467c019e582ee353435ea5c21d137ef6-le32d4.cache-3
658e3000-658f4000 r-xp 00000000 08:01 1706240    /usr/lib/jni/libjnidispatch.so
658f4000-658f5000 r--p 00010000 08:01 1706240    /usr/lib/jni/libjnidispatch.so
658f5000-658f6000 rw-p 00011000 08:01 1706240    /usr/lib/jni/libjnidispatch.so
658f6000-658f7000 ---p 00000000 00:00 0 
658f7000-660f7000 rw-p 00000000 00:00 0          [stack:30401]
660f7000-660f8000 ---p 00000000 00:00 0 
660f8000-668f8000 rw-p 00000000 00:00 0          [stack:30400]
668f8000-66933000 r--p 00000000 08:01 2622230    /usr/share/glib-2.0/schemas/gschemas.compiled
66933000-66939000 r-xp 00000000 08:01 1709197    /usr/lib/i386-linux-gnu/libogg.so.0.8.0
66939000-6693a000 r--p 00005000 08:01 1709197    /usr/lib/i386-linux-gnu/libogg.so.0.8.0
6693a000-6693b000 rw-p 00006000 08:01 1709197    /usr/lib/i386-linux-gnu/libogg.so.0.8.0
6693b000-66964000 r-xp 00000000 08:01 1709403    /usr/lib/i386-linux-gnu/libvorbis.so.0.4.5
66964000-66965000 ---p 00029000 08:01 1709403    /usr/lib/i386-linux-gnu/libvorbis.so.0.4.5
66965000-66966000 r--p 00029000 08:01 1709403    /usr/lib/i386-linux-gnu/libvorbis.so.0.4.5
66966000-66967000 rw-p 0002a000 08:01 1709403    /usr/lib/i386-linux-gnu/libvorbis.so.0.4.5
66967000-66970000 r-xp 00000000 08:01 1709007    /usr/lib/i386-linux-gnu/libltdl.so.7.3.0
66970000-66971000 r--p 00008000 08:01 1709007    /usr/lib/i386-linux-gnu/libltdl.so.7.3.0
66971000-66972000 rw-p 00009000 08:01 1709007    /usr/lib/i386-linux-gnu/libltdl.so.7.3.0
66972000-66983000 r-xp 00000000 08:01 1704634    /usr/lib/i386-linux-gnu/libtdb.so.1.2.10
66983000-66984000 r--p 00010000 08:01 1704634    /usr/lib/i386-linux-gnu/libtdb.so.1.2.10
66984000-66985000 rw-p 00011000 08:01 1704634    /usr/lib/i386-linux-gnu/libtdb.so.1.2.10
66985000-6698d000 r-xp 00000000 08:01 1709407    /usr/lib/i386-linux-gnu/libvorbisfile.so.3.3.4
6698d000-6698e000 r--p 00007000 08:01 1709407    /usr/lib/i386-linux-gnu/libvorbisfile.so.3.3.4
6698e000-6698f000 rw-p 00008000 08:01 1709407    /usr/lib/i386-linux-gnu/libvorbisfile.so.3.3.4
6698f000-6699e000 r-xp 00000000 08:01 1704768    /usr/lib/i386-linux-gnu/libcanberra.so.0.2.5
6699e000-6699f000 r--p 0000e000 08:01 1704768    /usr/lib/i386-linux-gnu/libcanberra.so.0.2.5
6699f000-669a0000 rw-p 0000f000 08:01 1704768    /usr/lib/i386-linux-gnu/libcanberra.so.0.2.5
669a0000-67b0f000 r-xp 00000000 08:01 1704556    /usr/lib/i386-linux-gnu/libicudata.so.48.1.1
67b0f000-67b10000 r--p 0116e000 08:01 1704556    /usr/lib/i386-linux-gnu/libicudata.so.48.1.1
67b10000-67b11000 rw-p 0116f000 08:01 1704556    /usr/lib/i386-linux-gnu/libicudata.so.48.1.1
67b11000-67c67000 r-xp 00000000 08:01 1703959    /usr/lib/i386-linux-gnu/libicuuc.so.48.1.1
67c67000-67c71000 r--p 00155000 08:01 1703959    /usr/lib/i386-linux-gnu/libicuuc.so.48.1.1
67c71000-67c72000 rw-p 0015f000 08:01 1703959    /usr/lib/i386-linux-gnu/libicuuc.so.48.1.1
67c72000-67c76000 rw-p 00000000 00:00 0 
67c76000-67d52000 r-xp 00000000 08:01 1704287    /usr/lib/i386-linux-gnu/libstdc++.so.6.0.17
67d52000-67d53000 ---p 000dc000 08:01 1704287    /usr/lib/i386-linux-gnu/libstdc++.so.6.0.17
67d53000-67d57000 r--p 000dc000 08:01 1704287    /usr/lib/i386-linux-gnu/libstdc++.so.6.0.17
67d57000-67d58000 rw-p 000e0000 08:01 1704287    /usr/lib/i386-linux-gnu/libstdc++.so.6.0.17
67d58000-67d5f000 rw-p 00000000 00:00 0 
67d5f000-67d62000 r--s 00000000 08:01 2364853    /var/cache/fontconfig/4d6aee6d44eccb37054d3216e945f618-le32d4.cache-3
67d62000-67d65000 r--s 00000000 08:01 2364852    /var/cache/fontconfig/d6c6df98c3df5faf9bd0f8ef4d91efe5-le32d4.cache-3
67d6f000-67d79000 r-xp 00000000 08:01 1708066    /usr/lib/i386-linux-gnu/gio/modules/libdconfsettings.so
67d79000-67d7a000 r--p 00009000 08:01 1708066    /usr/lib/i386-linux-gnu/gio/modules/libdconfsettings.so
67d7a000-67d7b000 rw-p 0000a000 08:01 1708066    /usr/lib/i386-linux-gnu/gio/modules/libdconfsettings.so
67d7b000-67db0000 r-xp 00000000 08:01 1710165    /usr/lib/i386-linux-gnu/gtk-2.0/2.10.0/engines/libmurrine.so
67db0000-67db1000 r--p 00034000 08:01 1710165    /usr/lib/i386-linux-gnu/gtk-2.0/2.10.0/engines/libmurrine.so
67db1000-67db2000 rw-p 00035000 08:01 1710165    /usr/lib/i386-linux-gnu/gtk-2.0/2.10.0/engines/libmurrine.so
67db2000-67de5000 r-xp 00000000 08:01 1704202    /usr/lib/i386-linux-gnu/libicule.so.48.1.1
67de5000-67de6000 ---p 00033000 08:01 1704202    /usr/lib/i386-linux-gnu/libicule.so.48.1.1
67de6000-67de7000 r--p 00033000 08:01 1704202    /usr/lib/i386-linux-gnu/libicule.so.48.1.1
67de7000-67de8000 rw-p 00034000 08:01 1704202    /usr/lib/i386-linux-gnu/libicule.so.48.1.1
67de8000-67e27000 r-xp 00000000 08:01 1048640    /lib/i386-linux-gnu/libpcre.so.3.13.1
67e27000-67e28000 r--p 0003f000 08:01 1048640    /lib/i386-linux-gnu/libpcre.so.3.13.1
67e28000-67e29000 rw-p 00040000 08:01 1048640    /lib/i386-linux-gnu/libpcre.so.3.13.1
67e29000-67e4e000 r-xp 00000000 08:01 1049255    /lib/i386-linux-gnu/libexpat.so.1.6.0
67e4e000-67e50000 r--p 00025000 08:01 1049255    /lib/i386-linux-gnu/libexpat.so.1.6.0
67e50000-67e51000 rw-p 00027000 08:01 1049255    /lib/i386-linux-gnu/libexpat.so.1.6.0
67e51000-67ee9000 r-xp 00000000 08:01 1704346    /usr/lib/i386-linux-gnu/libharfbuzz.so.0.913.0
67ee9000-67eea000 ---p 00098000 08:01 1704346    /usr/lib/i386-linux-gnu/libharfbuzz.so.0.913.0
67eea000-67eeb000 r--p 00098000 08:01 1704346    /usr/lib/i386-linux-gnu/libharfbuzz.so.0.913.0
67eeb000-67eec000 rw-p 00099000 08:01 1704346    /usr/lib/i386-linux-gnu/libharfbuzz.so.0.913.0
67eec000-67eff000 r-xp 00000000 08:01 1058788    /lib/i386-linux-gnu/libresolv-2.17.so
67eff000-67f00000 r--p 00013000 08:01 1058788    /lib/i386-linux-gnu/libresolv-2.17.so
67f00000-67f01000 rw-p 00014000 08:01 1058788    /lib/i386-linux-gnu/libresolv-2.17.so
67f01000-67f03000 rw-p 00000000 00:00 0 
67f03000-67f20000 r-xp 00000000 08:01 1049376    /lib/i386-linux-gnu/libselinux.so.1
67f20000-67f21000 r--p 0001c000 08:01 1049376    /lib/i386-linux-gnu/libselinux.so.1
67f21000-67f22000 rw-p 0001d000 08:01 1049376    /lib/i386-linux-gnu/libselinux.so.1
67f22000-67f39000 r-xp 00000000 08:01 1049289    /lib/i386-linux-gnu/libz.so.1.2.7
67f39000-67f3a000 r--p 00016000 08:01 1049289    /lib/i386-linux-gnu/libz.so.1.2.7
67f3a000-67f3b000 rw-p 00017000 08:01 1049289    /lib/i386-linux-gnu/libz.so.1.2.7
67f3b000-67f62000 r-xp 00000000 08:01 1049372    /lib/i386-linux-gnu/libpng12.so.0.49.0
67f62000-67f63000 r--p 00026000 08:01 1049372    /lib/i386-linux-gnu/libpng12.so.0.49.0
67f63000-67f64000 rw-p 00027000 08:01 1049372    /lib/i386-linux-gnu/libpng12.so.0.49.0
67f64000-67ff8000 r-xp 00000000 08:01 1705818    /usr/lib/i386-linux-gnu/libpixman-1.so.0.28.2
67ff8000-67ffd000 r--p 00093000 08:01 1705818    /usr/lib/i386-linux-gnu/libpixman-1.so.0.28.2
67ffd000-67ffe000 rw-p 00098000 08:01 1705818    /usr/lib/i386-linux-gnu/libpixman-1.so.0.28.2
67ffe000-68094000 r-xp 00000000 08:01 1705824    /usr/lib/i386-linux-gnu/libfreetype.so.6.10.0
68094000-68098000 r--p 00095000 08:01 1705824    /usr/lib/i386-linux-gnu/libfreetype.so.6.10.0
68098000-68099000 rw-p 00099000 08:01 1705824    /usr/lib/i386-linux-gnu/libfreetype.so.6.10.0
68099000-68198000 r-xp 00000000 08:01 1048642    /lib/i386-linux-gnu/libglib-2.0.so.0.3600.0
68198000-68199000 r--p 000fe000 08:01 1048642    /lib/i386-linux-gnu/libglib-2.0.so.0.3600.0
68199000-6819a000 rw-p 000ff000 08:01 1048642    /lib/i386-linux-gnu/libglib-2.0.so.0.3600.0
6819a000-681e8000 r-xp 00000000 08:01 1711619    /usr/lib/i386-linux-gnu/libgobject-2.0.so.0.3600.0
681e8000-681e9000 r--p 0004d000 08:01 1711619    /usr/lib/i386-linux-gnu/libgobject-2.0.so.0.3600.0
681e9000-681ea000 rw-p 0004e000 08:01 1711619    /usr/lib/i386-linux-gnu/libgobject-2.0.so.0.3600.0
681ea000-68221000 r-xp 00000000 08:01 1705820    /usr/lib/i386-linux-gnu/libfontconfig.so.1.6.2
68221000-68222000 r--p 00036000 08:01 1705820    /usr/lib/i386-linux-gnu/libfontconfig.so.1.6.2
68222000-68223000 rw-p 00037000 08:01 1705820    /usr/lib/i386-linux-gnu/libfontconfig.so.1.6.2
68223000-6826c000 r-xp 00000000 08:01 1712418    /usr/lib/i386-linux-gnu/libpango-1.0.so.0.3200.5
6826c000-6826d000 r--p 00049000 08:01 1712418    /usr/lib/i386-linux-gnu/libpango-1.0.so.0.3200.5
6826d000-6826e000 rw-p 0004a000 08:01 1712418    /usr/lib/i386-linux-gnu/libpango-1.0.so.0.3200.5
6826e000-683ce000 r-xp 00000000 08:01 1704886    /usr/lib/i386-linux-gnu/libgio-2.0.so.0.3600.0
683ce000-683d0000 r--p 00160000 08:01 1704886    /usr/lib/i386-linux-gnu/libgio-2.0.so.0.3600.0
683d0000-683d1000 rw-p 00162000 08:01 1704886    /usr/lib/i386-linux-gnu/libgio-2.0.so.0.3600.0
683d1000-683d2000 rw-p 00000000 00:00 0 
683d2000-684e5000 r-xp 00000000 08:01 1705868    /usr/lib/i386-linux-gnu/libcairo.so.2.11200.14
684e5000-684e7000 r--p 00113000 08:01 1705868    /usr/lib/i386-linux-gnu/libcairo.so.2.11200.14
684e7000-684e8000 rw-p 00115000 08:01 1705868    /usr/lib/i386-linux-gnu/libcairo.so.2.11200.14
684e8000-684e9000 rw-p 00000000 00:00 0 
684e9000-68594000 r-xp 00000000 08:01 1704949    /usr/lib/i386-linux-gnu/libgdk-x11-2.0.so.0.2400.17
68594000-68596000 r--p 000ab000 08:01 1704949    /usr/lib/i386-linux-gnu/libgdk-x11-2.0.so.0.2400.17
68596000-68597000 rw-p 000ad000 08:01 1704949    /usr/lib/i386-linux-gnu/libgdk-x11-2.0.so.0.2400.17
68597000-689f8000 r-xp 00000000 08:01 1710186    /usr/lib/i386-linux-gnu/libgtk-x11-2.0.so.0.2400.17
689f8000-689fc000 r--p 00461000 08:01 1710186    /usr/lib/i386-linux-gnu/libgtk-x11-2.0.so.0.2400.17
689fc000-689fe000 rw-p 00465000 08:01 1710186    /usr/lib/i386-linux-gnu/libgtk-x11-2.0.so.0.2400.17
689fe000-68a00000 rw-p 00000000 00:00 0 
68a00000-68afc000 rw-p 00000000 00:00 0 
68afc000-68b00000 ---p 00000000 00:00 0 
68b00000-68b02000 r--s 00000000 08:01 2363764    /var/cache/fontconfig/65f976e5259cbe6dc7697b8648396239-le32d4.cache-3
68b02000-68b05000 r--s 00000000 08:01 2360313    /var/cache/fontconfig/9fb319ef52839f11ee26ab8b4cffa12b-le32d4.cache-3
68b05000-68b09000 r-xp 00000000 08:01 1704060    /usr/lib/i386-linux-gnu/libcanberra-gtk.so.0.1.9
68b09000-68b0a000 r--p 00003000 08:01 1704060    /usr/lib/i386-linux-gnu/libcanberra-gtk.so.0.1.9
68b0a000-68b0b000 rw-p 00004000 08:01 1704060    /usr/lib/i386-linux-gnu/libcanberra-gtk.so.0.1.9
68b0b000-68b10000 r-xp 00000000 08:01 1708045    /usr/lib/i386-linux-gnu/gtk-2.0/modules/libcanberra-gtk-module.so
68b10000-68b11000 r--p 00004000 08:01 1708045    /usr/lib/i386-linux-gnu/gtk-2.0/modules/libcanberra-gtk-module.so
68b11000-68b12000 rw-p 00005000 08:01 1708045    /usr/lib/i386-linux-gnu/gtk-2.0/modules/libcanberra-gtk-module.so
68b12000-68b1a000 r-xp 00000000 08:01 1705860    /usr/lib/i386-linux-gnu/libxcb-render.so.0.0.0
68b1a000-68b1b000 r--p 00008000 08:01 1705860    /usr/lib/i386-linux-gnu/libxcb-render.so.0.0.0
68b1b000-68b1c000 rw-p 00009000 08:01 1705860    /usr/lib/i386-linux-gnu/libxcb-render.so.0.0.0
68b1c000-68b25000 r-xp 00000000 08:01 1706171    /usr/lib/i386-linux-gnu/libXrandr.so.2.2.0
68b25000-68b26000 r--p 00008000 08:01 1706171    /usr/lib/i386-linux-gnu/libXrandr.so.2.2.0
68b26000-68b27000 rw-p 00009000 08:01 1706171    /usr/lib/i386-linux-gnu/libXrandr.so.2.2.0
68b27000-68b39000 r-xp 00000000 08:01 1705570    /usr/lib/i386-linux-gnu/libpangoft2-1.0.so.0.3200.5
68b39000-68b3a000 r--p 00011000 08:01 1705570    /usr/lib/i386-linux-gnu/libpangoft2-1.0.so.0.3200.5
68b3a000-68b3b000 rw-p 00012000 08:01 1705570    /usr/lib/i386-linux-gnu/libpangoft2-1.0.so.0.3200.5
68b3b000-68b48000 r--s 000b0000 08:01 2499315    /usr/share/netbeans/platform13/modules/org-netbeans-swing-tabcontrol.jar
68b48000-68b55000 r--s 00142000 08:01 2499265    /usr/share/netbeans/platform13/modules/org-openide-explorer.jar
68b55000-68b59000 r--s 00042000 08:01 2500096    /usr/share/netbeans/ide14/modules/org-netbeans-spi-viewmodel.jar
68b59000-68b5b000 r--s 00017000 08:01 2500010    /usr/share/netbeans/ide14/modules/org-netbeans-modules-editor-util.jar
68b5b000-68b5f000 r--s 00061000 08:01 2499957    /usr/share/netbeans/ide14/modules/org-netbeans-modules-lexer.jar
68b5f000-68b60000 r--s 00002000 08:01 2499996    /usr/share/netbeans/ide14/modules/org-netbeans-modules-editor-errorstripe-api.jar
68b60000-68b61000 r--s 00001000 08:01 2499286    /usr/share/netbeans/platform13/modules/org-netbeans-modules-keyring.jar
68b61000-68b62000 r--s 00000000 08:01 2771804    /usr/share/netbeans/7.0.1/nb/modules/locale/org-netbeans-modules-options-api_nb.jar
68b62000-68b63000 r--s 00000000 08:01 2771808    /usr/share/netbeans/7.0.1/nb/modules/locale/org-netbeans-core-ui_nb.jar
68b63000-68b66000 r--s 00017000 08:01 2500060    /usr/share/netbeans/ide14/modules/org-netbeans-api-java-classpath.jar
68b66000-68b69000 r--s 0001e000 08:01 2106465    /usr/share/java/jna-3.2.7.jar
68b69000-68b6b000 r--s 00000000 08:01 2499260    /usr/share/netbeans/platform13/modules/org-netbeans-libs-jna.jar
68b6b000-68b7e000 r--s 000f8000 08:01 2106481    /usr/share/java/lucene-core-2.9.4.jar
68b7e000-68b7f000 r--s 00000000 08:01 2500006    /usr/share/netbeans/ide14/modules/org-netbeans-libs-lucene.jar
68b7f000-68b81000 r--s 0000f000 08:01 2500026    /usr/share/netbeans/ide14/modules/org-netbeans-modules-editor-guards.jar
68b81000-68b83000 r--s 0001c000 08:01 2500018    /usr/share/netbeans/ide14/modules/org-netbeans-modules-editor-structure.jar
68b83000-68b86000 r--s 0002a000 08:01 2500093    /usr/share/netbeans/ide14/modules/org-netbeans-modules-xml-xam.jar
68b86000-68b8e000 r--s 0007b000 08:01 2500085    /usr/share/netbeans/ide14/modules/org-netbeans-modules-xml-schema-model.jar
68b8e000-68b93000 r--s 00061000 08:01 2500095    /usr/share/netbeans/ide14/modules/org-netbeans-modules-xml-axi.jar
68b95000-68b96000 r--s 00000000 08:01 2370896    /var/cache/fontconfig/8aec10f4cc8391dcef22ca549f1e4354-le32d4.cache-3
68b96000-68b99000 r--s 00031000 08:01 2500086    /usr/share/netbeans/ide14/modules/org-netbeans-modules-xml-retriever.jar
68b99000-68b9b000 r--s 00014000 08:01 2098235    /usr/share/java/servlet-api-2.5.jar
68b9b000-68b9c000 r--s 00000000 08:01 2499958    /usr/share/netbeans/ide14/modules/org-netbeans-modules-servletapi.jar
68b9c000-68ba0000 r--s 00046000 08:01 2500035    /usr/share/netbeans/ide14/modules/org-netbeans-modules-xml-xdm.jar
68ba0000-68bb9000 r--s 00132000 08:01 2106072    /usr/share/java/xercesImpl-2.11.0.jar
68bb9000-68bc2000 r--s 00031000 08:01 2106066    /usr/share/java/xml-apis-1.4.01.jar
68bc2000-68bc3000 r--s 00000000 08:01 2499977    /usr/share/netbeans/ide14/modules/org-netbeans-libs-xerces.jar
68bc3000-68bc5000 r--s 0001b000 08:01 2500097    /usr/share/netbeans/ide14/modules/org-netbeans-modules-editor-fold.jar
68bc5000-68bc7000 r--s 0001c000 08:01 2630524    /usr/share/netbeans/java5/modules/org-netbeans-modules-classfile.jar
68bc7000-68bcd000 r--s 0001b000 08:01 2106593    /usr/share/java/javac-api-7.0.1.jar
68bcd000-68be3000 r--s 00183000 08:01 2106594    /usr/share/java/javac-impl-7.0.1.jar
68be3000-68be4000 r--s 00001000 08:01 2630543    /usr/share/netbeans/java5/modules/org-netbeans-libs-javacimpl.jar
68be4000-68be5000 r--s 00004000 08:01 2630514    /usr/share/netbeans/java5/modules/org-netbeans-modules-java-preprocessorbridge.jar
68be5000-68be7000 r--s 0000e000 08:01 2500029    /usr/share/netbeans/ide14/modules/org-netbeans-modules-editor-indent-project.jar
68be7000-68bec000 r--s 00044000 08:01 2500079    /usr/share/netbeans/ide14/modules/org-netbeans-modules-xml-multiview.jar
68bec000-68bee000 r--s 0000e000 08:01 2500012    /usr/share/netbeans/ide14/modules/org-netbeans-modules-web-common.jar
68bee000-68bf0000 r--s 00003000 08:01 2500083    /usr/share/netbeans/ide14/modules/org-netbeans-modules-spellchecker-apimodule.jar
68bf0000-68bf8000 r--s 00083000 08:01 2500063    /usr/share/netbeans/ide14/modules/org-netbeans-lib-cvsclient.jar
68bf8000-68bf9000 r--s 0000f000 08:01 2106479    /usr/share/java/jzlib-1.1.0.jar
68bf9000-68bfa000 r--s 00000000 08:01 2500020    /usr/share/netbeans/ide14/modules/org-netbeans-libs-jzlib.jar
68bfa000-68bfd000 r--s 00034000 08:01 2106473    /usr/share/java/jsch-0.1.48.jar
68bfd000-68bfe000 r--s 00001000 08:01 2499986    /usr/share/netbeans/ide14/modules/org-netbeans-modules-versioning-indexingbridge.jar
68bfe000-68c00000 r--s 0000d000 08:01 2499245    /usr/share/netbeans/platform13/modules/org-netbeans-modules-sendopts.jar
68c00000-68c0a000 r--s 00042000 08:01 2500042    /usr/share/netbeans/ide14/modules/docs/org-netbeans-modules-usersguide.jar
68c0a000-68c0c000 r--s 00010000 08:01 2500091    /usr/share/netbeans/ide14/modules/org-netbeans-modules-editor-settings.jar
68c0c000-68c12000 r--s 00050000 08:01 2499981    /usr/share/netbeans/ide14/modules/org-netbeans-lib-terminalemulator.jar
68c12000-68c13000 r--s 00000000 08:01 2499968    /usr/share/netbeans/ide14/modules/org-netbeans-modules-tasklist-kit.jar
68c13000-68c14000 r--s 0000b000 08:01 2500002    /usr/share/netbeans/ide14/modules/org-netbeans-modules-target-iterator.jar
68c14000-68c17000 r--s 00026000 08:01 2630500    /usr/share/netbeans/java5/modules/org-netbeans-modules-java-sourceui.jar
68c17000-68c1f000 r--s 0009f000 08:01 2630526    /usr/share/netbeans/java5/modules/org-netbeans-modules-java-api-common.jar
68c1f000-68c22000 r--s 00022000 08:01 2106581    /usr/share/java/antlr3-runtime.jar
68c22000-68c24000 r--s 00000000 08:01 2500082    /usr/share/netbeans/ide14/modules/org-netbeans-libs-antlr3-runtime.jar
68c24000-68c25000 r--s 00002000 08:01 2630542    /usr/share/netbeans/java5/modules/org-netbeans-modules-j2ee-metadata.jar
68c25000-68c28000 r--s 00017000 08:01 2630481    /usr/share/netbeans/java5/modules/org-netbeans-modules-j2ee-metadata-model-support.jar
68c28000-68c2f000 r--s 0004c000 08:01 2630491    /usr/share/netbeans/java5/modules/org-netbeans-modules-j2ee-persistenceapi.jar
68c2f000-68c32000 r--s 00026000 08:01 2630497    /usr/share/netbeans/java5/modules/org-netbeans-api-debugger-jpda.jar
68c32000-68c33000 r--s 00001000 08:01 2630532    /usr/share/netbeans/java5/modules/org-netbeans-modules-debugger-jpda-ant.jar
68c33000-68c35000 r--s 00000000 08:01 2630540    /usr/share/netbeans/java5/modules/org-netbeans-modules-ant-browsetask.jar
68c35000-68c3c000 r--s 00094000 08:01 2106362    /usr/share/java/beansbinding-1.2.1.jar
68c3c000-68c3d000 r--s 00000000 08:01 2630531    /usr/share/netbeans/java5/modules/org-jdesktop-beansbinding.jar
68c3d000-68c41000 r--s 00020000 08:01 2106746    /usr/share/java/bsaf-1.9.jar
68c41000-68c42000 r--s 00001000 08:01 2500059    /usr/share/netbeans/ide14/modules/org-netbeans-libs-svnClientAdapter.jar
68c42000-68c46000 r--s 00000000 08:01 2363190    /var/cache/fontconfig/7ef2298fde41cc6eeb7af42e48b7d293-le32d4.cache-3
68c46000-68c47000 r--s 00000000 08:01 2500098    /usr/share/netbeans/ide14/modules/org-netbeans-libs-ini4j.jar
68c47000-68c48000 r--s 00001000 08:01 2500047    /usr/share/netbeans/ide14/modules/org-netbeans-modules-editor-plain-lib.jar
68c48000-68c49000 r--s 00000000 08:01 2363773    /var/cache/fontconfig/ac2cf712d852da827a87a9baf682f5b9-le32d4.cache-3
68c49000-68c4a000 r--s 0000e000 08:01 2630533    /usr/share/netbeans/java5/modules/org-netbeans-modules-java-editor-lib.jar
68c4a000-68c51000 r--s 00105000 08:01 2499991    /usr/share/netbeans/ide14/modules/org-netbeans-modules-schema2beans.jar
68c51000-68c53000 r--s 0001a000 08:01 2499297    /usr/share/netbeans/platform13/modules/org-netbeans-modules-progress-ui.jar
68c53000-68c55000 r--s 00001000 08:01 2499997    /usr/share/netbeans/ide14/modules/org-netbeans-modules-print-editor.jar
68c55000-68c57000 r--s 0000d000 08:01 2500041    /usr/share/netbeans/ide14/modules/docs/org-netbeans-modules-mercurial.jar
68c57000-68c58000 r--s 00002000 08:01 2500101    /usr/share/netbeans/ide14/modules/org-netbeans-modules-lexer-nbbridge.jar
68c58000-68c59000 r--s 00002000 08:01 2106373    /usr/share/java/bytelist-1.0.6.jar
68c59000-68c5a000 r--s 00000000 08:01 2500045    /usr/share/netbeans/ide14/modules/org-netbeans-libs-bytelist.jar
68c5a000-68c5f000 r--s 0006c000 08:01 2499291    /usr/share/netbeans/platform13/modules/org-openide-awt.jar
68c5f000-68c60000 r--s 00000000 08:01 2500050    /usr/share/netbeans/ide14/modules/org-netbeans-libs-jvyamlb.jar
68c60000-68c62000 r--s 0000c000 08:01 2499274    /usr/share/netbeans/platform13/modules/org-netbeans-modules-keyring-impl.jar
68c62000-68c69000 r--s 00033000 08:01 2106302    /usr/share/java/junit4-4.10.jar
68c69000-68c6c000 r--s 0000e000 08:01 2106336    /usr/share/java/hamcrest-core-1.2.jar
68c6c000-68c6d000 r--s 00000000 08:01 2499275    /usr/share/netbeans/platform13/modules/org-netbeans-libs-junit4.jar
68c6d000-68c71000 r--s 00025000 08:01 2499985    /usr/share/netbeans/ide14/modules/org-netbeans-modules-extexecution.jar
68c71000-68c73000 r--s 00004000 08:01 2630513    /usr/share/netbeans/java5/modules/org-netbeans-modules-java-hints-processor.jar
68c73000-68c75000 r--s 0000e000 08:01 2630484    /usr/share/netbeans/java5/modules/org-netbeans-modules-java-source-ant.jar
68c75000-68c89000 r--s 000a3000 08:01 2630518    /usr/share/netbeans/java5/modules/docs/org-netbeans-modules-java-helpset.jar
68c89000-68c8a000 r--s 00003000 08:01 2500089    /usr/share/netbeans/ide14/modules/org-netbeans-modules-editor-actions.jar
68c8a000-68c8b000 r--s 00001000 08:01 2500009    /usr/share/netbeans/ide14/modules/org-netbeans-core-browser.jar
68c8b000-68c8e000 r--s 0003d000 08:01 2499295    /usr/share/netbeans/platform13/modules/org-netbeans-core-output2.jar
68c8e000-68c90000 r--s 00016000 08:01 2106436    /usr/share/java/flute-1.1-SNAPSHOT.jar
68c90000-68c92000 r--s 00002000 08:01 2106759    /usr/share/java/sac-1.3.jar
68c92000-68c96000 r--s 00039000 08:01 2499963    /usr/share/netbeans/ide14/modules/org-netbeans-modules-html-editor-lib.jar
68c96000-68c97000 r--s 00000000 08:01 2500087    /usr/share/netbeans/ide14/modules/org-netbeans-modules-editor-kit.jar
68c97000-68c9a000 r--s 00017000 08:01 2106445    /usr/share/java/osgi.core.jar
68c9a000-68ca1000 r--s 00031000 08:01 2106157    /usr/share/java/osgi.compendium.jar
68ca1000-68ca2000 r--s 00000000 08:01 2499277    /usr/share/netbeans/platform13/modules/org-netbeans-libs-osgi.jar
68ca2000-68ca7000 r-xp 00000000 08:01 1706167    /usr/lib/i386-linux-gnu/libffi.so.6.0.1
68ca7000-68ca8000 r--p 00005000 08:01 1706167    /usr/lib/i386-linux-gnu/libffi.so.6.0.1
68ca8000-68ca9000 rw-p 00006000 08:01 1706167    /usr/lib/i386-linux-gnu/libffi.so.6.0.1
68ca9000-68caa000 r--s 00000000 08:01 2499264    /usr/share/netbeans/platform13/modules/org-netbeans-libs-felix.jar
68caa000-68cab000 r--s 00000000 08:01 2771805    /usr/share/netbeans/7.0.1/nb/modules/locale/org-netbeans-core-windows_nb.jar
68cab000-68cac000 r--s 00000000 08:01 2499303    /usr/share/netbeans/platform13/modules/org-netbeans-modules-core-kit.jar
68cac000-68cae000 r--s 00000000 08:01 2500023    /usr/share/netbeans/ide14/modules/org-netbeans-modules-ide-kit.jar
68cae000-68caf000 r--s 00000000 08:01 2771807    /usr/share/netbeans/7.0.1/nb/modules/locale/org-netbeans-spi-quicksearch_nb.jar
68caf000-68cb3000 r--s 0002a000 08:01 2500104    /usr/share/netbeans/ide14/modules/org-netbeans-modules-db-metadata-model.jar
68cb3000-68cb4000 r--s 00006000 08:01 2499990    /usr/share/netbeans/ide14/modules/org-netbeans-modules-dbapi.jar
68cb4000-68cb6000 r--s 0000f000 08:01 2630523    /usr/share/netbeans/java5/modules/org-netbeans-modules-j2ee-core-utilities.jar
68cb6000-68cb7000 r--s 00001000 08:01 2771802    /usr/share/netbeans/7.0.1/nb/modules/org-netbeans-modules-ide-branding.jar
68cb7000-68cb8000 r--s 00000000 08:01 2771799    /usr/share/netbeans/7.0.1/nb/modules/org-netbeans-modules-ide-branding-kit.jar
68cb8000-68cb9000 r--s 00006000 08:01 2500053    /usr/share/netbeans/ide14/modules/org-netbeans-modules-hudson-subversion.jar
68cb9000-68cba000 r--s 00005000 08:01 2499973    /usr/share/netbeans/ide14/modules/org-netbeans-modules-hudson-mercurial.jar
68cba000-68cbc000 r--s 00008000 08:01 2630525    /usr/share/netbeans/java5/modules/org-netbeans-modules-hudson-ant.jar
68cbc000-68cbd000 r--s 00000000 08:01 2630495    /usr/share/netbeans/java5/modules/org-netbeans-modules-form-kit.jar
68cbd000-68cbe000 r--s 00002000 08:01 2499309    /usr/share/netbeans/platform13/modules/org-netbeans-api-annotations-common.jar
68cbe000-68cca000 r--s 000f1000 08:01 2499293    /usr/share/netbeans/platform13/modules/org-netbeans-api-visual.jar
68cca000-68ccf000 r--s 0006c000 08:01 2499987    /usr/share/netbeans/ide14/modules/org-netbeans-modules-db-sql-visualeditor.jar
68ccf000-68ce5000 r--s 00108000 08:01 2106583    /usr/share/java/swingx1-1.0.jar
68ce5000-68ce6000 r--s 00000000 08:01 2363751    /var/cache/fontconfig/94f7fe9bd33aadfac165873bd010d595-le32d4.cache-3
68ce6000-68ceb000 r--s 00060000 08:01 2500099    /usr/share/netbeans/ide14/modules/org-netbeans-modules-db-dataview.jar
68ceb000-68cec000 r--s 00000000 08:01 2500015    /usr/share/netbeans/ide14/modules/org-netbeans-modules-db-kit.jar
68cec000-68cee000 r--s 00000000 08:01 2771639    /usr/share/netbeans/apisupport3/modules/org-netbeans-modules-apisupport-ant.jar
68cee000-68cfe000 r--s 000c2000 08:01 2106438    /usr/share/java/freemarker-2.3.18.jar
68cfe000-68d00000 r--s 00000000 08:01 2499537    /usr/share/netbeans/harness/modules/org-netbeans-modules-apisupport-harness.jar
68d00000-68d06000 r--s 0006e000 08:01 2771642    /usr/share/netbeans/apisupport3/modules/org-netbeans-modules-apisupport-kit.jar
68d06000-68d32000 r--s 00303000 08:01 2098243    /usr/share/java/svnkit-1.7.5.jar
68d32000-68d36000 r--s 00034000 08:01 2106574    /usr/share/java/trilead-ssh2-6401.jar
68d36000-68d37000 r--s 00000000 08:01 2363749    /var/cache/fontconfig/423767150eb258c59035de29db6fca84-le32d4.cache-3
68d37000-68d3b000 r--s 00024000 08:01 2098246    /usr/share/java/svnClientAdapter-1.8.16.jar
68d3b000-68d43000 r--s 00041000 08:01 2099435    /usr/share/java/svn-javahl.jar
68d43000-68d44000 r--s 00002000 08:01 2500075    /usr/share/netbeans/ide14/modules/org-netbeans-libs-svnClientAdapter-javahl.jar
68d44000-68d46000 r--s 00007000 08:01 2499314    /usr/share/netbeans/platform13/modules/org-netbeans-core-netigso.jar
68d46000-68d4f000 r--s 00046000 08:01 2106466    /usr/share/java/jna-platform-3.2.7.jar
68d4f000-68d50000 r--s 00001000 08:01 2499272    /usr/share/netbeans/platform13/modules/org-netbeans-core-nativeaccess.jar
68d50000-68d51000 r--s 0001c000 08:01 2106538    /usr/share/java/swing-layout-1.0.4.jar
68d51000-68d53000 r--s 00000000 08:01 2499269    /usr/share/netbeans/platform13/modules/org-jdesktop-layout.jar
68d53000-68d54000 r--s 00000000 08:01 2771806    /usr/share/netbeans/7.0.1/nb/modules/locale/org-netbeans-core_nb.jar
68d54000-68d57000 r--s 00030000 08:01 2499300    /usr/share/netbeans/platform13/modules/ext/updater.jar
68d57000-68d58000 r--s 00007000 08:01 2499288    /usr/share/netbeans/platform13/modules/org-netbeans-core-io-ui.jar
68d58000-68d5a000 r--s 00008000 08:01 2630489    /usr/share/netbeans/java5/modules/org-netbeans-modules-ant-grammar.jar
68d5a000-68d5c000 r--s 00026000 08:01 2771641    /usr/share/netbeans/apisupport3/modules/org-netbeans-modules-apisupport-crudsample.jar
68d5c000-68d5d000 r--s 00000000 08:01 2363195    /var/cache/fontconfig/845c20fd2c4814bcec78e05d37a63ccc-le32d4.cache-3
68d5d000-68d5e000 r--s 00011000 08:01 2771638    /usr/share/netbeans/apisupport3/modules/org-netbeans-modules-apisupport-paintapp.jar
68d5e000-68d61000 r--s 0002a000 08:01 2771640    /usr/share/netbeans/apisupport3/modules/org-netbeans-modules-apisupport-refactoring.jar
68d61000-68d7e000 r--s 002c1000 08:01 2771636    /usr/share/netbeans/apisupport3/modules/org-netbeans-modules-apisupport-project.jar
68d7e000-68d80000 r--s 00004000 08:01 2500036    /usr/share/netbeans/ide14/modules/org-netbeans-modules-db-drivers.jar
68d80000-68d84000 r--s 00055000 08:01 2500038    /usr/share/netbeans/ide14/modules/org-netbeans-modules-db-mysql.jar
68d84000-68d89000 r--s 00047000 08:01 2500014    /usr/share/netbeans/ide14/modules/org-netbeans-modules-db-sql-editor.jar
68d89000-68d8d000 r--s 00035000 08:01 2500056    /usr/share/netbeans/ide14/modules/org-netbeans-modules-db-core.jar
68d8d000-68d9d000 r--s 00159000 08:01 2630528    /usr/share/netbeans/java5/modules/org-netbeans-modules-debugger-jpda-ui.jar
68d9d000-68d9f000 r-xp 00000000 08:01 1705862    /usr/lib/i386-linux-gnu/libxcb-shm.so.0.0.0
68d9f000-68da0000 r--p 00001000 08:01 1705862    /usr/lib/i386-linux-gnu/libxcb-shm.so.0.0.0
68da0000-68da1000 rw-p 00002000 08:01 1705862    /usr/lib/i386-linux-gnu/libxcb-shm.so.0.0.0
68da6000-68da7000 rw-p 00000000 00:00 0 
68da7000-68dac000 r--s 00074000 08:01 2630485    /usr/share/netbeans/java5/modules/org-netbeans-modules-debugger-jpda-projects.jar
68dac000-68dae000 r--s 00022000 08:01 2499983    /usr/share/netbeans/ide14/modules/org-netbeans-modules-derby.jar
68dae000-68db2000 r--s 00046000 08:01 2630546    /usr/share/netbeans/java5/modules/org-netbeans-modules-form-j2ee.jar
68db2000-68dbc000 r--s 00149000 08:01 2499980    /usr/share/netbeans/ide14/modules/org-netbeans-modules-html-editor.jar
68dbc000-68dc3000 r--s 00063000 08:01 2500055    /usr/share/netbeans/ide14/modules/org-netbeans-modules-hudson.jar
68dc3000-68dc5000 r--s 00018000 08:01 2630539    /usr/share/netbeans/java5/modules/org-netbeans-modules-i18n-form.jar
68dc5000-68dc6000 r--s 00000000 08:01 2363194    /var/cache/fontconfig/e7de81b01590fb7e12b38e274e17d0db-le32d4.cache-3
68dc6000-68dc7000 r--s 00000000 08:01 2363193    /var/cache/fontconfig/406a1d2d2bf3ed7664fbadefac0b2f66-le32d4.cache-3
68dc7000-68dd8000 r--s 001f8000 08:01 2630529    /usr/share/netbeans/java5/modules/org-netbeans-modules-j2ee-persistence.jar
68dd8000-68de0000 r--s 0007b000 08:01 2630537    /usr/share/netbeans/java5/modules/org-netbeans-modules-dbschema.jar
68de0000-68de3000 r--s 0003f000 08:01 2500069    /usr/share/netbeans/ide14/modules/ext/ddl.jar
68de3000-68df4000 r--s 00152000 08:01 2500092    /usr/share/netbeans/ide14/modules/org-netbeans-modules-db.jar
68df4000-68e00000 r--s 00160000 08:01 2499289    /usr/share/netbeans/platform13/modules/org-netbeans-core-windows.jar
68e00000-68efa000 rw-p 00000000 00:00 0 
68efa000-68f00000 ---p 00000000 00:00 0 
68f00000-68f01000 r--s 00005000 08:01 2499965    /usr/share/netbeans/ide14/modules/org-netbeans-libs-freemarker.jar
68f01000-68f02000 r--s 00001000 08:01 2630510    /usr/share/netbeans/java5/modules/org-netbeans-modules-java-kit.jar
68f02000-68f04000 r--s 00000000 08:01 2363192    /var/cache/fontconfig/67709b7835c0f764c1135060c9575660-le32d4.cache-3
68f04000-68f06000 r--s 0001d000 08:01 2500034    /usr/share/netbeans/ide14/modules/org-netbeans-modules-extbrowser.jar
68f06000-68f08000 r--s 00021000 08:01 2500074    /usr/share/netbeans/ide14/modules/org-netbeans-modules-editor-macros.jar
68f08000-68f0a000 r--s 00008000 08:01 2500066    /usr/share/netbeans/ide14/modules/org-netbeans-core-ide.jar
68f0a000-68f0b000 r--s 00003000 08:01 2500078    /usr/share/netbeans/ide14/modules/org-netbeans-modules-editor-plain.jar
68f0b000-68f0d000 r--s 0000d000 08:01 2500084    /usr/share/netbeans/ide14/modules/org-netbeans-modules-dlight-terminal.jar
68f0d000-68f17000 r--s 000b6000 08:01 2499988    /usr/share/netbeans/ide14/modules/org-netbeans-modules-dlight-nativeexecution.jar
68f17000-68f1c000 r--s 00062000 08:01 2500054    /usr/share/netbeans/ide14/modules/org-netbeans-modules-html.jar
68f1c000-68f1e000 r--s 00016000 08:01 2500048    /usr/share/netbeans/ide14/modules/org-netbeans-modules-image.jar
68f1e000-68f28000 r--s 00087000 08:01 2500005    /usr/share/netbeans/ide14/modules/org-netbeans-modules-css-visual.jar
68f28000-68f2f000 r--s 000b9000 08:01 2500110    /usr/share/netbeans/ide14/modules/org-netbeans-modules-css-editor.jar
68f2f000-68f31000 r--s 00013000 08:01 2500081    /usr/share/netbeans/ide14/modules/org-netbeans-modules-editor-bookmarks.jar
68f31000-68f34000 r--s 00025000 08:01 2630519    /usr/share/netbeans/java5/modules/org-netbeans-modules-ant-debugger.jar
68f34000-68f35000 r--s 00002000 08:01 2630521    /usr/share/netbeans/java5/modules/org-netbeans-modules-java-helpset.jar
68f35000-68f38000 r--s 00021000 08:01 2630490    /usr/share/netbeans/java5/modules/org-netbeans-modules-java-debug.jar
68f38000-68f39000 r--s 00000000 08:01 2363191    /var/cache/fontconfig/0c9eb80ebd1c36541ebe2852d3bb0c49-le32d4.cache-3
68f39000-68f3b000 r--s 00000000 08:01 2363182    /var/cache/fontconfig/c19b55eb3b4c5b40ea175e31682068a5-le32d4.cache-3
68f3b000-68f3d000 r-xp 00000000 08:01 1708690    /usr/lib/i386-linux-gnu/libXdamage.so.1.1.0
68f3d000-68f3e000 r--p 00001000 08:01 1708690    /usr/lib/i386-linux-gnu/libXdamage.so.1.1.0
68f3e000-68f3f000 rw-p 00002000 08:01 1708690    /usr/lib/i386-linux-gnu/libXdamage.so.1.1.0
68f3f000-68f44000 r--s 0005e000 08:01 2630515    /usr/share/netbeans/java5/modules/org-netbeans-modules-java-freeform.jar
68f44000-68f48000 r--s 00043000 08:01 2630545    /usr/share/netbeans/java5/modules/org-netbeans-modules-ant-freeform.jar
68f48000-68f4f000 r--s 00083000 08:01 2630502    /usr/share/netbeans/java5/modules/org-netbeans-modules-beans.jar
68f4f000-68f57000 r--s 00081000 08:01 2630498    /usr/share/netbeans/java5/modules/org-netbeans-modules-java-navigation.jar
68f57000-68f5a000 r--s 0001d000 08:01 2499261    /usr/share/netbeans/platform13/modules/org-openide-windows.jar
68f5a000-68f5e000 r--s 00052000 08:01 2630516    /usr/share/netbeans/java5/modules/org-netbeans-modules-javadoc.jar
68f5e000-68f70000 r--s 00248000 08:01 2630492    /usr/share/netbeans/java5/modules/org-netbeans-modules-java-hints.jar
68f70000-68f7e000 r--s 001b1000 08:01 2630494    /usr/share/netbeans/java5/modules/org-netbeans-modules-java-editor.jar
68f7e000-68f81000 r--s 00032000 08:01 2630508    /usr/share/netbeans/java5/modules/org-netbeans-modules-javawebstart.jar
68f81000-68f86000 r--s 00097000 08:01 2630544    /usr/share/netbeans/java5/modules/org-netbeans-modules-junit.jar
68f86000-68f87000 r--s 00005000 08:01 2499978    /usr/share/netbeans/ide14/modules/org-netbeans-modules-gototest.jar
68f87000-68f8b000 r--s 00033000 08:01 2500028    /usr/share/netbeans/ide14/modules/org-netbeans-modules-gsf-testrunner.jar
68f8b000-68f8c000 r--s 00001000 08:01 2771809    /usr/share/netbeans/7.0.1/nb/modules/locale/org-netbeans-modules-autoupdate-ui_nb.jar
68f8c000-68f94000 r--s 000b6000 08:01 2499270    /usr/share/netbeans/platform13/modules/org-netbeans-modules-autoupdate-ui.jar
68f94000-68f96000 r--s 00000000 08:01 2630522    /usr/share/netbeans/java5/modules/org-netbeans-modules-junitlib.jar
68f96000-68f97000 r--s 00006000 08:01 2500064    /usr/share/netbeans/ide14/modules/org-netbeans-modules-languages-diff.jar
68f97000-68f99000 r--s 00008000 08:01 2499273    /usr/share/netbeans/platform13/modules/org-netbeans-modules-queries.jar
68f99000-68f9b000 r--s 0001b000 08:01 2499994    /usr/share/netbeans/ide14/modules/org-netbeans-modules-languages-yaml.jar
68f9b000-68f9e000 r--s 0002f000 08:01 2499975    /usr/share/netbeans/ide14/modules/org-netbeans-modules-localhistory.jar
68f9e000-68fad000 r--s 00187000 08:01 2499952    /usr/share/netbeans/ide14/modules/org-netbeans-modules-mercurial.jar
68fad000-68fb0000 r--s 00032000 08:01 2499307    /usr/share/netbeans/platform13/modules/org-netbeans-modules-print.jar
68fb0000-68fb1000 r--s 00004000 08:01 2630488    /usr/share/netbeans/java5/modules/org-netbeans-modules-projectimport-eclipse-j2se.jar
68fb1000-68fb4000 r--s 0004a000 08:01 2630512    /usr/share/netbeans/java5/modules/org-netbeans-modules-projectimport-eclipse-core.jar
68fb4000-68fb8000 r--s 00049000 08:01 2630505    /usr/share/netbeans/java5/modules/org-netbeans-modules-java-j2seplatform.jar
68fb8000-68fb9000 r--s 00001000 08:01 2499974    /usr/share/netbeans/ide14/modules/org-netbeans-modules-projectui-buildmenu.jar
68fb9000-68fc5000 r--s 00149000 08:01 2630487    /usr/share/netbeans/java5/modules/org-netbeans-modules-refactoring-java.jar
68fc5000-68fc8000 r--s 00031000 08:01 2499281    /usr/share/netbeans/platform13/modules/org-netbeans-modules-settings.jar
68fc8000-68fca000 r--s 00005000 08:01 2499954    /usr/share/netbeans/ide14/modules/org-netbeans-modules-spellchecker-bindings-htmlxml.jar
68fca000-68fcc000 r--s 00008000 08:01 2500039    /usr/share/netbeans/ide14/modules/org-netbeans-modules-html-lexer.jar
68fcc000-68fcd000 r--s 00006000 08:01 2630496    /usr/share/netbeans/java5/modules/org-netbeans-modules-spellchecker-bindings-java.jar
68fcd000-68fce000 r--s 00003000 08:01 2500032    /usr/share/netbeans/ide14/modules/org-netbeans-modules-spellchecker-bindings-properties.jar
68fce000-68fd2000 r--s 00029000 08:01 2500061    /usr/share/netbeans/ide14/modules/org-netbeans-modules-spellchecker.jar
68fd2000-68fd5000 r--s 00016000 08:01 2500044    /usr/share/netbeans/ide14/modules/docs/org-netbeans-modules-subversion.jar
68fd5000-69000000 r--s 00448000 08:01 2630547    /usr/share/netbeans/java5/modules/org-netbeans-modules-form.jar
69000000-690fe000 rw-p 00000000 00:00 0 
690fe000-69100000 ---p 00000000 00:00 0 
69100000-691ff000 rw-p 00000000 00:00 0 
691ff000-69200000 ---p 00000000 00:00 0 
69200000-692fe000 rw-p 00000000 00:00 0 
692fe000-69300000 ---p 00000000 00:00 0 
69300000-69301000 r--s 00008000 08:01 2499971    /usr/share/netbeans/ide14/modules/org-netbeans-modules-properties-syntax.jar
69301000-69317000 r--s 00244000 08:01 2500058    /usr/share/netbeans/ide14/modules/org-netbeans-modules-subversion.jar
69317000-6931b000 r--s 0008e000 08:01 2630511    /usr/share/netbeans/java5/modules/org-netbeans-modules-swingapp.jar
6931b000-69321000 r--s 00075000 08:01 2500094    /usr/share/netbeans/ide14/modules/org-netbeans-modules-properties.jar
69321000-69322000 r--s 00000000 08:01 2368414    /var/cache/fontconfig/16326683038b281783a0ef8c680e3a10-le32d4.cache-3
69322000-69323000 r--s 00005000 08:01 2630482    /usr/share/netbeans/java5/modules/org-netbeans-modules-java-guards.jar
69323000-6932b000 r--s 000cc000 08:01 2630520    /usr/share/netbeans/java5/modules/org-netbeans-modules-java-j2seproject.jar
6932b000-6932d000 r--s 00006000 08:01 2500030    /usr/share/netbeans/ide14/modules/org-netbeans-modules-tasklist-projectint.jar
6932d000-6932f000 r--s 0000b000 08:01 2500102    /usr/share/netbeans/ide14/modules/org-netbeans-modules-tasklist-todo.jar
6932f000-69334000 r--s 00052000 08:01 2500077    /usr/share/netbeans/ide14/modules/org-netbeans-modules-tasklist-ui.jar
69334000-69337000 r--s 00026000 08:01 2500025    /usr/share/netbeans/ide14/modules/org-netbeans-modules-terminal.jar
69337000-69338000 r--s 00000000 08:01 2771814    /usr/share/netbeans/7.0.1/nb/modules/org-netbeans-modules-uihandler-exceptionreporter.jar
69338000-6933a000 r--s 0000c000 08:01 2499285    /usr/share/netbeans/platform13/modules/org-netbeans-api-progress.jar
6933a000-6933d000 r--s 00039000 08:01 2771797    /usr/share/netbeans/7.0.1/nb/modules/org-netbeans-modules-uihandler.jar
6933d000-6933e000 r--s 00004000 08:01 2771813    /usr/share/netbeans/7.0.1/nb/modules/org-netbeans-modules-updatecenters.jar
6933e000-69343000 r--s 00087000 08:01 2499266    /usr/share/netbeans/platform13/modules/org-netbeans-modules-autoupdate-services.jar
69343000-69344000 r--s 00003000 08:01 2499992    /usr/share/netbeans/ide14/modules/org-netbeans-modules-usersguide.jar
69344000-6934a000 r--s 0007c000 08:01 2500013    /usr/share/netbeans/ide14/modules/org-netbeans-modules-utilities.jar
6934a000-6934f000 r--s 00018000 08:01 2500043    /usr/share/netbeans/ide14/modules/docs/org-netbeans-modules-versioning-system-cvss.jar
6934f000-69351000 r--s 00009000 08:01 2499311    /usr/share/netbeans/platform13/modules/org-netbeans-modules-editor-mimelookup.jar
69351000-69354000 r--s 0002b000 08:01 2499279    /usr/share/netbeans/platform13/modules/org-netbeans-swing-outline.jar
69354000-69358000 r--s 00027000 08:01 2499304    /usr/share/netbeans/platform13/modules/org-openide-actions.jar
69358000-6935a000 r--s 0000b000 08:01 2500031    /usr/share/netbeans/ide14/modules/org-openidex-util.jar
6935a000-6935b000 r--s 00000000 08:01 2368410    /var/cache/fontconfig/e0aa53bcfa504e64f87823c16bc01eb6-le32d4.cache-3
6935b000-6935c000 r--s 00006000 08:01 2499278    /usr/share/netbeans/platform13/modules/org-openide-execution.jar
6935c000-6935f000 r--s 0002c000 08:01 2499287    /usr/share/netbeans/platform13/modules/org-netbeans-swing-plaf.jar
6935f000-69369000 r--s 000bb000 08:01 2500003    /usr/share/netbeans/ide14/modules/org-netbeans-modules-versioning-util.jar
69369000-6936d000 r--s 00059000 08:01 2499962    /usr/share/netbeans/ide14/modules/org-netbeans-modules-versioning.jar
6936d000-69372000 r--s 0006d000 08:01 2771798    /usr/share/netbeans/7.0.1/nb/modules/org-netbeans-modules-welcome.jar
69372000-6937d000 r--s 000d1000 08:01 2499967    /usr/share/netbeans/ide14/modules/org-netbeans-modules-projectui.jar
6937d000-69380000 r--s 00029000 08:01 2499268    /usr/share/netbeans/platform13/modules/org-netbeans-modules-favorites.jar
69380000-69400000 rw-p 00000000 00:00 0 
69400000-694ff000 rw-p 00000000 00:00 0 
694ff000-69500000 ---p 00000000 00:00 0 
69500000-69501000 r--s 00003000 08:01 2499998    /usr/share/netbeans/ide14/modules/org-netbeans-modules-utilities-project.jar
69501000-69502000 r--s 00001000 08:01 2499995    /usr/share/netbeans/ide14/modules/org-netbeans-libs-jsch.jar
69502000-69505000 r--s 00019000 08:01 2499267    /usr/share/netbeans/platform13/modules/org-netbeans-core-execution.jar
69505000-69508000 r--s 0001e000 08:01 2499246    /usr/share/netbeans/platform13/modules/org-netbeans-core-multiview.jar
69508000-6950a000 r--s 00032000 08:01 2500019    /usr/share/netbeans/ide14/modules/org-netbeans-modules-xml-schema-completion.jar
6950a000-6950d000 r--s 00035000 08:01 2630499    /usr/share/netbeans/java5/modules/org-netbeans-modules-xml-tools-java.jar
6950d000-69510000 r--s 0001c000 08:01 2500033    /usr/share/netbeans/ide14/modules/org-netbeans-modules-parsing-lucene.jar
69510000-69524000 r--s 00255000 08:01 2630509    /usr/share/netbeans/java5/modules/org-netbeans-modules-java-source.jar
69524000-69526000 r--s 0000a000 08:01 2630483    /usr/share/netbeans/java5/modules/org-netbeans-modules-java-lexer.jar
69526000-6952d000 r--s 00080000 08:01 2630503    /usr/share/netbeans/java5/modules/org-netbeans-modules-java-project.jar
6952d000-69530000 r--s 00025000 08:01 2499283    /usr/share/netbeans/platform13/modules/org-openide-dialogs.jar
69530000-69536000 r--s 00085000 08:01 2500090    /usr/share/netbeans/ide14/modules/org-netbeans-modules-project-ant.jar
69536000-6953b000 r--s 00038000 08:01 2500057    /usr/share/netbeans/ide14/modules/org-netbeans-modules-xml-catalog.jar
6953b000-6953e000 r--s 00020000 08:01 2630504    /usr/share/netbeans/java5/modules/org-netbeans-modules-java-platform.jar
6953e000-69542000 r--s 00038000 08:01 2500008    /usr/share/netbeans/ide14/modules/org-netbeans-modules-project-libraries.jar
69542000-69548000 r--s 00066000 08:01 2630501    /usr/share/netbeans/java5/modules/org-apache-tools-ant-module.jar
69548000-6954a000 r--s 00019000 08:01 2499961    /usr/share/netbeans/ide14/modules/org-netbeans-modules-xml-tools.jar
6954a000-69551000 r--s 0005d000 08:01 2500068    /usr/share/netbeans/ide14/modules/ext/org-netbeans-tax.jar
69551000-69557000 r--s 00058000 08:01 2500070    /usr/share/netbeans/ide14/modules/org-netbeans-modules-xml-tax.jar
69557000-6955a000 r--s 0002b000 08:01 2500080    /usr/share/netbeans/ide14/modules/org-netbeans-modules-xsl.jar
6955a000-69560000 r--s 00066000 08:01 2500065    /usr/share/netbeans/ide14/modules/org-netbeans-modules-xml.jar
69560000-69568000 r--s 00097000 08:01 2500088    /usr/share/netbeans/ide14/modules/org-netbeans-modules-xml-text.jar
69568000-69575000 r--s 000e8000 08:01 2500007    /usr/share/netbeans/ide14/modules/org-netbeans-modules-csl-api.jar
69575000-69576000 r-xp 00000000 08:01 1711630    /usr/lib/i386-linux-gnu/libgthread-2.0.so.0.3600.0
69576000-69577000 r--p 00000000 08:01 1711630    /usr/lib/i386-linux-gnu/libgthread-2.0.so.0.3600.0
69577000-69578000 rw-p 00001000 08:01 1711630    /usr/lib/i386-linux-gnu/libgthread-2.0.so.0.3600.0
69578000-6957a000 r-xp 00000000 08:01 1708686    /usr/lib/i386-linux-gnu/libXcomposite.so.1.0.0
6957a000-6957b000 r--p 00001000 08:01 1708686    /usr/lib/i386-linux-gnu/libXcomposite.so.1.0.0
6957b000-6957c000 rw-p 00002000 08:01 1708686    /usr/lib/i386-linux-gnu/libXcomposite.so.1.0.0
6957c000-6957e000 r-xp 00000000 08:01 1708829    /usr/lib/i386-linux-gnu/libXinerama.so.1.0.0
6957e000-6957f000 r--p 00001000 08:01 1708829    /usr/lib/i386-linux-gnu/libXinerama.so.1.0.0
6957f000-69580000 rw-p 00002000 08:01 1708829    /usr/lib/i386-linux-gnu/libXinerama.so.1.0.0
69580000-695a0000 r-xp 00000000 08:01 1704318    /usr/lib/i386-linux-gnu/libgdk_pixbuf-2.0.so.0.2800.0
695a0000-695a1000 ---p 00020000 08:01 1704318    /usr/lib/i386-linux-gnu/libgdk_pixbuf-2.0.so.0.2800.0
695a1000-695a2000 r--p 00020000 08:01 1704318    /usr/lib/i386-linux-gnu/libgdk_pixbuf-2.0.so.0.2800.0
695a2000-695a3000 rw-p 00021000 08:01 1704318    /usr/lib/i386-linux-gnu/libgdk_pixbuf-2.0.so.0.2800.0
695a3000-695c1000 r-xp 00000000 08:01 1707656    /usr/lib/i386-linux-gnu/libatk-1.0.so.0.20809.1
695c1000-695c3000 r--p 0001d000 08:01 1707656    /usr/lib/i386-linux-gnu/libatk-1.0.so.0.20809.1
695c3000-695c4000 rw-p 0001f000 08:01 1707656    /usr/lib/i386-linux-gnu/libatk-1.0.so.0.20809.1
695c4000-695cf000 r-xp 00000000 08:01 1712417    /usr/lib/i386-linux-gnu/libpangocairo-1.0.so.0.3200.5
695cf000-695d0000 r--p 0000a000 08:01 1712417    /usr/lib/i386-linux-gnu/libpangocairo-1.0.so.0.3200.5
695d0000-695d1000 rw-p 0000b000 08:01 1712417    /usr/lib/i386-linux-gnu/libpangocairo-1.0.so.0.3200.5
695d1000-695d4000 r-xp 00000000 08:01 1704864    /usr/lib/i386-linux-gnu/libgmodule-2.0.so.0.3600.0
695d4000-695d5000 r--p 00002000 08:01 1704864    /usr/lib/i386-linux-gnu/libgmodule-2.0.so.0.3600.0
695d5000-695d6000 rw-p 00003000 08:01 1704864    /usr/lib/i386-linux-gnu/libgmodule-2.0.so.0.3600.0
695d6000-695da000 r--p 00000000 08:01 537735     /home/prashantvaidyanathan/.config/dconf/user
695da000-695eb000 r-xp 00000000 08:01 1704572    /usr/lib/i386-linux-gnu/gtk-2.0/modules/liboverlay-scrollbar.so
695eb000-695ec000 r--p 00010000 08:01 1704572    /usr/lib/i386-linux-gnu/gtk-2.0/modules/liboverlay-scrollbar.so
695ec000-695ed000 rw-p 00011000 08:01 1704572    /usr/lib/i386-linux-gnu/gtk-2.0/modules/liboverlay-scrollbar.so
695ed000-695ef000 r--s 00014000 08:01 2771801    /usr/share/netbeans/7.0.1/nb/modules/org-netbeans-modules-autoupdate-pluginimporter.jar
695ef000-695f6000 r-xp 00000000 08:01 3414502    /usr/lib/jvm/java-7-oracle/jre/lib/i386/libmanagement.so
695f6000-695f7000 rw-p 00006000 08:01 3414502    /usr/lib/jvm/java-7-oracle/jre/lib/i386/libmanagement.so
695f7000-695fd000 rw-s 00000000 00:04 12877830   /SYSV00000000 (deleted)
695fd000-695fe000 r--s 00000000 00:14 387670     /run/user/prashantvaidyanathan/dconf/user
695fe000-69600000 r--s 0000e000 08:01 2771800    /usr/share/netbeans/7.0.1/nb/modules/org-netbeans-lib-uihandler.jar
69600000-696f9000 rw-p 00000000 00:00 0 
696f9000-69700000 ---p 00000000 00:00 0 
69700000-69701000 r--s 00002000 08:01 2630527    /usr/share/netbeans/java5/modules/org-netbeans-libs-javacapi.jar
69701000-69703000 r--s 00011000 08:01 2500062    /usr/share/netbeans/ide14/modules/org-netbeans-modules-editor-bracesmatching.jar
69703000-6970a000 r--s 00063000 08:01 2499972    /usr/share/netbeans/ide14/modules/org-netbeans-modules-refactoring-api.jar
6970a000-6970f000 r--s 00045000 08:01 2500021    /usr/share/netbeans/ide14/modules/org-netbeans-modules-jumpto.jar
6970f000-69718000 r--s 000b7000 08:01 2499993    /usr/share/netbeans/ide14/modules/org-netbeans-modules-parsing-api.jar
69718000-6971d000 r--s 00058000 08:01 2499302    /usr/share/netbeans/platform13/modules/org-netbeans-modules-masterfs.jar
6971d000-69721000 r--s 00053000 08:01 2499280    /usr/share/netbeans/platform13/modules/org-netbeans-core-ui.jar
69721000-697fe000 r--s 00000000 08:01 525562     /home/prashantvaidyanathan/.netbeans/7.0/var/cache/all-layers.dat
697fe000-69801000 ---p 00000000 00:00 0 
69801000-699ff000 rw-p 00000000 00:00 0          [stack:30399]
699ff000-69a02000 ---p 00000000 00:00 0 
69a02000-69c00000 rw-p 00000000 00:00 0          [stack:30398]
69c00000-69cea000 rw-p 00000000 00:00 0 
69cea000-69d00000 ---p 00000000 00:00 0 
69d00000-69d03000 r--s 0001d000 08:01 2500103    /usr/share/netbeans/ide14/modules/org-netbeans-modules-editor-deprecated-pre65formatting.jar
69d03000-69d06000 r--s 0003f000 08:01 2500076    /usr/share/netbeans/ide14/modules/org-netbeans-modules-editor-codetemplates.jar
69d06000-69d0a000 r--s 00033000 08:01 2500052    /usr/share/netbeans/ide14/modules/org-netbeans-modules-editor-completion.jar
69d0a000-69d13000 r--s 000db000 08:01 2500001    /usr/share/netbeans/ide14/modules/org-netbeans-modules-diff.jar
69d13000-69d17000 r--s 0005a000 08:01 2500051    /usr/share/netbeans/ide14/modules/org-netbeans-modules-options-editor.jar
69d17000-69d1b000 r--s 00041000 08:01 2500109    /usr/share/netbeans/ide14/modules/org-netbeans-modules-editor-settings-storage.jar
69d1b000-69d1e000 r--s 0003c000 08:01 2499244    /usr/share/netbeans/platform13/modules/org-netbeans-modules-options-keymap.jar
69d1e000-69d23000 r--s 00061000 08:01 2499284    /usr/share/netbeans/platform13/modules/org-openide-nodes.jar
69d23000-69d33000 r--s 00178000 08:01 2500017    /usr/share/netbeans/ide14/modules/org-netbeans-modules-editor-lib.jar
69d33000-69d3c000 r--s 000a3000 08:01 2500000    /usr/share/netbeans/ide14/modules/org-netbeans-modules-editor.jar
69d3c000-69d45000 r--s 0008e000 08:01 2106605    /usr/share/java/jhall-2.0.05.ds1.jar
69d45000-69d48000 r--s 00025000 08:01 2499263    /usr/share/netbeans/platform13/modules/org-netbeans-modules-javahelp.jar
69d48000-69d4c000 r--s 0004f000 08:01 2499282    /usr/share/netbeans/platform13/modules/org-netbeans-modules-options-api.jar
69d4c000-69d52000 r--s 00072000 08:01 2499296    /usr/share/netbeans/platform13/modules/org-netbeans-core.jar
69d52000-69d54000 r--s 00011000 08:01 2499966    /usr/share/netbeans/ide14/modules/org-netbeans-modules-editor-errorstripe.jar
69d54000-69d57000 r--s 0001c000 08:01 2500004    /usr/share/netbeans/ide14/modules/org-netbeans-modules-xml-core.jar
69d57000-69d59000 r--s 00011000 08:01 2499970    /usr/share/netbeans/ide14/modules/org-netbeans-api-xml.jar
69d59000-69d67000 r--s 000b9000 08:01 2499969    /usr/share/netbeans/ide14/modules/org-netbeans-spi-debugger-ui.jar
69d67000-69d6b000 r--s 00038000 08:01 2500011    /usr/share/netbeans/ide14/modules/org-netbeans-modules-projectuiapi.jar
69d6b000-69d6e000 r--s 00038000 08:01 2499964    /usr/share/netbeans/ide14/modules/org-netbeans-api-debugger.jar
69d6e000-69d71000 r--s 00034000 08:01 2500105    /usr/share/netbeans/ide14/modules/org-netbeans-spi-editor-hints.jar
69d71000-69d73000 r--s 0000f000 08:01 2500100    /usr/share/netbeans/ide14/modules/org-netbeans-modules-editor-indent.jar
69d73000-69d7b000 r--s 000a8000 08:01 2500022    /usr/share/netbeans/ide14/modules/org-netbeans-modules-editor-lib2.jar
69d7b000-69ddb000 r-xp 00000000 08:01 3414512    /usr/lib/jvm/java-7-oracle/jre/lib/i386/libt2k.so
69ddb000-69ddf000 rw-p 0005f000 08:01 3414512    /usr/lib/jvm/java-7-oracle/jre/lib/i386/libt2k.so
69ddf000-69de3000 rw-p 00000000 00:00 0 
69de3000-69dfe000 r-xp 00000000 08:01 1049263    /lib/i386-linux-gnu/libgcc_s.so.1
69dfe000-69dff000 r--p 0001a000 08:01 1049263    /lib/i386-linux-gnu/libgcc_s.so.1
69dff000-69e00000 rw-p 0001b000 08:01 1049263    /lib/i386-linux-gnu/libgcc_s.so.1
69e00000-69e02000 r--s 0000c000 08:01 2499976    /usr/share/netbeans/ide14/modules/org-netbeans-spi-navigator.jar
69e02000-69e07000 r--s 00053000 08:01 2500073    /usr/share/netbeans/ide14/modules/org-netbeans-spi-palette.jar
69e07000-69e09000 r--s 0001c000 08:01 2499305    /usr/share/netbeans/platform13/modules/org-netbeans-spi-quicksearch.jar
69e09000-69e0d000 r--s 00032000 08:01 2500049    /usr/share/netbeans/ide14/modules/org-netbeans-modules-projectapi.jar
69e0d000-69e17000 r--s 000f4000 08:01 2499290    /usr/share/netbeans/platform13/modules/org-openide-loaders.jar
69e17000-69e73000 r-xp 00000000 08:01 3414533    /usr/lib/jvm/java-7-oracle/jre/lib/i386/libfontmanager.so
69e73000-69e76000 rw-p 0005b000 08:01 3414533    /usr/lib/jvm/java-7-oracle/jre/lib/i386/libfontmanager.so
69e76000-69e7a000 rw-p 00000000 00:00 0 
69e7a000-69e7d000 ---p 00000000 00:00 0 
69e7d000-6a07b000 rw-p 00000000 00:00 0          [stack:30397]
6a07b000-6a07e000 ---p 00000000 00:00 0 
6a07e000-6a27c000 rw-p 00000000 00:00 0          [stack:30396]
6a27c000-6a2cd000 r-xp 00000000 08:01 3414508    /usr/lib/jvm/java-7-oracle/jre/lib/i386/libsplashscreen.so
6a2cd000-6a2ce000 rw-p 00050000 08:01 3414508    /usr/lib/jvm/java-7-oracle/jre/lib/i386/libsplashscreen.so
6a2ce000-6a2d1000 rw-p 00000000 00:00 0 
6a2d1000-6a2d4000 ---p 00000000 00:00 0 
6a2d4000-6a4d2000 rw-p 00000000 00:00 0          [stack:30395]
6a4d2000-6a4d5000 ---p 00000000 00:00 0 
6a4d5000-6a6d3000 rw-p 00000000 00:00 0          [stack:30394]
6a6d3000-6a6d6000 ---p 00000000 00:00 0 
6a6d6000-6a8d4000 rw-p 00000000 00:00 0          [stack:30393]
6a8d4000-6a8d9000 r-xp 00000000 08:01 1708692    /usr/lib/i386-linux-gnu/libXdmcp.so.6.0.0
6a8d9000-6a8da000 r--p 00004000 08:01 1708692    /usr/lib/i386-linux-gnu/libXdmcp.so.6.0.0
6a8da000-6a8db000 rw-p 00005000 08:01 1708692    /usr/lib/i386-linux-gnu/libXdmcp.so.6.0.0
6a8db000-6a8fb000 r-xp 00000000 08:01 1705841    /usr/lib/i386-linux-gnu/libxcb.so.1.1.0
6a8fb000-6a8fc000 r--p 0001f000 08:01 1705841    /usr/lib/i386-linux-gnu/libxcb.so.1.1.0
6a8fc000-6a8fd000 rw-p 00020000 08:01 1705841    /usr/lib/i386-linux-gnu/libxcb.so.1.1.0
6a8fd000-6a90b000 r-xp 00000000 08:01 1709428    /usr/lib/i386-linux-gnu/libXi.so.6.1.0
6a90b000-6a90c000 r--p 0000d000 08:01 1709428    /usr/lib/i386-linux-gnu/libXi.so.6.1.0
6a90c000-6a90d000 rw-p 0000e000 08:01 1709428    /usr/lib/i386-linux-gnu/libXi.so.6.1.0
6a90d000-6a915000 r-xp 00000000 08:01 1705866    /usr/lib/i386-linux-gnu/libXrender.so.1.3.0
6a915000-6a916000 r--p 00008000 08:01 1705866    /usr/lib/i386-linux-gnu/libXrender.so.1.3.0
6a916000-6a917000 rw-p 00009000 08:01 1705866    /usr/lib/i386-linux-gnu/libXrender.so.1.3.0
6a917000-6aa4a000 r-xp 00000000 08:01 1705858    /usr/lib/i386-linux-gnu/libX11.so.6.3.0
6aa4a000-6aa4b000 r--p 00132000 08:01 1705858    /usr/lib/i386-linux-gnu/libX11.so.6.3.0
6aa4b000-6aa4e000 rw-p 00133000 08:01 1705858    /usr/lib/i386-linux-gnu/libX11.so.6.3.0
6aa4e000-6aad4000 r-xp 00000000 08:01 3414519    /usr/lib/jvm/java-7-oracle/jre/lib/i386/libawt.so
6aad4000-6aadb000 rw-p 00086000 08:01 3414519    /usr/lib/jvm/java-7-oracle/jre/lib/i386/libawt.so
6aadb000-6aaff000 rw-p 00000000 00:00 0 
6aaff000-6ab02000 ---p 00000000 00:00 0 
6ab02000-6ad00000 rw-p 00000000 00:00 0          [stack:30392]
6ad00000-6ad48000 rw-p 00000000 00:00 0 
6ad48000-6ae00000 ---p 00000000 00:00 0 
6ae00000-6ae01000 r--s 00006000 08:01 2499956    /usr/share/netbeans/ide14/modules/org-netbeans-modules-xml-lexer.jar
6ae01000-6ae05000 r--s 0004a000 08:01 2499292    /usr/share/netbeans/platform13/modules/org-openide-text.jar
6ae05000-6ae15000 r-xp 00000000 08:01 1705864    /usr/lib/i386-linux-gnu/libXext.so.6.4.0
6ae15000-6ae16000 r--p 0000f000 08:01 1705864    /usr/lib/i386-linux-gnu/libXext.so.6.4.0
6ae16000-6ae17000 rw-p 00010000 08:01 1705864    /usr/lib/i386-linux-gnu/libXext.so.6.4.0
6ae17000-6ae18000 r--s 00008000 08:01 2500037    /usr/share/netbeans/ide14/modules/org-netbeans-spi-tasklist.jar
6ae18000-6ae1d000 r-xp 00000000 08:01 1708815    /usr/lib/i386-linux-gnu/libXfixes.so.3.1.0
6ae1d000-6ae1e000 r--p 00004000 08:01 1708815    /usr/lib/i386-linux-gnu/libXfixes.so.3.1.0
6ae1e000-6ae1f000 rw-p 00005000 08:01 1708815    /usr/lib/i386-linux-gnu/libXfixes.so.3.1.0
6ae1f000-6ae28000 r-xp 00000000 08:01 1708734    /usr/lib/i386-linux-gnu/libXcursor.so.1.0.2
6ae28000-6ae29000 r--p 00008000 08:01 1708734    /usr/lib/i386-linux-gnu/libXcursor.so.1.0.2
6ae29000-6ae2a000 rw-p 00009000 08:01 1708734    /usr/lib/i386-linux-gnu/libXcursor.so.1.0.2
6ae2a000-6ae2e000 r--s 0008a000 08:01 3413877    /usr/lib/jvm/java-7-oracle/jre/lib/jsse.jar
6ae2e000-6ae77000 r-xp 00000000 08:01 3414479    /usr/lib/jvm/java-7-oracle/jre/lib/i386/xawt/libmawt.so
6ae77000-6ae79000 rw-p 00049000 08:01 3414479    /usr/lib/jvm/java-7-oracle/jre/lib/i386/xawt/libmawt.so
6ae79000-6ae7a000 rw-p 00000000 00:00 0 
6ae7a000-6ae7d000 ---p 00000000 00:00 0 
6ae7d000-6b07b000 rw-p 00000000 00:00 0          [stack:30391]
6b07b000-6b07e000 ---p 00000000 00:00 0 
6b07e000-6b27c000 rw-p 00000000 00:00 0          [stack:30390]
6b27c000-6b27d000 ---p 00000000 00:00 0 
6b27d000-6b2fd000 rw-p 00000000 00:00 0          [stack:30389]
6b2fd000-6b300000 ---p 00000000 00:00 0 
6b300000-6b4fe000 rw-p 00000000 00:00 0          [stack:30388]
6b4fe000-6b501000 ---p 00000000 00:00 0 
6b501000-6b6ff000 rw-p 00000000 00:00 0          [stack:30386]
6b6ff000-6b8ff000 r--p 00000000 08:01 1705354    /usr/lib/locale/locale-archive
6b8ff000-6b902000 ---p 00000000 00:00 0 
6b902000-6bb00000 rw-p 00000000 00:00 0          [stack:30385]
6bb00000-6bbfe000 rw-p 00000000 00:00 0 
6bbfe000-6bc00000 ---p 00000000 00:00 0 
6bc00000-6bc02000 r-xp 00000000 08:01 1708681    /usr/lib/i386-linux-gnu/libXau.so.6.0.0
6bc02000-6bc03000 r--p 00001000 08:01 1708681    /usr/lib/i386-linux-gnu/libXau.so.6.0.0
6bc03000-6bc04000 rw-p 00002000 08:01 1708681    /usr/lib/i386-linux-gnu/libXau.so.6.0.0
6bc04000-6bc12000 r-xp 00000000 08:01 3414480    /usr/lib/jvm/java-7-oracle/jre/lib/i386/libnio.so
6bc12000-6bc13000 rw-p 0000e000 08:01 3414480    /usr/lib/jvm/java-7-oracle/jre/lib/i386/libnio.so
6bc13000-6bc7e000 r--s 00e19000 08:01 3413382    /usr/lib/jvm/java-7-oracle/lib/tools.jar
6bc7e000-6bc81000 ---p 00000000 00:00 0 
6bc81000-6bcff000 rw-p 00000000 00:00 0          [stack:30387]
6bcff000-6bd02000 ---p 00000000 00:00 0 
6bd02000-6bf00000 rw-p 00000000 00:00 0          [stack:30384]
6bf00000-6c000000 rw-p 00000000 00:00 0 
6c000000-6c002000 r--s 00023000 08:01 2499999    /usr/share/netbeans/ide14/modules/org-netbeans-swing-dirchooser.jar
6c002000-6c007000 r-xp 00000000 08:01 1705162    /usr/lib/i386-linux-gnu/libXtst.so.6.1.0
6c007000-6c008000 r--p 00004000 08:01 1705162    /usr/lib/i386-linux-gnu/libXtst.so.6.1.0
6c008000-6c009000 rw-p 00005000 08:01 1705162    /usr/lib/i386-linux-gnu/libXtst.so.6.1.0
6c009000-6c00d000 r--s 000f7000 08:01 3414663    /usr/lib/jvm/java-7-oracle/jre/lib/ext/localedata.jar
6c00d000-6c022000 r-xp 00000000 08:01 3414477    /usr/lib/jvm/java-7-oracle/jre/lib/i386/libnet.so
6c022000-6c023000 rw-p 00014000 08:01 3414477    /usr/lib/jvm/java-7-oracle/jre/lib/i386/libnet.so
6c023000-6c029000 r--s 0001e000 08:01 3413394    /usr/lib/jvm/java-7-oracle/lib/dt.jar
6c029000-6c02a000 r--s 00047000 08:01 2771765    /usr/share/netbeans/7.0.1/nb/core/locale/core_nb.jar
6c02a000-6c02b000 ---p 00000000 00:00 0 
6c02b000-6c0f6000 rw-p 00000000 00:00 0          [stack:30383]
6c0f6000-6c2b2000 r--s 039b2000 08:01 3414546    /usr/lib/jvm/java-7-oracle/jre/lib/rt.jar
6c2b2000-6c31e000 rw-p 00000000 00:00 0 
6c31e000-6c3ce000 rw-p 00000000 00:00 0 
6c3ce000-6c3d9000 rw-p 00000000 00:00 0 
6c3d9000-6c4cf000 rw-p 00000000 00:00 0 
6c4cf000-6c4d5000 rw-p 00000000 00:00 0 
6c4d5000-6c54f000 rw-p 00000000 00:00 0 
6c54f000-6c55a000 rw-p 00000000 00:00 0 
6c55a000-6c64f000 rw-p 00000000 00:00 0 
6c64f000-6c65f000 rw-p 00000000 00:00 0 
6c65f000-6c70f000 rw-p 00000000 00:00 0 
6c70f000-6d1b0000 rw-p 00000000 00:00 0 
6d1b0000-7c710000 rw-p 00000000 00:00 0 
7c710000-7dc70000 rw-p 00000000 00:00 0 
7dc70000-9c710000 rw-p 00000000 00:00 0 
9c710000-9e710000 rw-p 00000000 00:00 0 
9e710000-b4710000 rw-p 00000000 00:00 0 
b4710000-b4713000 r--s 00046000 08:01 2771763    /usr/share/netbeans/7.0.1/nb/core/org-netbeans-upgrader.jar
b4713000-b471a000 r--s 000a0000 08:01 2106758    /usr/share/netbeans/platform13/core/org-openide-filesystems.jar
b471a000-b471f000 r--s 00099000 08:01 2106755    /usr/share/netbeans/platform13/core/core.jar
b471f000-b472a000 rw-p 00000000 00:00 0 
b472a000-b479f000 rw-p 00000000 00:00 0 
b479f000-b4a37000 rwxp 00000000 00:00 0 
b4a37000-b679f000 rw-p 00000000 00:00 0 
b679f000-b67b6000 r-xp 00000000 08:01 3414529    /usr/lib/jvm/java-7-oracle/jre/lib/i386/libzip.so
b67b6000-b67b7000 rw-p 00017000 08:01 3414529    /usr/lib/jvm/java-7-oracle/jre/lib/i386/libzip.so
b67b7000-b67c2000 r-xp 00000000 08:01 1058789    /lib/i386-linux-gnu/libnss_files-2.17.so
b67c2000-b67c3000 r--p 0000a000 08:01 1058789    /lib/i386-linux-gnu/libnss_files-2.17.so
b67c3000-b67c4000 rw-p 0000b000 08:01 1058789    /lib/i386-linux-gnu/libnss_files-2.17.so
b67c4000-b67ce000 r-xp 00000000 08:01 1058800    /lib/i386-linux-gnu/libnss_nis-2.17.so
b67ce000-b67cf000 r--p 00009000 08:01 1058800    /lib/i386-linux-gnu/libnss_nis-2.17.so
b67cf000-b67d0000 rw-p 0000a000 08:01 1058800    /lib/i386-linux-gnu/libnss_nis-2.17.so
b67d0000-b67e5000 r-xp 00000000 08:01 1058786    /lib/i386-linux-gnu/libnsl-2.17.so
b67e5000-b67e6000 r--p 00014000 08:01 1058786    /lib/i386-linux-gnu/libnsl-2.17.so
b67e6000-b67e7000 rw-p 00015000 08:01 1058786    /lib/i386-linux-gnu/libnsl-2.17.so
b67e7000-b67e9000 rw-p 00000000 00:00 0 
b67e9000-b67ec000 r--s 00034000 08:01 2106540    /usr/share/java/org-openide-util-lookup-7.0.jar
b67ec000-b67f3000 r--s 0007d000 08:01 2106542    /usr/share/java/org-openide-util-7.0.jar
b67f3000-b67f4000 r--s 00007000 08:01 2106544    /usr/share/java/org-openide-modules-7.0.jar
b67f4000-b67f7000 r--s 00045000 08:01 2499321    /usr/share/netbeans/platform13/lib/boot.jar
b67f7000-b67f8000 r--p 002c5000 08:01 1705354    /usr/lib/locale/locale-archive
b67f8000-b6800000 rw-s 00000000 08:01 4587573    /tmp/hsperfdata_prashantvaidyanathan/30381
b6800000-b68fd000 rw-p 00000000 00:00 0 
b68fd000-b6900000 ---p 00000000 00:00 0 
b6900000-b6923000 r-xp 00000000 08:01 3414513    /usr/lib/jvm/java-7-oracle/jre/lib/i386/libjava.so
b6923000-b6924000 rw-p 00022000 08:01 3414513    /usr/lib/jvm/java-7-oracle/jre/lib/i386/libjava.so
b6924000-b692b000 r-xp 00000000 08:01 1058799    /lib/i386-linux-gnu/librt-2.17.so
b692b000-b692c000 r--p 00006000 08:01 1058799    /lib/i386-linux-gnu/librt-2.17.so
b692c000-b692d000 rw-p 00007000 08:01 1058799    /lib/i386-linux-gnu/librt-2.17.so
b692d000-b6930000 ---p 00000000 00:00 0 
b6930000-b6b2e000 rw-p 00000000 00:00 0          [stack:30382]
b6b2e000-b6b6f000 r-xp 00000000 08:01 1058796    /lib/i386-linux-gnu/libm-2.17.so
b6b6f000-b6b70000 r--p 00040000 08:01 1058796    /lib/i386-linux-gnu/libm-2.17.so
b6b70000-b6b71000 rw-p 00041000 08:01 1058796    /lib/i386-linux-gnu/libm-2.17.so
b6b71000-b70f7000 r-xp 00000000 08:01 3414494    /usr/lib/jvm/java-7-oracle/jre/lib/i386/client/libjvm.so
b70f7000-b7118000 rw-p 00586000 08:01 3414494    /usr/lib/jvm/java-7-oracle/jre/lib/i386/client/libjvm.so
b7118000-b7539000 rw-p 00000000 00:00 0 
b7539000-b76e7000 r-xp 00000000 08:01 1058797    /lib/i386-linux-gnu/libc-2.17.so
b76e7000-b76e9000 r--p 001ae000 08:01 1058797    /lib/i386-linux-gnu/libc-2.17.so
b76e9000-b76ea000 rw-p 001b0000 08:01 1058797    /lib/i386-linux-gnu/libc-2.17.so
b76ea000-b76ed000 rw-p 00000000 00:00 0 
b76ed000-b76f0000 r-xp 00000000 08:01 1058802    /lib/i386-linux-gnu/libdl-2.17.so
b76f0000-b76f1000 r--p 00002000 08:01 1058802    /lib/i386-linux-gnu/libdl-2.17.so
b76f1000-b76f2000 rw-p 00003000 08:01 1058802    /lib/i386-linux-gnu/libdl-2.17.so
b76f2000-b76f3000 rw-p 00000000 00:00 0 
b76f3000-b7706000 r-xp 00000000 08:01 3413390    /usr/lib/jvm/java-7-oracle/lib/i386/jli/libjli.so
b7706000-b7707000 rw-p 00012000 08:01 3413390    /usr/lib/jvm/java-7-oracle/lib/i386/jli/libjli.so
b7707000-b771e000 r-xp 00000000 08:01 1058795    /lib/i386-linux-gnu/libpthread-2.17.so
b771e000-b771f000 r--p 00016000 08:01 1058795    /lib/i386-linux-gnu/libpthread-2.17.so
b771f000-b7720000 rw-p 00017000 08:01 1058795    /lib/i386-linux-gnu/libpthread-2.17.so
b7720000-b7722000 rw-p 00000000 00:00 0 
b7722000-b7729000 r-xp 00000000 08:01 1058790    /lib/i386-linux-gnu/libnss_compat-2.17.so
b7729000-b772a000 r--p 00006000 08:01 1058790    /lib/i386-linux-gnu/libnss_compat-2.17.so
b772a000-b772b000 rw-p 00007000 08:01 1058790    /lib/i386-linux-gnu/libnss_compat-2.17.so
b772b000-b772c000 rw-p 00000000 00:00 0 
b772c000-b772d000 r--p 00000000 00:00 0 
b772d000-b7738000 r-xp 00000000 08:01 3414510    /usr/lib/jvm/java-7-oracle/jre/lib/i386/libverify.so
b7738000-b7739000 rw-p 0000b000 08:01 3414510    /usr/lib/jvm/java-7-oracle/jre/lib/i386/libverify.so
b7739000-b773b000 rw-p 00000000 00:00 0 
b773b000-b773c000 r-xp 00000000 00:00 0          [vdso]
b773c000-b775c000 r-xp 00000000 08:01 1058798    /lib/i386-linux-gnu/ld-2.17.so
b775c000-b775d000 r--p 0001f000 08:01 1058798    /lib/i386-linux-gnu/ld-2.17.so
b775d000-b775e000 rw-p 00020000 08:01 1058798    /lib/i386-linux-gnu/ld-2.17.so
bfad1000-bfaf3000 rw-p 00000000 00:00 0          [stack]

VM Arguments:
jvm_args: -Djdk.home=/usr/lib/jvm/java-7-oracle -Djava.library.path=/usr/lib/jni -Dnetbeans.system_http_proxy=DIRECT -Dnetbeans.system_http_non_proxy_hosts= -Dnetbeans.dirs=/usr/share/netbeans/7.0.1/nb:/usr/share/netbeans/7.0.1/bin/../ergonomics:/usr/share/netbeans/7.0.1/ide:/usr/share/netbeans/7.0.1/java:/usr/share/netbeans/7.0.1/bin/../xml:/usr/share/netbeans/7.0.1/apisupport:/usr/share/netbeans/7.0.1/bin/../webcommon:/usr/share/netbeans/7.0.1/bin/../websvccommon:/usr/share/netbeans/7.0.1/bin/../enterprise:/usr/share/netbeans/7.0.1/bin/../mobility:/usr/share/netbeans/7.0.1/bin/../profiler:/usr/share/netbeans/7.0.1/bin/../ruby:/usr/share/netbeans/7.0.1/bin/../python:/usr/share/netbeans/7.0.1/bin/../php:/usr/share/netbeans/7.0.1/bin/../visualweb:/usr/share/netbeans/7.0.1/bin/../soa:/usr/share/netbeans/7.0.1/bin/../identity:/usr/share/netbeans/7.0.1/bin/../uml:/usr/share/netbeans/7.0.1/harness:/usr/share/netbeans/7.0.1/bin/../cnd:/usr/share/netbeans/7.0.1/bin/../dlight:/usr/share/netbeans/7.0.1/bin/../groovy:/usr/share/netbeans/7.0.1/bin/../extra:/usr/share/netbeans/7.0.1/bin/../javafx:/usr/share/netbeans/7.0.1/bin/../javacard: -Dnetbeans.home=/usr/share/netbeans/7.0.1/platform -Dnetbeans.importclass=org.netbeans.upgrade.AutoUpgrade -Dnetbeans.accept_license_class=org.netbeans.license.AcceptLicense -XX:MaxPermSize=384m -Xmx768m -Xss2m -Xms32m -XX:PermSize=32m -Dapple.laf.useScreenMenuBar=true -Dapple.awt.graphics.UseQuartz=true -Dsun.java2d.noddraw=true -Dsun.java2d.pmoffscreen=false 
java_command: org.netbeans.Main --userdir /home/prashantvaidyanathan/.netbeans/7.0 --branding nb
Launcher Type: SUN_STANDARD

Environment Variables:
PATH=/usr/lib/lightdm/lightdm:/usr/local/sbin:/usr/local/bin:/usr/sbin:/usr/bin:/sbin:/bin:/usr/games:/usr/local/games
SHELL=/bin/bash
DISPLAY=:0

Signal Handlers:
SIGSEGV: [libjvm.so+0x504580], sa_mask[0]=0x7ffbfeff, sa_flags=0x10000004
SIGBUS: [libjvm.so+0x504580], sa_mask[0]=0x7ffbfeff, sa_flags=0x10000004
SIGFPE: [libjvm.so+0x3fc670], sa_mask[0]=0x7ffbfeff, sa_flags=0x10000004
SIGPIPE: SIG_IGN, sa_mask[0]=0x00001000, sa_flags=0x10000000
SIGXFSZ: [libjvm.so+0x3fc670], sa_mask[0]=0x7ffbfeff, sa_flags=0x10000004
SIGILL: [libjvm.so+0x3fc670], sa_mask[0]=0x7ffbfeff, sa_flags=0x10000004
SIGUSR1: SIG_DFL, sa_mask[0]=0x00000000, sa_flags=0x00000000
SIGUSR2: [libjvm.so+0x3fdb60], sa_mask[0]=0x00000000, sa_flags=0x10000004
SIGHUP: [libjvm.so+0x3fecb0], sa_mask[0]=0x7ffbfeff, sa_flags=0x10000004
SIGINT: SIG_IGN, sa_mask[0]=0x00000000, sa_flags=0x00000000
SIGTERM: [libjvm.so+0x3fecb0], sa_mask[0]=0x7ffbfeff, sa_flags=0x10000004
SIGQUIT: [libjvm.so+0x3fecb0], sa_mask[0]=0x7ffbfeff, sa_flags=0x10000004


---------------  S Y S T E M  ---------------

OS:wheezy/sid

uname:Linux 3.8.0-32-generic #47-Ubuntu SMP Tue Oct 1 21:36:40 UTC 2013 i686
libc:glibc 2.17 NPTL 2.17 
rlimit: STACK 8192k, CORE 0k, NPROC 40256, NOFILE 4096, AS infinity
load average:6.32 2.16 0.84

/proc/meminfo:
MemTotal:        5169340 kB
MemFree:         3356236 kB
Buffers:          284948 kB
Cached:           922484 kB
SwapCached:            0 kB
Active:          1005032 kB
Inactive:         679540 kB
Active(anon):     478016 kB
Inactive(anon):    41172 kB
Active(file):     527016 kB
Inactive(file):   638368 kB
Unevictable:          32 kB
Mlocked:              32 kB
HighTotal:       4329352 kB
HighFree:        2900996 kB
LowTotal:         839988 kB
LowFree:          455240 kB
SwapTotal:       3176444 kB
SwapFree:        3176444 kB
Dirty:              1252 kB
Writeback:             0 kB
AnonPages:        477372 kB
Mapped:           156968 kB
Shmem:             41988 kB
Slab:              89152 kB
SReclaimable:      73456 kB
SUnreclaim:        15696 kB
KernelStack:        3576 kB
PageTables:         8480 kB
NFS_Unstable:          0 kB
Bounce:                0 kB
WritebackTmp:          0 kB
CommitLimit:     5761112 kB
Committed_AS:    3375504 kB
VmallocTotal:     122880 kB
VmallocUsed:       22572 kB
VmallocChunk:      97816 kB
HardwareCorrupted:     0 kB
AnonHugePages:         0 kB
HugePages_Total:       0
HugePages_Free:        0
HugePages_Rsvd:        0
HugePages_Surp:        0
Hugepagesize:       2048 kB
DirectMap4k:       10232 kB
DirectMap2M:      903168 kB


CPU:total 2 (1 cores per cpu, 1 threads per core) family 6 model 58 stepping 9, cmov, cx8, fxsr, mmx, sse, sse2, sse3, ssse3, sse4.1, sse4.2, popcnt, avx, aes, erms, tsc, tscinvbit, tscinv

/proc/cpuinfo:
processor	: 0
vendor_id	: GenuineIntel
cpu family	: 6
model		: 58
model name	: Intel(R) Core(TM) i7-3610QM CPU @ 2.30GHz
stepping	: 9
microcode	: 0x12
cpu MHz		: 2294.829
cache size	: 6144 KB
fdiv_bug	: no
hlt_bug		: no
f00f_bug	: no
coma_bug	: no
fpu		: yes
fpu_exception	: yes
cpuid level	: 13
wp		: yes
flags		: fpu vme de pse tsc msr pae mce cx8 apic sep mtrr pge mca cmov pat pse36 clflush dts mmx fxsr sse sse2 ss nx rdtscp constant_tsc arch_perfmon pebs bts xtopology tsc_reliable nonstop_tsc aperfmperf eagerfpu pni pclmulqdq ssse3 pcid sse4_1 sse4_2 x2apic popcnt aes xsave avx f16c rdrand hypervisor ida arat epb xsaveopt pln pts dtherm fsgsbase smep
bogomips	: 4589.65
clflush size	: 64
cache_alignment	: 64
address sizes	: 40 bits physical, 48 bits virtual
power management:

processor	: 1
vendor_id	: GenuineIntel
cpu family	: 6
model		: 58
model name	: Intel(R) Core(TM) i7-3610QM CPU @ 2.30GHz
stepping	: 9
microcode	: 0x12
cpu MHz		: 2294.829
cache size	: 6144 KB
fdiv_bug	: no
hlt_bug		: no
f00f_bug	: no
coma_bug	: no
fpu		: yes
fpu_exception	: yes
cpuid level	: 13
wp		: yes
flags		: fpu vme de pse tsc msr pae mce cx8 apic sep mtrr pge mca cmov pat pse36 clflush dts mmx fxsr sse sse2 ss nx rdtscp constant_tsc arch_perfmon pebs bts xtopology tsc_reliable nonstop_tsc aperfmperf eagerfpu pni pclmulqdq ssse3 pcid sse4_1 sse4_2 x2apic popcnt aes xsave avx f16c rdrand hypervisor ida arat epb xsaveopt pln pts dtherm fsgsbase smep
bogomips	: 4589.65
clflush size	: 64
cache_alignment	: 64
address sizes	: 40 bits physical, 48 bits virtual
power management:



Memory: 4k page, physical 5169340k(3355988k free), swap 3176444k(3176444k free)

vm_info: Java HotSpot(TM) Client VM (24.45-b08) for linux-x86 JRE (1.7.0_45-b18), built on Oct  8 2013 05:47:36 by "java_re" with gcc 4.3.0 20080428 (Red Hat 4.3.0-8)

time: Wed Dec  4 16:22:31 2013
elapsed time: 3 seconds

