#
# A fatal error has been detected by the Java Runtime Environment:
#
#  SIGSEGV (0xb) at pc=0x6820124c, pid=30076, tid=1785674560
#
# JRE version: Java(TM) SE Runtime Environment (7.0_45-b18) (build 1.7.0_45-b18)
# Java VM: Java HotSpot(TM) Client VM (24.45-b08 mixed mode linux-x86 )
# Problematic frame:
# C  [libfontconfig.so.1+0x1724c]  FcFontRenderPrepare+0x3bc
#
# Failed to write core dump. Core dumps have been disabled. To enable core dumping, try "ulimit -c unlimited" before starting Java again
#
# If you would like to submit a bug report, please visit:
#   http://bugreport.sun.com/bugreport/crash.jsp
#

---------------  T H R E A D  ---------------

Current thread is native thread

siginfo:si_signo=SIGSEGV: si_errno=0, si_code=1 (SEGV_MAPERR), si_addr=0x00000003

Registers:
EAX=0xb773ad86, EBX=0xb774c000, ECX=0x6a6f3b40, EDX=0x682011e0
ESP=0x6a6f3334, EBP=0x00000003, ESI=0x6a6f3be8, EDI=0xb774c19c
EIP=0x6820124c, EFLAGS=0x00010202, CR2=0x00000003

Top of Stack: (sp=0x6a6f3334)
0x6a6f3334:   b774c000 6a6f007b 00000000 6a6f3468
0x6a6f3344:   b773ad86 00000000 b6f9fafe 00000000
0x6a6f3354:   00000000 b774c180 00000004 00000000
0x6a6f3364:   00000000 b773aad9 b774c000 00000000
0x6a6f3374:   00000000 6a6f3468 b773ad86 6a6f33a4
0x6a6f3384:   00000000 00000000 00000000 00000000
0x6a6f3394:   00000000 00000000 6a6f3468 b773ad86
0x6a6f33a4:   b774c000 00000000 003d0f00 6a6f3468 

Instructions: (pc=0x6820124c)
0x6820122c:   8b 44 24 64 c7 44 24 14 00 00 00 00 89 44 24 08
0x6820123c:   8b 44 24 68 89 44 24 0c 8b 44 24 6c 89 44 24 10
0x6820124c:   8b 45 00 89 44 24 04 8b 44 24 38 89 04 24 e8 71
0x6820125c:   45 00 00 e9 f7 fd ff ff 8d 74 26 00 8b 44 24 2c 

Register to memory mapping:

EAX=0xb773ad86: <offset 0x6d86> in /lib/i386-linux-gnu/libpthread.so.0 at 0xb7734000
EBX=0xb774c000: <offset 0x18000> in /lib/i386-linux-gnu/libpthread.so.0 at 0xb7734000
ECX=0x6a6f3b40 is an unknown value
EDX=0x682011e0: FcFontRenderPrepare+0x350 in /usr/lib/i386-linux-gnu/libfontconfig.so.1 at 0x681ea000
ESP=0x6a6f3334 is an unknown value
EBP=0x00000003 is an unknown value
ESI=0x6a6f3be8 is an unknown value
EDI=0xb774c19c: <offset 0x1819c> in /lib/i386-linux-gnu/libpthread.so.0 at 0xb7734000


Stack: [0x6a4f3000,0x6a6f4000],  sp=0x6a6f3334,  free space=2048k
Native frames: (J=compiled Java code, j=interpreted, Vv=VM code, C=native code)
C  [libfontconfig.so.1+0x1724c]  FcFontRenderPrepare+0x3bc


---------------  P R O C E S S  ---------------

VM state:not at safepoint (normal execution)

VM Mutex/Monitor currently owned by a thread: None

Heap
 def new generation   total 9792K, used 3999K [0x6c740000, 0x6d1e0000, 0x7c740000)
  eden space 8704K,  39% used [0x6c740000, 0x6caa3918, 0x6cfc0000)
  from space 1088K,  48% used [0x6d0d0000, 0x6d154658, 0x6d1e0000)
  to   space 1088K,   0% used [0x6cfc0000, 0x6cfc0000, 0x6d0d0000)
 tenured generation   total 21888K, used 12709K [0x7c740000, 0x7dca0000, 0x9c740000)
   the space 21888K,  58% used [0x7c740000, 0x7d3a9648, 0x7d3a9800, 0x7dca0000)
 compacting perm gen  total 32768K, used 17454K [0x9c740000, 0x9e740000, 0xb4740000)
   the space 32768K,  53% used [0x9c740000, 0x9d84b820, 0x9d84ba00, 0x9e740000)
No shared spaces configured.

Card table byte_map: [0x6c4ff000,0x6c740000] byte_map_base: 0x6c19b600

Polling page: 0xb7759000

Code Cache  [0xb47c2000, 0xb4a62000, 0xb67c2000)
 total_blobs=1467 nmethods=1205 adapters=197 free_code_cache=30111Kb largest_free_block=30831680

Compilation events (10 events):
Event: 4.103 Thread 0xb686e400 1230  s          java.util.Hashtable::containsKey (66 bytes)
Event: 4.104 Thread 0xb686e400 nmethod 1230 0xb4a57f08 code [0xb4a58050, 0xb4a58338]
Event: 4.106 Thread 0xb686e400 1231             org.openide.util.lookup.InheritanceTree::retainAllClasses (221 bytes)
Event: 4.106 Thread 0xb686e400 nmethod 1231 0xb4a58508 code [0xb4a586e0, 0xb4a58af0]
Event: 4.107 Thread 0xb686e400 1232   !         java.lang.SecurityManager::checkPackageAccess (156 bytes)
Event: 4.107 Thread 0xb686e400 nmethod 1232 0xb4a58fc8 code [0xb4a59210, 0xb4a599fc]
Event: 4.108 Thread 0xb686e400 1233             com.sun.org.apache.xerces.internal.impl.XMLEntityManager$RewindableInputStream::read (144 bytes)
Event: 4.108 Thread 0xb686e400 nmethod 1233 0xb4a5a0c8 code [0xb4a5a200, 0xb4a5a498]
Event: 4.109 Thread 0xb686e400 1234             java.util.AbstractSequentialList::<init> (5 bytes)
Event: 4.109 Thread 0xb686e400 nmethod 1234 0xb4a5a648 code [0xb4a5a740, 0xb4a5a7c0]

GC Heap History (10 events):
Event: 3.107 GC heap before
{Heap before GC invocations=8 (full 0):
 def new generation   total 9792K, used 9786K [0x6c740000, 0x6d1e0000, 0x7c740000)
  eden space 8704K,  99% used [0x6c740000, 0x6cfbe8c8, 0x6cfc0000)
  from space 1088K, 100% used [0x6cfc0000, 0x6d0d0000, 0x6d0d0000)
  to   space 1088K,   0% used [0x6d0d0000, 0x6d0d0000, 0x6d1e0000)
 tenured generation   total 21888K, used 7964K [0x7c740000, 0x7dca0000, 0x9c740000)
   the space 21888K,  36% used [0x7c740000, 0x7cf07100, 0x7cf07200, 0x7dca0000)
 compacting perm gen  total 32768K, used 14043K [0x9c740000, 0x9e740000, 0xb4740000)
   the space 32768K,  42% used [0x9c740000, 0x9d4f6f18, 0x9d4f7000, 0x9e740000)
No shared spaces configured.
Event: 3.118 GC heap after
Heap after GC invocations=9 (full 0):
 def new generation   total 9792K, used 757K [0x6c740000, 0x6d1e0000, 0x7c740000)
  eden space 8704K,   0% used [0x6c740000, 0x6c740000, 0x6cfc0000)
  from space 1088K,  69% used [0x6d0d0000, 0x6d18d6f8, 0x6d1e0000)
  to   space 1088K,   0% used [0x6cfc0000, 0x6cfc0000, 0x6d0d0000)
 tenured generation   total 21888K, used 9033K [0x7c740000, 0x7dca0000, 0x9c740000)
   the space 21888K,  41% used [0x7c740000, 0x7d0127d0, 0x7d012800, 0x7dca0000)
 compacting perm gen  total 32768K, used 14043K [0x9c740000, 0x9e740000, 0xb4740000)
   the space 32768K,  42% used [0x9c740000, 0x9d4f6f18, 0x9d4f7000, 0x9e740000)
No shared spaces configured.
}
Event: 3.631 GC heap before
{Heap before GC invocations=9 (full 0):
 def new generation   total 9792K, used 9461K [0x6c740000, 0x6d1e0000, 0x7c740000)
  eden space 8704K,  99% used [0x6c740000, 0x6cfbfff0, 0x6cfc0000)
  from space 1088K,  69% used [0x6d0d0000, 0x6d18d6f8, 0x6d1e0000)
  to   space 1088K,   0% used [0x6cfc0000, 0x6cfc0000, 0x6d0d0000)
 tenured generation   total 21888K, used 9033K [0x7c740000, 0x7dca0000, 0x9c740000)
   the space 21888K,  41% used [0x7c740000, 0x7d0127d0, 0x7d012800, 0x7dca0000)
 compacting perm gen  total 32768K, used 15548K [0x9c740000, 0x9e740000, 0xb4740000)
   the space 32768K,  47% used [0x9c740000, 0x9d66f178, 0x9d66f200, 0x9e740000)
No shared spaces configured.
Event: 3.643 GC heap after
Heap after GC invocations=10 (full 0):
 def new generation   total 9792K, used 1088K [0x6c740000, 0x6d1e0000, 0x7c740000)
  eden space 8704K,   0% used [0x6c740000, 0x6c740000, 0x6cfc0000)
  from space 1088K, 100% used [0x6cfc0000, 0x6d0d0000, 0x6d0d0000)
  to   space 1088K,   0% used [0x6d0d0000, 0x6d0d0000, 0x6d1e0000)
 tenured generation   total 21888K, used 10058K [0x7c740000, 0x7dca0000, 0x9c740000)
   the space 21888K,  45% used [0x7c740000, 0x7d1128c8, 0x7d112a00, 0x7dca0000)
 compacting perm gen  total 32768K, used 15548K [0x9c740000, 0x9e740000, 0xb4740000)
   the space 32768K,  47% used [0x9c740000, 0x9d66f178, 0x9d66f200, 0x9e740000)
No shared spaces configured.
}
Event: 3.856 GC heap before
{Heap before GC invocations=10 (full 0):
 def new generation   total 9792K, used 9792K [0x6c740000, 0x6d1e0000, 0x7c740000)
  eden space 8704K, 100% used [0x6c740000, 0x6cfc0000, 0x6cfc0000)
  from space 1088K, 100% used [0x6cfc0000, 0x6d0d0000, 0x6d0d0000)
  to   space 1088K,   0% used [0x6d0d0000, 0x6d0d0000, 0x6d1e0000)
 tenured generation   total 21888K, used 10058K [0x7c740000, 0x7dca0000, 0x9c740000)
   the space 21888K,  45% used [0x7c740000, 0x7d1128c8, 0x7d112a00, 0x7dca0000)
 compacting perm gen  total 32768K, used 16466K [0x9c740000, 0x9e740000, 0xb4740000)
   the space 32768K,  50% used [0x9c740000, 0x9d754a40, 0x9d754c00, 0x9e740000)
No shared spaces configured.
Event: 3.868 GC heap after
Heap after GC invocations=11 (full 0):
 def new generation   total 9792K, used 948K [0x6c740000, 0x6d1e0000, 0x7c740000)
  eden space 8704K,   0% used [0x6c740000, 0x6c740000, 0x6cfc0000)
  from space 1088K,  87% used [0x6d0d0000, 0x6d1bd328, 0x6d1e0000)
  to   space 1088K,   0% used [0x6cfc0000, 0x6cfc0000, 0x6d0d0000)
 tenured generation   total 21888K, used 11135K [0x7c740000, 0x7dca0000, 0x9c740000)
   the space 21888K,  50% used [0x7c740000, 0x7d21fd00, 0x7d21fe00, 0x7dca0000)
 compacting perm gen  total 32768K, used 16466K [0x9c740000, 0x9e740000, 0xb4740000)
   the space 32768K,  50% used [0x9c740000, 0x9d754a40, 0x9d754c00, 0x9e740000)
No shared spaces configured.
}
Event: 3.968 GC heap before
{Heap before GC invocations=11 (full 0):
 def new generation   total 9792K, used 9652K [0x6c740000, 0x6d1e0000, 0x7c740000)
  eden space 8704K, 100% used [0x6c740000, 0x6cfc0000, 0x6cfc0000)
  from space 1088K,  87% used [0x6d0d0000, 0x6d1bd328, 0x6d1e0000)
  to   space 1088K,   0% used [0x6cfc0000, 0x6cfc0000, 0x6d0d0000)
 tenured generation   total 21888K, used 11135K [0x7c740000, 0x7dca0000, 0x9c740000)
   the space 21888K,  50% used [0x7c740000, 0x7d21fd00, 0x7d21fe00, 0x7dca0000)
 compacting perm gen  total 32768K, used 16758K [0x9c740000, 0x9e740000, 0xb4740000)
   the space 32768K,  51% used [0x9c740000, 0x9d79d838, 0x9d79da00, 0x9e740000)
No shared spaces configured.
Event: 3.978 GC heap after
Heap after GC invocations=12 (full 0):
 def new generation   total 9792K, used 755K [0x6c740000, 0x6d1e0000, 0x7c740000)
  eden space 8704K,   0% used [0x6c740000, 0x6c740000, 0x6cfc0000)
  from space 1088K,  69% used [0x6cfc0000, 0x6d07cd48, 0x6d0d0000)
  to   space 1088K,   0% used [0x6d0d0000, 0x6d0d0000, 0x6d1e0000)
 tenured generation   total 21888K, used 12010K [0x7c740000, 0x7dca0000, 0x9c740000)
   the space 21888K,  54% used [0x7c740000, 0x7d2fabf8, 0x7d2fac00, 0x7dca0000)
 compacting perm gen  total 32768K, used 16758K [0x9c740000, 0x9e740000, 0xb4740000)
   the space 32768K,  51% used [0x9c740000, 0x9d79d838, 0x9d79da00, 0x9e740000)
No shared spaces configured.
}
Event: 4.060 GC heap before
{Heap before GC invocations=12 (full 0):
 def new generation   total 9792K, used 9459K [0x6c740000, 0x6d1e0000, 0x7c740000)
  eden space 8704K, 100% used [0x6c740000, 0x6cfc0000, 0x6cfc0000)
  from space 1088K,  69% used [0x6cfc0000, 0x6d07cd48, 0x6d0d0000)
  to   space 1088K,   0% used [0x6d0d0000, 0x6d0d0000, 0x6d1e0000)
 tenured generation   total 21888K, used 12010K [0x7c740000, 0x7dca0000, 0x9c740000)
   the space 21888K,  54% used [0x7c740000, 0x7d2fabf8, 0x7d2fac00, 0x7dca0000)
 compacting perm gen  total 32768K, used 16999K [0x9c740000, 0x9e740000, 0xb4740000)
   the space 32768K,  51% used [0x9c740000, 0x9d7d9d48, 0x9d7d9e00, 0x9e740000)
No shared spaces configured.
Event: 4.067 GC heap after
Heap after GC invocations=13 (full 0):
 def new generation   total 9792K, used 529K [0x6c740000, 0x6d1e0000, 0x7c740000)
  eden space 8704K,   0% used [0x6c740000, 0x6c740000, 0x6cfc0000)
  from space 1088K,  48% used [0x6d0d0000, 0x6d154658, 0x6d1e0000)
  to   space 1088K,   0% used [0x6cfc0000, 0x6cfc0000, 0x6d0d0000)
 tenured generation   total 21888K, used 12709K [0x7c740000, 0x7dca0000, 0x9c740000)
   the space 21888K,  58% used [0x7c740000, 0x7d3a9648, 0x7d3a9800, 0x7dca0000)
 compacting perm gen  total 32768K, used 16999K [0x9c740000, 0x9e740000, 0xb4740000)
   the space 32768K,  51% used [0x9c740000, 0x9d7d9d48, 0x9d7d9e00, 0x9e740000)
No shared spaces configured.
}

Deoptimization events (0 events):
No events

Internal exceptions (10 events):
Event: 4.055 Thread 0x6bb51c00 Threw 0x6cf5e2b8 at /HUDSON/workspace/7u-2-build-linux-i586/jdk7u45/229/hotspot/src/share/vm/prims/jvm.cpp:1244
Event: 4.055 Thread 0x6bb51c00 Threw 0x6cf5ee90 at /HUDSON/workspace/7u-2-build-linux-i586/jdk7u45/229/hotspot/src/share/vm/prims/jvm.cpp:1244
Event: 4.078 Thread 0x6bba8000 Threw 0x6c7b3658 at /HUDSON/workspace/7u-2-build-linux-i586/jdk7u45/229/hotspot/src/share/vm/prims/jvm.cpp:1244
Event: 4.085 Thread 0x6ad39400 Threw 0x6c7e2288 at /HUDSON/workspace/7u-2-build-linux-i586/jdk7u45/229/hotspot/src/share/vm/prims/jni.cpp:717
Event: 4.086 Thread 0x6ad39400 Threw 0x6c7e5f40 at /HUDSON/workspace/7u-2-build-linux-i586/jdk7u45/229/hotspot/src/share/vm/prims/jvm.cpp:1244
Event: 4.087 Thread 0x6ad39400 Threw 0x6c825850 at /HUDSON/workspace/7u-2-build-linux-i586/jdk7u45/229/hotspot/src/share/vm/prims/jvm.cpp:1244
Event: 4.094 Thread 0x6ad39400 Threw 0x6c8a61e8 at /HUDSON/workspace/7u-2-build-linux-i586/jdk7u45/229/hotspot/src/share/vm/prims/jvm.cpp:1244
Event: 4.105 Thread 0x6ad39400 Threw 0x6c9f14d8 at /HUDSON/workspace/7u-2-build-linux-i586/jdk7u45/229/hotspot/src/share/vm/prims/jvm.cpp:1244
Event: 4.105 Thread 0x6ad39400 Threw 0x6c9f2400 at /HUDSON/workspace/7u-2-build-linux-i586/jdk7u45/229/hotspot/src/share/vm/prims/jvm.cpp:1244
Event: 4.109 Thread 0x6ad39400 Threw 0x6ca2c108 at /HUDSON/workspace/7u-2-build-linux-i586/jdk7u45/229/hotspot/src/share/vm/prims/jvm.cpp:1244

Events (10 events):
Event: 4.108 loading class 0x6901aca0
Event: 4.108 loading class 0x6901aca0 done
Event: 4.108 loading class 0x6bf033d0
Event: 4.108 loading class 0x6bf033d0 done
Event: 4.108 loading class 0x6ad26218
Event: 4.108 loading class 0x6ad26218 done
Event: 4.109 Thread 0x6426d800 Thread added: 0x6426d800
Event: 4.109 Thread 0x6ad39400 Thread exited: 0x6ad39400
Event: 4.109 Thread 0xb6808800 Thread exited: 0xb6808800
Event: 4.110 Thread 0xb6808800 Thread added: 0xb6808800


Dynamic libraries:
08048000-08049000 r-xp 00000000 08:01 3414729    /usr/lib/jvm/java-7-oracle/bin/java
08049000-0804a000 rw-p 00000000 08:01 3414729    /usr/lib/jvm/java-7-oracle/bin/java
09d40000-09d61000 rw-p 00000000 00:00 0          [heap]
637fd000-639fe000 rw-p 00000000 00:00 0          [stack:30106]
639fe000-63a01000 ---p 00000000 00:00 0 
63a01000-63bff000 rw-p 00000000 00:00 0          [stack:30105]
63bff000-63c02000 ---p 00000000 00:00 0 
63c02000-63e00000 rw-p 00000000 00:00 0          [stack:30104]
63e00000-63e71000 rw-p 00000000 00:00 0 
63e71000-63f00000 ---p 00000000 00:00 0 
63fff000-64002000 ---p 00000000 00:00 0 
64002000-64200000 rw-p 00000000 00:00 0          [stack:30103]
64200000-642d2000 rw-p 00000000 00:00 0 
642d2000-64300000 ---p 00000000 00:00 0 
643fd000-64400000 ---p 00000000 00:00 0 
64400000-645fe000 rw-p 00000000 00:00 0          [stack:30102]
645fe000-64601000 ---p 00000000 00:00 0 
64601000-647ff000 rw-p 00000000 00:00 0          [stack:30101]
647ff000-64802000 ---p 00000000 00:00 0 
64802000-64a00000 rw-p 00000000 00:00 0          [stack:30100]
64a00000-64afe000 rw-p 00000000 00:00 0 
64afe000-64b00000 ---p 00000000 00:00 0 
64bfc000-64bff000 ---p 00000000 00:00 0 
64bff000-64dfd000 rw-p 00000000 00:00 0          [stack:30099]
64dfd000-64dfe000 ---p 00000000 00:00 0 
64dfe000-655fe000 rw-p 00000000 00:00 0          [stack:30098]
655fe000-65618000 r-xp 00000000 08:01 1703972    /usr/lib/i386-linux-gnu/libdbusmenu-glib.so.4.0.12
65618000-65619000 ---p 0001a000 08:01 1703972    /usr/lib/i386-linux-gnu/libdbusmenu-glib.so.4.0.12
65619000-6561a000 r--p 0001a000 08:01 1703972    /usr/lib/i386-linux-gnu/libdbusmenu-glib.so.4.0.12
6561a000-6561b000 rw-p 0001b000 08:01 1703972    /usr/lib/i386-linux-gnu/libdbusmenu-glib.so.4.0.12
6561b000-6562c000 r-xp 00000000 08:01 1704635    /usr/lib/i386-linux-gnu/libdbusmenu-gtk.so.4.0.12
6562c000-6562d000 r--p 00010000 08:01 1704635    /usr/lib/i386-linux-gnu/libdbusmenu-gtk.so.4.0.12
6562d000-6562e000 rw-p 00011000 08:01 1704635    /usr/lib/i386-linux-gnu/libdbusmenu-gtk.so.4.0.12
65645000-65655000 r-xp 00000000 08:01 1056324    /lib/i386-linux-gnu/libudev.so.1.2.2
65655000-65656000 r--p 0000f000 08:01 1056324    /lib/i386-linux-gnu/libudev.so.1.2.2
65656000-65657000 rw-p 00010000 08:01 1056324    /lib/i386-linux-gnu/libudev.so.1.2.2
65657000-65689000 r-xp 00000000 08:01 1708515    /usr/lib/i386-linux-gnu/gvfs/libgvfscommon.so
65689000-6568a000 ---p 00032000 08:01 1708515    /usr/lib/i386-linux-gnu/gvfs/libgvfscommon.so
6568a000-6568c000 r--p 00032000 08:01 1708515    /usr/lib/i386-linux-gnu/gvfs/libgvfscommon.so
6568c000-6568d000 rw-p 00034000 08:01 1708515    /usr/lib/i386-linux-gnu/gvfs/libgvfscommon.so
6568d000-656bd000 r-xp 00000000 08:01 1704717    /usr/lib/i386-linux-gnu/gio/modules/libgvfsdbus.so
656bd000-656be000 r--p 0002f000 08:01 1704717    /usr/lib/i386-linux-gnu/gio/modules/libgvfsdbus.so
656be000-656bf000 rw-p 00030000 08:01 1704717    /usr/lib/i386-linux-gnu/gio/modules/libgvfsdbus.so
656bf000-65702000 r-xp 00000000 08:01 1708607    /usr/lib/i386-linux-gnu/libibus-1.0.so.0.402.0
65702000-65703000 r--p 00043000 08:01 1708607    /usr/lib/i386-linux-gnu/libibus-1.0.so.0.402.0
65703000-65704000 rw-p 00044000 08:01 1708607    /usr/lib/i386-linux-gnu/libibus-1.0.so.0.402.0
65707000-65711000 r--s 00250000 08:01 3414474    /usr/lib/jvm/java-7-oracle/jre/lib/resources.jar
65711000-65714000 r--s 0001d000 08:01 2499261    /usr/share/netbeans/platform13/modules/org-openide-windows.jar
65714000-65719000 r-xp 00000000 08:01 1704638    /usr/lib/i386-linux-gnu/gtk-2.0/2.10.0/menuproxies/libappmenu.so
65719000-6571a000 r--p 00004000 08:01 1704638    /usr/lib/i386-linux-gnu/gtk-2.0/2.10.0/menuproxies/libappmenu.so
6571a000-6571b000 rw-p 00005000 08:01 1704638    /usr/lib/i386-linux-gnu/gtk-2.0/2.10.0/menuproxies/libappmenu.so
6571b000-65721000 r-xp 00000000 08:01 1704480    /usr/lib/i386-linux-gnu/gtk-2.0/2.10.0/immodules/im-ibus.so
65721000-65722000 r--p 00005000 08:01 1704480    /usr/lib/i386-linux-gnu/gtk-2.0/2.10.0/immodules/im-ibus.so
65722000-65723000 rw-p 00006000 08:01 1704480    /usr/lib/i386-linux-gnu/gtk-2.0/2.10.0/immodules/im-ibus.so
65723000-65775000 r--p 00000000 08:01 2624493    /usr/share/fonts/truetype/ttf-dejavu/DejaVuSansMono.ttf
65775000-657cc000 r--p 00000000 08:01 2623724    /usr/share/fonts/truetype/ubuntu-font-family/Ubuntu-R.ttf
657cc000-657ce000 r-xp 00000000 08:01 1712413    /usr/lib/i386-linux-gnu/pango/1.8.0/modules/pango-basic-fc.so
657ce000-657cf000 r--p 00002000 08:01 1712413    /usr/lib/i386-linux-gnu/pango/1.8.0/modules/pango-basic-fc.so
657cf000-657d0000 rw-p 00003000 08:01 1712413    /usr/lib/i386-linux-gnu/pango/1.8.0/modules/pango-basic-fc.so
657d0000-657d1000 r--s 00000000 08:01 2370925    /var/cache/fontconfig/c05880de57d1f5e948fdfacc138775d9-le32d4.cache-3
657d1000-657d7000 r--s 00000000 08:01 2363768    /var/cache/fontconfig/945677eb7aeaf62f1d50efc3fb3ec7d8-le32d4.cache-3
657d7000-657d9000 r--s 00000000 08:01 2363067    /var/cache/fontconfig/99e8ed0e538f840c565b6ed5dad60d56-le32d4.cache-3
657d9000-657dc000 r--s 00000000 08:01 2370922    /var/cache/fontconfig/2cd17615ca594fa2959ae173292e504c-le32d4.cache-3
657dc000-657dd000 r--s 00000000 08:01 2370921    /var/cache/fontconfig/e7071f4a29fa870f4323321c154eba04-le32d4.cache-3
657dd000-657de000 r--s 00000000 08:01 2370920    /var/cache/fontconfig/617957603a337376ca8784972c6029f5-le32d4.cache-3
657de000-657df000 r--s 00000000 08:01 2370919    /var/cache/fontconfig/0d8c3b2ac0904cb8a57a757ad11a4a08-le32d4.cache-3
657df000-657e3000 r--s 00000000 08:01 2370918    /var/cache/fontconfig/a755afe4a08bf5b97852ceb7400b47bc-le32d4.cache-3
657e3000-657ea000 r--s 00000000 08:01 2362230    /var/cache/fontconfig/6d41288fd70b0be22e8c3a91e032eec0-le32d4.cache-3
657ea000-657f5000 r--s 00000000 08:01 2360047    /var/cache/fontconfig/04aabc0a78ac019cf9454389977116d2-le32d4.cache-3
657f5000-657f6000 r--s 00000000 08:01 2370915    /var/cache/fontconfig/1ac9eb803944fde146138c791f5cc56a-le32d4.cache-3
657f6000-657f7000 r--s 00000000 08:01 2370914    /var/cache/fontconfig/b95bc8ffbebda2bbdae4265e45b8178d-le32d4.cache-3
657f7000-657fa000 r--s 00000000 08:01 2364859    /var/cache/fontconfig/385c0604a188198f04d133e54aba7fe7-le32d4.cache-3
657fa000-657fb000 r--s 00000000 08:01 2370912    /var/cache/fontconfig/9c956a7723ca69a44b382d9179c9802f-le32d4.cache-3
657fb000-657fc000 r--s 00000000 08:01 2370911    /var/cache/fontconfig/dc05db6664285cc2f12bf69c139ae4c3-le32d4.cache-3
657fc000-657fd000 r--s 00000000 08:01 2370910    /var/cache/fontconfig/5d1cca7074f29429a8d18692746c2426-le32d4.cache-3
657fd000-657ff000 r--s 00000000 08:01 2370909    /var/cache/fontconfig/767a8244fc0220cfb567a839d0392e0b-le32d4.cache-3
657ff000-65800000 r--s 00000000 08:01 2360624    /var/cache/fontconfig/4794a0821666d79190d59a36cb4f44b5-le32d4.cache-3
65800000-65801000 r--s 00000000 08:01 2370907    /var/cache/fontconfig/9eae20f1ff8cc0a7d125749e875856bd-le32d4.cache-3
65801000-65803000 r--s 00000000 08:01 2370906    /var/cache/fontconfig/bf2c1853a9e9b00bb02fe2e9bcf1e201-le32d4.cache-3
65803000-65806000 r--s 00000000 08:01 2364865    /var/cache/fontconfig/8801497958630a81b71ace7c5f9b32a8-le32d4.cache-3
65806000-6580a000 r--s 00000000 08:01 2370904    /var/cache/fontconfig/3047814df9a2f067bd2d96a2b9c36e5a-le32d4.cache-3
6580a000-6580b000 r--s 00000000 08:01 2370903    /var/cache/fontconfig/56cf4f4769d0f4abc89a4895d7bd3ae1-le32d4.cache-3
6580b000-6580c000 r--s 00000000 08:01 2370902    /var/cache/fontconfig/b9d506c9ac06c20b433354fa67a72993-le32d4.cache-3
6580c000-65810000 r--s 00000000 08:01 2360364    /var/cache/fontconfig/b47c4e1ecd0709278f4910c18777a504-le32d4.cache-3
65810000-65812000 r--s 00000000 08:01 2360363    /var/cache/fontconfig/14d493b97896515cad3840ba4896e372-le32d4.cache-3
65812000-65813000 r--s 00000000 08:01 2370899    /var/cache/fontconfig/89034621ae2a8922916bb6bfa5799546-le32d4.cache-3
65813000-65815000 r--s 00000000 08:01 2370898    /var/cache/fontconfig/e49e89034d371f0f9de17aab02136486-le32d4.cache-3
65815000-65816000 r--s 00000000 08:01 2370897    /var/cache/fontconfig/4b14b093aebc79c320de5e86ae1d3314-le32d4.cache-3
65816000-65817000 r--s 00000000 08:01 2370896    /var/cache/fontconfig/8aec10f4cc8391dcef22ca549f1e4354-le32d4.cache-3
65817000-65824000 r--s 00000000 08:01 2363743    /var/cache/fontconfig/d52a8644073d54c13679302ca1180695-le32d4.cache-3
65824000-6582a000 r--s 00000000 08:01 2360362    /var/cache/fontconfig/3f7329c5293ffd510edef78f73874cfd-le32d4.cache-3
6582a000-6582b000 r--s 00000000 08:01 2363773    /var/cache/fontconfig/ac2cf712d852da827a87a9baf682f5b9-le32d4.cache-3
6582b000-6582d000 r--s 00000000 08:01 2363764    /var/cache/fontconfig/65f976e5259cbe6dc7697b8648396239-le32d4.cache-3
6582d000-6582e000 r--s 00000000 08:01 2363751    /var/cache/fontconfig/94f7fe9bd33aadfac165873bd010d595-le32d4.cache-3
6582e000-6582f000 r--s 00000000 08:01 2363749    /var/cache/fontconfig/423767150eb258c59035de29db6fca84-le32d4.cache-3
6582f000-65836000 r--s 00000000 08:01 2363189    /var/cache/fontconfig/83bf95040141907cd45bb53cf7c1c148-le32d4.cache-3
65836000-6583f000 r--s 00000000 08:01 2363188    /var/cache/fontconfig/53d14c92082a93e67d5078324eb314ca-le32d4.cache-3
6583f000-65842000 r--s 00000000 08:01 2364858    /var/cache/fontconfig/6c08beecf0dac481ec92e759e0c2e6d7-le32d4.cache-3
65842000-65845000 r--s 00000000 08:01 2364853    /var/cache/fontconfig/4d6aee6d44eccb37054d3216e945f618-le32d4.cache-3
65845000-65848000 r--s 00000000 08:01 2364852    /var/cache/fontconfig/d6c6df98c3df5faf9bd0f8ef4d91efe5-le32d4.cache-3
65848000-65855000 r--s 00000000 08:01 2363183    /var/cache/fontconfig/4ac51e5cfbc76fc3f983e470323a16d3-le32d4.cache-3
65855000-65868000 r--s 00000000 08:01 2362266    /var/cache/fontconfig/e13b20fdb08344e0e664864cc2ede53d-le32d4.cache-3
65868000-6586c000 r--s 00000000 08:01 2363190    /var/cache/fontconfig/7ef2298fde41cc6eeb7af42e48b7d293-le32d4.cache-3
6586c000-65873000 r--s 00000000 08:01 2368413    /var/cache/fontconfig/8f02d4cb045bd6ce15663e43f347c9f8-le32d4.cache-3
65873000-65884000 r--s 00000000 08:01 2368409    /var/cache/fontconfig/467c019e582ee353435ea5c21d137ef6-le32d4.cache-3
658ca000-658cb000 ---p 00000000 00:00 0 
658cb000-660cb000 rw-p 00000000 00:00 0          [stack:30097]
660cb000-660cc000 ---p 00000000 00:00 0 
660cc000-668cc000 rw-p 00000000 00:00 0          [stack:30096]
668cc000-66907000 r--p 00000000 08:01 2622230    /usr/share/glib-2.0/schemas/gschemas.compiled
66907000-6690d000 r-xp 00000000 08:01 1709197    /usr/lib/i386-linux-gnu/libogg.so.0.8.0
6690d000-6690e000 r--p 00005000 08:01 1709197    /usr/lib/i386-linux-gnu/libogg.so.0.8.0
6690e000-6690f000 rw-p 00006000 08:01 1709197    /usr/lib/i386-linux-gnu/libogg.so.0.8.0
6690f000-66938000 r-xp 00000000 08:01 1709403    /usr/lib/i386-linux-gnu/libvorbis.so.0.4.5
66938000-66939000 ---p 00029000 08:01 1709403    /usr/lib/i386-linux-gnu/libvorbis.so.0.4.5
66939000-6693a000 r--p 00029000 08:01 1709403    /usr/lib/i386-linux-gnu/libvorbis.so.0.4.5
6693a000-6693b000 rw-p 0002a000 08:01 1709403    /usr/lib/i386-linux-gnu/libvorbis.so.0.4.5
6693b000-66944000 r-xp 00000000 08:01 1709007    /usr/lib/i386-linux-gnu/libltdl.so.7.3.0
66944000-66945000 r--p 00008000 08:01 1709007    /usr/lib/i386-linux-gnu/libltdl.so.7.3.0
66945000-66946000 rw-p 00009000 08:01 1709007    /usr/lib/i386-linux-gnu/libltdl.so.7.3.0
66946000-66957000 r-xp 00000000 08:01 1704634    /usr/lib/i386-linux-gnu/libtdb.so.1.2.10
66957000-66958000 r--p 00010000 08:01 1704634    /usr/lib/i386-linux-gnu/libtdb.so.1.2.10
66958000-66959000 rw-p 00011000 08:01 1704634    /usr/lib/i386-linux-gnu/libtdb.so.1.2.10
66959000-66968000 r-xp 00000000 08:01 1704768    /usr/lib/i386-linux-gnu/libcanberra.so.0.2.5
66968000-66969000 r--p 0000e000 08:01 1704768    /usr/lib/i386-linux-gnu/libcanberra.so.0.2.5
66969000-6696a000 rw-p 0000f000 08:01 1704768    /usr/lib/i386-linux-gnu/libcanberra.so.0.2.5
6696a000-67ad9000 r-xp 00000000 08:01 1704556    /usr/lib/i386-linux-gnu/libicudata.so.48.1.1
67ad9000-67ada000 r--p 0116e000 08:01 1704556    /usr/lib/i386-linux-gnu/libicudata.so.48.1.1
67ada000-67adb000 rw-p 0116f000 08:01 1704556    /usr/lib/i386-linux-gnu/libicudata.so.48.1.1
67adb000-67c31000 r-xp 00000000 08:01 1703959    /usr/lib/i386-linux-gnu/libicuuc.so.48.1.1
67c31000-67c3b000 r--p 00155000 08:01 1703959    /usr/lib/i386-linux-gnu/libicuuc.so.48.1.1
67c3b000-67c3c000 rw-p 0015f000 08:01 1703959    /usr/lib/i386-linux-gnu/libicuuc.so.48.1.1
67c3c000-67c40000 rw-p 00000000 00:00 0 
67c40000-67d1c000 r-xp 00000000 08:01 1704287    /usr/lib/i386-linux-gnu/libstdc++.so.6.0.17
67d1c000-67d1d000 ---p 000dc000 08:01 1704287    /usr/lib/i386-linux-gnu/libstdc++.so.6.0.17
67d1d000-67d21000 r--p 000dc000 08:01 1704287    /usr/lib/i386-linux-gnu/libstdc++.so.6.0.17
67d21000-67d22000 rw-p 000e0000 08:01 1704287    /usr/lib/i386-linux-gnu/libstdc++.so.6.0.17
67d22000-67d29000 rw-p 00000000 00:00 0 
67d29000-67d31000 r-xp 00000000 08:01 1709407    /usr/lib/i386-linux-gnu/libvorbisfile.so.3.3.4
67d31000-67d32000 r--p 00007000 08:01 1709407    /usr/lib/i386-linux-gnu/libvorbisfile.so.3.3.4
67d32000-67d33000 rw-p 00008000 08:01 1709407    /usr/lib/i386-linux-gnu/libvorbisfile.so.3.3.4
67d33000-67d37000 r-xp 00000000 08:01 1704060    /usr/lib/i386-linux-gnu/libcanberra-gtk.so.0.1.9
67d37000-67d38000 r--p 00003000 08:01 1704060    /usr/lib/i386-linux-gnu/libcanberra-gtk.so.0.1.9
67d38000-67d39000 rw-p 00004000 08:01 1704060    /usr/lib/i386-linux-gnu/libcanberra-gtk.so.0.1.9
67d39000-67d3a000 r--s 00000000 08:01 2363195    /var/cache/fontconfig/845c20fd2c4814bcec78e05d37a63ccc-le32d4.cache-3
67d44000-67d4e000 r-xp 00000000 08:01 1708066    /usr/lib/i386-linux-gnu/gio/modules/libdconfsettings.so
67d4e000-67d4f000 r--p 00009000 08:01 1708066    /usr/lib/i386-linux-gnu/gio/modules/libdconfsettings.so
67d4f000-67d50000 rw-p 0000a000 08:01 1708066    /usr/lib/i386-linux-gnu/gio/modules/libdconfsettings.so
67d50000-67d55000 r-xp 00000000 08:01 1708045    /usr/lib/i386-linux-gnu/gtk-2.0/modules/libcanberra-gtk-module.so
67d55000-67d56000 r--p 00004000 08:01 1708045    /usr/lib/i386-linux-gnu/gtk-2.0/modules/libcanberra-gtk-module.so
67d56000-67d57000 rw-p 00005000 08:01 1708045    /usr/lib/i386-linux-gnu/gtk-2.0/modules/libcanberra-gtk-module.so
67d57000-67d8c000 r-xp 00000000 08:01 1710165    /usr/lib/i386-linux-gnu/gtk-2.0/2.10.0/engines/libmurrine.so
67d8c000-67d8d000 r--p 00034000 08:01 1710165    /usr/lib/i386-linux-gnu/gtk-2.0/2.10.0/engines/libmurrine.so
67d8d000-67d8e000 rw-p 00035000 08:01 1710165    /usr/lib/i386-linux-gnu/gtk-2.0/2.10.0/engines/libmurrine.so
67d8e000-67dc1000 r-xp 00000000 08:01 1704202    /usr/lib/i386-linux-gnu/libicule.so.48.1.1
67dc1000-67dc2000 ---p 00033000 08:01 1704202    /usr/lib/i386-linux-gnu/libicule.so.48.1.1
67dc2000-67dc3000 r--p 00033000 08:01 1704202    /usr/lib/i386-linux-gnu/libicule.so.48.1.1
67dc3000-67dc4000 rw-p 00034000 08:01 1704202    /usr/lib/i386-linux-gnu/libicule.so.48.1.1
67dc4000-67e03000 r-xp 00000000 08:01 1048640    /lib/i386-linux-gnu/libpcre.so.3.13.1
67e03000-67e04000 r--p 0003f000 08:01 1048640    /lib/i386-linux-gnu/libpcre.so.3.13.1
67e04000-67e05000 rw-p 00040000 08:01 1048640    /lib/i386-linux-gnu/libpcre.so.3.13.1
67e05000-67e0a000 r-xp 00000000 08:01 1706167    /usr/lib/i386-linux-gnu/libffi.so.6.0.1
67e0a000-67e0b000 r--p 00005000 08:01 1706167    /usr/lib/i386-linux-gnu/libffi.so.6.0.1
67e0b000-67e0c000 rw-p 00006000 08:01 1706167    /usr/lib/i386-linux-gnu/libffi.so.6.0.1
67e0c000-67e31000 r-xp 00000000 08:01 1049255    /lib/i386-linux-gnu/libexpat.so.1.6.0
67e31000-67e33000 r--p 00025000 08:01 1049255    /lib/i386-linux-gnu/libexpat.so.1.6.0
67e33000-67e34000 rw-p 00027000 08:01 1049255    /lib/i386-linux-gnu/libexpat.so.1.6.0
67e34000-67ecc000 r-xp 00000000 08:01 1704346    /usr/lib/i386-linux-gnu/libharfbuzz.so.0.913.0
67ecc000-67ecd000 ---p 00098000 08:01 1704346    /usr/lib/i386-linux-gnu/libharfbuzz.so.0.913.0
67ecd000-67ece000 r--p 00098000 08:01 1704346    /usr/lib/i386-linux-gnu/libharfbuzz.so.0.913.0
67ece000-67ecf000 rw-p 00099000 08:01 1704346    /usr/lib/i386-linux-gnu/libharfbuzz.so.0.913.0
67ecf000-67ee2000 r-xp 00000000 08:01 1058788    /lib/i386-linux-gnu/libresolv-2.17.so
67ee2000-67ee3000 r--p 00013000 08:01 1058788    /lib/i386-linux-gnu/libresolv-2.17.so
67ee3000-67ee4000 rw-p 00014000 08:01 1058788    /lib/i386-linux-gnu/libresolv-2.17.so
67ee4000-67ee6000 rw-p 00000000 00:00 0 
67ee6000-67f03000 r-xp 00000000 08:01 1049376    /lib/i386-linux-gnu/libselinux.so.1
67f03000-67f04000 r--p 0001c000 08:01 1049376    /lib/i386-linux-gnu/libselinux.so.1
67f04000-67f05000 rw-p 0001d000 08:01 1049376    /lib/i386-linux-gnu/libselinux.so.1
67f05000-67f1c000 r-xp 00000000 08:01 1049289    /lib/i386-linux-gnu/libz.so.1.2.7
67f1c000-67f1d000 r--p 00016000 08:01 1049289    /lib/i386-linux-gnu/libz.so.1.2.7
67f1d000-67f1e000 rw-p 00017000 08:01 1049289    /lib/i386-linux-gnu/libz.so.1.2.7
67f1e000-67f26000 r-xp 00000000 08:01 1705860    /usr/lib/i386-linux-gnu/libxcb-render.so.0.0.0
67f26000-67f27000 r--p 00008000 08:01 1705860    /usr/lib/i386-linux-gnu/libxcb-render.so.0.0.0
67f27000-67f28000 rw-p 00009000 08:01 1705860    /usr/lib/i386-linux-gnu/libxcb-render.so.0.0.0
67f28000-67f2a000 r-xp 00000000 08:01 1705862    /usr/lib/i386-linux-gnu/libxcb-shm.so.0.0.0
67f2a000-67f2b000 r--p 00001000 08:01 1705862    /usr/lib/i386-linux-gnu/libxcb-shm.so.0.0.0
67f2b000-67f2c000 rw-p 00002000 08:01 1705862    /usr/lib/i386-linux-gnu/libxcb-shm.so.0.0.0
67f2c000-67f53000 r-xp 00000000 08:01 1049372    /lib/i386-linux-gnu/libpng12.so.0.49.0
67f53000-67f54000 r--p 00026000 08:01 1049372    /lib/i386-linux-gnu/libpng12.so.0.49.0
67f54000-67f55000 rw-p 00027000 08:01 1049372    /lib/i386-linux-gnu/libpng12.so.0.49.0
67f55000-67fe9000 r-xp 00000000 08:01 1705818    /usr/lib/i386-linux-gnu/libpixman-1.so.0.28.2
67fe9000-67fee000 r--p 00093000 08:01 1705818    /usr/lib/i386-linux-gnu/libpixman-1.so.0.28.2
67fee000-67fef000 rw-p 00098000 08:01 1705818    /usr/lib/i386-linux-gnu/libpixman-1.so.0.28.2
67fef000-68085000 r-xp 00000000 08:01 1705824    /usr/lib/i386-linux-gnu/libfreetype.so.6.10.0
68085000-68089000 r--p 00095000 08:01 1705824    /usr/lib/i386-linux-gnu/libfreetype.so.6.10.0
68089000-6808a000 rw-p 00099000 08:01 1705824    /usr/lib/i386-linux-gnu/libfreetype.so.6.10.0
6808a000-6808c000 r-xp 00000000 08:01 1708690    /usr/lib/i386-linux-gnu/libXdamage.so.1.1.0
6808c000-6808d000 r--p 00001000 08:01 1708690    /usr/lib/i386-linux-gnu/libXdamage.so.1.1.0
6808d000-6808e000 rw-p 00002000 08:01 1708690    /usr/lib/i386-linux-gnu/libXdamage.so.1.1.0
6808e000-68097000 r-xp 00000000 08:01 1706171    /usr/lib/i386-linux-gnu/libXrandr.so.2.2.0
68097000-68098000 r--p 00008000 08:01 1706171    /usr/lib/i386-linux-gnu/libXrandr.so.2.2.0
68098000-68099000 rw-p 00009000 08:01 1706171    /usr/lib/i386-linux-gnu/libXrandr.so.2.2.0
68099000-68198000 r-xp 00000000 08:01 1048642    /lib/i386-linux-gnu/libglib-2.0.so.0.3600.0
68198000-68199000 r--p 000fe000 08:01 1048642    /lib/i386-linux-gnu/libglib-2.0.so.0.3600.0
68199000-6819a000 rw-p 000ff000 08:01 1048642    /lib/i386-linux-gnu/libglib-2.0.so.0.3600.0
6819a000-681e8000 r-xp 00000000 08:01 1711619    /usr/lib/i386-linux-gnu/libgobject-2.0.so.0.3600.0
681e8000-681e9000 r--p 0004d000 08:01 1711619    /usr/lib/i386-linux-gnu/libgobject-2.0.so.0.3600.0
681e9000-681ea000 rw-p 0004e000 08:01 1711619    /usr/lib/i386-linux-gnu/libgobject-2.0.so.0.3600.0
681ea000-68221000 r-xp 00000000 08:01 1705820    /usr/lib/i386-linux-gnu/libfontconfig.so.1.6.2
68221000-68222000 r--p 00036000 08:01 1705820    /usr/lib/i386-linux-gnu/libfontconfig.so.1.6.2
68222000-68223000 rw-p 00037000 08:01 1705820    /usr/lib/i386-linux-gnu/libfontconfig.so.1.6.2
68223000-6826c000 r-xp 00000000 08:01 1712418    /usr/lib/i386-linux-gnu/libpango-1.0.so.0.3200.5
6826c000-6826d000 r--p 00049000 08:01 1712418    /usr/lib/i386-linux-gnu/libpango-1.0.so.0.3200.5
6826d000-6826e000 rw-p 0004a000 08:01 1712418    /usr/lib/i386-linux-gnu/libpango-1.0.so.0.3200.5
6826e000-683ce000 r-xp 00000000 08:01 1704886    /usr/lib/i386-linux-gnu/libgio-2.0.so.0.3600.0
683ce000-683d0000 r--p 00160000 08:01 1704886    /usr/lib/i386-linux-gnu/libgio-2.0.so.0.3600.0
683d0000-683d1000 rw-p 00162000 08:01 1704886    /usr/lib/i386-linux-gnu/libgio-2.0.so.0.3600.0
683d1000-683d2000 rw-p 00000000 00:00 0 
683d2000-684e5000 r-xp 00000000 08:01 1705868    /usr/lib/i386-linux-gnu/libcairo.so.2.11200.14
684e5000-684e7000 r--p 00113000 08:01 1705868    /usr/lib/i386-linux-gnu/libcairo.so.2.11200.14
684e7000-684e8000 rw-p 00115000 08:01 1705868    /usr/lib/i386-linux-gnu/libcairo.so.2.11200.14
684e8000-684e9000 rw-p 00000000 00:00 0 
684e9000-68594000 r-xp 00000000 08:01 1704949    /usr/lib/i386-linux-gnu/libgdk-x11-2.0.so.0.2400.17
68594000-68596000 r--p 000ab000 08:01 1704949    /usr/lib/i386-linux-gnu/libgdk-x11-2.0.so.0.2400.17
68596000-68597000 rw-p 000ad000 08:01 1704949    /usr/lib/i386-linux-gnu/libgdk-x11-2.0.so.0.2400.17
68597000-689f8000 r-xp 00000000 08:01 1710186    /usr/lib/i386-linux-gnu/libgtk-x11-2.0.so.0.2400.17
689f8000-689fc000 r--p 00461000 08:01 1710186    /usr/lib/i386-linux-gnu/libgtk-x11-2.0.so.0.2400.17
689fc000-689fe000 rw-p 00465000 08:01 1710186    /usr/lib/i386-linux-gnu/libgtk-x11-2.0.so.0.2400.17
689fe000-68a00000 rw-p 00000000 00:00 0 
68a00000-68afa000 rw-p 00000000 00:00 0 
68afa000-68b00000 ---p 00000000 00:00 0 
68b00000-68b02000 r-xp 00000000 08:01 1708686    /usr/lib/i386-linux-gnu/libXcomposite.so.1.0.0
68b02000-68b03000 r--p 00001000 08:01 1708686    /usr/lib/i386-linux-gnu/libXcomposite.so.1.0.0
68b03000-68b04000 rw-p 00002000 08:01 1708686    /usr/lib/i386-linux-gnu/libXcomposite.so.1.0.0
68b04000-68b16000 r-xp 00000000 08:01 1705570    /usr/lib/i386-linux-gnu/libpangoft2-1.0.so.0.3200.5
68b16000-68b17000 r--p 00011000 08:01 1705570    /usr/lib/i386-linux-gnu/libpangoft2-1.0.so.0.3200.5
68b17000-68b18000 rw-p 00012000 08:01 1705570    /usr/lib/i386-linux-gnu/libpangoft2-1.0.so.0.3200.5
68b18000-68b38000 r-xp 00000000 08:01 1704318    /usr/lib/i386-linux-gnu/libgdk_pixbuf-2.0.so.0.2800.0
68b38000-68b39000 ---p 00020000 08:01 1704318    /usr/lib/i386-linux-gnu/libgdk_pixbuf-2.0.so.0.2800.0
68b39000-68b3a000 r--p 00020000 08:01 1704318    /usr/lib/i386-linux-gnu/libgdk_pixbuf-2.0.so.0.2800.0
68b3a000-68b3b000 rw-p 00021000 08:01 1704318    /usr/lib/i386-linux-gnu/libgdk_pixbuf-2.0.so.0.2800.0
68b3b000-68b59000 r-xp 00000000 08:01 1707656    /usr/lib/i386-linux-gnu/libatk-1.0.so.0.20809.1
68b59000-68b5b000 r--p 0001d000 08:01 1707656    /usr/lib/i386-linux-gnu/libatk-1.0.so.0.20809.1
68b5b000-68b5c000 rw-p 0001f000 08:01 1707656    /usr/lib/i386-linux-gnu/libatk-1.0.so.0.20809.1
68b5c000-68b60000 r--p 00000000 08:01 537735     /home/prashantvaidyanathan/.config/dconf/user
68b60000-68b71000 r-xp 00000000 08:01 1704572    /usr/lib/i386-linux-gnu/gtk-2.0/modules/liboverlay-scrollbar.so
68b71000-68b72000 r--p 00010000 08:01 1704572    /usr/lib/i386-linux-gnu/gtk-2.0/modules/liboverlay-scrollbar.so
68b72000-68b73000 rw-p 00011000 08:01 1704572    /usr/lib/i386-linux-gnu/gtk-2.0/modules/liboverlay-scrollbar.so
68b75000-68b7b000 rw-s 00000000 00:04 12615689   /SYSV00000000 (deleted)
68b7b000-68b7d000 r-xp 00000000 08:01 1708829    /usr/lib/i386-linux-gnu/libXinerama.so.1.0.0
68b7d000-68b7e000 r--p 00001000 08:01 1708829    /usr/lib/i386-linux-gnu/libXinerama.so.1.0.0
68b7e000-68b7f000 rw-p 00002000 08:01 1708829    /usr/lib/i386-linux-gnu/libXinerama.so.1.0.0
68b7f000-68b8a000 r-xp 00000000 08:01 1712417    /usr/lib/i386-linux-gnu/libpangocairo-1.0.so.0.3200.5
68b8a000-68b8b000 r--p 0000a000 08:01 1712417    /usr/lib/i386-linux-gnu/libpangocairo-1.0.so.0.3200.5
68b8b000-68b8c000 rw-p 0000b000 08:01 1712417    /usr/lib/i386-linux-gnu/libpangocairo-1.0.so.0.3200.5
68b8c000-68b8d000 r--s 00002000 08:01 2499996    /usr/share/netbeans/ide14/modules/org-netbeans-modules-editor-errorstripe-api.jar
68b8d000-68b8e000 r--s 00001000 08:01 2499286    /usr/share/netbeans/platform13/modules/org-netbeans-modules-keyring.jar
68b8e000-68b8f000 r--s 00000000 08:01 2771804    /usr/share/netbeans/7.0.1/nb/modules/locale/org-netbeans-modules-options-api_nb.jar
68b8f000-68b90000 r--s 00000000 08:01 2771808    /usr/share/netbeans/7.0.1/nb/modules/locale/org-netbeans-core-ui_nb.jar
68b90000-68b93000 r--s 00017000 08:01 2500060    /usr/share/netbeans/ide14/modules/org-netbeans-api-java-classpath.jar
68b93000-68b96000 r--s 0001e000 08:01 2106465    /usr/share/java/jna-3.2.7.jar
68b96000-68b98000 r--s 00000000 08:01 2499260    /usr/share/netbeans/platform13/modules/org-netbeans-libs-jna.jar
68b98000-68bab000 r--s 000f8000 08:01 2106481    /usr/share/java/lucene-core-2.9.4.jar
68bab000-68bac000 r--s 00000000 08:01 2500006    /usr/share/netbeans/ide14/modules/org-netbeans-libs-lucene.jar
68bac000-68bae000 r--s 0000f000 08:01 2500026    /usr/share/netbeans/ide14/modules/org-netbeans-modules-editor-guards.jar
68bae000-68bb0000 r--s 00000000 08:01 2363192    /var/cache/fontconfig/67709b7835c0f764c1135060c9575660-le32d4.cache-3
68bb0000-68bb3000 r--s 0002a000 08:01 2500093    /usr/share/netbeans/ide14/modules/org-netbeans-modules-xml-xam.jar
68bb3000-68bbb000 r--s 0007b000 08:01 2500085    /usr/share/netbeans/ide14/modules/org-netbeans-modules-xml-schema-model.jar
68bbb000-68bc0000 r--s 00061000 08:01 2500095    /usr/share/netbeans/ide14/modules/org-netbeans-modules-xml-axi.jar
68bc0000-68bc2000 r--s 00015000 08:01 2106063    /usr/share/java/xml-resolver-1.2.jar
68bc2000-68bc3000 r--s 00000000 08:01 2500024    /usr/share/netbeans/ide14/modules/org-apache-xml-resolver.jar
68bc3000-68bc6000 r--s 00000000 08:01 2360313    /var/cache/fontconfig/9fb319ef52839f11ee26ab8b4cffa12b-le32d4.cache-3
68bc6000-68bc8000 r--s 00014000 08:01 2098235    /usr/share/java/servlet-api-2.5.jar
68bc8000-68bc9000 r--s 00000000 08:01 2499958    /usr/share/netbeans/ide14/modules/org-netbeans-modules-servletapi.jar
68bc9000-68bcb000 r--s 00010000 08:01 2500091    /usr/share/netbeans/ide14/modules/org-netbeans-modules-editor-settings.jar
68bcb000-68bcd000 r--s 0001b000 08:01 2500097    /usr/share/netbeans/ide14/modules/org-netbeans-modules-editor-fold.jar
68bcd000-68be6000 r--s 00132000 08:01 2106072    /usr/share/java/xercesImpl-2.11.0.jar
68be6000-68be8000 r--s 00000000 08:01 2363182    /var/cache/fontconfig/c19b55eb3b4c5b40ea175e31682068a5-le32d4.cache-3
68be8000-68beb000 r-xp 00000000 08:01 1704864    /usr/lib/i386-linux-gnu/libgmodule-2.0.so.0.3600.0
68beb000-68bec000 r--p 00002000 08:01 1704864    /usr/lib/i386-linux-gnu/libgmodule-2.0.so.0.3600.0
68bec000-68bed000 rw-p 00003000 08:01 1704864    /usr/lib/i386-linux-gnu/libgmodule-2.0.so.0.3600.0
68bed000-68bef000 r--s 00009000 08:01 2499311    /usr/share/netbeans/platform13/modules/org-netbeans-modules-editor-mimelookup.jar
68bef000-68bf0000 r--s 00000000 08:01 2499977    /usr/share/netbeans/ide14/modules/org-netbeans-libs-xerces.jar
68bf0000-68bf2000 r--s 00007000 08:01 2630530    /usr/share/netbeans/java5/modules/org-netbeans-api-java.jar
68bf2000-68bf4000 r--s 0001c000 08:01 2630524    /usr/share/netbeans/java5/modules/org-netbeans-modules-classfile.jar
68bf4000-68bfa000 r--s 0001b000 08:01 2106593    /usr/share/java/javac-api-7.0.1.jar
68bfa000-68c10000 r--s 00183000 08:01 2106594    /usr/share/java/javac-impl-7.0.1.jar
68c10000-68c11000 r--s 00001000 08:01 2630543    /usr/share/netbeans/java5/modules/org-netbeans-libs-javacimpl.jar
68c11000-68c12000 r--s 00004000 08:01 2630514    /usr/share/netbeans/java5/modules/org-netbeans-modules-java-preprocessorbridge.jar
68c12000-68c14000 r--s 0000e000 08:01 2500029    /usr/share/netbeans/ide14/modules/org-netbeans-modules-editor-indent-project.jar
68c14000-68c19000 r--s 00044000 08:01 2500079    /usr/share/netbeans/ide14/modules/org-netbeans-modules-xml-multiview.jar
68c19000-68c1b000 r--s 0000e000 08:01 2500012    /usr/share/netbeans/ide14/modules/org-netbeans-modules-web-common.jar
68c1b000-68c1d000 r--s 00003000 08:01 2500083    /usr/share/netbeans/ide14/modules/org-netbeans-modules-spellchecker-apimodule.jar
68c1d000-68c25000 r--s 00083000 08:01 2500063    /usr/share/netbeans/ide14/modules/org-netbeans-lib-cvsclient.jar
68c25000-68c26000 r--s 0000f000 08:01 2106479    /usr/share/java/jzlib-1.1.0.jar
68c26000-68c27000 r--s 00000000 08:01 2500020    /usr/share/netbeans/ide14/modules/org-netbeans-libs-jzlib.jar
68c27000-68c2a000 r--s 00034000 08:01 2106473    /usr/share/java/jsch-0.1.48.jar
68c2a000-68c2b000 r--s 00001000 08:01 2499986    /usr/share/netbeans/ide14/modules/org-netbeans-modules-versioning-indexingbridge.jar
68c2b000-68c2d000 r--s 0000d000 08:01 2499245    /usr/share/netbeans/platform13/modules/org-netbeans-modules-sendopts.jar
68c2d000-68c37000 r--s 00042000 08:01 2500042    /usr/share/netbeans/ide14/modules/docs/org-netbeans-modules-usersguide.jar
68c37000-68c39000 r--s 0000e000 08:01 2771800    /usr/share/netbeans/7.0.1/nb/modules/org-netbeans-lib-uihandler.jar
68c39000-68c3f000 r--s 00050000 08:01 2499981    /usr/share/netbeans/ide14/modules/org-netbeans-lib-terminalemulator.jar
68c3f000-68c40000 r--s 00000000 08:01 2499968    /usr/share/netbeans/ide14/modules/org-netbeans-modules-tasklist-kit.jar
68c40000-68c41000 r--s 0000b000 08:01 2500002    /usr/share/netbeans/ide14/modules/org-netbeans-modules-target-iterator.jar
68c41000-68c44000 r--s 00026000 08:01 2630500    /usr/share/netbeans/java5/modules/org-netbeans-modules-java-sourceui.jar
68c44000-68c4c000 r--s 0009f000 08:01 2630526    /usr/share/netbeans/java5/modules/org-netbeans-modules-java-api-common.jar
68c4c000-68c4f000 r--s 00022000 08:01 2106581    /usr/share/java/antlr3-runtime.jar
68c4f000-68c51000 r--s 00000000 08:01 2500082    /usr/share/netbeans/ide14/modules/org-netbeans-libs-antlr3-runtime.jar
68c51000-68c52000 r--s 00002000 08:01 2630542    /usr/share/netbeans/java5/modules/org-netbeans-modules-j2ee-metadata.jar
68c52000-68c55000 r--s 00017000 08:01 2630481    /usr/share/netbeans/java5/modules/org-netbeans-modules-j2ee-metadata-model-support.jar
68c55000-68c5c000 r--s 0004c000 08:01 2630491    /usr/share/netbeans/java5/modules/org-netbeans-modules-j2ee-persistenceapi.jar
68c5c000-68c5f000 r--s 00026000 08:01 2630497    /usr/share/netbeans/java5/modules/org-netbeans-api-debugger-jpda.jar
68c5f000-68c60000 r--s 00001000 08:01 2630532    /usr/share/netbeans/java5/modules/org-netbeans-modules-debugger-jpda-ant.jar
68c60000-68c62000 r--s 00000000 08:01 2630540    /usr/share/netbeans/java5/modules/org-netbeans-modules-ant-browsetask.jar
68c62000-68c69000 r--s 00094000 08:01 2106362    /usr/share/java/beansbinding-1.2.1.jar
68c69000-68c6a000 r--s 00000000 08:01 2630531    /usr/share/netbeans/java5/modules/org-jdesktop-beansbinding.jar
68c6a000-68c6e000 r--s 00020000 08:01 2106746    /usr/share/java/bsaf-1.9.jar
68c6e000-68c6f000 r--s 00001000 08:01 2500059    /usr/share/netbeans/ide14/modules/org-netbeans-libs-svnClientAdapter.jar
68c6f000-68c73000 r--s 00061000 08:01 2499957    /usr/share/netbeans/ide14/modules/org-netbeans-modules-lexer.jar
68c73000-68c74000 r--s 00000000 08:01 2500098    /usr/share/netbeans/ide14/modules/org-netbeans-libs-ini4j.jar
68c74000-68c75000 r--s 00001000 08:01 2500047    /usr/share/netbeans/ide14/modules/org-netbeans-modules-editor-plain-lib.jar
68c75000-68c76000 r--s 00001000 08:01 2499950    /usr/share/netbeans/ide14/modules/org-netbeans-modules-spellchecker-kit.jar
68c76000-68c77000 r--s 0000e000 08:01 2630533    /usr/share/netbeans/java5/modules/org-netbeans-modules-java-editor-lib.jar
68c77000-68c7e000 r--s 00105000 08:01 2499991    /usr/share/netbeans/ide14/modules/org-netbeans-modules-schema2beans.jar
68c7e000-68c80000 r--s 0001a000 08:01 2499297    /usr/share/netbeans/platform13/modules/org-netbeans-modules-progress-ui.jar
68c80000-68c82000 r--s 00001000 08:01 2499997    /usr/share/netbeans/ide14/modules/org-netbeans-modules-print-editor.jar
68c82000-68c84000 r--s 0000d000 08:01 2500041    /usr/share/netbeans/ide14/modules/docs/org-netbeans-modules-mercurial.jar
68c84000-68c85000 r--s 00002000 08:01 2500101    /usr/share/netbeans/ide14/modules/org-netbeans-modules-lexer-nbbridge.jar
68c85000-68c86000 r--s 00002000 08:01 2106373    /usr/share/java/bytelist-1.0.6.jar
68c86000-68c87000 r--s 00000000 08:01 2500045    /usr/share/netbeans/ide14/modules/org-netbeans-libs-bytelist.jar
68c87000-68c8c000 r--s 00034000 08:01 2106477    /usr/share/java/jvyamlb-0.2.5.jar
68c8c000-68c8d000 r--s 00000000 08:01 2500050    /usr/share/netbeans/ide14/modules/org-netbeans-libs-jvyamlb.jar
68c8d000-68c8f000 r--s 0000c000 08:01 2499274    /usr/share/netbeans/platform13/modules/org-netbeans-modules-keyring-impl.jar
68c8f000-68c96000 r--s 00033000 08:01 2106302    /usr/share/java/junit4-4.10.jar
68c96000-68c99000 r--s 0000e000 08:01 2106336    /usr/share/java/hamcrest-core-1.2.jar
68c99000-68c9a000 r--s 00000000 08:01 2499275    /usr/share/netbeans/platform13/modules/org-netbeans-libs-junit4.jar
68c9a000-68c9e000 r--s 00025000 08:01 2499985    /usr/share/netbeans/ide14/modules/org-netbeans-modules-extexecution.jar
68c9e000-68ca0000 r--s 00004000 08:01 2630513    /usr/share/netbeans/java5/modules/org-netbeans-modules-java-hints-processor.jar
68ca0000-68ca2000 r--s 0000e000 08:01 2630484    /usr/share/netbeans/java5/modules/org-netbeans-modules-java-source-ant.jar
68ca2000-68cb6000 r--s 000a3000 08:01 2630518    /usr/share/netbeans/java5/modules/docs/org-netbeans-modules-java-helpset.jar
68cb6000-68cb7000 r--s 00003000 08:01 2500089    /usr/share/netbeans/ide14/modules/org-netbeans-modules-editor-actions.jar
68cb7000-68cb8000 r--s 00001000 08:01 2500009    /usr/share/netbeans/ide14/modules/org-netbeans-core-browser.jar
68cb8000-68cbb000 r--s 0003d000 08:01 2499295    /usr/share/netbeans/platform13/modules/org-netbeans-core-output2.jar
68cbb000-68cbd000 r--s 00016000 08:01 2106436    /usr/share/java/flute-1.1-SNAPSHOT.jar
68cbd000-68cbf000 r--s 00002000 08:01 2106759    /usr/share/java/sac-1.3.jar
68cbf000-68cc3000 r--s 00039000 08:01 2499963    /usr/share/netbeans/ide14/modules/org-netbeans-modules-html-editor-lib.jar
68cc3000-68cc4000 r--s 00000000 08:01 2500087    /usr/share/netbeans/ide14/modules/org-netbeans-modules-editor-kit.jar
68cc4000-68cc7000 r--s 00017000 08:01 2106445    /usr/share/java/osgi.core.jar
68cc7000-68cce000 r--s 00031000 08:01 2106157    /usr/share/java/osgi.compendium.jar
68cce000-68ccf000 r--s 00000000 08:01 2499277    /usr/share/netbeans/platform13/modules/org-netbeans-libs-osgi.jar
68ccf000-68cd6000 r--s 0006e000 08:01 2106426    /usr/share/java/org.apache.felix.framework.jar
68cd6000-68cd7000 r--s 00000000 08:01 2499264    /usr/share/netbeans/platform13/modules/org-netbeans-libs-felix.jar
68cd7000-68cd8000 r--s 00000000 08:01 2771805    /usr/share/netbeans/7.0.1/nb/modules/locale/org-netbeans-core-windows_nb.jar
68cd8000-68cd9000 r--s 00000000 08:01 2363194    /var/cache/fontconfig/e7de81b01590fb7e12b38e274e17d0db-le32d4.cache-3
68cd9000-68cdb000 r--s 00000000 08:01 2500023    /usr/share/netbeans/ide14/modules/org-netbeans-modules-ide-kit.jar
68cdb000-68cdc000 r--s 00000000 08:01 2363193    /var/cache/fontconfig/406a1d2d2bf3ed7664fbadefac0b2f66-le32d4.cache-3
68cdc000-68ce0000 r--s 0002a000 08:01 2500104    /usr/share/netbeans/ide14/modules/org-netbeans-modules-db-metadata-model.jar
68ce0000-68ce1000 r--s 00000000 08:01 2363191    /var/cache/fontconfig/0c9eb80ebd1c36541ebe2852d3bb0c49-le32d4.cache-3
68ce1000-68ce3000 r--s 0000f000 08:01 2630523    /usr/share/netbeans/java5/modules/org-netbeans-modules-j2ee-core-utilities.jar
68ce3000-68ce4000 r--s 00001000 08:01 2771802    /usr/share/netbeans/7.0.1/nb/modules/org-netbeans-modules-ide-branding.jar
68ce4000-68ce5000 r--s 00000000 08:01 2771799    /usr/share/netbeans/7.0.1/nb/modules/org-netbeans-modules-ide-branding-kit.jar
68ce5000-68ce6000 r--s 00006000 08:01 2500053    /usr/share/netbeans/ide14/modules/org-netbeans-modules-hudson-subversion.jar
68ce6000-68ce7000 r--s 00002000 08:01 2499309    /usr/share/netbeans/platform13/modules/org-netbeans-api-annotations-common.jar
68ce7000-68ce9000 r--s 00008000 08:01 2630525    /usr/share/netbeans/java5/modules/org-netbeans-modules-hudson-ant.jar
68ce9000-68cea000 r--s 00000000 08:01 2630495    /usr/share/netbeans/java5/modules/org-netbeans-modules-form-kit.jar
68cea000-68ceb000 r--s 00009000 08:01 2499294    /usr/share/netbeans/platform13/modules/org-netbeans-modules-editor-mimelookup-impl.jar
68ceb000-68cf7000 r--s 000f1000 08:01 2499293    /usr/share/netbeans/platform13/modules/org-netbeans-api-visual.jar
68cf7000-68cfc000 r--s 0006c000 08:01 2499987    /usr/share/netbeans/ide14/modules/org-netbeans-modules-db-sql-visualeditor.jar
68cfc000-68d12000 r--s 00108000 08:01 2106583    /usr/share/java/swingx1-1.0.jar
68d12000-68d13000 r--s 00001000 08:01 2499959    /usr/share/netbeans/ide14/modules/org-netbeans-libs-swingx.jar
68d13000-68d18000 r--s 00060000 08:01 2500099    /usr/share/netbeans/ide14/modules/org-netbeans-modules-db-dataview.jar
68d18000-68d19000 r--s 00000000 08:01 2500015    /usr/share/netbeans/ide14/modules/org-netbeans-modules-db-kit.jar
68d19000-68d1b000 r--s 00000000 08:01 2771639    /usr/share/netbeans/apisupport3/modules/org-netbeans-modules-apisupport-ant.jar
68d1b000-68d2b000 r--s 000c2000 08:01 2106438    /usr/share/java/freemarker-2.3.18.jar
68d2b000-68d2d000 r--s 00000000 08:01 2499537    /usr/share/netbeans/harness/modules/org-netbeans-modules-apisupport-harness.jar
68d2d000-68d33000 r--s 0006e000 08:01 2771642    /usr/share/netbeans/apisupport3/modules/org-netbeans-modules-apisupport-kit.jar
68d33000-68d5f000 r--s 00303000 08:01 2098243    /usr/share/java/svnkit-1.7.5.jar
68d5f000-68d63000 r--s 00034000 08:01 2106574    /usr/share/java/trilead-ssh2-6401.jar
68d63000-68d64000 r--s 00001000 08:01 2500016    /usr/share/netbeans/ide14/modules/org-netbeans-libs-svnClientAdapter-svnkit.jar
68d64000-68d68000 r--s 00024000 08:01 2098246    /usr/share/java/svnClientAdapter-1.8.16.jar
68d68000-68d70000 r--s 00041000 08:01 2099435    /usr/share/java/svn-javahl.jar
68d70000-68d71000 r--s 00002000 08:01 2500075    /usr/share/netbeans/ide14/modules/org-netbeans-libs-svnClientAdapter-javahl.jar
68d71000-68d73000 r--s 00007000 08:01 2499314    /usr/share/netbeans/platform13/modules/org-netbeans-core-netigso.jar
68d73000-68d7c000 r--s 00046000 08:01 2106466    /usr/share/java/jna-platform-3.2.7.jar
68d7c000-68d7d000 r--s 00001000 08:01 2499272    /usr/share/netbeans/platform13/modules/org-netbeans-core-nativeaccess.jar
68d7d000-68d7e000 r--s 00000000 08:01 2368414    /var/cache/fontconfig/16326683038b281783a0ef8c680e3a10-le32d4.cache-3
68d7e000-68d80000 r--s 00000000 08:01 2499269    /usr/share/netbeans/platform13/modules/org-jdesktop-layout.jar
68d80000-68d81000 r--s 00000000 08:01 2771806    /usr/share/netbeans/7.0.1/nb/modules/locale/org-netbeans-core_nb.jar
68d81000-68d84000 r--s 00030000 08:01 2499300    /usr/share/netbeans/platform13/modules/ext/updater.jar
68d84000-68d85000 r--s 00007000 08:01 2499288    /usr/share/netbeans/platform13/modules/org-netbeans-core-io-ui.jar
68d85000-68d87000 r--s 00008000 08:01 2630489    /usr/share/netbeans/java5/modules/org-netbeans-modules-ant-grammar.jar
68d87000-68d89000 r--s 00026000 08:01 2771641    /usr/share/netbeans/apisupport3/modules/org-netbeans-modules-apisupport-crudsample.jar
68d89000-68d8a000 r--s 00024000 08:01 2771637    /usr/share/netbeans/apisupport3/modules/org-netbeans-modules-apisupport-osgidemo.jar
68d8a000-68d8b000 r--s 00011000 08:01 2771638    /usr/share/netbeans/apisupport3/modules/org-netbeans-modules-apisupport-paintapp.jar
68d8b000-68d8e000 r--s 0002a000 08:01 2771640    /usr/share/netbeans/apisupport3/modules/org-netbeans-modules-apisupport-refactoring.jar
68d8e000-68dab000 r--s 002c1000 08:01 2771636    /usr/share/netbeans/apisupport3/modules/org-netbeans-modules-apisupport-project.jar
68dab000-68dac000 r--s 00005000 08:01 2499965    /usr/share/netbeans/ide14/modules/org-netbeans-libs-freemarker.jar
68dac000-68dae000 r--s 00004000 08:01 2500036    /usr/share/netbeans/ide14/modules/org-netbeans-modules-db-drivers.jar
68dae000-68db2000 r--s 00055000 08:01 2500038    /usr/share/netbeans/ide14/modules/org-netbeans-modules-db-mysql.jar
68db2000-68db7000 r--s 00047000 08:01 2500014    /usr/share/netbeans/ide14/modules/org-netbeans-modules-db-sql-editor.jar
68db7000-68dbb000 r--s 00035000 08:01 2500056    /usr/share/netbeans/ide14/modules/org-netbeans-modules-db-core.jar
68dbb000-68dcb000 r--s 00159000 08:01 2630528    /usr/share/netbeans/java5/modules/org-netbeans-modules-debugger-jpda-ui.jar
68dcb000-68dcc000 r-xp 00000000 08:01 1711630    /usr/lib/i386-linux-gnu/libgthread-2.0.so.0.3600.0
68dcc000-68dcd000 r--p 00000000 08:01 1711630    /usr/lib/i386-linux-gnu/libgthread-2.0.so.0.3600.0
68dcd000-68dce000 rw-p 00001000 08:01 1711630    /usr/lib/i386-linux-gnu/libgthread-2.0.so.0.3600.0
68dce000-68dd0000 r--s 00008000 08:01 2499273    /usr/share/netbeans/platform13/modules/org-netbeans-modules-queries.jar
68dd0000-68dd5000 r--s 0006c000 08:01 2499291    /usr/share/netbeans/platform13/modules/org-openide-awt.jar
68dd5000-68dda000 r--s 00074000 08:01 2630485    /usr/share/netbeans/java5/modules/org-netbeans-modules-debugger-jpda-projects.jar
68dda000-68ddc000 r--s 00022000 08:01 2499983    /usr/share/netbeans/ide14/modules/org-netbeans-modules-derby.jar
68ddc000-68de0000 r--s 00046000 08:01 2630546    /usr/share/netbeans/java5/modules/org-netbeans-modules-form-j2ee.jar
68de0000-68dea000 r--s 00149000 08:01 2499980    /usr/share/netbeans/ide14/modules/org-netbeans-modules-html-editor.jar
68dea000-68df1000 r--s 00063000 08:01 2500055    /usr/share/netbeans/ide14/modules/org-netbeans-modules-hudson.jar
68df1000-68df3000 r--s 00017000 08:01 2500010    /usr/share/netbeans/ide14/modules/org-netbeans-modules-editor-util.jar
68df3000-68df5000 r--s 00014000 08:01 2771801    /usr/share/netbeans/7.0.1/nb/modules/org-netbeans-modules-autoupdate-pluginimporter.jar
68df5000-68df8000 r--s 0002b000 08:01 2499279    /usr/share/netbeans/platform13/modules/org-netbeans-swing-outline.jar
68df8000-68e05000 r--s 00142000 08:01 2499265    /usr/share/netbeans/platform13/modules/org-openide-explorer.jar
68e05000-68e09000 r--s 00027000 08:01 2499304    /usr/share/netbeans/platform13/modules/org-openide-actions.jar
68e09000-68e0d000 r--s 00042000 08:01 2500096    /usr/share/netbeans/ide14/modules/org-netbeans-spi-viewmodel.jar
68e0d000-68e0e000 r--s 00000000 08:01 2368410    /var/cache/fontconfig/e0aa53bcfa504e64f87823c16bc01eb6-le32d4.cache-3
68e0e000-68e11000 r--s 0003f000 08:01 2500069    /usr/share/netbeans/ide14/modules/ext/ddl.jar
68e11000-68e22000 r--s 00152000 08:01 2500092    /usr/share/netbeans/ide14/modules/org-netbeans-modules-db.jar
68e22000-68e23000 r--s 00001000 08:01 2630510    /usr/share/netbeans/java5/modules/org-netbeans-modules-java-kit.jar
68e23000-68e25000 r--s 00043000 08:01 2499989    /usr/share/netbeans/ide14/modules/org-netbeans-modules-defaults.jar
68e25000-68e27000 r--s 0001d000 08:01 2500034    /usr/share/netbeans/ide14/modules/org-netbeans-modules-extbrowser.jar
68e27000-68e29000 r--s 00021000 08:01 2500074    /usr/share/netbeans/ide14/modules/org-netbeans-modules-editor-macros.jar
68e29000-68e2b000 r--s 00008000 08:01 2500066    /usr/share/netbeans/ide14/modules/org-netbeans-core-ide.jar
68e2b000-68e37000 r--s 00160000 08:01 2499289    /usr/share/netbeans/platform13/modules/org-netbeans-core-windows.jar
68e37000-68e38000 r--s 00003000 08:01 2500078    /usr/share/netbeans/ide14/modules/org-netbeans-modules-editor-plain.jar
68e38000-68e3a000 r--s 0000b000 08:01 2500031    /usr/share/netbeans/ide14/modules/org-openidex-util.jar
68e3a000-68e44000 r--s 000b6000 08:01 2499988    /usr/share/netbeans/ide14/modules/org-netbeans-modules-dlight-nativeexecution.jar
68e44000-68e49000 r--s 00062000 08:01 2500054    /usr/share/netbeans/ide14/modules/org-netbeans-modules-html.jar
68e49000-68e4b000 r--s 00016000 08:01 2500048    /usr/share/netbeans/ide14/modules/org-netbeans-modules-image.jar
68e4b000-68e55000 r--s 00087000 08:01 2500005    /usr/share/netbeans/ide14/modules/org-netbeans-modules-css-visual.jar
68e55000-68e5c000 r--s 000b9000 08:01 2500110    /usr/share/netbeans/ide14/modules/org-netbeans-modules-css-editor.jar
68e5c000-68e5e000 r--s 00013000 08:01 2500081    /usr/share/netbeans/ide14/modules/org-netbeans-modules-editor-bookmarks.jar
68e5e000-68e61000 r--s 00025000 08:01 2630519    /usr/share/netbeans/java5/modules/org-netbeans-modules-ant-debugger.jar
68e61000-68e62000 r--s 00000000 00:14 387670     /run/user/prashantvaidyanathan/dconf/user
68e62000-68e65000 r--s 0002c000 08:01 2499287    /usr/share/netbeans/platform13/modules/org-netbeans-swing-plaf.jar
68e65000-68e6a000 r--s 00067000 08:01 2630506    /usr/share/netbeans/java5/modules/org-netbeans-modules-i18n.jar
68e6a000-68e6c000 r--s 00061000 08:01 2630507    /usr/share/netbeans/java5/modules/org-netbeans-modules-java-examples.jar
68e6c000-68e71000 r--s 0005e000 08:01 2630515    /usr/share/netbeans/java5/modules/org-netbeans-modules-java-freeform.jar
68e71000-68e75000 r--s 00043000 08:01 2630545    /usr/share/netbeans/java5/modules/org-netbeans-modules-ant-freeform.jar
68e75000-68e7c000 r--s 00083000 08:01 2630502    /usr/share/netbeans/java5/modules/org-netbeans-modules-beans.jar
68e7c000-68e84000 r--s 00081000 08:01 2630498    /usr/share/netbeans/java5/modules/org-netbeans-modules-java-navigation.jar
68e85000-68e86000 r--s 00008000 08:01 2499312    /usr/share/netbeans/platform13/modules/org-openide-io.jar
68e86000-68e87000 r--s 00006000 08:01 2499278    /usr/share/netbeans/platform13/modules/org-openide-execution.jar
68e87000-68e8b000 r--s 00052000 08:01 2630516    /usr/share/netbeans/java5/modules/org-netbeans-modules-javadoc.jar
68e8b000-68e9d000 r--s 00248000 08:01 2630492    /usr/share/netbeans/java5/modules/org-netbeans-modules-java-hints.jar
68e9d000-68eab000 r--s 001b1000 08:01 2630494    /usr/share/netbeans/java5/modules/org-netbeans-modules-java-editor.jar
68eab000-68eae000 r--s 00032000 08:01 2630508    /usr/share/netbeans/java5/modules/org-netbeans-modules-javawebstart.jar
68eae000-68eb3000 r--s 00097000 08:01 2630544    /usr/share/netbeans/java5/modules/org-netbeans-modules-junit.jar
68eb3000-68eb4000 r--s 00005000 08:01 2499978    /usr/share/netbeans/ide14/modules/org-netbeans-modules-gototest.jar
68eb4000-68eb8000 r--s 00033000 08:01 2500028    /usr/share/netbeans/ide14/modules/org-netbeans-modules-gsf-testrunner.jar
68eb8000-68eb9000 r--s 00001000 08:01 2771809    /usr/share/netbeans/7.0.1/nb/modules/locale/org-netbeans-modules-autoupdate-ui_nb.jar
68eb9000-68ec1000 r--s 000b6000 08:01 2499270    /usr/share/netbeans/platform13/modules/org-netbeans-modules-autoupdate-ui.jar
68ec1000-68ec3000 r--s 00000000 08:01 2630522    /usr/share/netbeans/java5/modules/org-netbeans-modules-junitlib.jar
68ec3000-68ec4000 r--s 00006000 08:01 2500064    /usr/share/netbeans/ide14/modules/org-netbeans-modules-languages-diff.jar
68ec4000-68ec6000 r--s 00005000 08:01 2500046    /usr/share/netbeans/ide14/modules/org-netbeans-modules-languages-manifest.jar
68ec6000-68ec8000 r--s 0001b000 08:01 2499994    /usr/share/netbeans/ide14/modules/org-netbeans-modules-languages-yaml.jar
68ec8000-68ecb000 r--s 0002f000 08:01 2499975    /usr/share/netbeans/ide14/modules/org-netbeans-modules-localhistory.jar
68ecb000-68eda000 r--s 00187000 08:01 2499952    /usr/share/netbeans/ide14/modules/org-netbeans-modules-mercurial.jar
68eda000-68edd000 r--s 00032000 08:01 2499307    /usr/share/netbeans/platform13/modules/org-netbeans-modules-print.jar
68edd000-68ede000 r--s 00004000 08:01 2630488    /usr/share/netbeans/java5/modules/org-netbeans-modules-projectimport-eclipse-j2se.jar
68ede000-68ee1000 r--s 0004a000 08:01 2630512    /usr/share/netbeans/java5/modules/org-netbeans-modules-projectimport-eclipse-core.jar
68ee1000-68ee5000 r--s 00049000 08:01 2630505    /usr/share/netbeans/java5/modules/org-netbeans-modules-java-j2seplatform.jar
68ee5000-68ee6000 r--s 00001000 08:01 2499974    /usr/share/netbeans/ide14/modules/org-netbeans-modules-projectui-buildmenu.jar
68ee6000-68ef2000 r--s 00149000 08:01 2630487    /usr/share/netbeans/java5/modules/org-netbeans-modules-refactoring-java.jar
68ef2000-68ef5000 r--s 00031000 08:01 2499281    /usr/share/netbeans/platform13/modules/org-netbeans-modules-settings.jar
68ef5000-68ef7000 r--s 00005000 08:01 2499954    /usr/share/netbeans/ide14/modules/org-netbeans-modules-spellchecker-bindings-htmlxml.jar
68ef7000-68ef9000 r--s 00008000 08:01 2500039    /usr/share/netbeans/ide14/modules/org-netbeans-modules-html-lexer.jar
68ef9000-68efa000 r--s 00006000 08:01 2630496    /usr/share/netbeans/java5/modules/org-netbeans-modules-spellchecker-bindings-java.jar
68efa000-68efb000 r--s 00003000 08:01 2500032    /usr/share/netbeans/ide14/modules/org-netbeans-modules-spellchecker-bindings-properties.jar
68efb000-68efc000 r--s 00008000 08:01 2499971    /usr/share/netbeans/ide14/modules/org-netbeans-modules-properties-syntax.jar
68efc000-68f00000 r--s 00029000 08:01 2500061    /usr/share/netbeans/ide14/modules/org-netbeans-modules-spellchecker.jar
68f00000-68ff7000 rw-p 00000000 00:00 0 
68ff7000-69000000 ---p 00000000 00:00 0 
69000000-690f4000 rw-p 00000000 00:00 0 
690f4000-69100000 ---p 00000000 00:00 0 
69100000-691f2000 rw-p 00000000 00:00 0 
691f2000-69200000 ---p 00000000 00:00 0 
69200000-692f9000 rw-p 00000000 00:00 0 
692f9000-69300000 ---p 00000000 00:00 0 
69300000-69303000 r--s 00016000 08:01 2500044    /usr/share/netbeans/ide14/modules/docs/org-netbeans-modules-subversion.jar
69303000-69319000 r--s 00244000 08:01 2500058    /usr/share/netbeans/ide14/modules/org-netbeans-modules-subversion.jar
69319000-6931d000 r--s 0008e000 08:01 2630511    /usr/share/netbeans/java5/modules/org-netbeans-modules-swingapp.jar
6931d000-69323000 r--s 00075000 08:01 2500094    /usr/share/netbeans/ide14/modules/org-netbeans-modules-properties.jar
69323000-69324000 r--s 00000000 08:01 2106536    /usr/share/java/AbsoluteLayout-7.0.jar
69324000-6934f000 r--s 00448000 08:01 2630547    /usr/share/netbeans/java5/modules/org-netbeans-modules-form.jar
6934f000-69350000 r--s 00005000 08:01 2630482    /usr/share/netbeans/java5/modules/org-netbeans-modules-java-guards.jar
69350000-69358000 r--s 000cc000 08:01 2630520    /usr/share/netbeans/java5/modules/org-netbeans-modules-java-j2seproject.jar
69358000-6935a000 r--s 00006000 08:01 2500030    /usr/share/netbeans/ide14/modules/org-netbeans-modules-tasklist-projectint.jar
6935a000-6935c000 r--s 0000b000 08:01 2500102    /usr/share/netbeans/ide14/modules/org-netbeans-modules-tasklist-todo.jar
6935c000-69361000 r--s 00052000 08:01 2500077    /usr/share/netbeans/ide14/modules/org-netbeans-modules-tasklist-ui.jar
69361000-69364000 r--s 00026000 08:01 2500025    /usr/share/netbeans/ide14/modules/org-netbeans-modules-terminal.jar
69364000-69365000 r--s 00000000 08:01 2771814    /usr/share/netbeans/7.0.1/nb/modules/org-netbeans-modules-uihandler-exceptionreporter.jar
69365000-69367000 r--s 0000c000 08:01 2499285    /usr/share/netbeans/platform13/modules/org-netbeans-api-progress.jar
69367000-6936a000 r--s 00039000 08:01 2771797    /usr/share/netbeans/7.0.1/nb/modules/org-netbeans-modules-uihandler.jar
6936a000-6936b000 r--s 00004000 08:01 2771813    /usr/share/netbeans/7.0.1/nb/modules/org-netbeans-modules-updatecenters.jar
6936b000-69370000 r--s 00087000 08:01 2499266    /usr/share/netbeans/platform13/modules/org-netbeans-modules-autoupdate-services.jar
69370000-69371000 r--s 00003000 08:01 2499992    /usr/share/netbeans/ide14/modules/org-netbeans-modules-usersguide.jar
69371000-69377000 r--s 0007c000 08:01 2500013    /usr/share/netbeans/ide14/modules/org-netbeans-modules-utilities.jar
69377000-6937c000 r--s 00018000 08:01 2500043    /usr/share/netbeans/ide14/modules/docs/org-netbeans-modules-versioning-system-cvss.jar
6937c000-6938c000 r--s 00156000 08:01 2500027    /usr/share/netbeans/ide14/modules/org-netbeans-modules-versioning-system-cvss.jar
6938c000-69396000 r--s 000bb000 08:01 2500003    /usr/share/netbeans/ide14/modules/org-netbeans-modules-versioning-util.jar
69396000-6939a000 r--s 00059000 08:01 2499962    /usr/share/netbeans/ide14/modules/org-netbeans-modules-versioning.jar
6939a000-6939f000 r--s 0006d000 08:01 2771798    /usr/share/netbeans/7.0.1/nb/modules/org-netbeans-modules-welcome.jar
6939f000-693aa000 r--s 000d1000 08:01 2499967    /usr/share/netbeans/ide14/modules/org-netbeans-modules-projectui.jar
693aa000-693ad000 r--s 00029000 08:01 2499268    /usr/share/netbeans/platform13/modules/org-netbeans-modules-favorites.jar
693ad000-693b0000 r--s 00019000 08:01 2499267    /usr/share/netbeans/platform13/modules/org-netbeans-core-execution.jar
693b0000-693b3000 r--s 0001e000 08:01 2499246    /usr/share/netbeans/platform13/modules/org-netbeans-core-multiview.jar
693b3000-693b5000 r--s 00032000 08:01 2500019    /usr/share/netbeans/ide14/modules/org-netbeans-modules-xml-schema-completion.jar
693b5000-693b8000 r--s 00035000 08:01 2630499    /usr/share/netbeans/java5/modules/org-netbeans-modules-xml-tools-java.jar
693b8000-693bb000 r--s 0001c000 08:01 2500033    /usr/share/netbeans/ide14/modules/org-netbeans-modules-parsing-lucene.jar
693bb000-693cf000 r--s 00255000 08:01 2630509    /usr/share/netbeans/java5/modules/org-netbeans-modules-java-source.jar
693cf000-693d1000 r--s 0000a000 08:01 2630483    /usr/share/netbeans/java5/modules/org-netbeans-modules-java-lexer.jar
693d1000-693d8000 r--s 00080000 08:01 2630503    /usr/share/netbeans/java5/modules/org-netbeans-modules-java-project.jar
693d8000-693db000 r--s 00025000 08:01 2499283    /usr/share/netbeans/platform13/modules/org-openide-dialogs.jar
693db000-693e1000 r--s 00085000 08:01 2500090    /usr/share/netbeans/ide14/modules/org-netbeans-modules-project-ant.jar
693e1000-693e6000 r--s 00038000 08:01 2500057    /usr/share/netbeans/ide14/modules/org-netbeans-modules-xml-catalog.jar
693e6000-693e9000 r--s 00020000 08:01 2630504    /usr/share/netbeans/java5/modules/org-netbeans-modules-java-platform.jar
693e9000-693ed000 r--s 00038000 08:01 2500008    /usr/share/netbeans/ide14/modules/org-netbeans-modules-project-libraries.jar
693ed000-693f3000 r--s 00066000 08:01 2630501    /usr/share/netbeans/java5/modules/org-apache-tools-ant-module.jar
693f3000-693fa000 r--s 0005d000 08:01 2500068    /usr/share/netbeans/ide14/modules/ext/org-netbeans-tax.jar
693fa000-69400000 r--s 00058000 08:01 2500070    /usr/share/netbeans/ide14/modules/org-netbeans-modules-xml-tax.jar
69400000-694fd000 rw-p 00000000 00:00 0 
694fd000-69500000 ---p 00000000 00:00 0 
69500000-69502000 r--s 00019000 08:01 2499961    /usr/share/netbeans/ide14/modules/org-netbeans-modules-xml-tools.jar
69502000-69505000 r--s 0002b000 08:01 2500080    /usr/share/netbeans/ide14/modules/org-netbeans-modules-xsl.jar
69505000-6950b000 r--s 00066000 08:01 2500065    /usr/share/netbeans/ide14/modules/org-netbeans-modules-xml.jar
6950b000-69513000 r--s 00097000 08:01 2500088    /usr/share/netbeans/ide14/modules/org-netbeans-modules-xml-text.jar
69513000-69515000 r--s 00011000 08:01 2500062    /usr/share/netbeans/ide14/modules/org-netbeans-modules-editor-bracesmatching.jar
69515000-69518000 r--s 0001d000 08:01 2500103    /usr/share/netbeans/ide14/modules/org-netbeans-modules-editor-deprecated-pre65formatting.jar
69518000-69525000 r--s 000e8000 08:01 2500007    /usr/share/netbeans/ide14/modules/org-netbeans-modules-csl-api.jar
69525000-6952c000 r--s 00063000 08:01 2499972    /usr/share/netbeans/ide14/modules/org-netbeans-modules-refactoring-api.jar
6952c000-69531000 r--s 00045000 08:01 2500021    /usr/share/netbeans/ide14/modules/org-netbeans-modules-jumpto.jar
69531000-6953a000 r--s 000b7000 08:01 2499993    /usr/share/netbeans/ide14/modules/org-netbeans-modules-parsing-api.jar
6953a000-6953f000 r--s 00058000 08:01 2499302    /usr/share/netbeans/platform13/modules/org-netbeans-modules-masterfs.jar
6953f000-69543000 r--s 00053000 08:01 2499280    /usr/share/netbeans/platform13/modules/org-netbeans-core-ui.jar
69543000-69546000 r--s 0003f000 08:01 2500076    /usr/share/netbeans/ide14/modules/org-netbeans-modules-editor-codetemplates.jar
69546000-6954a000 r--s 00033000 08:01 2500052    /usr/share/netbeans/ide14/modules/org-netbeans-modules-editor-completion.jar
6954a000-69553000 r--s 000db000 08:01 2500001    /usr/share/netbeans/ide14/modules/org-netbeans-modules-diff.jar
69553000-69557000 r--s 0005a000 08:01 2500051    /usr/share/netbeans/ide14/modules/org-netbeans-modules-options-editor.jar
69557000-6955b000 r--s 00041000 08:01 2500109    /usr/share/netbeans/ide14/modules/org-netbeans-modules-editor-settings-storage.jar
6955b000-6955e000 r--s 0003c000 08:01 2499244    /usr/share/netbeans/platform13/modules/org-netbeans-modules-options-keymap.jar
6955e000-6956e000 r--s 00178000 08:01 2500017    /usr/share/netbeans/ide14/modules/org-netbeans-modules-editor-lib.jar
6956e000-69577000 r--s 000a3000 08:01 2500000    /usr/share/netbeans/ide14/modules/org-netbeans-modules-editor.jar
69577000-69580000 r--s 0008e000 08:01 2106605    /usr/share/java/jhall-2.0.05.ds1.jar
69580000-69600000 rw-p 00000000 00:00 0 
69600000-69700000 rw-p 00000000 00:00 0 
69700000-69705000 r--s 00061000 08:01 2499284    /usr/share/netbeans/platform13/modules/org-openide-nodes.jar
69705000-69708000 r--s 00025000 08:01 2499263    /usr/share/netbeans/platform13/modules/org-netbeans-modules-javahelp.jar
69708000-6970c000 r--s 0004f000 08:01 2499282    /usr/share/netbeans/platform13/modules/org-netbeans-modules-options-api.jar
6970c000-69712000 r--s 00072000 08:01 2499296    /usr/share/netbeans/platform13/modules/org-netbeans-core.jar
69712000-69714000 r--s 00011000 08:01 2499966    /usr/share/netbeans/ide14/modules/org-netbeans-modules-editor-errorstripe.jar
69714000-69717000 r--s 0001c000 08:01 2500004    /usr/share/netbeans/ide14/modules/org-netbeans-modules-xml-core.jar
69717000-69719000 r--s 00011000 08:01 2499970    /usr/share/netbeans/ide14/modules/org-netbeans-api-xml.jar
69719000-69727000 r--s 000b9000 08:01 2499969    /usr/share/netbeans/ide14/modules/org-netbeans-spi-debugger-ui.jar
69727000-6972b000 r--s 00038000 08:01 2500011    /usr/share/netbeans/ide14/modules/org-netbeans-modules-projectuiapi.jar
6972b000-6972e000 r--s 00038000 08:01 2499964    /usr/share/netbeans/ide14/modules/org-netbeans-api-debugger.jar
6978f000-6979c000 r--s 000b0000 08:01 2499315    /usr/share/netbeans/platform13/modules/org-netbeans-swing-tabcontrol.jar
6979c000-6979e000 r--s 00018000 08:01 2630539    /usr/share/netbeans/java5/modules/org-netbeans-modules-i18n-form.jar
6979e000-697af000 r-xp 00000000 08:01 1706240    /usr/lib/jni/libjnidispatch.so
697af000-697b0000 r--p 00010000 08:01 1706240    /usr/lib/jni/libjnidispatch.so
697b0000-697b1000 rw-p 00011000 08:01 1706240    /usr/lib/jni/libjnidispatch.so
697b1000-697b8000 r-xp 00000000 08:01 3414502    /usr/lib/jvm/java-7-oracle/jre/lib/i386/libmanagement.so
697b8000-697b9000 rw-p 00006000 08:01 3414502    /usr/lib/jvm/java-7-oracle/jre/lib/i386/libmanagement.so
697b9000-69896000 r--s 00000000 08:01 525562     /home/prashantvaidyanathan/.netbeans/7.0/var/cache/all-layers.dat
69896000-69899000 ---p 00000000 00:00 0 
69899000-69a97000 rw-p 00000000 00:00 0          [stack:30094]
69a97000-69a9a000 ---p 00000000 00:00 0 
69a9a000-69c98000 rw-p 00000000 00:00 0          [stack:30093]
69c98000-69cf8000 r-xp 00000000 08:01 3414512    /usr/lib/jvm/java-7-oracle/jre/lib/i386/libt2k.so
69cf8000-69cfc000 rw-p 0005f000 08:01 3414512    /usr/lib/jvm/java-7-oracle/jre/lib/i386/libt2k.so
69cfc000-69d00000 rw-p 00000000 00:00 0 
69d00000-69df0000 rw-p 00000000 00:00 0 
69df0000-69e00000 ---p 00000000 00:00 0 
69e00000-69e01000 r--s 00003000 08:01 2499998    /usr/share/netbeans/ide14/modules/org-netbeans-modules-utilities-project.jar
69e01000-69e04000 r--s 00034000 08:01 2500105    /usr/share/netbeans/ide14/modules/org-netbeans-spi-editor-hints.jar
69e04000-69e1f000 r-xp 00000000 08:01 1049263    /lib/i386-linux-gnu/libgcc_s.so.1
69e1f000-69e20000 r--p 0001a000 08:01 1049263    /lib/i386-linux-gnu/libgcc_s.so.1
69e20000-69e21000 rw-p 0001b000 08:01 1049263    /lib/i386-linux-gnu/libgcc_s.so.1
69e21000-69e29000 r--s 000a8000 08:01 2500022    /usr/share/netbeans/ide14/modules/org-netbeans-modules-editor-lib2.jar
69e29000-69e2e000 r--s 00053000 08:01 2500073    /usr/share/netbeans/ide14/modules/org-netbeans-spi-palette.jar
69e2e000-69e38000 r--s 000f4000 08:01 2499290    /usr/share/netbeans/platform13/modules/org-openide-loaders.jar
69e38000-69e94000 r-xp 00000000 08:01 3414533    /usr/lib/jvm/java-7-oracle/jre/lib/i386/libfontmanager.so
69e94000-69e97000 rw-p 0005b000 08:01 3414533    /usr/lib/jvm/java-7-oracle/jre/lib/i386/libfontmanager.so
69e97000-69e9b000 rw-p 00000000 00:00 0 
69e9b000-69e9e000 ---p 00000000 00:00 0 
69e9e000-6a09c000 rw-p 00000000 00:00 0          [stack:30092]
6a09c000-6a09f000 ---p 00000000 00:00 0 
6a09f000-6a29d000 rw-p 00000000 00:00 0          [stack:30091]
6a29d000-6a2ee000 r-xp 00000000 08:01 3414508    /usr/lib/jvm/java-7-oracle/jre/lib/i386/libsplashscreen.so
6a2ee000-6a2ef000 rw-p 00050000 08:01 3414508    /usr/lib/jvm/java-7-oracle/jre/lib/i386/libsplashscreen.so
6a2ef000-6a2f2000 rw-p 00000000 00:00 0 
6a2f2000-6a2f5000 ---p 00000000 00:00 0 
6a2f5000-6a4f3000 rw-p 00000000 00:00 0          [stack:30090]
6a4f3000-6a4f6000 ---p 00000000 00:00 0 
6a4f6000-6a6f4000 rw-p 00000000 00:00 0          [stack:30089]
6a6f4000-6a6f7000 ---p 00000000 00:00 0 
6a6f7000-6a8f5000 rw-p 00000000 00:00 0          [stack:30088]
6a8f5000-6a915000 r-xp 00000000 08:01 1705841    /usr/lib/i386-linux-gnu/libxcb.so.1.1.0
6a915000-6a916000 r--p 0001f000 08:01 1705841    /usr/lib/i386-linux-gnu/libxcb.so.1.1.0
6a916000-6a917000 rw-p 00020000 08:01 1705841    /usr/lib/i386-linux-gnu/libxcb.so.1.1.0
6a917000-6aa4a000 r-xp 00000000 08:01 1705858    /usr/lib/i386-linux-gnu/libX11.so.6.3.0
6aa4a000-6aa4b000 r--p 00132000 08:01 1705858    /usr/lib/i386-linux-gnu/libX11.so.6.3.0
6aa4b000-6aa4e000 rw-p 00133000 08:01 1705858    /usr/lib/i386-linux-gnu/libX11.so.6.3.0
6aa4e000-6aad4000 r-xp 00000000 08:01 3414519    /usr/lib/jvm/java-7-oracle/jre/lib/i386/libawt.so
6aad4000-6aadb000 rw-p 00086000 08:01 3414519    /usr/lib/jvm/java-7-oracle/jre/lib/i386/libawt.so
6aadb000-6aaff000 rw-p 00000000 00:00 0 
6aaff000-6ab02000 ---p 00000000 00:00 0 
6ab02000-6ad00000 rw-p 00000000 00:00 0          [stack:30087]
6ad00000-6ad4e000 rw-p 00000000 00:00 0 
6ad4e000-6ae00000 ---p 00000000 00:00 0 
6ae00000-6ae02000 r--s 0000f000 08:01 2500100    /usr/share/netbeans/ide14/modules/org-netbeans-modules-editor-indent.jar
6ae02000-6ae04000 r--s 0000c000 08:01 2499976    /usr/share/netbeans/ide14/modules/org-netbeans-spi-navigator.jar
6ae04000-6ae08000 r--s 00032000 08:01 2500049    /usr/share/netbeans/ide14/modules/org-netbeans-modules-projectapi.jar
6ae08000-6ae0c000 r--s 0004a000 08:01 2499292    /usr/share/netbeans/platform13/modules/org-openide-text.jar
6ae0c000-6ae11000 r-xp 00000000 08:01 1708692    /usr/lib/i386-linux-gnu/libXdmcp.so.6.0.0
6ae11000-6ae12000 r--p 00004000 08:01 1708692    /usr/lib/i386-linux-gnu/libXdmcp.so.6.0.0
6ae12000-6ae13000 rw-p 00005000 08:01 1708692    /usr/lib/i386-linux-gnu/libXdmcp.so.6.0.0
6ae13000-6ae15000 r-xp 00000000 08:01 1708681    /usr/lib/i386-linux-gnu/libXau.so.6.0.0
6ae15000-6ae16000 r--p 00001000 08:01 1708681    /usr/lib/i386-linux-gnu/libXau.so.6.0.0
6ae16000-6ae17000 rw-p 00002000 08:01 1708681    /usr/lib/i386-linux-gnu/libXau.so.6.0.0
6ae17000-6ae25000 r-xp 00000000 08:01 1709428    /usr/lib/i386-linux-gnu/libXi.so.6.1.0
6ae25000-6ae26000 r--p 0000d000 08:01 1709428    /usr/lib/i386-linux-gnu/libXi.so.6.1.0
6ae26000-6ae27000 rw-p 0000e000 08:01 1709428    /usr/lib/i386-linux-gnu/libXi.so.6.1.0
6ae27000-6ae2c000 r-xp 00000000 08:01 1705162    /usr/lib/i386-linux-gnu/libXtst.so.6.1.0
6ae2c000-6ae2d000 r--p 00004000 08:01 1705162    /usr/lib/i386-linux-gnu/libXtst.so.6.1.0
6ae2d000-6ae2e000 rw-p 00005000 08:01 1705162    /usr/lib/i386-linux-gnu/libXtst.so.6.1.0
6ae2e000-6ae77000 r-xp 00000000 08:01 3414479    /usr/lib/jvm/java-7-oracle/jre/lib/i386/xawt/libmawt.so
6ae77000-6ae79000 rw-p 00049000 08:01 3414479    /usr/lib/jvm/java-7-oracle/jre/lib/i386/xawt/libmawt.so
6ae79000-6ae7a000 rw-p 00000000 00:00 0 
6ae7a000-6ae7d000 ---p 00000000 00:00 0 
6ae7d000-6b07b000 rw-p 00000000 00:00 0          [stack:30086]
6b07b000-6b07e000 ---p 00000000 00:00 0 
6b07e000-6b27c000 rw-p 00000000 00:00 0          [stack:30085]
6b27c000-6b27d000 ---p 00000000 00:00 0 
6b27d000-6b2fd000 rw-p 00000000 00:00 0          [stack:30084]
6b2fd000-6b300000 ---p 00000000 00:00 0 
6b300000-6b4fe000 rw-p 00000000 00:00 0          [stack:30083]
6b4fe000-6b501000 ---p 00000000 00:00 0 
6b501000-6b6ff000 rw-p 00000000 00:00 0          [stack:30081]
6b6ff000-6b8ff000 r--p 00000000 08:01 1705354    /usr/lib/locale/locale-archive
6b8ff000-6b902000 ---p 00000000 00:00 0 
6b902000-6bb00000 rw-p 00000000 00:00 0          [stack:30080]
6bb00000-6bbf5000 rw-p 00000000 00:00 0 
6bbf5000-6bc00000 ---p 00000000 00:00 0 
6bc00000-6bc01000 r--s 00001000 08:01 2499995    /usr/share/netbeans/ide14/modules/org-netbeans-libs-jsch.jar
6bc01000-6bc11000 r-xp 00000000 08:01 1705864    /usr/lib/i386-linux-gnu/libXext.so.6.4.0
6bc11000-6bc12000 r--p 0000f000 08:01 1705864    /usr/lib/i386-linux-gnu/libXext.so.6.4.0
6bc12000-6bc13000 rw-p 00010000 08:01 1705864    /usr/lib/i386-linux-gnu/libXext.so.6.4.0
6bc13000-6bc7e000 r--s 00e19000 08:01 3413382    /usr/lib/jvm/java-7-oracle/lib/tools.jar
6bc7e000-6bc81000 ---p 00000000 00:00 0 
6bc81000-6bcff000 rw-p 00000000 00:00 0          [stack:30082]
6bcff000-6bd02000 ---p 00000000 00:00 0 
6bd02000-6bf00000 rw-p 00000000 00:00 0          [stack:30079]
6bf00000-6bffd000 rw-p 00000000 00:00 0 
6bffd000-6c000000 ---p 00000000 00:00 0 
6c000000-6c001000 r--s 00002000 08:01 2630527    /usr/share/netbeans/java5/modules/org-netbeans-libs-javacapi.jar
6c001000-6c003000 r--s 0001c000 08:01 2499305    /usr/share/netbeans/platform13/modules/org-netbeans-spi-quicksearch.jar
6c003000-6c00b000 r-xp 00000000 08:01 1705866    /usr/lib/i386-linux-gnu/libXrender.so.1.3.0
6c00b000-6c00c000 r--p 00008000 08:01 1705866    /usr/lib/i386-linux-gnu/libXrender.so.1.3.0
6c00c000-6c00d000 rw-p 00009000 08:01 1705866    /usr/lib/i386-linux-gnu/libXrender.so.1.3.0
6c00e000-6c013000 r-xp 00000000 08:01 1708815    /usr/lib/i386-linux-gnu/libXfixes.so.3.1.0
6c013000-6c014000 r--p 00004000 08:01 1708815    /usr/lib/i386-linux-gnu/libXfixes.so.3.1.0
6c014000-6c015000 rw-p 00005000 08:01 1708815    /usr/lib/i386-linux-gnu/libXfixes.so.3.1.0
6c015000-6c01e000 r-xp 00000000 08:01 1708734    /usr/lib/i386-linux-gnu/libXcursor.so.1.0.2
6c01e000-6c01f000 r--p 00008000 08:01 1708734    /usr/lib/i386-linux-gnu/libXcursor.so.1.0.2
6c01f000-6c020000 rw-p 00009000 08:01 1708734    /usr/lib/i386-linux-gnu/libXcursor.so.1.0.2
6c020000-6c024000 r--s 0008a000 08:01 3413877    /usr/lib/jvm/java-7-oracle/jre/lib/jsse.jar
6c024000-6c028000 r--s 000f7000 08:01 3414663    /usr/lib/jvm/java-7-oracle/jre/lib/ext/localedata.jar
6c028000-6c036000 r-xp 00000000 08:01 3414480    /usr/lib/jvm/java-7-oracle/jre/lib/i386/libnio.so
6c036000-6c037000 rw-p 0000e000 08:01 3414480    /usr/lib/jvm/java-7-oracle/jre/lib/i386/libnio.so
6c037000-6c04c000 r-xp 00000000 08:01 3414477    /usr/lib/jvm/java-7-oracle/jre/lib/i386/libnet.so
6c04c000-6c04d000 rw-p 00014000 08:01 3414477    /usr/lib/jvm/java-7-oracle/jre/lib/i386/libnet.so
6c04d000-6c053000 r--s 0001e000 08:01 3413394    /usr/lib/jvm/java-7-oracle/lib/dt.jar
6c053000-6c05a000 r--s 000a0000 08:01 2106758    /usr/share/netbeans/platform13/core/org-openide-filesystems.jar
6c05a000-6c05b000 ---p 00000000 00:00 0 
6c05b000-6c126000 rw-p 00000000 00:00 0          [stack:30078]
6c126000-6c2e2000 r--s 039b2000 08:01 3414546    /usr/lib/jvm/java-7-oracle/jre/lib/rt.jar
6c2e2000-6c34e000 rw-p 00000000 00:00 0 
6c34e000-6c3fe000 rw-p 00000000 00:00 0 
6c3fe000-6c409000 rw-p 00000000 00:00 0 
6c409000-6c4ff000 rw-p 00000000 00:00 0 
6c4ff000-6c505000 rw-p 00000000 00:00 0 
6c505000-6c57f000 rw-p 00000000 00:00 0 
6c57f000-6c58a000 rw-p 00000000 00:00 0 
6c58a000-6c67f000 rw-p 00000000 00:00 0 
6c67f000-6c68f000 rw-p 00000000 00:00 0 
6c68f000-6c73f000 rw-p 00000000 00:00 0 
6c73f000-6d1e0000 rw-p 00000000 00:00 0 
6d1e0000-7c740000 rw-p 00000000 00:00 0 
7c740000-7dca0000 rw-p 00000000 00:00 0 
7dca0000-9c740000 rw-p 00000000 00:00 0 
9c740000-9e740000 rw-p 00000000 00:00 0 
9e740000-b4740000 rw-p 00000000 00:00 0 
b4740000-b4742000 r--s 00023000 08:01 2499999    /usr/share/netbeans/ide14/modules/org-netbeans-swing-dirchooser.jar
b4742000-b474d000 rw-p 00000000 00:00 0 
b474d000-b47c2000 rw-p 00000000 00:00 0 
b47c2000-b4a62000 rwxp 00000000 00:00 0 
b4a62000-b67c2000 rw-p 00000000 00:00 0 
b67c2000-b67d9000 r-xp 00000000 08:01 3414529    /usr/lib/jvm/java-7-oracle/jre/lib/i386/libzip.so
b67d9000-b67da000 rw-p 00017000 08:01 3414529    /usr/lib/jvm/java-7-oracle/jre/lib/i386/libzip.so
b67da000-b67e5000 r-xp 00000000 08:01 1058789    /lib/i386-linux-gnu/libnss_files-2.17.so
b67e5000-b67e6000 r--p 0000a000 08:01 1058789    /lib/i386-linux-gnu/libnss_files-2.17.so
b67e6000-b67e7000 rw-p 0000b000 08:01 1058789    /lib/i386-linux-gnu/libnss_files-2.17.so
b67e7000-b67fc000 r-xp 00000000 08:01 1058786    /lib/i386-linux-gnu/libnsl-2.17.so
b67fc000-b67fd000 r--p 00014000 08:01 1058786    /lib/i386-linux-gnu/libnsl-2.17.so
b67fd000-b67fe000 rw-p 00015000 08:01 1058786    /lib/i386-linux-gnu/libnsl-2.17.so
b67fe000-b6800000 rw-p 00000000 00:00 0 
b6800000-b68ff000 rw-p 00000000 00:00 0 
b68ff000-b6900000 ---p 00000000 00:00 0 
b6900000-b6901000 r--s 00000000 08:01 2771807    /usr/share/netbeans/7.0.1/nb/modules/locale/org-netbeans-spi-quicksearch_nb.jar
b6901000-b6902000 r--s 00047000 08:01 2771765    /usr/share/netbeans/7.0.1/nb/core/locale/core_nb.jar
b6902000-b6905000 r--s 00046000 08:01 2771763    /usr/share/netbeans/7.0.1/nb/core/org-netbeans-upgrader.jar
b6905000-b690a000 r--s 00099000 08:01 2106755    /usr/share/netbeans/platform13/core/core.jar
b690a000-b6914000 r-xp 00000000 08:01 1058800    /lib/i386-linux-gnu/libnss_nis-2.17.so
b6914000-b6915000 r--p 00009000 08:01 1058800    /lib/i386-linux-gnu/libnss_nis-2.17.so
b6915000-b6916000 rw-p 0000a000 08:01 1058800    /lib/i386-linux-gnu/libnss_nis-2.17.so
b6916000-b6919000 r--s 00034000 08:01 2106540    /usr/share/java/org-openide-util-lookup-7.0.jar
b6919000-b6920000 r--s 0007d000 08:01 2106542    /usr/share/java/org-openide-util-7.0.jar
b6920000-b6921000 r--s 00007000 08:01 2106544    /usr/share/java/org-openide-modules-7.0.jar
b6921000-b6924000 r--s 00045000 08:01 2499321    /usr/share/netbeans/platform13/lib/boot.jar
b6924000-b6925000 r--p 002c5000 08:01 1705354    /usr/lib/locale/locale-archive
b6925000-b692d000 rw-s 00000000 08:01 4587573    /tmp/hsperfdata_prashantvaidyanathan/30076
b692d000-b6950000 r-xp 00000000 08:01 3414513    /usr/lib/jvm/java-7-oracle/jre/lib/i386/libjava.so
b6950000-b6951000 rw-p 00022000 08:01 3414513    /usr/lib/jvm/java-7-oracle/jre/lib/i386/libjava.so
b6951000-b6958000 r-xp 00000000 08:01 1058799    /lib/i386-linux-gnu/librt-2.17.so
b6958000-b6959000 r--p 00006000 08:01 1058799    /lib/i386-linux-gnu/librt-2.17.so
b6959000-b695a000 rw-p 00007000 08:01 1058799    /lib/i386-linux-gnu/librt-2.17.so
b695a000-b695d000 ---p 00000000 00:00 0 
b695d000-b6b5b000 rw-p 00000000 00:00 0          [stack:30077]
b6b5b000-b6b9c000 r-xp 00000000 08:01 1058796    /lib/i386-linux-gnu/libm-2.17.so
b6b9c000-b6b9d000 r--p 00040000 08:01 1058796    /lib/i386-linux-gnu/libm-2.17.so
b6b9d000-b6b9e000 rw-p 00041000 08:01 1058796    /lib/i386-linux-gnu/libm-2.17.so
b6b9e000-b7124000 r-xp 00000000 08:01 3414494    /usr/lib/jvm/java-7-oracle/jre/lib/i386/client/libjvm.so
b7124000-b7145000 rw-p 00586000 08:01 3414494    /usr/lib/jvm/java-7-oracle/jre/lib/i386/client/libjvm.so
b7145000-b7566000 rw-p 00000000 00:00 0 
b7566000-b7714000 r-xp 00000000 08:01 1058797    /lib/i386-linux-gnu/libc-2.17.so
b7714000-b7716000 r--p 001ae000 08:01 1058797    /lib/i386-linux-gnu/libc-2.17.so
b7716000-b7717000 rw-p 001b0000 08:01 1058797    /lib/i386-linux-gnu/libc-2.17.so
b7717000-b771a000 rw-p 00000000 00:00 0 
b771a000-b771d000 r-xp 00000000 08:01 1058802    /lib/i386-linux-gnu/libdl-2.17.so
b771d000-b771e000 r--p 00002000 08:01 1058802    /lib/i386-linux-gnu/libdl-2.17.so
b771e000-b771f000 rw-p 00003000 08:01 1058802    /lib/i386-linux-gnu/libdl-2.17.so
b771f000-b7720000 rw-p 00000000 00:00 0 
b7720000-b7733000 r-xp 00000000 08:01 3413390    /usr/lib/jvm/java-7-oracle/lib/i386/jli/libjli.so
b7733000-b7734000 rw-p 00012000 08:01 3413390    /usr/lib/jvm/java-7-oracle/lib/i386/jli/libjli.so
b7734000-b774b000 r-xp 00000000 08:01 1058795    /lib/i386-linux-gnu/libpthread-2.17.so
b774b000-b774c000 r--p 00016000 08:01 1058795    /lib/i386-linux-gnu/libpthread-2.17.so
b774c000-b774d000 rw-p 00017000 08:01 1058795    /lib/i386-linux-gnu/libpthread-2.17.so
b774d000-b774f000 rw-p 00000000 00:00 0 
b774f000-b7756000 r-xp 00000000 08:01 1058790    /lib/i386-linux-gnu/libnss_compat-2.17.so
b7756000-b7757000 r--p 00006000 08:01 1058790    /lib/i386-linux-gnu/libnss_compat-2.17.so
b7757000-b7758000 rw-p 00007000 08:01 1058790    /lib/i386-linux-gnu/libnss_compat-2.17.so
b7758000-b7759000 rw-p 00000000 00:00 0 
b7759000-b775a000 r--p 00000000 00:00 0 
b775a000-b7765000 r-xp 00000000 08:01 3414510    /usr/lib/jvm/java-7-oracle/jre/lib/i386/libverify.so
b7765000-b7766000 rw-p 0000b000 08:01 3414510    /usr/lib/jvm/java-7-oracle/jre/lib/i386/libverify.so
b7766000-b7768000 rw-p 00000000 00:00 0 
b7768000-b7769000 r-xp 00000000 00:00 0          [vdso]
b7769000-b7789000 r-xp 00000000 08:01 1058798    /lib/i386-linux-gnu/ld-2.17.so
b7789000-b778a000 r--p 0001f000 08:01 1058798    /lib/i386-linux-gnu/ld-2.17.so
b778a000-b778b000 rw-p 00020000 08:01 1058798    /lib/i386-linux-gnu/ld-2.17.so
bf929000-bf94b000 rw-p 00000000 00:00 0          [stack]

VM Arguments:
jvm_args: -Djdk.home=/usr/lib/jvm/java-7-oracle -Djava.library.path=/usr/lib/jni -Dnetbeans.system_http_proxy=DIRECT -Dnetbeans.system_http_non_proxy_hosts= -Dnetbeans.dirs=/usr/share/netbeans/7.0.1/nb:/usr/share/netbeans/7.0.1/bin/../ergonomics:/usr/share/netbeans/7.0.1/ide:/usr/share/netbeans/7.0.1/java:/usr/share/netbeans/7.0.1/bin/../xml:/usr/share/netbeans/7.0.1/apisupport:/usr/share/netbeans/7.0.1/bin/../webcommon:/usr/share/netbeans/7.0.1/bin/../websvccommon:/usr/share/netbeans/7.0.1/bin/../enterprise:/usr/share/netbeans/7.0.1/bin/../mobility:/usr/share/netbeans/7.0.1/bin/../profiler:/usr/share/netbeans/7.0.1/bin/../ruby:/usr/share/netbeans/7.0.1/bin/../python:/usr/share/netbeans/7.0.1/bin/../php:/usr/share/netbeans/7.0.1/bin/../visualweb:/usr/share/netbeans/7.0.1/bin/../soa:/usr/share/netbeans/7.0.1/bin/../identity:/usr/share/netbeans/7.0.1/bin/../uml:/usr/share/netbeans/7.0.1/harness:/usr/share/netbeans/7.0.1/bin/../cnd:/usr/share/netbeans/7.0.1/bin/../dlight:/usr/share/netbeans/7.0.1/bin/../groovy:/usr/share/netbeans/7.0.1/bin/../extra:/usr/share/netbeans/7.0.1/bin/../javafx:/usr/share/netbeans/7.0.1/bin/../javacard: -Dnetbeans.home=/usr/share/netbeans/7.0.1/platform -Dnetbeans.importclass=org.netbeans.upgrade.AutoUpgrade -Dnetbeans.accept_license_class=org.netbeans.license.AcceptLicense -XX:MaxPermSize=384m -Xmx768m -Xss2m -Xms32m -XX:PermSize=32m -Dapple.laf.useScreenMenuBar=true -Dapple.awt.graphics.UseQuartz=true -Dsun.java2d.noddraw=true -Dsun.java2d.pmoffscreen=false 
java_command: org.netbeans.Main --userdir /home/prashantvaidyanathan/.netbeans/7.0 --branding nb
Launcher Type: SUN_STANDARD

Environment Variables:
PATH=/usr/lib/lightdm/lightdm:/usr/local/sbin:/usr/local/bin:/usr/sbin:/usr/bin:/sbin:/bin:/usr/games:/usr/local/games
SHELL=/bin/bash
DISPLAY=:0

Signal Handlers:
SIGSEGV: [libjvm.so+0x504580], sa_mask[0]=0x7ffbfeff, sa_flags=0x10000004
SIGBUS: [libjvm.so+0x504580], sa_mask[0]=0x7ffbfeff, sa_flags=0x10000004
SIGFPE: [libjvm.so+0x3fc670], sa_mask[0]=0x7ffbfeff, sa_flags=0x10000004
SIGPIPE: SIG_IGN, sa_mask[0]=0x00001000, sa_flags=0x10000000
SIGXFSZ: [libjvm.so+0x3fc670], sa_mask[0]=0x7ffbfeff, sa_flags=0x10000004
SIGILL: [libjvm.so+0x3fc670], sa_mask[0]=0x7ffbfeff, sa_flags=0x10000004
SIGUSR1: SIG_DFL, sa_mask[0]=0x00000000, sa_flags=0x00000000
SIGUSR2: [libjvm.so+0x3fdb60], sa_mask[0]=0x00000000, sa_flags=0x10000004
SIGHUP: [libjvm.so+0x3fecb0], sa_mask[0]=0x7ffbfeff, sa_flags=0x10000004
SIGINT: SIG_IGN, sa_mask[0]=0x00000000, sa_flags=0x00000000
SIGTERM: [libjvm.so+0x3fecb0], sa_mask[0]=0x7ffbfeff, sa_flags=0x10000004
SIGQUIT: [libjvm.so+0x3fecb0], sa_mask[0]=0x7ffbfeff, sa_flags=0x10000004


---------------  S Y S T E M  ---------------

OS:wheezy/sid

uname:Linux 3.8.0-32-generic #47-Ubuntu SMP Tue Oct 1 21:36:40 UTC 2013 i686
libc:glibc 2.17 NPTL 2.17 
rlimit: STACK 8192k, CORE 0k, NPROC 40256, NOFILE 4096, AS infinity
load average:0.36 0.29 0.19

/proc/meminfo:
MemTotal:        5169340 kB
MemFree:         3419508 kB
Buffers:          284556 kB
Cached:           890208 kB
SwapCached:            0 kB
Active:           948372 kB
Inactive:         672796 kB
Active(anon):     447332 kB
Inactive(anon):    41176 kB
Active(file):     501040 kB
Inactive(file):   631620 kB
Unevictable:          32 kB
Mlocked:              32 kB
HighTotal:       4329352 kB
HighFree:        2963536 kB
LowTotal:         839988 kB
LowFree:          455972 kB
SwapTotal:       3176444 kB
SwapFree:        3176444 kB
Dirty:               348 kB
Writeback:             0 kB
AnonPages:        446492 kB
Mapped:           155828 kB
Shmem:             41992 kB
Slab:              88728 kB
SReclaimable:      73080 kB
SUnreclaim:        15648 kB
KernelStack:        3592 kB
PageTables:         8384 kB
NFS_Unstable:          0 kB
Bounce:                0 kB
WritebackTmp:          0 kB
CommitLimit:     5761112 kB
Committed_AS:    3324972 kB
VmallocTotal:     122880 kB
VmallocUsed:       22572 kB
VmallocChunk:      97816 kB
HardwareCorrupted:     0 kB
AnonHugePages:         0 kB
HugePages_Total:       0
HugePages_Free:        0
HugePages_Rsvd:        0
HugePages_Surp:        0
Hugepagesize:       2048 kB
DirectMap4k:       10232 kB
DirectMap2M:      903168 kB


CPU:total 2 (1 cores per cpu, 1 threads per core) family 6 model 58 stepping 9, cmov, cx8, fxsr, mmx, sse, sse2, sse3, ssse3, sse4.1, sse4.2, popcnt, avx, aes, erms, tsc, tscinvbit, tscinv

/proc/cpuinfo:
processor	: 0
vendor_id	: GenuineIntel
cpu family	: 6
model		: 58
model name	: Intel(R) Core(TM) i7-3610QM CPU @ 2.30GHz
stepping	: 9
microcode	: 0x12
cpu MHz		: 2294.829
cache size	: 6144 KB
fdiv_bug	: no
hlt_bug		: no
f00f_bug	: no
coma_bug	: no
fpu		: yes
fpu_exception	: yes
cpuid level	: 13
wp		: yes
flags		: fpu vme de pse tsc msr pae mce cx8 apic sep mtrr pge mca cmov pat pse36 clflush dts mmx fxsr sse sse2 ss nx rdtscp constant_tsc arch_perfmon pebs bts xtopology tsc_reliable nonstop_tsc aperfmperf eagerfpu pni pclmulqdq ssse3 pcid sse4_1 sse4_2 x2apic popcnt aes xsave avx f16c rdrand hypervisor ida arat epb xsaveopt pln pts dtherm fsgsbase smep
bogomips	: 4589.65
clflush size	: 64
cache_alignment	: 64
address sizes	: 40 bits physical, 48 bits virtual
power management:

processor	: 1
vendor_id	: GenuineIntel
cpu family	: 6
model		: 58
model name	: Intel(R) Core(TM) i7-3610QM CPU @ 2.30GHz
stepping	: 9
microcode	: 0x12
cpu MHz		: 2294.829
cache size	: 6144 KB
fdiv_bug	: no
hlt_bug		: no
f00f_bug	: no
coma_bug	: no
fpu		: yes
fpu_exception	: yes
cpuid level	: 13
wp		: yes
flags		: fpu vme de pse tsc msr pae mce cx8 apic sep mtrr pge mca cmov pat pse36 clflush dts mmx fxsr sse sse2 ss nx rdtscp constant_tsc arch_perfmon pebs bts xtopology tsc_reliable nonstop_tsc aperfmperf eagerfpu pni pclmulqdq ssse3 pcid sse4_1 sse4_2 x2apic popcnt aes xsave avx f16c rdrand hypervisor ida arat epb xsaveopt pln pts dtherm fsgsbase smep
bogomips	: 4589.65
clflush size	: 64
cache_alignment	: 64
address sizes	: 40 bits physical, 48 bits virtual
power management:



Memory: 4k page, physical 5169340k(3419508k free), swap 3176444k(3176444k free)

vm_info: Java HotSpot(TM) Client VM (24.45-b08) for linux-x86 JRE (1.7.0_45-b18), built on Oct  8 2013 05:47:36 by "java_re" with gcc 4.3.0 20080428 (Red Hat 4.3.0-8)

time: Wed Dec  4 16:21:45 2013
elapsed time: 4 seconds

