#
# A fatal error has been detected by the Java Runtime Environment:
#
#  SIGSEGV (0xb) at pc=0x679361e4, pid=28206, tid=1772092224
#
# JRE version: Java(TM) SE Runtime Environment (7.0_45-b18) (build 1.7.0_45-b18)
# Java VM: Java HotSpot(TM) Client VM (24.45-b08 mixed mode linux-x86 )
# Problematic frame:
# C  [libgio-2.0.so.0+0x1a1e4]  g_dir_close+0x1a1e4
#
# Failed to write core dump. Core dumps have been disabled. To enable core dumping, try "ulimit -c unlimited" before starting Java again
#
# If you would like to submit a bug report, please visit:
#   http://bugreport.sun.com/bugreport/crash.jsp
#

---------------  T H R E A D  ---------------

Current thread is native thread

siginfo:si_signo=SIGSEGV: si_errno=0, si_code=128 (), si_addr=0x00000000

Registers:
EAX=0x683edc20, EBX=0xb7710000, ECX=0x699ffb40, EDX=0x679361e0
ESP=0x699ff340, EBP=0x00000003, ESI=0x699ffbe8, EDI=0xb76feb66
EIP=0x679361e4, EFLAGS=0x00010286, CR2=0xb771ce00

Top of Stack: (sp=0x699ff340)
0x699ff340:   683edc20 00000000 00000000 b6f63afe
0x699ff350:   00000000 00000000 b7710180 00000004
0x699ff360:   00000000 00000000 b76fead9 b7710000
0x699ff370:   00000000 00000000 699ff468 b76fed86
0x699ff380:   699ff3a4 00000000 00000000 00000000
0x699ff390:   00000000 00000000 00000000 00000000
0x699ff3a0:   00000000 b7710000 00000000 003d0f00
0x699ff3b0:   699ff468 6e336476 8e0eefcb 00000000 

Instructions: (pc=0x679361e4)
0x679361c4:   6e 65 77 5f 62 79 74 65 00 67 5f 76 61 6c 75 65
0x679361d4:   5f 67 65 74 5f 75 69 6e 74 36 34 00 67 5f 76 61
0x679361e4:   6c 75 65 5f 67 65 74 5f 73 63 68 61 72 00 67 5f
0x679361f4:   76 61 72 69 61 6e 74 5f 6e 65 77 5f 75 69 6e 74 

Register to memory mapping:

EAX=0x683edc20 is an unknown value
EBX=0xb7710000: <offset 0x18000> in /lib/i386-linux-gnu/libpthread.so.0 at 0xb76f8000
ECX=0x699ffb40 is an unknown value
EDX=0x679361e0: <offset 0x1a1e0> in /usr/lib/i386-linux-gnu/libgio-2.0.so.0 at 0x6791c000
ESP=0x699ff340 is an unknown value
EBP=0x00000003 is an unknown value
ESI=0x699ffbe8 is an unknown value
EDI=0xb76feb66: <offset 0x6b66> in /lib/i386-linux-gnu/libpthread.so.0 at 0xb76f8000


Stack: [0x697ff000,0x69a00000],  sp=0x699ff340,  free space=2048k
Native frames: (J=compiled Java code, j=interpreted, Vv=VM code, C=native code)
C  [libgio-2.0.so.0+0x1a1e4]  g_dir_close+0x1a1e4


---------------  P R O C E S S  ---------------

VM state:not at safepoint (normal execution)

VM Mutex/Monitor currently owned by a thread: None

Heap
 def new generation   total 9792K, used 3129K [0x6c700000, 0x6d1a0000, 0x7c700000)
  eden space 8704K,  28% used [0x6c700000, 0x6c96a990, 0x6cf80000)
  from space 1088K,  60% used [0x6d090000, 0x6d133bb8, 0x6d1a0000)
  to   space 1088K,   0% used [0x6cf80000, 0x6cf80000, 0x6d090000)
 tenured generation   total 21888K, used 12489K [0x7c700000, 0x7dc60000, 0x9c700000)
   the space 21888K,  57% used [0x7c700000, 0x7d332428, 0x7d332600, 0x7dc60000)
 compacting perm gen  total 32768K, used 16900K [0x9c700000, 0x9e700000, 0xb4700000)
   the space 32768K,  51% used [0x9c700000, 0x9d781308, 0x9d781400, 0x9e700000)
No shared spaces configured.

Card table byte_map: [0x6c4bf000,0x6c700000] byte_map_base: 0x6c15b800

Polling page: 0xb771d000

Code Cache  [0xb4787000, 0xb4a1f000, 0xb6787000)
 total_blobs=1444 nmethods=1191 adapters=188 free_code_cache=30128Kb largest_free_block=30849152

Compilation events (10 events):
Event: 4.305 Thread 0xb686e400 1218             java.util.AbstractSequentialList::<init> (5 bytes)
Event: 4.305 Thread 0xb686e400 nmethod 1218 0xb4a19a08 code [0xb4a19b00, 0xb4a19b80]
Event: 4.310 Thread 0xb686e400 1219             com.sun.org.apache.xerces.internal.xni.QName::setValues (22 bytes)
Event: 4.310 Thread 0xb686e400 nmethod 1219 0xb4a19bc8 code [0xb4a19cc0, 0xb4a19d80]
Event: 4.312 Thread 0xb686e400 1220             org.openide.util.lookup.MetaInfServicesLookup$P::equals (24 bytes)
Event: 4.312 Thread 0xb686e400 nmethod 1220 0xb4a19dc8 code [0xb4a19ef0, 0xb4a1a0dc]
Event: 4.313 Thread 0xb686e400 1221   !         java.lang.SecurityManager::checkPackageAccess (156 bytes)
Event: 4.314 Thread 0xb686e400 nmethod 1221 0xb4a1a248 code [0xb4a1a490, 0xb4a1ac7c]
Event: 4.315 Thread 0xb686e400 1222             java.util.WeakHashMap::getEntry (72 bytes)
Event: 4.315 Thread 0xb686e400 nmethod 1222 0xb4a1b348 code [0xb4a1b470, 0xb4a1b5e4]

GC Heap History (10 events):
Event: 3.438 GC heap before
{Heap before GC invocations=8 (full 0):
 def new generation   total 9792K, used 9620K [0x6c700000, 0x6d1a0000, 0x7c700000)
  eden space 8704K, 100% used [0x6c700000, 0x6cf80000, 0x6cf80000)
  from space 1088K,  84% used [0x6cf80000, 0x6d065270, 0x6d090000)
  to   space 1088K,   0% used [0x6d090000, 0x6d090000, 0x6d1a0000)
 tenured generation   total 21888K, used 8279K [0x7c700000, 0x7dc60000, 0x9c700000)
   the space 21888K,  37% used [0x7c700000, 0x7cf15e80, 0x7cf16000, 0x7dc60000)
 compacting perm gen  total 32768K, used 13802K [0x9c700000, 0x9e700000, 0xb4700000)
   the space 32768K,  42% used [0x9c700000, 0x9d47a8a0, 0x9d47aa00, 0x9e700000)
No shared spaces configured.
Event: 3.449 GC heap after
Heap after GC invocations=9 (full 0):
 def new generation   total 9792K, used 904K [0x6c700000, 0x6d1a0000, 0x7c700000)
  eden space 8704K,   0% used [0x6c700000, 0x6c700000, 0x6cf80000)
  from space 1088K,  83% used [0x6d090000, 0x6d1720e0, 0x6d1a0000)
  to   space 1088K,   0% used [0x6cf80000, 0x6cf80000, 0x6d090000)
 tenured generation   total 21888K, used 9142K [0x7c700000, 0x7dc60000, 0x9c700000)
   the space 21888K,  41% used [0x7c700000, 0x7cfed990, 0x7cfeda00, 0x7dc60000)
 compacting perm gen  total 32768K, used 13802K [0x9c700000, 0x9e700000, 0xb4700000)
   the space 32768K,  42% used [0x9c700000, 0x9d47a8a0, 0x9d47aa00, 0x9e700000)
No shared spaces configured.
}
Event: 3.748 GC heap before
{Heap before GC invocations=9 (full 0):
 def new generation   total 9792K, used 9608K [0x6c700000, 0x6d1a0000, 0x7c700000)
  eden space 8704K, 100% used [0x6c700000, 0x6cf80000, 0x6cf80000)
  from space 1088K,  83% used [0x6d090000, 0x6d1720e0, 0x6d1a0000)
  to   space 1088K,   0% used [0x6cf80000, 0x6cf80000, 0x6d090000)
 tenured generation   total 21888K, used 9142K [0x7c700000, 0x7dc60000, 0x9c700000)
   the space 21888K,  41% used [0x7c700000, 0x7cfed990, 0x7cfeda00, 0x7dc60000)
 compacting perm gen  total 32768K, used 14757K [0x9c700000, 0x9e700000, 0xb4700000)
   the space 32768K,  45% used [0x9c700000, 0x9d569480, 0x9d569600, 0x9e700000)
No shared spaces configured.
Event: 3.761 GC heap after
Heap after GC invocations=10 (full 0):
 def new generation   total 9792K, used 1088K [0x6c700000, 0x6d1a0000, 0x7c700000)
  eden space 8704K,   0% used [0x6c700000, 0x6c700000, 0x6cf80000)
  from space 1088K, 100% used [0x6cf80000, 0x6d090000, 0x6d090000)
  to   space 1088K,   0% used [0x6d090000, 0x6d090000, 0x6d1a0000)
 tenured generation   total 21888K, used 10066K [0x7c700000, 0x7dc60000, 0x9c700000)
   the space 21888K,  45% used [0x7c700000, 0x7d0d4838, 0x7d0d4a00, 0x7dc60000)
 compacting perm gen  total 32768K, used 14757K [0x9c700000, 0x9e700000, 0xb4700000)
   the space 32768K,  45% used [0x9c700000, 0x9d569480, 0x9d569600, 0x9e700000)
No shared spaces configured.
}
Event: 4.037 GC heap before
{Heap before GC invocations=10 (full 0):
 def new generation   total 9792K, used 9792K [0x6c700000, 0x6d1a0000, 0x7c700000)
  eden space 8704K, 100% used [0x6c700000, 0x6cf80000, 0x6cf80000)
  from space 1088K, 100% used [0x6cf80000, 0x6d090000, 0x6d090000)
  to   space 1088K,   0% used [0x6d090000, 0x6d090000, 0x6d1a0000)
 tenured generation   total 21888K, used 10066K [0x7c700000, 0x7dc60000, 0x9c700000)
   the space 21888K,  45% used [0x7c700000, 0x7d0d4838, 0x7d0d4a00, 0x7dc60000)
 compacting perm gen  total 32768K, used 15976K [0x9c700000, 0x9e700000, 0xb4700000)
   the space 32768K,  48% used [0x9c700000, 0x9d69a078, 0x9d69a200, 0x9e700000)
No shared spaces configured.
Event: 4.051 GC heap after
Heap after GC invocations=11 (full 0):
 def new generation   total 9792K, used 883K [0x6c700000, 0x6d1a0000, 0x7c700000)
  eden space 8704K,   0% used [0x6c700000, 0x6c700000, 0x6cf80000)
  from space 1088K,  81% used [0x6d090000, 0x6d16cf80, 0x6d1a0000)
  to   space 1088K,   0% used [0x6cf80000, 0x6cf80000, 0x6d090000)
 tenured generation   total 21888K, used 11131K [0x7c700000, 0x7dc60000, 0x9c700000)
   the space 21888K,  50% used [0x7c700000, 0x7d1dec18, 0x7d1dee00, 0x7dc60000)
 compacting perm gen  total 32768K, used 15976K [0x9c700000, 0x9e700000, 0xb4700000)
   the space 32768K,  48% used [0x9c700000, 0x9d69a078, 0x9d69a200, 0x9e700000)
No shared spaces configured.
}
Event: 4.161 GC heap before
{Heap before GC invocations=11 (full 0):
 def new generation   total 9792K, used 9587K [0x6c700000, 0x6d1a0000, 0x7c700000)
  eden space 8704K, 100% used [0x6c700000, 0x6cf80000, 0x6cf80000)
  from space 1088K,  81% used [0x6d090000, 0x6d16cf80, 0x6d1a0000)
  to   space 1088K,   0% used [0x6cf80000, 0x6cf80000, 0x6d090000)
 tenured generation   total 21888K, used 11131K [0x7c700000, 0x7dc60000, 0x9c700000)
   the space 21888K,  50% used [0x7c700000, 0x7d1dec18, 0x7d1dee00, 0x7dc60000)
 compacting perm gen  total 32768K, used 16214K [0x9c700000, 0x9e700000, 0xb4700000)
   the space 32768K,  49% used [0x9c700000, 0x9d6d5a28, 0x9d6d5c00, 0x9e700000)
No shared spaces configured.
Event: 4.170 GC heap after
Heap after GC invocations=12 (full 0):
 def new generation   total 9792K, used 693K [0x6c700000, 0x6d1a0000, 0x7c700000)
  eden space 8704K,   0% used [0x6c700000, 0x6c700000, 0x6cf80000)
  from space 1088K,  63% used [0x6cf80000, 0x6d02d5c8, 0x6d090000)
  to   space 1088K,   0% used [0x6d090000, 0x6d090000, 0x6d1a0000)
 tenured generation   total 21888K, used 11933K [0x7c700000, 0x7dc60000, 0x9c700000)
   the space 21888K,  54% used [0x7c700000, 0x7d2a7768, 0x7d2a7800, 0x7dc60000)
 compacting perm gen  total 32768K, used 16214K [0x9c700000, 0x9e700000, 0xb4700000)
   the space 32768K,  49% used [0x9c700000, 0x9d6d5a28, 0x9d6d5c00, 0x9e700000)
No shared spaces configured.
}
Event: 4.276 GC heap before
{Heap before GC invocations=12 (full 0):
 def new generation   total 9792K, used 9397K [0x6c700000, 0x6d1a0000, 0x7c700000)
  eden space 8704K, 100% used [0x6c700000, 0x6cf80000, 0x6cf80000)
  from space 1088K,  63% used [0x6cf80000, 0x6d02d5c8, 0x6d090000)
  to   space 1088K,   0% used [0x6d090000, 0x6d090000, 0x6d1a0000)
 tenured generation   total 21888K, used 11933K [0x7c700000, 0x7dc60000, 0x9c700000)
   the space 21888K,  54% used [0x7c700000, 0x7d2a7768, 0x7d2a7800, 0x7dc60000)
 compacting perm gen  total 32768K, used 16681K [0x9c700000, 0x9e700000, 0xb4700000)
   the space 32768K,  50% used [0x9c700000, 0x9d74a7a8, 0x9d74a800, 0x9e700000)
No shared spaces configured.
Event: 4.284 GC heap after
Heap after GC invocations=13 (full 0):
 def new generation   total 9792K, used 654K [0x6c700000, 0x6d1a0000, 0x7c700000)
  eden space 8704K,   0% used [0x6c700000, 0x6c700000, 0x6cf80000)
  from space 1088K,  60% used [0x6d090000, 0x6d133bb8, 0x6d1a0000)
  to   space 1088K,   0% used [0x6cf80000, 0x6cf80000, 0x6d090000)
 tenured generation   total 21888K, used 12489K [0x7c700000, 0x7dc60000, 0x9c700000)
   the space 21888K,  57% used [0x7c700000, 0x7d332428, 0x7d332600, 0x7dc60000)
 compacting perm gen  total 32768K, used 16681K [0x9c700000, 0x9e700000, 0xb4700000)
   the space 32768K,  50% used [0x9c700000, 0x9d74a7a8, 0x9d74a800, 0x9e700000)
No shared spaces configured.
}

Deoptimization events (0 events):
No events

Internal exceptions (10 events):
Event: 4.250 Thread 0x69a4c400 Threw 0x6cde30a0 at /HUDSON/workspace/7u-2-build-linux-i586/jdk7u45/229/hotspot/src/share/vm/prims/jvm.cpp:1244
Event: 4.250 Thread 0x69a4c400 Threw 0x6cde3c78 at /HUDSON/workspace/7u-2-build-linux-i586/jdk7u45/229/hotspot/src/share/vm/prims/jvm.cpp:1244
Event: 4.264 Thread 0x696abc00 Threw 0x6cdd1d40 at /HUDSON/workspace/7u-2-build-linux-i586/jdk7u45/229/hotspot/src/share/vm/prims/jvm.cpp:1244
Event: 4.272 Thread 0x6a127000 Threw 0x6cec5c78 at /HUDSON/workspace/7u-2-build-linux-i586/jdk7u45/229/hotspot/src/share/vm/prims/jni.cpp:717
Event: 4.273 Thread 0x6a127000 Threw 0x6cf18fb8 at /HUDSON/workspace/7u-2-build-linux-i586/jdk7u45/229/hotspot/src/share/vm/prims/jvm.cpp:1244
Event: 4.275 Thread 0x6a127000 Threw 0x6cf2b9a0 at /HUDSON/workspace/7u-2-build-linux-i586/jdk7u45/229/hotspot/src/share/vm/prims/jvm.cpp:1244
Event: 4.301 Thread 0x6a127000 Threw 0x6c761938 at /HUDSON/workspace/7u-2-build-linux-i586/jdk7u45/229/hotspot/src/share/vm/prims/jvm.cpp:1244
Event: 4.311 Thread 0x6a127000 Threw 0x6c823e78 at /HUDSON/workspace/7u-2-build-linux-i586/jdk7u45/229/hotspot/src/share/vm/prims/jvm.cpp:1244
Event: 4.311 Thread 0x6a127000 Threw 0x6c824da0 at /HUDSON/workspace/7u-2-build-linux-i586/jdk7u45/229/hotspot/src/share/vm/prims/jvm.cpp:1244
Event: 4.315 Thread 0x6a127000 Threw 0x6c893848 at /HUDSON/workspace/7u-2-build-linux-i586/jdk7u45/229/hotspot/src/share/vm/prims/jvm.cpp:1244

Events (10 events):
Event: 4.314 loading class 0x6af2d418
Event: 4.314 loading class 0x6af2d418 done
Event: 4.314 loading class 0xb687e040
Event: 4.315 loading class 0xb687e040 done
Event: 4.315 loading class 0xb68f9640
Event: 4.315 loading class 0xb68f9640 done
Event: 4.316 Thread 0x644b9000 Thread added: 0x644b9000
Event: 4.316 Thread 0xb6808800 Thread exited: 0xb6808800
Event: 4.317 Thread 0xb6808800 Thread added: 0xb6808800
Event: 4.317 Thread 0x6a127000 Thread exited: 0x6a127000


Dynamic libraries:
08048000-08049000 r-xp 00000000 08:01 3414729    /usr/lib/jvm/java-7-oracle/bin/java
08049000-0804a000 rw-p 00000000 08:01 3414729    /usr/lib/jvm/java-7-oracle/bin/java
085a7000-085c8000 rw-p 00000000 00:00 0          [heap]
631fa000-631fd000 ---p 00000000 00:00 0 
631fd000-633fb000 rw-p 00000000 00:00 0          [stack:28234]
633fb000-633fe000 ---p 00000000 00:00 0 
633fe000-635fc000 rw-p 00000000 00:00 0          [stack:28233]
635fc000-635ff000 ---p 00000000 00:00 0 
635ff000-637fd000 rw-p 00000000 00:00 0          [stack:28232]
637fd000-63800000 ---p 00000000 00:00 0 
63800000-639fe000 rw-p 00000000 00:00 0          [stack:28231]
639fe000-63a01000 ---p 00000000 00:00 0 
63a01000-63bff000 rw-p 00000000 00:00 0          [stack:28230]
63bff000-63c02000 ---p 00000000 00:00 0 
63c02000-63e00000 rw-p 00000000 00:00 0          [stack:28229]
63e00000-63e25000 rw-p 00000000 00:00 0 
63e25000-63f00000 ---p 00000000 00:00 0 
63ffe000-64001000 ---p 00000000 00:00 0 
64001000-641ff000 rw-p 00000000 00:00 0          [stack:28228]
641ff000-64202000 ---p 00000000 00:00 0 
64202000-64400000 rw-p 00000000 00:00 0          [stack:28227]
64400000-644d6000 rw-p 00000000 00:00 0 
644d6000-64500000 ---p 00000000 00:00 0 
6456a000-6456b000 ---p 00000000 00:00 0 
6456b000-64d6b000 rw-p 00000000 00:00 0          [stack:28226]
64d6b000-64d85000 r-xp 00000000 08:01 1703972    /usr/lib/i386-linux-gnu/libdbusmenu-glib.so.4.0.12
64d85000-64d86000 ---p 0001a000 08:01 1703972    /usr/lib/i386-linux-gnu/libdbusmenu-glib.so.4.0.12
64d86000-64d87000 r--p 0001a000 08:01 1703972    /usr/lib/i386-linux-gnu/libdbusmenu-glib.so.4.0.12
64d87000-64d88000 rw-p 0001b000 08:01 1703972    /usr/lib/i386-linux-gnu/libdbusmenu-glib.so.4.0.12
64d88000-64d99000 r-xp 00000000 08:01 1704635    /usr/lib/i386-linux-gnu/libdbusmenu-gtk.so.4.0.12
64d99000-64d9a000 r--p 00010000 08:01 1704635    /usr/lib/i386-linux-gnu/libdbusmenu-gtk.so.4.0.12
64d9a000-64d9b000 rw-p 00011000 08:01 1704635    /usr/lib/i386-linux-gnu/libdbusmenu-gtk.so.4.0.12
64db2000-64dc2000 r-xp 00000000 08:01 1056324    /lib/i386-linux-gnu/libudev.so.1.2.2
64dc2000-64dc3000 r--p 0000f000 08:01 1056324    /lib/i386-linux-gnu/libudev.so.1.2.2
64dc3000-64dc4000 rw-p 00010000 08:01 1056324    /lib/i386-linux-gnu/libudev.so.1.2.2
64dc4000-64df6000 r-xp 00000000 08:01 1708515    /usr/lib/i386-linux-gnu/gvfs/libgvfscommon.so
64df6000-64df7000 ---p 00032000 08:01 1708515    /usr/lib/i386-linux-gnu/gvfs/libgvfscommon.so
64df7000-64df9000 r--p 00032000 08:01 1708515    /usr/lib/i386-linux-gnu/gvfs/libgvfscommon.so
64df9000-64dfa000 rw-p 00034000 08:01 1708515    /usr/lib/i386-linux-gnu/gvfs/libgvfscommon.so
64dfa000-64e2a000 r-xp 00000000 08:01 1704717    /usr/lib/i386-linux-gnu/gio/modules/libgvfsdbus.so
64e2a000-64e2b000 r--p 0002f000 08:01 1704717    /usr/lib/i386-linux-gnu/gio/modules/libgvfsdbus.so
64e2b000-64e2c000 rw-p 00030000 08:01 1704717    /usr/lib/i386-linux-gnu/gio/modules/libgvfsdbus.so
64e2c000-64e6f000 r-xp 00000000 08:01 1708607    /usr/lib/i386-linux-gnu/libibus-1.0.so.0.402.0
64e6f000-64e70000 r--p 00043000 08:01 1708607    /usr/lib/i386-linux-gnu/libibus-1.0.so.0.402.0
64e70000-64e71000 rw-p 00044000 08:01 1708607    /usr/lib/i386-linux-gnu/libibus-1.0.so.0.402.0
64e7b000-64e81000 rw-s 00000000 00:04 5636106    /SYSV00000000 (deleted)
64e81000-64e86000 r-xp 00000000 08:01 1704638    /usr/lib/i386-linux-gnu/gtk-2.0/2.10.0/menuproxies/libappmenu.so
64e86000-64e87000 r--p 00004000 08:01 1704638    /usr/lib/i386-linux-gnu/gtk-2.0/2.10.0/menuproxies/libappmenu.so
64e87000-64e88000 rw-p 00005000 08:01 1704638    /usr/lib/i386-linux-gnu/gtk-2.0/2.10.0/menuproxies/libappmenu.so
64e88000-64e8e000 r-xp 00000000 08:01 1704480    /usr/lib/i386-linux-gnu/gtk-2.0/2.10.0/immodules/im-ibus.so
64e8e000-64e8f000 r--p 00005000 08:01 1704480    /usr/lib/i386-linux-gnu/gtk-2.0/2.10.0/immodules/im-ibus.so
64e8f000-64e90000 rw-p 00006000 08:01 1704480    /usr/lib/i386-linux-gnu/gtk-2.0/2.10.0/immodules/im-ibus.so
64e90000-64ee2000 r--p 00000000 08:01 2624493    /usr/share/fonts/truetype/ttf-dejavu/DejaVuSansMono.ttf
64ee2000-64f39000 r--p 00000000 08:01 2623724    /usr/share/fonts/truetype/ubuntu-font-family/Ubuntu-R.ttf
64f39000-64f3b000 r-xp 00000000 08:01 1712413    /usr/lib/i386-linux-gnu/pango/1.8.0/modules/pango-basic-fc.so
64f3b000-64f3c000 r--p 00002000 08:01 1712413    /usr/lib/i386-linux-gnu/pango/1.8.0/modules/pango-basic-fc.so
64f3c000-64f3d000 rw-p 00003000 08:01 1712413    /usr/lib/i386-linux-gnu/pango/1.8.0/modules/pango-basic-fc.so
64f3d000-64f3e000 r--s 00000000 08:01 2370925    /var/cache/fontconfig/c05880de57d1f5e948fdfacc138775d9-le32d4.cache-3
64f3e000-64f44000 r--s 00000000 08:01 2363768    /var/cache/fontconfig/945677eb7aeaf62f1d50efc3fb3ec7d8-le32d4.cache-3
64f44000-64f46000 r--s 00000000 08:01 2363067    /var/cache/fontconfig/99e8ed0e538f840c565b6ed5dad60d56-le32d4.cache-3
64f46000-64f49000 r--s 00000000 08:01 2370922    /var/cache/fontconfig/2cd17615ca594fa2959ae173292e504c-le32d4.cache-3
64f49000-64f4a000 r--s 00000000 08:01 2370921    /var/cache/fontconfig/e7071f4a29fa870f4323321c154eba04-le32d4.cache-3
64f4a000-64f4b000 r--s 00000000 08:01 2370920    /var/cache/fontconfig/617957603a337376ca8784972c6029f5-le32d4.cache-3
64f4b000-64f4c000 r--s 00000000 08:01 2370919    /var/cache/fontconfig/0d8c3b2ac0904cb8a57a757ad11a4a08-le32d4.cache-3
64f4c000-64f50000 r--s 00000000 08:01 2370918    /var/cache/fontconfig/a755afe4a08bf5b97852ceb7400b47bc-le32d4.cache-3
64f50000-64f57000 r--s 00000000 08:01 2362230    /var/cache/fontconfig/6d41288fd70b0be22e8c3a91e032eec0-le32d4.cache-3
64f57000-64f62000 r--s 00000000 08:01 2360047    /var/cache/fontconfig/04aabc0a78ac019cf9454389977116d2-le32d4.cache-3
64f62000-64f63000 r--s 00000000 08:01 2370915    /var/cache/fontconfig/1ac9eb803944fde146138c791f5cc56a-le32d4.cache-3
64f63000-64f64000 r--s 00000000 08:01 2370914    /var/cache/fontconfig/b95bc8ffbebda2bbdae4265e45b8178d-le32d4.cache-3
64f64000-64f67000 r--s 00000000 08:01 2364859    /var/cache/fontconfig/385c0604a188198f04d133e54aba7fe7-le32d4.cache-3
64f67000-64f68000 r--s 00000000 08:01 2370912    /var/cache/fontconfig/9c956a7723ca69a44b382d9179c9802f-le32d4.cache-3
64f68000-64f69000 r--s 00000000 08:01 2370911    /var/cache/fontconfig/dc05db6664285cc2f12bf69c139ae4c3-le32d4.cache-3
64f69000-64f6a000 r--s 00000000 08:01 2370910    /var/cache/fontconfig/5d1cca7074f29429a8d18692746c2426-le32d4.cache-3
64f6a000-64f6c000 r--s 00000000 08:01 2370909    /var/cache/fontconfig/767a8244fc0220cfb567a839d0392e0b-le32d4.cache-3
64f6c000-64f6d000 r--s 00000000 08:01 2360624    /var/cache/fontconfig/4794a0821666d79190d59a36cb4f44b5-le32d4.cache-3
64f6d000-64f6e000 r--s 00000000 08:01 2370907    /var/cache/fontconfig/9eae20f1ff8cc0a7d125749e875856bd-le32d4.cache-3
64f6e000-64f70000 r--s 00000000 08:01 2370906    /var/cache/fontconfig/bf2c1853a9e9b00bb02fe2e9bcf1e201-le32d4.cache-3
64f70000-64f73000 r--s 00000000 08:01 2364865    /var/cache/fontconfig/8801497958630a81b71ace7c5f9b32a8-le32d4.cache-3
64f73000-64f77000 r--s 00000000 08:01 2370904    /var/cache/fontconfig/3047814df9a2f067bd2d96a2b9c36e5a-le32d4.cache-3
64f77000-64f78000 r--s 00000000 08:01 2370903    /var/cache/fontconfig/56cf4f4769d0f4abc89a4895d7bd3ae1-le32d4.cache-3
64f78000-64f7c000 r--s 00000000 08:01 2360364    /var/cache/fontconfig/b47c4e1ecd0709278f4910c18777a504-le32d4.cache-3
64f7c000-64f7e000 r--s 00000000 08:01 2360363    /var/cache/fontconfig/14d493b97896515cad3840ba4896e372-le32d4.cache-3
64f7e000-64f80000 r--s 00000000 08:01 2370898    /var/cache/fontconfig/e49e89034d371f0f9de17aab02136486-le32d4.cache-3
64f80000-64f8d000 r--s 00000000 08:01 2363743    /var/cache/fontconfig/d52a8644073d54c13679302ca1180695-le32d4.cache-3
64f8d000-64f93000 r--s 00000000 08:01 2360362    /var/cache/fontconfig/3f7329c5293ffd510edef78f73874cfd-le32d4.cache-3
64f93000-64f9a000 r--s 00000000 08:01 2363189    /var/cache/fontconfig/83bf95040141907cd45bb53cf7c1c148-le32d4.cache-3
64f9a000-64fa3000 r--s 00000000 08:01 2363188    /var/cache/fontconfig/53d14c92082a93e67d5078324eb314ca-le32d4.cache-3
64fa3000-64fa6000 r--s 00000000 08:01 2364858    /var/cache/fontconfig/6c08beecf0dac481ec92e759e0c2e6d7-le32d4.cache-3
64fa6000-64fa9000 r--s 00000000 08:01 2364853    /var/cache/fontconfig/4d6aee6d44eccb37054d3216e945f618-le32d4.cache-3
64fa9000-64fb6000 r--s 00000000 08:01 2363183    /var/cache/fontconfig/4ac51e5cfbc76fc3f983e470323a16d3-le32d4.cache-3
64fb6000-64fc9000 r--s 00000000 08:01 2362266    /var/cache/fontconfig/e13b20fdb08344e0e664864cc2ede53d-le32d4.cache-3
64fc9000-64fd0000 r--s 00000000 08:01 2368413    /var/cache/fontconfig/8f02d4cb045bd6ce15663e43f347c9f8-le32d4.cache-3
64fd0000-64fe1000 r--s 00000000 08:01 2368409    /var/cache/fontconfig/467c019e582ee353435ea5c21d137ef6-le32d4.cache-3
65027000-65028000 ---p 00000000 00:00 0 
65028000-65828000 rw-p 00000000 00:00 0          [stack:28225]
65828000-65829000 ---p 00000000 00:00 0 
65829000-66029000 rw-p 00000000 00:00 0          [stack:28224]
66029000-66064000 r--p 00000000 08:01 2622230    /usr/share/glib-2.0/schemas/gschemas.compiled
66064000-6606a000 r-xp 00000000 08:01 1709197    /usr/lib/i386-linux-gnu/libogg.so.0.8.0
6606a000-6606b000 r--p 00005000 08:01 1709197    /usr/lib/i386-linux-gnu/libogg.so.0.8.0
6606b000-6606c000 rw-p 00006000 08:01 1709197    /usr/lib/i386-linux-gnu/libogg.so.0.8.0
6606c000-66095000 r-xp 00000000 08:01 1709403    /usr/lib/i386-linux-gnu/libvorbis.so.0.4.5
66095000-66096000 ---p 00029000 08:01 1709403    /usr/lib/i386-linux-gnu/libvorbis.so.0.4.5
66096000-66097000 r--p 00029000 08:01 1709403    /usr/lib/i386-linux-gnu/libvorbis.so.0.4.5
66097000-66098000 rw-p 0002a000 08:01 1709403    /usr/lib/i386-linux-gnu/libvorbis.so.0.4.5
66098000-660a1000 r-xp 00000000 08:01 1709007    /usr/lib/i386-linux-gnu/libltdl.so.7.3.0
660a1000-660a2000 r--p 00008000 08:01 1709007    /usr/lib/i386-linux-gnu/libltdl.so.7.3.0
660a2000-660a3000 rw-p 00009000 08:01 1709007    /usr/lib/i386-linux-gnu/libltdl.so.7.3.0
660a3000-660b4000 r-xp 00000000 08:01 1704634    /usr/lib/i386-linux-gnu/libtdb.so.1.2.10
660b4000-660b5000 r--p 00010000 08:01 1704634    /usr/lib/i386-linux-gnu/libtdb.so.1.2.10
660b5000-660b6000 rw-p 00011000 08:01 1704634    /usr/lib/i386-linux-gnu/libtdb.so.1.2.10
660b6000-660be000 r-xp 00000000 08:01 1709407    /usr/lib/i386-linux-gnu/libvorbisfile.so.3.3.4
660be000-660bf000 r--p 00007000 08:01 1709407    /usr/lib/i386-linux-gnu/libvorbisfile.so.3.3.4
660bf000-660c0000 rw-p 00008000 08:01 1709407    /usr/lib/i386-linux-gnu/libvorbisfile.so.3.3.4
660c0000-6722f000 r-xp 00000000 08:01 1704556    /usr/lib/i386-linux-gnu/libicudata.so.48.1.1
6722f000-67230000 r--p 0116e000 08:01 1704556    /usr/lib/i386-linux-gnu/libicudata.so.48.1.1
67230000-67231000 rw-p 0116f000 08:01 1704556    /usr/lib/i386-linux-gnu/libicudata.so.48.1.1
67231000-67387000 r-xp 00000000 08:01 1703959    /usr/lib/i386-linux-gnu/libicuuc.so.48.1.1
67387000-67391000 r--p 00155000 08:01 1703959    /usr/lib/i386-linux-gnu/libicuuc.so.48.1.1
67391000-67392000 rw-p 0015f000 08:01 1703959    /usr/lib/i386-linux-gnu/libicuuc.so.48.1.1
67392000-67396000 rw-p 00000000 00:00 0 
67396000-67472000 r-xp 00000000 08:01 1704287    /usr/lib/i386-linux-gnu/libstdc++.so.6.0.17
67472000-67473000 ---p 000dc000 08:01 1704287    /usr/lib/i386-linux-gnu/libstdc++.so.6.0.17
67473000-67477000 r--p 000dc000 08:01 1704287    /usr/lib/i386-linux-gnu/libstdc++.so.6.0.17
67477000-67478000 rw-p 000e0000 08:01 1704287    /usr/lib/i386-linux-gnu/libstdc++.so.6.0.17
67478000-6747f000 rw-p 00000000 00:00 0 
6747f000-6748e000 r-xp 00000000 08:01 1704768    /usr/lib/i386-linux-gnu/libcanberra.so.0.2.5
6748e000-6748f000 r--p 0000e000 08:01 1704768    /usr/lib/i386-linux-gnu/libcanberra.so.0.2.5
6748f000-67490000 rw-p 0000f000 08:01 1704768    /usr/lib/i386-linux-gnu/libcanberra.so.0.2.5
67490000-67494000 r-xp 00000000 08:01 1704060    /usr/lib/i386-linux-gnu/libcanberra-gtk.so.0.1.9
67494000-67495000 r--p 00003000 08:01 1704060    /usr/lib/i386-linux-gnu/libcanberra-gtk.so.0.1.9
67495000-67496000 rw-p 00004000 08:01 1704060    /usr/lib/i386-linux-gnu/libcanberra-gtk.so.0.1.9
67496000-67497000 r--s 00000000 08:01 2370902    /var/cache/fontconfig/b9d506c9ac06c20b433354fa67a72993-le32d4.cache-3
674a1000-674ab000 r-xp 00000000 08:01 1708066    /usr/lib/i386-linux-gnu/gio/modules/libdconfsettings.so
674ab000-674ac000 r--p 00009000 08:01 1708066    /usr/lib/i386-linux-gnu/gio/modules/libdconfsettings.so
674ac000-674ad000 rw-p 0000a000 08:01 1708066    /usr/lib/i386-linux-gnu/gio/modules/libdconfsettings.so
674ad000-674e2000 r-xp 00000000 08:01 1710165    /usr/lib/i386-linux-gnu/gtk-2.0/2.10.0/engines/libmurrine.so
674e2000-674e3000 r--p 00034000 08:01 1710165    /usr/lib/i386-linux-gnu/gtk-2.0/2.10.0/engines/libmurrine.so
674e3000-674e4000 rw-p 00035000 08:01 1710165    /usr/lib/i386-linux-gnu/gtk-2.0/2.10.0/engines/libmurrine.so
674e4000-67517000 r-xp 00000000 08:01 1704202    /usr/lib/i386-linux-gnu/libicule.so.48.1.1
67517000-67518000 ---p 00033000 08:01 1704202    /usr/lib/i386-linux-gnu/libicule.so.48.1.1
67518000-67519000 r--p 00033000 08:01 1704202    /usr/lib/i386-linux-gnu/libicule.so.48.1.1
67519000-6751a000 rw-p 00034000 08:01 1704202    /usr/lib/i386-linux-gnu/libicule.so.48.1.1
6751a000-67559000 r-xp 00000000 08:01 1048640    /lib/i386-linux-gnu/libpcre.so.3.13.1
67559000-6755a000 r--p 0003f000 08:01 1048640    /lib/i386-linux-gnu/libpcre.so.3.13.1
6755a000-6755b000 rw-p 00040000 08:01 1048640    /lib/i386-linux-gnu/libpcre.so.3.13.1
6755b000-67580000 r-xp 00000000 08:01 1049255    /lib/i386-linux-gnu/libexpat.so.1.6.0
67580000-67582000 r--p 00025000 08:01 1049255    /lib/i386-linux-gnu/libexpat.so.1.6.0
67582000-67583000 rw-p 00027000 08:01 1049255    /lib/i386-linux-gnu/libexpat.so.1.6.0
67583000-6761b000 r-xp 00000000 08:01 1704346    /usr/lib/i386-linux-gnu/libharfbuzz.so.0.913.0
6761b000-6761c000 ---p 00098000 08:01 1704346    /usr/lib/i386-linux-gnu/libharfbuzz.so.0.913.0
6761c000-6761d000 r--p 00098000 08:01 1704346    /usr/lib/i386-linux-gnu/libharfbuzz.so.0.913.0
6761d000-6761e000 rw-p 00099000 08:01 1704346    /usr/lib/i386-linux-gnu/libharfbuzz.so.0.913.0
6761e000-67631000 r-xp 00000000 08:01 1058788    /lib/i386-linux-gnu/libresolv-2.17.so
67631000-67632000 r--p 00013000 08:01 1058788    /lib/i386-linux-gnu/libresolv-2.17.so
67632000-67633000 rw-p 00014000 08:01 1058788    /lib/i386-linux-gnu/libresolv-2.17.so
67633000-67635000 rw-p 00000000 00:00 0 
67635000-67652000 r-xp 00000000 08:01 1049376    /lib/i386-linux-gnu/libselinux.so.1
67652000-67653000 r--p 0001c000 08:01 1049376    /lib/i386-linux-gnu/libselinux.so.1
67653000-67654000 rw-p 0001d000 08:01 1049376    /lib/i386-linux-gnu/libselinux.so.1
67654000-6766b000 r-xp 00000000 08:01 1049289    /lib/i386-linux-gnu/libz.so.1.2.7
6766b000-6766c000 r--p 00016000 08:01 1049289    /lib/i386-linux-gnu/libz.so.1.2.7
6766c000-6766d000 rw-p 00017000 08:01 1049289    /lib/i386-linux-gnu/libz.so.1.2.7
6766d000-67694000 r-xp 00000000 08:01 1049372    /lib/i386-linux-gnu/libpng12.so.0.49.0
67694000-67695000 r--p 00026000 08:01 1049372    /lib/i386-linux-gnu/libpng12.so.0.49.0
67695000-67696000 rw-p 00027000 08:01 1049372    /lib/i386-linux-gnu/libpng12.so.0.49.0
67696000-6772a000 r-xp 00000000 08:01 1705818    /usr/lib/i386-linux-gnu/libpixman-1.so.0.28.2
6772a000-6772f000 r--p 00093000 08:01 1705818    /usr/lib/i386-linux-gnu/libpixman-1.so.0.28.2
6772f000-67730000 rw-p 00098000 08:01 1705818    /usr/lib/i386-linux-gnu/libpixman-1.so.0.28.2
67730000-677c6000 r-xp 00000000 08:01 1705824    /usr/lib/i386-linux-gnu/libfreetype.so.6.10.0
677c6000-677ca000 r--p 00095000 08:01 1705824    /usr/lib/i386-linux-gnu/libfreetype.so.6.10.0
677ca000-677cb000 rw-p 00099000 08:01 1705824    /usr/lib/i386-linux-gnu/libfreetype.so.6.10.0
677cb000-678ca000 r-xp 00000000 08:01 1048642    /lib/i386-linux-gnu/libglib-2.0.so.0.3600.0
678ca000-678cb000 r--p 000fe000 08:01 1048642    /lib/i386-linux-gnu/libglib-2.0.so.0.3600.0
678cb000-678cc000 rw-p 000ff000 08:01 1048642    /lib/i386-linux-gnu/libglib-2.0.so.0.3600.0
678cc000-6791a000 r-xp 00000000 08:01 1711619    /usr/lib/i386-linux-gnu/libgobject-2.0.so.0.3600.0
6791a000-6791b000 r--p 0004d000 08:01 1711619    /usr/lib/i386-linux-gnu/libgobject-2.0.so.0.3600.0
6791b000-6791c000 rw-p 0004e000 08:01 1711619    /usr/lib/i386-linux-gnu/libgobject-2.0.so.0.3600.0
6791c000-67a7c000 r-xp 00000000 08:01 1704886    /usr/lib/i386-linux-gnu/libgio-2.0.so.0.3600.0
67a7c000-67a7e000 r--p 00160000 08:01 1704886    /usr/lib/i386-linux-gnu/libgio-2.0.so.0.3600.0
67a7e000-67a7f000 rw-p 00162000 08:01 1704886    /usr/lib/i386-linux-gnu/libgio-2.0.so.0.3600.0
67a7f000-67a80000 rw-p 00000000 00:00 0 
67a80000-67b93000 r-xp 00000000 08:01 1705868    /usr/lib/i386-linux-gnu/libcairo.so.2.11200.14
67b93000-67b95000 r--p 00113000 08:01 1705868    /usr/lib/i386-linux-gnu/libcairo.so.2.11200.14
67b95000-67b96000 rw-p 00115000 08:01 1705868    /usr/lib/i386-linux-gnu/libcairo.so.2.11200.14
67b96000-67b97000 rw-p 00000000 00:00 0 
67b97000-67ff8000 r-xp 00000000 08:01 1710186    /usr/lib/i386-linux-gnu/libgtk-x11-2.0.so.0.2400.17
67ff8000-67ffc000 r--p 00461000 08:01 1710186    /usr/lib/i386-linux-gnu/libgtk-x11-2.0.so.0.2400.17
67ffc000-67ffe000 rw-p 00465000 08:01 1710186    /usr/lib/i386-linux-gnu/libgtk-x11-2.0.so.0.2400.17
67ffe000-68000000 rw-p 00000000 00:00 0 
68000000-680ff000 rw-p 00000000 00:00 0 
680ff000-68100000 ---p 00000000 00:00 0 
68100000-68105000 r-xp 00000000 08:01 1706167    /usr/lib/i386-linux-gnu/libffi.so.6.0.1
68105000-68106000 r--p 00005000 08:01 1706167    /usr/lib/i386-linux-gnu/libffi.so.6.0.1
68106000-68107000 rw-p 00006000 08:01 1706167    /usr/lib/i386-linux-gnu/libffi.so.6.0.1
68107000-68150000 r-xp 00000000 08:01 1712418    /usr/lib/i386-linux-gnu/libpango-1.0.so.0.3200.5
68150000-68151000 r--p 00049000 08:01 1712418    /usr/lib/i386-linux-gnu/libpango-1.0.so.0.3200.5
68151000-68152000 rw-p 0004a000 08:01 1712418    /usr/lib/i386-linux-gnu/libpango-1.0.so.0.3200.5
68152000-681fd000 r-xp 00000000 08:01 1704949    /usr/lib/i386-linux-gnu/libgdk-x11-2.0.so.0.2400.17
681fd000-681ff000 r--p 000ab000 08:01 1704949    /usr/lib/i386-linux-gnu/libgdk-x11-2.0.so.0.2400.17
681ff000-68200000 rw-p 000ad000 08:01 1704949    /usr/lib/i386-linux-gnu/libgdk-x11-2.0.so.0.2400.17
68200000-68279000 rw-p 00000000 00:00 0 
68279000-68300000 ---p 00000000 00:00 0 
68300000-683fc000 rw-p 00000000 00:00 0 
683fc000-68400000 ---p 00000000 00:00 0 
68400000-684fa000 rw-p 00000000 00:00 0 
684fa000-68500000 ---p 00000000 00:00 0 
68500000-68600000 rw-p 00000000 00:00 0 
68600000-686f9000 rw-p 00000000 00:00 0 
686f9000-68700000 ---p 00000000 00:00 0 
68700000-68701000 r--s 00000000 08:01 2370899    /var/cache/fontconfig/89034621ae2a8922916bb6bfa5799546-le32d4.cache-3
68701000-68704000 r--s 00000000 08:01 2364852    /var/cache/fontconfig/d6c6df98c3df5faf9bd0f8ef4d91efe5-le32d4.cache-3
68704000-6870c000 r-xp 00000000 08:01 1705860    /usr/lib/i386-linux-gnu/libxcb-render.so.0.0.0
6870c000-6870d000 r--p 00008000 08:01 1705860    /usr/lib/i386-linux-gnu/libxcb-render.so.0.0.0
6870d000-6870e000 rw-p 00009000 08:01 1705860    /usr/lib/i386-linux-gnu/libxcb-render.so.0.0.0
6870e000-68745000 r-xp 00000000 08:01 1705820    /usr/lib/i386-linux-gnu/libfontconfig.so.1.6.2
68745000-68746000 r--p 00036000 08:01 1705820    /usr/lib/i386-linux-gnu/libfontconfig.so.1.6.2
68746000-68747000 rw-p 00037000 08:01 1705820    /usr/lib/i386-linux-gnu/libfontconfig.so.1.6.2
68747000-68759000 r-xp 00000000 08:01 1705570    /usr/lib/i386-linux-gnu/libpangoft2-1.0.so.0.3200.5
68759000-6875a000 r--p 00011000 08:01 1705570    /usr/lib/i386-linux-gnu/libpangoft2-1.0.so.0.3200.5
6875a000-6875b000 rw-p 00012000 08:01 1705570    /usr/lib/i386-linux-gnu/libpangoft2-1.0.so.0.3200.5
6875b000-6877b000 r-xp 00000000 08:01 1704318    /usr/lib/i386-linux-gnu/libgdk_pixbuf-2.0.so.0.2800.0
6877b000-6877c000 ---p 00020000 08:01 1704318    /usr/lib/i386-linux-gnu/libgdk_pixbuf-2.0.so.0.2800.0
6877c000-6877d000 r--p 00020000 08:01 1704318    /usr/lib/i386-linux-gnu/libgdk_pixbuf-2.0.so.0.2800.0
6877d000-6877e000 rw-p 00021000 08:01 1704318    /usr/lib/i386-linux-gnu/libgdk_pixbuf-2.0.so.0.2800.0
6877e000-6879c000 r-xp 00000000 08:01 1707656    /usr/lib/i386-linux-gnu/libatk-1.0.so.0.20809.1
6879c000-6879e000 r--p 0001d000 08:01 1707656    /usr/lib/i386-linux-gnu/libatk-1.0.so.0.20809.1
6879e000-6879f000 rw-p 0001f000 08:01 1707656    /usr/lib/i386-linux-gnu/libatk-1.0.so.0.20809.1
6879f000-687aa000 r-xp 00000000 08:01 1712417    /usr/lib/i386-linux-gnu/libpangocairo-1.0.so.0.3200.5
687aa000-687ab000 r--p 0000a000 08:01 1712417    /usr/lib/i386-linux-gnu/libpangocairo-1.0.so.0.3200.5
687ab000-687ac000 rw-p 0000b000 08:01 1712417    /usr/lib/i386-linux-gnu/libpangocairo-1.0.so.0.3200.5
687ac000-687b9000 r--s 000b0000 08:01 2499315    /usr/share/netbeans/platform13/modules/org-netbeans-swing-tabcontrol.jar
687b9000-687c6000 r--s 00142000 08:01 2499265    /usr/share/netbeans/platform13/modules/org-openide-explorer.jar
687c6000-687c7000 r--s 00000000 08:01 2771804    /usr/share/netbeans/7.0.1/nb/modules/locale/org-netbeans-modules-options-api_nb.jar
687c7000-687c8000 r--s 00000000 08:01 2771808    /usr/share/netbeans/7.0.1/nb/modules/locale/org-netbeans-core-ui_nb.jar
687c8000-687cb000 r--s 00017000 08:01 2500060    /usr/share/netbeans/ide14/modules/org-netbeans-api-java-classpath.jar
687cb000-687ce000 r--s 0001e000 08:01 2106465    /usr/share/java/jna-3.2.7.jar
687ce000-687d0000 r--s 00000000 08:01 2499260    /usr/share/netbeans/platform13/modules/org-netbeans-libs-jna.jar
687d0000-687e3000 r--s 000f8000 08:01 2106481    /usr/share/java/lucene-core-2.9.4.jar
687e3000-687e4000 r--s 00000000 08:01 2500006    /usr/share/netbeans/ide14/modules/org-netbeans-libs-lucene.jar
687e4000-687e6000 r--s 0000f000 08:01 2500026    /usr/share/netbeans/ide14/modules/org-netbeans-modules-editor-guards.jar
687e6000-687e8000 r--s 0001c000 08:01 2500018    /usr/share/netbeans/ide14/modules/org-netbeans-modules-editor-structure.jar
687e8000-687eb000 r--s 0002a000 08:01 2500093    /usr/share/netbeans/ide14/modules/org-netbeans-modules-xml-xam.jar
687eb000-687f3000 r--s 0007b000 08:01 2500085    /usr/share/netbeans/ide14/modules/org-netbeans-modules-xml-schema-model.jar
687f3000-687f8000 r--s 00061000 08:01 2500095    /usr/share/netbeans/ide14/modules/org-netbeans-modules-xml-axi.jar
687f8000-687fa000 r--s 00015000 08:01 2106063    /usr/share/java/xml-resolver-1.2.jar
687fa000-687fb000 r--s 00000000 08:01 2500024    /usr/share/netbeans/ide14/modules/org-apache-xml-resolver.jar
687fb000-687fe000 r--s 00031000 08:01 2500086    /usr/share/netbeans/ide14/modules/org-netbeans-modules-xml-retriever.jar
687fe000-68801000 ---p 00000000 00:00 0 
68801000-689ff000 rw-p 00000000 00:00 0          [stack:28223]
689ff000-68a02000 ---p 00000000 00:00 0 
68a02000-68c00000 rw-p 00000000 00:00 0          [stack:28222]
68c00000-68cfd000 rw-p 00000000 00:00 0 
68cfd000-68d00000 ---p 00000000 00:00 0 
68d00000-68d02000 r--s 00000000 08:01 2363764    /var/cache/fontconfig/65f976e5259cbe6dc7697b8648396239-le32d4.cache-3
68d02000-68d03000 r--s 00000000 08:01 2499958    /usr/share/netbeans/ide14/modules/org-netbeans-modules-servletapi.jar
68d03000-68d07000 r--s 00046000 08:01 2500035    /usr/share/netbeans/ide14/modules/org-netbeans-modules-xml-xdm.jar
68d07000-68d20000 r--s 00132000 08:01 2106072    /usr/share/java/xercesImpl-2.11.0.jar
68d20000-68d29000 r--s 00031000 08:01 2106066    /usr/share/java/xml-apis-1.4.01.jar
68d29000-68d2a000 r--s 00000000 08:01 2499977    /usr/share/netbeans/ide14/modules/org-netbeans-libs-xerces.jar
68d2a000-68d2c000 r--s 00007000 08:01 2630530    /usr/share/netbeans/java5/modules/org-netbeans-api-java.jar
68d2c000-68d2e000 r--s 0001c000 08:01 2630524    /usr/share/netbeans/java5/modules/org-netbeans-modules-classfile.jar
68d2e000-68d34000 r--s 0001b000 08:01 2106593    /usr/share/java/javac-api-7.0.1.jar
68d34000-68d4a000 r--s 00183000 08:01 2106594    /usr/share/java/javac-impl-7.0.1.jar
68d4a000-68d4b000 r--s 00001000 08:01 2630543    /usr/share/netbeans/java5/modules/org-netbeans-libs-javacimpl.jar
68d4b000-68d4c000 r--s 00004000 08:01 2630514    /usr/share/netbeans/java5/modules/org-netbeans-modules-java-preprocessorbridge.jar
68d4c000-68d4e000 r--s 0000e000 08:01 2500029    /usr/share/netbeans/ide14/modules/org-netbeans-modules-editor-indent-project.jar
68d4e000-68d53000 r--s 00044000 08:01 2500079    /usr/share/netbeans/ide14/modules/org-netbeans-modules-xml-multiview.jar
68d53000-68d55000 r--s 0000e000 08:01 2500012    /usr/share/netbeans/ide14/modules/org-netbeans-modules-web-common.jar
68d55000-68d57000 r--s 00003000 08:01 2500083    /usr/share/netbeans/ide14/modules/org-netbeans-modules-spellchecker-apimodule.jar
68d57000-68d5f000 r--s 00083000 08:01 2500063    /usr/share/netbeans/ide14/modules/org-netbeans-lib-cvsclient.jar
68d5f000-68d60000 r--s 0000f000 08:01 2106479    /usr/share/java/jzlib-1.1.0.jar
68d60000-68d61000 r--s 00000000 08:01 2500020    /usr/share/netbeans/ide14/modules/org-netbeans-libs-jzlib.jar
68d61000-68d64000 r--s 00034000 08:01 2106473    /usr/share/java/jsch-0.1.48.jar
68d64000-68d65000 r--s 00001000 08:01 2499986    /usr/share/netbeans/ide14/modules/org-netbeans-modules-versioning-indexingbridge.jar
68d65000-68d67000 r--s 0000d000 08:01 2499245    /usr/share/netbeans/platform13/modules/org-netbeans-modules-sendopts.jar
68d67000-68d71000 r--s 00042000 08:01 2500042    /usr/share/netbeans/ide14/modules/docs/org-netbeans-modules-usersguide.jar
68d71000-68d73000 r--s 0000e000 08:01 2771800    /usr/share/netbeans/7.0.1/nb/modules/org-netbeans-lib-uihandler.jar
68d73000-68d79000 r--s 00050000 08:01 2499981    /usr/share/netbeans/ide14/modules/org-netbeans-lib-terminalemulator.jar
68d79000-68d7a000 r--s 00000000 08:01 2499968    /usr/share/netbeans/ide14/modules/org-netbeans-modules-tasklist-kit.jar
68d7a000-68d7b000 r--s 0000b000 08:01 2500002    /usr/share/netbeans/ide14/modules/org-netbeans-modules-target-iterator.jar
68d7b000-68d7e000 r--s 00026000 08:01 2630500    /usr/share/netbeans/java5/modules/org-netbeans-modules-java-sourceui.jar
68d7e000-68d86000 r--s 0009f000 08:01 2630526    /usr/share/netbeans/java5/modules/org-netbeans-modules-java-api-common.jar
68d86000-68d89000 r--s 00022000 08:01 2106581    /usr/share/java/antlr3-runtime.jar
68d89000-68d8b000 r--s 00000000 08:01 2500082    /usr/share/netbeans/ide14/modules/org-netbeans-libs-antlr3-runtime.jar
68d8b000-68d8c000 r--s 00002000 08:01 2630542    /usr/share/netbeans/java5/modules/org-netbeans-modules-j2ee-metadata.jar
68d8c000-68d8f000 r--s 00017000 08:01 2630481    /usr/share/netbeans/java5/modules/org-netbeans-modules-j2ee-metadata-model-support.jar
68d8f000-68d96000 r--s 0004c000 08:01 2630491    /usr/share/netbeans/java5/modules/org-netbeans-modules-j2ee-persistenceapi.jar
68d96000-68d99000 r--s 00026000 08:01 2630497    /usr/share/netbeans/java5/modules/org-netbeans-api-debugger-jpda.jar
68d99000-68d9a000 r--s 00001000 08:01 2630532    /usr/share/netbeans/java5/modules/org-netbeans-modules-debugger-jpda-ant.jar
68d9a000-68d9c000 r--s 00000000 08:01 2630540    /usr/share/netbeans/java5/modules/org-netbeans-modules-ant-browsetask.jar
68d9c000-68da3000 r--s 00094000 08:01 2106362    /usr/share/java/beansbinding-1.2.1.jar
68da3000-68da4000 r--s 00000000 08:01 2630531    /usr/share/netbeans/java5/modules/org-jdesktop-beansbinding.jar
68da4000-68da8000 r--s 00020000 08:01 2106746    /usr/share/java/bsaf-1.9.jar
68da8000-68da9000 r--s 00001000 08:01 2500059    /usr/share/netbeans/ide14/modules/org-netbeans-libs-svnClientAdapter.jar
68da9000-68dad000 r--s 00032000 08:01 2106752    /usr/share/java/ini4j-0.5.2-SNAPSHOT.jar
68dad000-68dae000 r--s 00000000 08:01 2500098    /usr/share/netbeans/ide14/modules/org-netbeans-libs-ini4j.jar
68dae000-68daf000 r--s 00001000 08:01 2500047    /usr/share/netbeans/ide14/modules/org-netbeans-modules-editor-plain-lib.jar
68daf000-68db0000 r--s 00001000 08:01 2499950    /usr/share/netbeans/ide14/modules/org-netbeans-modules-spellchecker-kit.jar
68db0000-68db1000 r--s 0000e000 08:01 2630533    /usr/share/netbeans/java5/modules/org-netbeans-modules-java-editor-lib.jar
68db1000-68db8000 r--s 00105000 08:01 2499991    /usr/share/netbeans/ide14/modules/org-netbeans-modules-schema2beans.jar
68db8000-68dba000 r--s 0001a000 08:01 2499297    /usr/share/netbeans/platform13/modules/org-netbeans-modules-progress-ui.jar
68dba000-68dbc000 r--s 00001000 08:01 2499997    /usr/share/netbeans/ide14/modules/org-netbeans-modules-print-editor.jar
68dbc000-68dbe000 r--s 0000d000 08:01 2500041    /usr/share/netbeans/ide14/modules/docs/org-netbeans-modules-mercurial.jar
68dbe000-68dbf000 r--s 00002000 08:01 2500101    /usr/share/netbeans/ide14/modules/org-netbeans-modules-lexer-nbbridge.jar
68dbf000-68dc0000 r--s 00002000 08:01 2106373    /usr/share/java/bytelist-1.0.6.jar
68dc0000-68dc1000 r--s 00000000 08:01 2500045    /usr/share/netbeans/ide14/modules/org-netbeans-libs-bytelist.jar
68dc1000-68dc6000 r--s 00034000 08:01 2106477    /usr/share/java/jvyamlb-0.2.5.jar
68dc6000-68dc7000 r--s 00000000 08:01 2500050    /usr/share/netbeans/ide14/modules/org-netbeans-libs-jvyamlb.jar
68dc7000-68dc9000 r--s 0000c000 08:01 2499274    /usr/share/netbeans/platform13/modules/org-netbeans-modules-keyring-impl.jar
68dc9000-68dd0000 r--s 00033000 08:01 2106302    /usr/share/java/junit4-4.10.jar
68dd0000-68dd3000 r--s 0000e000 08:01 2106336    /usr/share/java/hamcrest-core-1.2.jar
68dd3000-68dd4000 r--s 00000000 08:01 2499275    /usr/share/netbeans/platform13/modules/org-netbeans-libs-junit4.jar
68dd4000-68dd8000 r--s 00025000 08:01 2499985    /usr/share/netbeans/ide14/modules/org-netbeans-modules-extexecution.jar
68dd8000-68dda000 r--s 00004000 08:01 2630513    /usr/share/netbeans/java5/modules/org-netbeans-modules-java-hints-processor.jar
68dda000-68ddc000 r--s 0000e000 08:01 2630484    /usr/share/netbeans/java5/modules/org-netbeans-modules-java-source-ant.jar
68ddc000-68df0000 r--s 000a3000 08:01 2630518    /usr/share/netbeans/java5/modules/docs/org-netbeans-modules-java-helpset.jar
68df0000-68df1000 r--s 00003000 08:01 2500089    /usr/share/netbeans/ide14/modules/org-netbeans-modules-editor-actions.jar
68df1000-68df2000 r--s 00001000 08:01 2500009    /usr/share/netbeans/ide14/modules/org-netbeans-core-browser.jar
68df2000-68df5000 r--s 0003d000 08:01 2499295    /usr/share/netbeans/platform13/modules/org-netbeans-core-output2.jar
68df5000-68df7000 r--s 00016000 08:01 2106436    /usr/share/java/flute-1.1-SNAPSHOT.jar
68df7000-68df9000 r--s 00002000 08:01 2106759    /usr/share/java/sac-1.3.jar
68df9000-68dfd000 r--s 00039000 08:01 2499963    /usr/share/netbeans/ide14/modules/org-netbeans-modules-html-editor-lib.jar
68dfd000-68e00000 r--s 00017000 08:01 2106445    /usr/share/java/osgi.core.jar
68e00000-68efe000 rw-p 00000000 00:00 0 
68efe000-68f00000 ---p 00000000 00:00 0 
68f00000-68f01000 r--s 00000000 08:01 2500087    /usr/share/netbeans/ide14/modules/org-netbeans-modules-editor-kit.jar
68f01000-68f08000 r--s 00031000 08:01 2106157    /usr/share/java/osgi.compendium.jar
68f08000-68f09000 r--s 00000000 08:01 2499277    /usr/share/netbeans/platform13/modules/org-netbeans-libs-osgi.jar
68f09000-68f10000 r--s 0006e000 08:01 2106426    /usr/share/java/org.apache.felix.framework.jar
68f10000-68f11000 r--s 00000000 08:01 2499264    /usr/share/netbeans/platform13/modules/org-netbeans-libs-felix.jar
68f11000-68f12000 r--s 00000000 08:01 2771805    /usr/share/netbeans/7.0.1/nb/modules/locale/org-netbeans-core-windows_nb.jar
68f12000-68f13000 r--s 00000000 08:01 2499303    /usr/share/netbeans/platform13/modules/org-netbeans-modules-core-kit.jar
68f13000-68f15000 r--s 00000000 08:01 2500023    /usr/share/netbeans/ide14/modules/org-netbeans-modules-ide-kit.jar
68f15000-68f16000 r--s 00000000 08:01 2630486    /usr/share/netbeans/java5/modules/org-netbeans-modules-ant-kit.jar
68f16000-68f1a000 r--s 00000000 08:01 2363190    /var/cache/fontconfig/7ef2298fde41cc6eeb7af42e48b7d293-le32d4.cache-3
68f1a000-68f1b000 r--s 00006000 08:01 2499990    /usr/share/netbeans/ide14/modules/org-netbeans-modules-dbapi.jar
68f1b000-68f1d000 r--s 0000f000 08:01 2630523    /usr/share/netbeans/java5/modules/org-netbeans-modules-j2ee-core-utilities.jar
68f1d000-68f1e000 r--s 00001000 08:01 2771802    /usr/share/netbeans/7.0.1/nb/modules/org-netbeans-modules-ide-branding.jar
68f1e000-68f1f000 r--s 00000000 08:01 2771799    /usr/share/netbeans/7.0.1/nb/modules/org-netbeans-modules-ide-branding-kit.jar
68f1f000-68f20000 r--s 00006000 08:01 2500053    /usr/share/netbeans/ide14/modules/org-netbeans-modules-hudson-subversion.jar
68f20000-68f21000 r--s 00005000 08:01 2499973    /usr/share/netbeans/ide14/modules/org-netbeans-modules-hudson-mercurial.jar
68f21000-68f23000 r--s 00008000 08:01 2630525    /usr/share/netbeans/java5/modules/org-netbeans-modules-hudson-ant.jar
68f23000-68f24000 r--s 00000000 08:01 2630495    /usr/share/netbeans/java5/modules/org-netbeans-modules-form-kit.jar
68f24000-68f25000 r--s 00009000 08:01 2499294    /usr/share/netbeans/platform13/modules/org-netbeans-modules-editor-mimelookup-impl.jar
68f25000-68f31000 r--s 000f1000 08:01 2499293    /usr/share/netbeans/platform13/modules/org-netbeans-api-visual.jar
68f31000-68f36000 r--s 0006c000 08:01 2499987    /usr/share/netbeans/ide14/modules/org-netbeans-modules-db-sql-visualeditor.jar
68f36000-68f3f000 r-xp 00000000 08:01 1706171    /usr/lib/i386-linux-gnu/libXrandr.so.2.2.0
68f3f000-68f40000 r--p 00008000 08:01 1706171    /usr/lib/i386-linux-gnu/libXrandr.so.2.2.0
68f40000-68f41000 rw-p 00009000 08:01 1706171    /usr/lib/i386-linux-gnu/libXrandr.so.2.2.0
68f41000-68f45000 r--s 00042000 08:01 2500096    /usr/share/netbeans/ide14/modules/org-netbeans-spi-viewmodel.jar
68f45000-68f49000 r--s 00061000 08:01 2499957    /usr/share/netbeans/ide14/modules/org-netbeans-modules-lexer.jar
68f49000-68f4b000 r--s 0001b000 08:01 2500097    /usr/share/netbeans/ide14/modules/org-netbeans-modules-editor-fold.jar
68f4b000-68f4c000 r--s 00001000 08:01 2499286    /usr/share/netbeans/platform13/modules/org-netbeans-modules-keyring.jar
68f4c000-68f4d000 r--s 00001000 08:01 2499959    /usr/share/netbeans/ide14/modules/org-netbeans-libs-swingx.jar
68f4d000-68f52000 r--s 00060000 08:01 2500099    /usr/share/netbeans/ide14/modules/org-netbeans-modules-db-dataview.jar
68f52000-68f53000 r--s 00000000 08:01 2370897    /var/cache/fontconfig/4b14b093aebc79c320de5e86ae1d3314-le32d4.cache-3
68f53000-68f55000 r--s 00000000 08:01 2771639    /usr/share/netbeans/apisupport3/modules/org-netbeans-modules-apisupport-ant.jar
68f55000-68f65000 r--s 000c2000 08:01 2106438    /usr/share/java/freemarker-2.3.18.jar
68f65000-68f67000 r--s 00000000 08:01 2499537    /usr/share/netbeans/harness/modules/org-netbeans-modules-apisupport-harness.jar
68f67000-68f6d000 r--s 0006e000 08:01 2771642    /usr/share/netbeans/apisupport3/modules/org-netbeans-modules-apisupport-kit.jar
68f6d000-68f70000 r--s 00000000 08:01 2360313    /var/cache/fontconfig/9fb319ef52839f11ee26ab8b4cffa12b-le32d4.cache-3
68f70000-68f75000 r-xp 00000000 08:01 1708045    /usr/lib/i386-linux-gnu/gtk-2.0/modules/libcanberra-gtk-module.so
68f75000-68f76000 r--p 00004000 08:01 1708045    /usr/lib/i386-linux-gnu/gtk-2.0/modules/libcanberra-gtk-module.so
68f76000-68f77000 rw-p 00005000 08:01 1708045    /usr/lib/i386-linux-gnu/gtk-2.0/modules/libcanberra-gtk-module.so
68f77000-68f88000 r-xp 00000000 08:01 1704572    /usr/lib/i386-linux-gnu/gtk-2.0/modules/liboverlay-scrollbar.so
68f88000-68f89000 r--p 00010000 08:01 1704572    /usr/lib/i386-linux-gnu/gtk-2.0/modules/liboverlay-scrollbar.so
68f89000-68f8a000 rw-p 00011000 08:01 1704572    /usr/lib/i386-linux-gnu/gtk-2.0/modules/liboverlay-scrollbar.so
68f99000-68f9d000 r--s 00034000 08:01 2106574    /usr/share/java/trilead-ssh2-6401.jar
68f9d000-68f9e000 r--s 00001000 08:01 2500016    /usr/share/netbeans/ide14/modules/org-netbeans-libs-svnClientAdapter-svnkit.jar
68f9e000-68fa2000 r--s 00024000 08:01 2098246    /usr/share/java/svnClientAdapter-1.8.16.jar
68fa2000-68fa6000 r--p 00000000 08:01 526009     /home/prashantvaidyanathan/.config/dconf/user
68fa6000-68fa8000 r-xp 00000000 08:01 1705862    /usr/lib/i386-linux-gnu/libxcb-shm.so.0.0.0
68fa8000-68fa9000 r--p 00001000 08:01 1705862    /usr/lib/i386-linux-gnu/libxcb-shm.so.0.0.0
68fa9000-68faa000 rw-p 00002000 08:01 1705862    /usr/lib/i386-linux-gnu/libxcb-shm.so.0.0.0
68faa000-68fab000 r--s 00002000 08:01 2500075    /usr/share/netbeans/ide14/modules/org-netbeans-libs-svnClientAdapter-javahl.jar
68fab000-68fad000 r--s 00007000 08:01 2499314    /usr/share/netbeans/platform13/modules/org-netbeans-core-netigso.jar
68fad000-68fb6000 r--s 00046000 08:01 2106466    /usr/share/java/jna-platform-3.2.7.jar
68fb6000-68fb7000 r--s 00001000 08:01 2499272    /usr/share/netbeans/platform13/modules/org-netbeans-core-nativeaccess.jar
68fb7000-68fb8000 r--s 0001c000 08:01 2106538    /usr/share/java/swing-layout-1.0.4.jar
68fb8000-68fba000 r--s 00000000 08:01 2499269    /usr/share/netbeans/platform13/modules/org-jdesktop-layout.jar
68fba000-68fbb000 r--s 00000000 08:01 2370896    /var/cache/fontconfig/8aec10f4cc8391dcef22ca549f1e4354-le32d4.cache-3
68fbb000-68fbe000 r--s 00030000 08:01 2499300    /usr/share/netbeans/platform13/modules/ext/updater.jar
68fbe000-68fbf000 r--s 00007000 08:01 2499288    /usr/share/netbeans/platform13/modules/org-netbeans-core-io-ui.jar
68fbf000-68fc1000 r--s 00008000 08:01 2630489    /usr/share/netbeans/java5/modules/org-netbeans-modules-ant-grammar.jar
68fc1000-68fc2000 r--s 00000000 08:01 2363773    /var/cache/fontconfig/ac2cf712d852da827a87a9baf682f5b9-le32d4.cache-3
68fc2000-68fc3000 r--s 00000000 08:01 2363751    /var/cache/fontconfig/94f7fe9bd33aadfac165873bd010d595-le32d4.cache-3
68fc3000-68fc4000 r--s 00024000 08:01 2771637    /usr/share/netbeans/apisupport3/modules/org-netbeans-modules-apisupport-osgidemo.jar
68fc4000-68fc5000 r--s 00011000 08:01 2771638    /usr/share/netbeans/apisupport3/modules/org-netbeans-modules-apisupport-paintapp.jar
68fc5000-68fc8000 r--s 0002a000 08:01 2771640    /usr/share/netbeans/apisupport3/modules/org-netbeans-modules-apisupport-refactoring.jar
68fc8000-68fe5000 r--s 002c1000 08:01 2771636    /usr/share/netbeans/apisupport3/modules/org-netbeans-modules-apisupport-project.jar
68fe5000-68fe6000 r--s 00005000 08:01 2499965    /usr/share/netbeans/ide14/modules/org-netbeans-libs-freemarker.jar
68fe6000-68fea000 r--s 00055000 08:01 2500038    /usr/share/netbeans/ide14/modules/org-netbeans-modules-db-mysql.jar
68fea000-68fef000 r--s 00047000 08:01 2500014    /usr/share/netbeans/ide14/modules/org-netbeans-modules-db-sql-editor.jar
68fef000-68fff000 r--s 00159000 08:01 2630528    /usr/share/netbeans/java5/modules/org-netbeans-modules-debugger-jpda-ui.jar
68fff000-69002000 ---p 00000000 00:00 0 
69002000-69200000 rw-p 00000000 00:00 0          [stack:28221]
69200000-69221000 rw-p 00000000 00:00 0 
69221000-69300000 ---p 00000000 00:00 0 
69300000-69302000 r--s 00004000 08:01 2500036    /usr/share/netbeans/ide14/modules/org-netbeans-modules-db-drivers.jar
69302000-69306000 r--s 00035000 08:01 2500056    /usr/share/netbeans/ide14/modules/org-netbeans-modules-db-core.jar
69306000-69307000 r--s 00000000 08:01 2363749    /var/cache/fontconfig/423767150eb258c59035de29db6fca84-le32d4.cache-3
69307000-69308000 r--s 00000000 08:01 2363195    /var/cache/fontconfig/845c20fd2c4814bcec78e05d37a63ccc-le32d4.cache-3
69308000-6930a000 r-xp 00000000 08:01 1708690    /usr/lib/i386-linux-gnu/libXdamage.so.1.1.0
6930a000-6930b000 r--p 00001000 08:01 1708690    /usr/lib/i386-linux-gnu/libXdamage.so.1.1.0
6930b000-6930c000 rw-p 00002000 08:01 1708690    /usr/lib/i386-linux-gnu/libXdamage.so.1.1.0
6930c000-6930e000 r-xp 00000000 08:01 1708686    /usr/lib/i386-linux-gnu/libXcomposite.so.1.0.0
6930e000-6930f000 r--p 00001000 08:01 1708686    /usr/lib/i386-linux-gnu/libXcomposite.so.1.0.0
6930f000-69310000 rw-p 00002000 08:01 1708686    /usr/lib/i386-linux-gnu/libXcomposite.so.1.0.0
69310000-69315000 r--s 00074000 08:01 2630485    /usr/share/netbeans/java5/modules/org-netbeans-modules-debugger-jpda-projects.jar
69315000-69317000 r--s 00022000 08:01 2499983    /usr/share/netbeans/ide14/modules/org-netbeans-modules-derby.jar
69317000-69318000 r--s 00000000 08:01 2363194    /var/cache/fontconfig/e7de81b01590fb7e12b38e274e17d0db-le32d4.cache-3
69318000-6931b000 r--s 0002b000 08:01 2499279    /usr/share/netbeans/platform13/modules/org-netbeans-swing-outline.jar
6931b000-69325000 r--s 00149000 08:01 2499980    /usr/share/netbeans/ide14/modules/org-netbeans-modules-html-editor.jar
69325000-6932c000 r--s 00063000 08:01 2500055    /usr/share/netbeans/ide14/modules/org-netbeans-modules-hudson.jar
6932c000-6932e000 r--s 00018000 08:01 2630539    /usr/share/netbeans/java5/modules/org-netbeans-modules-i18n-form.jar
6932e000-69330000 r--s 00014000 08:01 2771801    /usr/share/netbeans/7.0.1/nb/modules/org-netbeans-modules-autoupdate-pluginimporter.jar
69330000-69341000 r--s 001f8000 08:01 2630529    /usr/share/netbeans/java5/modules/org-netbeans-modules-j2ee-persistence.jar
69341000-69349000 r--s 0007b000 08:01 2630537    /usr/share/netbeans/java5/modules/org-netbeans-modules-dbschema.jar
69349000-6934c000 r--s 0003f000 08:01 2500069    /usr/share/netbeans/ide14/modules/ext/ddl.jar
6934c000-6935d000 r--s 00152000 08:01 2500092    /usr/share/netbeans/ide14/modules/org-netbeans-modules-db.jar
6935d000-6935e000 r--s 00001000 08:01 2630510    /usr/share/netbeans/java5/modules/org-netbeans-modules-java-kit.jar
6935e000-69360000 r--s 00000000 08:01 2363192    /var/cache/fontconfig/67709b7835c0f764c1135060c9575660-le32d4.cache-3
69360000-69362000 r--s 0001d000 08:01 2500034    /usr/share/netbeans/ide14/modules/org-netbeans-modules-extbrowser.jar
69362000-69364000 r--s 00021000 08:01 2500074    /usr/share/netbeans/ide14/modules/org-netbeans-modules-editor-macros.jar
69364000-69366000 r--s 00008000 08:01 2500066    /usr/share/netbeans/ide14/modules/org-netbeans-core-ide.jar
69366000-69372000 r--s 00160000 08:01 2499289    /usr/share/netbeans/platform13/modules/org-netbeans-core-windows.jar
69372000-69373000 r--s 00003000 08:01 2500078    /usr/share/netbeans/ide14/modules/org-netbeans-modules-editor-plain.jar
69373000-69375000 r--s 0000d000 08:01 2500084    /usr/share/netbeans/ide14/modules/org-netbeans-modules-dlight-terminal.jar
69375000-6937f000 r--s 000b6000 08:01 2499988    /usr/share/netbeans/ide14/modules/org-netbeans-modules-dlight-nativeexecution.jar
6937f000-69384000 r--s 00062000 08:01 2500054    /usr/share/netbeans/ide14/modules/org-netbeans-modules-html.jar
69384000-69386000 r--s 00016000 08:01 2500048    /usr/share/netbeans/ide14/modules/org-netbeans-modules-image.jar
69386000-69390000 r--s 00087000 08:01 2500005    /usr/share/netbeans/ide14/modules/org-netbeans-modules-css-visual.jar
69390000-69397000 r--s 000b9000 08:01 2500110    /usr/share/netbeans/ide14/modules/org-netbeans-modules-css-editor.jar
69397000-69399000 r--s 00013000 08:01 2500081    /usr/share/netbeans/ide14/modules/org-netbeans-modules-editor-bookmarks.jar
69399000-6939c000 r--s 00025000 08:01 2630519    /usr/share/netbeans/java5/modules/org-netbeans-modules-ant-debugger.jar
6939c000-6939d000 r--s 00002000 08:01 2630521    /usr/share/netbeans/java5/modules/org-netbeans-modules-java-helpset.jar
6939d000-693a0000 r--s 00021000 08:01 2630490    /usr/share/netbeans/java5/modules/org-netbeans-modules-java-debug.jar
693a0000-693a5000 r--s 00067000 08:01 2630506    /usr/share/netbeans/java5/modules/org-netbeans-modules-i18n.jar
693a5000-693a7000 r--s 00061000 08:01 2630507    /usr/share/netbeans/java5/modules/org-netbeans-modules-java-examples.jar
693a7000-693ac000 r--s 0005e000 08:01 2630515    /usr/share/netbeans/java5/modules/org-netbeans-modules-java-freeform.jar
693ac000-693b0000 r--s 00043000 08:01 2630545    /usr/share/netbeans/java5/modules/org-netbeans-modules-ant-freeform.jar
693b0000-693b7000 r--s 00083000 08:01 2630502    /usr/share/netbeans/java5/modules/org-netbeans-modules-beans.jar
693b7000-693bf000 r--s 00081000 08:01 2630498    /usr/share/netbeans/java5/modules/org-netbeans-modules-java-navigation.jar
693bf000-693c2000 r--s 0001d000 08:01 2499261    /usr/share/netbeans/platform13/modules/org-openide-windows.jar
693c2000-693c6000 r--s 00052000 08:01 2630516    /usr/share/netbeans/java5/modules/org-netbeans-modules-javadoc.jar
693c6000-693d8000 r--s 00248000 08:01 2630492    /usr/share/netbeans/java5/modules/org-netbeans-modules-java-hints.jar
693d8000-693e6000 r--s 001b1000 08:01 2630494    /usr/share/netbeans/java5/modules/org-netbeans-modules-java-editor.jar
693e6000-693e9000 r--s 00032000 08:01 2630508    /usr/share/netbeans/java5/modules/org-netbeans-modules-javawebstart.jar
693e9000-693ee000 r--s 00097000 08:01 2630544    /usr/share/netbeans/java5/modules/org-netbeans-modules-junit.jar
693ee000-693ef000 r--s 00005000 08:01 2499978    /usr/share/netbeans/ide14/modules/org-netbeans-modules-gototest.jar
693ef000-693f3000 r--s 00033000 08:01 2500028    /usr/share/netbeans/ide14/modules/org-netbeans-modules-gsf-testrunner.jar
693f3000-693fb000 r--s 000b6000 08:01 2499270    /usr/share/netbeans/platform13/modules/org-netbeans-modules-autoupdate-ui.jar
693fb000-693fd000 r--s 00000000 08:01 2630522    /usr/share/netbeans/java5/modules/org-netbeans-modules-junitlib.jar
693fd000-693ff000 r--s 00006000 08:01 538129     /home/prashantvaidyanathan/.netbeans/7.0/modules/org-netbeans-modules-languages-antlr.jar
693ff000-69402000 ---p 00000000 00:00 0 
69402000-69600000 rw-p 00000000 00:00 0          [stack:28220]
69600000-696f8000 rw-p 00000000 00:00 0 
696f8000-69700000 ---p 00000000 00:00 0 
69700000-69701000 r--s 00001000 08:01 2771809    /usr/share/netbeans/7.0.1/nb/modules/locale/org-netbeans-modules-autoupdate-ui_nb.jar
69701000-6970a000 r--s 000c1000 08:01 2499951    /usr/share/netbeans/ide14/modules/org-netbeans-modules-languages.jar
6970a000-6970b000 r--s 00006000 08:01 2500064    /usr/share/netbeans/ide14/modules/org-netbeans-modules-languages-diff.jar
6970b000-6970d000 r--s 00005000 08:01 2500046    /usr/share/netbeans/ide14/modules/org-netbeans-modules-languages-manifest.jar
6970d000-6970f000 r--s 00000000 08:01 2363182    /var/cache/fontconfig/c19b55eb3b4c5b40ea175e31682068a5-le32d4.cache-3
6970f000-69712000 r--s 0002f000 08:01 2499975    /usr/share/netbeans/ide14/modules/org-netbeans-modules-localhistory.jar
69712000-69713000 r-xp 00000000 08:01 1711630    /usr/lib/i386-linux-gnu/libgthread-2.0.so.0.3600.0
69713000-69714000 r--p 00000000 08:01 1711630    /usr/lib/i386-linux-gnu/libgthread-2.0.so.0.3600.0
69714000-69715000 rw-p 00001000 08:01 1711630    /usr/lib/i386-linux-gnu/libgthread-2.0.so.0.3600.0
69715000-69717000 r-xp 00000000 08:01 1708829    /usr/lib/i386-linux-gnu/libXinerama.so.1.0.0
69717000-69718000 r--p 00001000 08:01 1708829    /usr/lib/i386-linux-gnu/libXinerama.so.1.0.0
69718000-69719000 rw-p 00002000 08:01 1708829    /usr/lib/i386-linux-gnu/libXinerama.so.1.0.0
6971c000-69721000 r--s 0006c000 08:01 2499291    /usr/share/netbeans/platform13/modules/org-openide-awt.jar
69721000-69724000 r--s 00032000 08:01 2499307    /usr/share/netbeans/platform13/modules/org-netbeans-modules-print.jar
69724000-69725000 r--s 00004000 08:01 2630488    /usr/share/netbeans/java5/modules/org-netbeans-modules-projectimport-eclipse-j2se.jar
69725000-69728000 r--s 0004a000 08:01 2630512    /usr/share/netbeans/java5/modules/org-netbeans-modules-projectimport-eclipse-core.jar
69728000-6972c000 r--s 00049000 08:01 2630505    /usr/share/netbeans/java5/modules/org-netbeans-modules-java-j2seplatform.jar
6972c000-6972d000 r--s 00001000 08:01 2499974    /usr/share/netbeans/ide14/modules/org-netbeans-modules-projectui-buildmenu.jar
6972d000-69739000 r--s 00149000 08:01 2630487    /usr/share/netbeans/java5/modules/org-netbeans-modules-refactoring-java.jar
69739000-6973c000 r--s 00031000 08:01 2499281    /usr/share/netbeans/platform13/modules/org-netbeans-modules-settings.jar
6973c000-6973e000 r--s 00005000 08:01 2499954    /usr/share/netbeans/ide14/modules/org-netbeans-modules-spellchecker-bindings-htmlxml.jar
6973e000-69740000 r--s 00008000 08:01 2500039    /usr/share/netbeans/ide14/modules/org-netbeans-modules-html-lexer.jar
69740000-69741000 r--s 00006000 08:01 2630496    /usr/share/netbeans/java5/modules/org-netbeans-modules-spellchecker-bindings-java.jar
69741000-69742000 r--s 00003000 08:01 2500032    /usr/share/netbeans/ide14/modules/org-netbeans-modules-spellchecker-bindings-properties.jar
69742000-69743000 r--s 00008000 08:01 2499971    /usr/share/netbeans/ide14/modules/org-netbeans-modules-properties-syntax.jar
69743000-69747000 r--s 00029000 08:01 2500061    /usr/share/netbeans/ide14/modules/org-netbeans-modules-spellchecker.jar
69747000-69748000 r--s 00000000 08:01 2363193    /var/cache/fontconfig/406a1d2d2bf3ed7664fbadefac0b2f66-le32d4.cache-3
69748000-6974a000 r--s 00017000 08:01 2500010    /usr/share/netbeans/ide14/modules/org-netbeans-modules-editor-util.jar
6974a000-69760000 r--s 00244000 08:01 2500058    /usr/share/netbeans/ide14/modules/org-netbeans-modules-subversion.jar
69760000-69764000 r--s 0008e000 08:01 2630511    /usr/share/netbeans/java5/modules/org-netbeans-modules-swingapp.jar
69764000-6976a000 r--s 00075000 08:01 2500094    /usr/share/netbeans/ide14/modules/org-netbeans-modules-properties.jar
6976a000-6976b000 r--s 00000000 08:01 2106536    /usr/share/java/AbsoluteLayout-7.0.jar
6976b000-69796000 r--s 00448000 08:01 2630547    /usr/share/netbeans/java5/modules/org-netbeans-modules-form.jar
69796000-69797000 r--s 00005000 08:01 2630482    /usr/share/netbeans/java5/modules/org-netbeans-modules-java-guards.jar
69797000-6979f000 r--s 000cc000 08:01 2630520    /usr/share/netbeans/java5/modules/org-netbeans-modules-java-j2seproject.jar
6979f000-697a1000 r--s 00006000 08:01 2500030    /usr/share/netbeans/ide14/modules/org-netbeans-modules-tasklist-projectint.jar
697a1000-697a3000 r--s 0000b000 08:01 2500102    /usr/share/netbeans/ide14/modules/org-netbeans-modules-tasklist-todo.jar
697a3000-697a8000 r--s 00052000 08:01 2500077    /usr/share/netbeans/ide14/modules/org-netbeans-modules-tasklist-ui.jar
697a8000-697ab000 r--s 00026000 08:01 2500025    /usr/share/netbeans/ide14/modules/org-netbeans-modules-terminal.jar
697ab000-697ac000 r--s 00000000 08:01 2771814    /usr/share/netbeans/7.0.1/nb/modules/org-netbeans-modules-uihandler-exceptionreporter.jar
697ac000-697ae000 r--s 0000c000 08:01 2499285    /usr/share/netbeans/platform13/modules/org-netbeans-api-progress.jar
697ae000-697b1000 r--s 00039000 08:01 2771797    /usr/share/netbeans/7.0.1/nb/modules/org-netbeans-modules-uihandler.jar
697b1000-697b2000 r--s 00004000 08:01 2771813    /usr/share/netbeans/7.0.1/nb/modules/org-netbeans-modules-updatecenters.jar
697b2000-697b3000 r--s 00000000 08:01 2363191    /var/cache/fontconfig/0c9eb80ebd1c36541ebe2852d3bb0c49-le32d4.cache-3
697b3000-697b7000 r--s 00027000 08:01 2499304    /usr/share/netbeans/platform13/modules/org-openide-actions.jar
697b7000-697bd000 r--s 0007c000 08:01 2500013    /usr/share/netbeans/ide14/modules/org-netbeans-modules-utilities.jar
697bd000-697c2000 r--s 00018000 08:01 2500043    /usr/share/netbeans/ide14/modules/docs/org-netbeans-modules-versioning-system-cvss.jar
697c2000-697d2000 r--s 00156000 08:01 2500027    /usr/share/netbeans/ide14/modules/org-netbeans-modules-versioning-system-cvss.jar
697d2000-697dc000 r--s 000bb000 08:01 2500003    /usr/share/netbeans/ide14/modules/org-netbeans-modules-versioning-util.jar
697dc000-697e0000 r--s 00059000 08:01 2499962    /usr/share/netbeans/ide14/modules/org-netbeans-modules-versioning.jar
697e0000-697e5000 r--s 0006d000 08:01 2771798    /usr/share/netbeans/7.0.1/nb/modules/org-netbeans-modules-welcome.jar
697e5000-697f0000 r--s 000d1000 08:01 2499967    /usr/share/netbeans/ide14/modules/org-netbeans-modules-projectui.jar
697f0000-697f3000 r--s 00029000 08:01 2499268    /usr/share/netbeans/platform13/modules/org-netbeans-modules-favorites.jar
697f3000-697f6000 r--s 00019000 08:01 2499267    /usr/share/netbeans/platform13/modules/org-netbeans-core-execution.jar
697f6000-697f9000 r--s 0001e000 08:01 2499246    /usr/share/netbeans/platform13/modules/org-netbeans-core-multiview.jar
697f9000-697fc000 r--s 00035000 08:01 2630499    /usr/share/netbeans/java5/modules/org-netbeans-modules-xml-tools-java.jar
697fc000-697ff000 r--s 0001c000 08:01 2500033    /usr/share/netbeans/ide14/modules/org-netbeans-modules-parsing-lucene.jar
697ff000-69802000 ---p 00000000 00:00 0 
69802000-69a00000 rw-p 00000000 00:00 0          [stack:28219]
69a00000-69aff000 rw-p 00000000 00:00 0 
69aff000-69b00000 ---p 00000000 00:00 0 
69b00000-69b02000 r--s 00032000 08:01 2500019    /usr/share/netbeans/ide14/modules/org-netbeans-modules-xml-schema-completion.jar
69b02000-69b16000 r--s 00255000 08:01 2630509    /usr/share/netbeans/java5/modules/org-netbeans-modules-java-source.jar
69b16000-69b18000 r--s 0000a000 08:01 2630483    /usr/share/netbeans/java5/modules/org-netbeans-modules-java-lexer.jar
69b18000-69b19000 r--s 00000000 08:01 2368414    /var/cache/fontconfig/16326683038b281783a0ef8c680e3a10-le32d4.cache-3
69b19000-69b1a000 r--s 00000000 08:01 2368410    /var/cache/fontconfig/e0aa53bcfa504e64f87823c16bc01eb6-le32d4.cache-3
69b1a000-69b1d000 r-xp 00000000 08:01 1704864    /usr/lib/i386-linux-gnu/libgmodule-2.0.so.0.3600.0
69b1d000-69b1e000 r--p 00002000 08:01 1704864    /usr/lib/i386-linux-gnu/libgmodule-2.0.so.0.3600.0
69b1e000-69b1f000 rw-p 00003000 08:01 1704864    /usr/lib/i386-linux-gnu/libgmodule-2.0.so.0.3600.0
69b1f000-69b22000 r--s 00025000 08:01 2499283    /usr/share/netbeans/platform13/modules/org-openide-dialogs.jar
69b22000-69b28000 r--s 00085000 08:01 2500090    /usr/share/netbeans/ide14/modules/org-netbeans-modules-project-ant.jar
69b28000-69b2d000 r--s 00038000 08:01 2500057    /usr/share/netbeans/ide14/modules/org-netbeans-modules-xml-catalog.jar
69b2d000-69b30000 r--s 00020000 08:01 2630504    /usr/share/netbeans/java5/modules/org-netbeans-modules-java-platform.jar
69b30000-69b34000 r--s 00038000 08:01 2500008    /usr/share/netbeans/ide14/modules/org-netbeans-modules-project-libraries.jar
69b34000-69b3a000 r--s 00066000 08:01 2630501    /usr/share/netbeans/java5/modules/org-apache-tools-ant-module.jar
69b3a000-69b3c000 r--s 00019000 08:01 2499961    /usr/share/netbeans/ide14/modules/org-netbeans-modules-xml-tools.jar
69b3c000-69b43000 r--s 0005d000 08:01 2500068    /usr/share/netbeans/ide14/modules/ext/org-netbeans-tax.jar
69b43000-69b49000 r--s 00058000 08:01 2500070    /usr/share/netbeans/ide14/modules/org-netbeans-modules-xml-tax.jar
69b49000-69b4b000 r--s 00008000 08:01 2499273    /usr/share/netbeans/platform13/modules/org-netbeans-modules-queries.jar
69b4b000-69b4c000 r--s 00008000 08:01 2499312    /usr/share/netbeans/platform13/modules/org-openide-io.jar
69b4c000-69b52000 r--s 00066000 08:01 2500065    /usr/share/netbeans/ide14/modules/org-netbeans-modules-xml.jar
69b52000-69b5a000 r--s 00097000 08:01 2500088    /usr/share/netbeans/ide14/modules/org-netbeans-modules-xml-text.jar
69b5a000-69b5c000 r--s 00011000 08:01 2500062    /usr/share/netbeans/ide14/modules/org-netbeans-modules-editor-bracesmatching.jar
69b5c000-69b5f000 r--s 0001d000 08:01 2500103    /usr/share/netbeans/ide14/modules/org-netbeans-modules-editor-deprecated-pre65formatting.jar
69b5f000-69b6c000 r--s 000e8000 08:01 2500007    /usr/share/netbeans/ide14/modules/org-netbeans-modules-csl-api.jar
69b6c000-69b73000 r--s 00063000 08:01 2499972    /usr/share/netbeans/ide14/modules/org-netbeans-modules-refactoring-api.jar
69b73000-69b78000 r--s 00045000 08:01 2500021    /usr/share/netbeans/ide14/modules/org-netbeans-modules-jumpto.jar
69b78000-69b81000 r--s 000b7000 08:01 2499993    /usr/share/netbeans/ide14/modules/org-netbeans-modules-parsing-api.jar
69b81000-69b86000 r--s 00058000 08:01 2499302    /usr/share/netbeans/platform13/modules/org-netbeans-modules-masterfs.jar
69b86000-69b8a000 r--s 00053000 08:01 2499280    /usr/share/netbeans/platform13/modules/org-netbeans-core-ui.jar
69b8a000-69b8d000 r--s 0002c000 08:01 2499287    /usr/share/netbeans/platform13/modules/org-netbeans-swing-plaf.jar
69b8d000-69b91000 r--s 00033000 08:01 2500052    /usr/share/netbeans/ide14/modules/org-netbeans-modules-editor-completion.jar
69b91000-69b9a000 r--s 000db000 08:01 2500001    /usr/share/netbeans/ide14/modules/org-netbeans-modules-diff.jar
69b9a000-69b9c000 r--s 0000b000 08:01 2500031    /usr/share/netbeans/ide14/modules/org-openidex-util.jar
69b9c000-69b9e000 r--s 00010000 08:01 2500091    /usr/share/netbeans/ide14/modules/org-netbeans-modules-editor-settings.jar
69b9e000-69ba2000 r--s 00041000 08:01 2500109    /usr/share/netbeans/ide14/modules/org-netbeans-modules-editor-settings-storage.jar
69ba2000-69ba5000 r--s 0003c000 08:01 2499244    /usr/share/netbeans/platform13/modules/org-netbeans-modules-options-keymap.jar
69ba5000-69bb5000 r--s 00178000 08:01 2500017    /usr/share/netbeans/ide14/modules/org-netbeans-modules-editor-lib.jar
69bb5000-69bbe000 r--s 000a3000 08:01 2500000    /usr/share/netbeans/ide14/modules/org-netbeans-modules-editor.jar
69bbe000-69bc7000 r--s 0008e000 08:01 2106605    /usr/share/java/jhall-2.0.05.ds1.jar
69bc7000-69bca000 ---p 00000000 00:00 0 
69bca000-69dc8000 rw-p 00000000 00:00 0          [stack:28218]
69dc8000-69efb000 r-xp 00000000 08:01 1705858    /usr/lib/i386-linux-gnu/libX11.so.6.3.0
69efb000-69efc000 r--p 00132000 08:01 1705858    /usr/lib/i386-linux-gnu/libX11.so.6.3.0
69efc000-69eff000 rw-p 00133000 08:01 1705858    /usr/lib/i386-linux-gnu/libX11.so.6.3.0
69eff000-69f02000 ---p 00000000 00:00 0 
69f02000-6a100000 rw-p 00000000 00:00 0          [stack:28217]
6a100000-6a13e000 rw-p 00000000 00:00 0 
6a13e000-6a200000 ---p 00000000 00:00 0 
6a200000-6a24a000 rw-p 00000000 00:00 0 
6a24a000-6a300000 ---p 00000000 00:00 0 
6a300000-6a321000 rw-p 00000000 00:00 0 
6a321000-6a400000 ---p 00000000 00:00 0 
6a400000-6a405000 r--s 00061000 08:01 2499284    /usr/share/netbeans/platform13/modules/org-openide-nodes.jar
6a405000-6a408000 r--s 00025000 08:01 2499263    /usr/share/netbeans/platform13/modules/org-netbeans-modules-javahelp.jar
6a408000-6a40c000 r--s 0004f000 08:01 2499282    /usr/share/netbeans/platform13/modules/org-netbeans-modules-options-api.jar
6a40c000-6a412000 r--s 00072000 08:01 2499296    /usr/share/netbeans/platform13/modules/org-netbeans-core.jar
6a412000-6a420000 r--s 000b9000 08:01 2499969    /usr/share/netbeans/ide14/modules/org-netbeans-spi-debugger-ui.jar
6a420000-6a4ff000 r--s 00000000 08:01 537951     /home/prashantvaidyanathan/.netbeans/7.0/var/cache/all-layers.dat
6a4ff000-6a502000 ---p 00000000 00:00 0 
6a502000-6a700000 rw-p 00000000 00:00 0          [stack:28216]
6a700000-6a721000 rw-p 00000000 00:00 0 
6a721000-6a800000 ---p 00000000 00:00 0 
6a800000-6a801000 r--s 00003000 08:01 2499992    /usr/share/netbeans/ide14/modules/org-netbeans-modules-usersguide.jar
6a801000-6a802000 r--s 00006000 08:01 2499278    /usr/share/netbeans/platform13/modules/org-openide-execution.jar
6a802000-6a803000 r--s 00002000 08:01 2499309    /usr/share/netbeans/platform13/modules/org-netbeans-api-annotations-common.jar
6a803000-6a806000 r--s 0001c000 08:01 2500004    /usr/share/netbeans/ide14/modules/org-netbeans-modules-xml-core.jar
6a806000-6a808000 r--s 00009000 08:01 2499311    /usr/share/netbeans/platform13/modules/org-netbeans-modules-editor-mimelookup.jar
6a808000-6a80c000 r--s 00038000 08:01 2500011    /usr/share/netbeans/ide14/modules/org-netbeans-modules-projectuiapi.jar
6a876000-6a877000 rw-p 00000000 00:00 0 
6a877000-6a87b000 r--s 00046000 08:01 2630546    /usr/share/netbeans/java5/modules/org-netbeans-modules-form-j2ee.jar
6a87b000-6a88c000 r-xp 00000000 08:01 1706240    /usr/lib/jni/libjnidispatch.so
6a88c000-6a88d000 r--p 00010000 08:01 1706240    /usr/lib/jni/libjnidispatch.so
6a88d000-6a88e000 rw-p 00011000 08:01 1706240    /usr/lib/jni/libjnidispatch.so
6a88e000-6a895000 r-xp 00000000 08:01 3414502    /usr/lib/jvm/java-7-oracle/jre/lib/i386/libmanagement.so
6a895000-6a896000 rw-p 00006000 08:01 3414502    /usr/lib/jvm/java-7-oracle/jre/lib/i386/libmanagement.so
6a896000-6a897000 r--s 00000000 08:01 2771806    /usr/share/netbeans/7.0.1/nb/modules/locale/org-netbeans-core_nb.jar
6a897000-6a8f7000 r-xp 00000000 08:01 3414512    /usr/lib/jvm/java-7-oracle/jre/lib/i386/libt2k.so
6a8f7000-6a8fb000 rw-p 0005f000 08:01 3414512    /usr/lib/jvm/java-7-oracle/jre/lib/i386/libt2k.so
6a8fb000-6a8ff000 rw-p 00000000 00:00 0 
6a8ff000-6a902000 ---p 00000000 00:00 0 
6a902000-6ab00000 rw-p 00000000 00:00 0          [stack:28215]
6ab00000-6ab21000 rw-p 00000000 00:00 0 
6ab21000-6ac00000 ---p 00000000 00:00 0 
6ac00000-6ac01000 r--s 00003000 08:01 2499998    /usr/share/netbeans/ide14/modules/org-netbeans-modules-utilities-project.jar
6ac01000-6ac04000 r--s 00038000 08:01 2499964    /usr/share/netbeans/ide14/modules/org-netbeans-api-debugger.jar
6ac04000-6ac07000 r--s 00034000 08:01 2500105    /usr/share/netbeans/ide14/modules/org-netbeans-spi-editor-hints.jar
6ac07000-6ac09000 r--s 0000f000 08:01 2500100    /usr/share/netbeans/ide14/modules/org-netbeans-modules-editor-indent.jar
6ac09000-6ac11000 r--s 000a8000 08:01 2500022    /usr/share/netbeans/ide14/modules/org-netbeans-modules-editor-lib2.jar
6ac11000-6ac12000 r--s 00000000 08:01 2771807    /usr/share/netbeans/7.0.1/nb/modules/locale/org-netbeans-spi-quicksearch_nb.jar
6ac12000-6ac13000 r--s 00002000 08:01 2499996    /usr/share/netbeans/ide14/modules/org-netbeans-modules-editor-errorstripe-api.jar
6ac13000-6ac2e000 r-xp 00000000 08:01 1049263    /lib/i386-linux-gnu/libgcc_s.so.1
6ac2e000-6ac2f000 r--p 0001a000 08:01 1049263    /lib/i386-linux-gnu/libgcc_s.so.1
6ac2f000-6ac30000 rw-p 0001b000 08:01 1049263    /lib/i386-linux-gnu/libgcc_s.so.1
6ac30000-6ac35000 r--s 00053000 08:01 2500073    /usr/share/netbeans/ide14/modules/org-netbeans-spi-palette.jar
6ac35000-6ac37000 r--s 0001c000 08:01 2499305    /usr/share/netbeans/platform13/modules/org-netbeans-spi-quicksearch.jar
6ac37000-6ac39000 r--s 00023000 08:01 2499999    /usr/share/netbeans/ide14/modules/org-netbeans-swing-dirchooser.jar
6ac39000-6ac3d000 r--s 00032000 08:01 2500049    /usr/share/netbeans/ide14/modules/org-netbeans-modules-projectapi.jar
6ac3d000-6ac47000 r--s 000f4000 08:01 2499290    /usr/share/netbeans/platform13/modules/org-openide-loaders.jar
6ac47000-6aca3000 r-xp 00000000 08:01 3414533    /usr/lib/jvm/java-7-oracle/jre/lib/i386/libfontmanager.so
6aca3000-6aca6000 rw-p 0005b000 08:01 3414533    /usr/lib/jvm/java-7-oracle/jre/lib/i386/libfontmanager.so
6aca6000-6acaa000 rw-p 00000000 00:00 0 
6acaa000-6acfb000 r-xp 00000000 08:01 3414508    /usr/lib/jvm/java-7-oracle/jre/lib/i386/libsplashscreen.so
6acfb000-6acfc000 rw-p 00050000 08:01 3414508    /usr/lib/jvm/java-7-oracle/jre/lib/i386/libsplashscreen.so
6acfc000-6acff000 rw-p 00000000 00:00 0 
6acff000-6ad02000 ---p 00000000 00:00 0 
6ad02000-6af00000 rw-p 00000000 00:00 0          [stack:28213]
6af00000-6aff9000 rw-p 00000000 00:00 0 
6aff9000-6b000000 ---p 00000000 00:00 0 
6b000000-6b021000 rw-p 00000000 00:00 0 
6b021000-6b100000 ---p 00000000 00:00 0 
6b100000-6b121000 rw-p 00000000 00:00 0 
6b121000-6b200000 ---p 00000000 00:00 0 
6b200000-6b204000 r--s 0004a000 08:01 2499292    /usr/share/netbeans/platform13/modules/org-openide-text.jar
6b204000-6b209000 r-xp 00000000 08:01 1708692    /usr/lib/i386-linux-gnu/libXdmcp.so.6.0.0
6b209000-6b20a000 r--p 00004000 08:01 1708692    /usr/lib/i386-linux-gnu/libXdmcp.so.6.0.0
6b20a000-6b20b000 rw-p 00005000 08:01 1708692    /usr/lib/i386-linux-gnu/libXdmcp.so.6.0.0
6b20b000-6b22b000 r-xp 00000000 08:01 1705841    /usr/lib/i386-linux-gnu/libxcb.so.1.1.0
6b22b000-6b22c000 r--p 0001f000 08:01 1705841    /usr/lib/i386-linux-gnu/libxcb.so.1.1.0
6b22c000-6b22d000 rw-p 00020000 08:01 1705841    /usr/lib/i386-linux-gnu/libxcb.so.1.1.0
6b22d000-6b23b000 r-xp 00000000 08:01 1709428    /usr/lib/i386-linux-gnu/libXi.so.6.1.0
6b23b000-6b23c000 r--p 0000d000 08:01 1709428    /usr/lib/i386-linux-gnu/libXi.so.6.1.0
6b23c000-6b23d000 rw-p 0000e000 08:01 1709428    /usr/lib/i386-linux-gnu/libXi.so.6.1.0
6b23d000-6b242000 r-xp 00000000 08:01 1705162    /usr/lib/i386-linux-gnu/libXtst.so.6.1.0
6b242000-6b243000 r--p 00004000 08:01 1705162    /usr/lib/i386-linux-gnu/libXtst.so.6.1.0
6b243000-6b244000 rw-p 00005000 08:01 1705162    /usr/lib/i386-linux-gnu/libXtst.so.6.1.0
6b244000-6b24c000 r-xp 00000000 08:01 1705866    /usr/lib/i386-linux-gnu/libXrender.so.1.3.0
6b24c000-6b24d000 r--p 00008000 08:01 1705866    /usr/lib/i386-linux-gnu/libXrender.so.1.3.0
6b24d000-6b24e000 rw-p 00009000 08:01 1705866    /usr/lib/i386-linux-gnu/libXrender.so.1.3.0
6b24e000-6b2d4000 r-xp 00000000 08:01 3414519    /usr/lib/jvm/java-7-oracle/jre/lib/i386/libawt.so
6b2d4000-6b2db000 rw-p 00086000 08:01 3414519    /usr/lib/jvm/java-7-oracle/jre/lib/i386/libawt.so
6b2db000-6b2ff000 rw-p 00000000 00:00 0 
6b2ff000-6b302000 ---p 00000000 00:00 0 
6b302000-6b500000 rw-p 00000000 00:00 0          [stack:28211]
6b500000-6b700000 r--p 00000000 08:01 1705354    /usr/lib/locale/locale-archive
6b700000-6b721000 rw-p 00000000 00:00 0 
6b721000-6b800000 ---p 00000000 00:00 0 
6b800000-6b801000 r--s 00001000 08:01 2499995    /usr/share/netbeans/ide14/modules/org-netbeans-libs-jsch.jar
6b801000-6b803000 r-xp 00000000 08:01 1708681    /usr/lib/i386-linux-gnu/libXau.so.6.0.0
6b803000-6b804000 r--p 00001000 08:01 1708681    /usr/lib/i386-linux-gnu/libXau.so.6.0.0
6b804000-6b805000 rw-p 00002000 08:01 1708681    /usr/lib/i386-linux-gnu/libXau.so.6.0.0
6b805000-6b806000 r--s 00000000 00:14 460365     /run/user/prashantvaidyanathan/dconf/user
6b806000-6b80b000 r-xp 00000000 08:01 1708815    /usr/lib/i386-linux-gnu/libXfixes.so.3.1.0
6b80b000-6b80c000 r--p 00004000 08:01 1708815    /usr/lib/i386-linux-gnu/libXfixes.so.3.1.0
6b80c000-6b80d000 rw-p 00005000 08:01 1708815    /usr/lib/i386-linux-gnu/libXfixes.so.3.1.0
6b80d000-6b816000 r-xp 00000000 08:01 1708734    /usr/lib/i386-linux-gnu/libXcursor.so.1.0.2
6b816000-6b817000 r--p 00008000 08:01 1708734    /usr/lib/i386-linux-gnu/libXcursor.so.1.0.2
6b817000-6b818000 rw-p 00009000 08:01 1708734    /usr/lib/i386-linux-gnu/libXcursor.so.1.0.2
6b818000-6b81c000 r--s 0008a000 08:01 3413877    /usr/lib/jvm/java-7-oracle/jre/lib/jsse.jar
6b81c000-6b865000 r-xp 00000000 08:01 3414479    /usr/lib/jvm/java-7-oracle/jre/lib/i386/xawt/libmawt.so
6b865000-6b867000 rw-p 00049000 08:01 3414479    /usr/lib/jvm/java-7-oracle/jre/lib/i386/xawt/libmawt.so
6b867000-6b868000 rw-p 00000000 00:00 0 
6b868000-6b87d000 r-xp 00000000 08:01 3414477    /usr/lib/jvm/java-7-oracle/jre/lib/i386/libnet.so
6b87d000-6b87e000 rw-p 00014000 08:01 3414477    /usr/lib/jvm/java-7-oracle/jre/lib/i386/libnet.so
6b87e000-6b87f000 ---p 00000000 00:00 0 
6b87f000-6b8ff000 rw-p 00000000 00:00 0          [stack:28214]
6b8ff000-6b902000 ---p 00000000 00:00 0 
6b902000-6bb00000 rw-p 00000000 00:00 0          [stack:28210]
6bb00000-6bb21000 rw-p 00000000 00:00 0 
6bb21000-6bc00000 ---p 00000000 00:00 0 
6bc00000-6bc01000 r--s 00006000 08:01 2499956    /usr/share/netbeans/ide14/modules/org-netbeans-modules-xml-lexer.jar
6bc01000-6bc11000 r-xp 00000000 08:01 1705864    /usr/lib/i386-linux-gnu/libXext.so.6.4.0
6bc11000-6bc12000 r--p 0000f000 08:01 1705864    /usr/lib/i386-linux-gnu/libXext.so.6.4.0
6bc12000-6bc13000 rw-p 00010000 08:01 1705864    /usr/lib/i386-linux-gnu/libXext.so.6.4.0
6bc13000-6bc7e000 r--s 00e19000 08:01 3413382    /usr/lib/jvm/java-7-oracle/lib/tools.jar
6bc7e000-6bc81000 ---p 00000000 00:00 0 
6bc81000-6bcff000 rw-p 00000000 00:00 0          [stack:28212]
6bcff000-6bd02000 ---p 00000000 00:00 0 
6bd02000-6bf00000 rw-p 00000000 00:00 0          [stack:28209]
6bf00000-6bf27000 rw-p 00000000 00:00 0 
6bf27000-6c000000 ---p 00000000 00:00 0 
6c000000-6c001000 r--s 00008000 08:01 2500037    /usr/share/netbeans/ide14/modules/org-netbeans-spi-tasklist.jar
6c001000-6c005000 r--s 000f7000 08:01 3414663    /usr/lib/jvm/java-7-oracle/jre/lib/ext/localedata.jar
6c005000-6c013000 r-xp 00000000 08:01 3414480    /usr/lib/jvm/java-7-oracle/jre/lib/i386/libnio.so
6c013000-6c014000 rw-p 0000e000 08:01 3414480    /usr/lib/jvm/java-7-oracle/jre/lib/i386/libnio.so
6c014000-6c01a000 r--s 0001e000 08:01 3413394    /usr/lib/jvm/java-7-oracle/lib/dt.jar
6c01a000-6c01b000 ---p 00000000 00:00 0 
6c01b000-6c0e6000 rw-p 00000000 00:00 0          [stack:28208]
6c0e6000-6c2a2000 r--s 039b2000 08:01 3414546    /usr/lib/jvm/java-7-oracle/jre/lib/rt.jar
6c2a2000-6c30e000 rw-p 00000000 00:00 0 
6c30e000-6c3be000 rw-p 00000000 00:00 0 
6c3be000-6c3c9000 rw-p 00000000 00:00 0 
6c3c9000-6c4bf000 rw-p 00000000 00:00 0 
6c4bf000-6c4c5000 rw-p 00000000 00:00 0 
6c4c5000-6c53f000 rw-p 00000000 00:00 0 
6c53f000-6c54a000 rw-p 00000000 00:00 0 
6c54a000-6c63f000 rw-p 00000000 00:00 0 
6c63f000-6c64f000 rw-p 00000000 00:00 0 
6c64f000-6c6ff000 rw-p 00000000 00:00 0 
6c6ff000-6d1a0000 rw-p 00000000 00:00 0 
6d1a0000-7c700000 rw-p 00000000 00:00 0 
7c700000-7dc60000 rw-p 00000000 00:00 0 
7dc60000-9c700000 rw-p 00000000 00:00 0 
9c700000-9e700000 rw-p 00000000 00:00 0 
9e700000-b4700000 rw-p 00000000 00:00 0 
b4700000-b4707000 r--s 000a0000 08:01 2106758    /usr/share/netbeans/platform13/core/org-openide-filesystems.jar
b4707000-b4712000 rw-p 00000000 00:00 0 
b4712000-b4787000 rw-p 00000000 00:00 0 
b4787000-b4a1f000 rwxp 00000000 00:00 0 
b4a1f000-b6787000 rw-p 00000000 00:00 0 
b6787000-b679e000 r-xp 00000000 08:01 3414529    /usr/lib/jvm/java-7-oracle/jre/lib/i386/libzip.so
b679e000-b679f000 rw-p 00017000 08:01 3414529    /usr/lib/jvm/java-7-oracle/jre/lib/i386/libzip.so
b679f000-b67aa000 r-xp 00000000 08:01 1058789    /lib/i386-linux-gnu/libnss_files-2.17.so
b67aa000-b67ab000 r--p 0000a000 08:01 1058789    /lib/i386-linux-gnu/libnss_files-2.17.so
b67ab000-b67ac000 rw-p 0000b000 08:01 1058789    /lib/i386-linux-gnu/libnss_files-2.17.so
b67ac000-b67c1000 r-xp 00000000 08:01 1058786    /lib/i386-linux-gnu/libnsl-2.17.so
b67c1000-b67c2000 r--p 00014000 08:01 1058786    /lib/i386-linux-gnu/libnsl-2.17.so
b67c2000-b67c3000 rw-p 00015000 08:01 1058786    /lib/i386-linux-gnu/libnsl-2.17.so
b67c3000-b67c5000 rw-p 00000000 00:00 0 
b67c5000-b67c6000 r--s 00047000 08:01 2771765    /usr/share/netbeans/7.0.1/nb/core/locale/core_nb.jar
b67c6000-b67c9000 r--s 00046000 08:01 2771763    /usr/share/netbeans/7.0.1/nb/core/org-netbeans-upgrader.jar
b67c9000-b67ce000 r--s 00099000 08:01 2106755    /usr/share/netbeans/platform13/core/core.jar
b67ce000-b67d1000 r--s 00034000 08:01 2106540    /usr/share/java/org-openide-util-lookup-7.0.jar
b67d1000-b67d8000 r--s 0007d000 08:01 2106542    /usr/share/java/org-openide-util-7.0.jar
b67d8000-b67d9000 r--s 00007000 08:01 2106544    /usr/share/java/org-openide-modules-7.0.jar
b67d9000-b67dc000 r--s 00045000 08:01 2499321    /usr/share/netbeans/platform13/lib/boot.jar
b67dc000-b67ff000 r-xp 00000000 08:01 3414513    /usr/lib/jvm/java-7-oracle/jre/lib/i386/libjava.so
b67ff000-b6800000 rw-p 00022000 08:01 3414513    /usr/lib/jvm/java-7-oracle/jre/lib/i386/libjava.so
b6800000-b68fe000 rw-p 00000000 00:00 0 
b68fe000-b6900000 ---p 00000000 00:00 0 
b6900000-b6901000 r--p 002c5000 08:01 1705354    /usr/lib/locale/locale-archive
b6901000-b6909000 rw-s 00000000 08:01 4986264    /tmp/hsperfdata_prashantvaidyanathan/28206
b6909000-b6913000 r-xp 00000000 08:01 1058800    /lib/i386-linux-gnu/libnss_nis-2.17.so
b6913000-b6914000 r--p 00009000 08:01 1058800    /lib/i386-linux-gnu/libnss_nis-2.17.so
b6914000-b6915000 rw-p 0000a000 08:01 1058800    /lib/i386-linux-gnu/libnss_nis-2.17.so
b6915000-b691c000 r-xp 00000000 08:01 1058799    /lib/i386-linux-gnu/librt-2.17.so
b691c000-b691d000 r--p 00006000 08:01 1058799    /lib/i386-linux-gnu/librt-2.17.so
b691d000-b691e000 rw-p 00007000 08:01 1058799    /lib/i386-linux-gnu/librt-2.17.so
b691e000-b6921000 ---p 00000000 00:00 0 
b6921000-b6b1f000 rw-p 00000000 00:00 0          [stack:28207]
b6b1f000-b6b60000 r-xp 00000000 08:01 1058796    /lib/i386-linux-gnu/libm-2.17.so
b6b60000-b6b61000 r--p 00040000 08:01 1058796    /lib/i386-linux-gnu/libm-2.17.so
b6b61000-b6b62000 rw-p 00041000 08:01 1058796    /lib/i386-linux-gnu/libm-2.17.so
b6b62000-b70e8000 r-xp 00000000 08:01 3414494    /usr/lib/jvm/java-7-oracle/jre/lib/i386/client/libjvm.so
b70e8000-b7109000 rw-p 00586000 08:01 3414494    /usr/lib/jvm/java-7-oracle/jre/lib/i386/client/libjvm.so
b7109000-b752a000 rw-p 00000000 00:00 0 
b752a000-b76d8000 r-xp 00000000 08:01 1058797    /lib/i386-linux-gnu/libc-2.17.so
b76d8000-b76da000 r--p 001ae000 08:01 1058797    /lib/i386-linux-gnu/libc-2.17.so
b76da000-b76db000 rw-p 001b0000 08:01 1058797    /lib/i386-linux-gnu/libc-2.17.so
b76db000-b76de000 rw-p 00000000 00:00 0 
b76de000-b76e1000 r-xp 00000000 08:01 1058802    /lib/i386-linux-gnu/libdl-2.17.so
b76e1000-b76e2000 r--p 00002000 08:01 1058802    /lib/i386-linux-gnu/libdl-2.17.so
b76e2000-b76e3000 rw-p 00003000 08:01 1058802    /lib/i386-linux-gnu/libdl-2.17.so
b76e3000-b76e4000 rw-p 00000000 00:00 0 
b76e4000-b76f7000 r-xp 00000000 08:01 3413390    /usr/lib/jvm/java-7-oracle/lib/i386/jli/libjli.so
b76f7000-b76f8000 rw-p 00012000 08:01 3413390    /usr/lib/jvm/java-7-oracle/lib/i386/jli/libjli.so
b76f8000-b770f000 r-xp 00000000 08:01 1058795    /lib/i386-linux-gnu/libpthread-2.17.so
b770f000-b7710000 r--p 00016000 08:01 1058795    /lib/i386-linux-gnu/libpthread-2.17.so
b7710000-b7711000 rw-p 00017000 08:01 1058795    /lib/i386-linux-gnu/libpthread-2.17.so
b7711000-b7713000 rw-p 00000000 00:00 0 
b7713000-b771a000 r-xp 00000000 08:01 1058790    /lib/i386-linux-gnu/libnss_compat-2.17.so
b771a000-b771b000 r--p 00006000 08:01 1058790    /lib/i386-linux-gnu/libnss_compat-2.17.so
b771b000-b771c000 rw-p 00007000 08:01 1058790    /lib/i386-linux-gnu/libnss_compat-2.17.so
b771c000-b771d000 rw-p 00000000 00:00 0 
b771d000-b771e000 r--p 00000000 00:00 0 
b771e000-b7729000 r-xp 00000000 08:01 3414510    /usr/lib/jvm/java-7-oracle/jre/lib/i386/libverify.so
b7729000-b772a000 rw-p 0000b000 08:01 3414510    /usr/lib/jvm/java-7-oracle/jre/lib/i386/libverify.so
b772a000-b772c000 rw-p 00000000 00:00 0 
b772c000-b772d000 r-xp 00000000 00:00 0          [vdso]
b772d000-b774d000 r-xp 00000000 08:01 1058798    /lib/i386-linux-gnu/ld-2.17.so
b774d000-b774e000 r--p 0001f000 08:01 1058798    /lib/i386-linux-gnu/ld-2.17.so
b774e000-b774f000 rw-p 00020000 08:01 1058798    /lib/i386-linux-gnu/ld-2.17.so
bfcc5000-bfce7000 rw-p 00000000 00:00 0          [stack]

VM Arguments:
jvm_args: -Djdk.home=/usr/lib/jvm/java-7-oracle -Djava.library.path=/usr/lib/jni -Dnetbeans.system_http_proxy=DIRECT -Dnetbeans.system_http_non_proxy_hosts= -Dnetbeans.dirs=/usr/share/netbeans/7.0.1/nb:/usr/share/netbeans/7.0.1/bin/../ergonomics:/usr/share/netbeans/7.0.1/ide:/usr/share/netbeans/7.0.1/java:/usr/share/netbeans/7.0.1/bin/../xml:/usr/share/netbeans/7.0.1/apisupport:/usr/share/netbeans/7.0.1/bin/../webcommon:/usr/share/netbeans/7.0.1/bin/../websvccommon:/usr/share/netbeans/7.0.1/bin/../enterprise:/usr/share/netbeans/7.0.1/bin/../mobility:/usr/share/netbeans/7.0.1/bin/../profiler:/usr/share/netbeans/7.0.1/bin/../ruby:/usr/share/netbeans/7.0.1/bin/../python:/usr/share/netbeans/7.0.1/bin/../php:/usr/share/netbeans/7.0.1/bin/../visualweb:/usr/share/netbeans/7.0.1/bin/../soa:/usr/share/netbeans/7.0.1/bin/../identity:/usr/share/netbeans/7.0.1/bin/../uml:/usr/share/netbeans/7.0.1/harness:/usr/share/netbeans/7.0.1/bin/../cnd:/usr/share/netbeans/7.0.1/bin/../dlight:/usr/share/netbeans/7.0.1/bin/../groovy:/usr/share/netbeans/7.0.1/bin/../extra:/usr/share/netbeans/7.0.1/bin/../javafx:/usr/share/netbeans/7.0.1/bin/../javacard: -Dnetbeans.home=/usr/share/netbeans/7.0.1/platform -Dnetbeans.importclass=org.netbeans.upgrade.AutoUpgrade -Dnetbeans.accept_license_class=org.netbeans.license.AcceptLicense -XX:MaxPermSize=384m -Xmx768m -Xss2m -Xms32m -XX:PermSize=32m -Dapple.laf.useScreenMenuBar=true -Dapple.awt.graphics.UseQuartz=true -Dsun.java2d.noddraw=true -Dsun.java2d.pmoffscreen=false 
java_command: org.netbeans.Main --userdir /home/prashantvaidyanathan/.netbeans/7.0 --branding nb
Launcher Type: SUN_STANDARD

Environment Variables:
PATH=/usr/lib/lightdm/lightdm:/usr/local/sbin:/usr/local/bin:/usr/sbin:/usr/bin:/sbin:/bin:/usr/games:/usr/local/games
SHELL=/bin/bash
DISPLAY=:0

Signal Handlers:
SIGSEGV: [libjvm.so+0x504580], sa_mask[0]=0x7ffbfeff, sa_flags=0x10000004
SIGBUS: [libjvm.so+0x504580], sa_mask[0]=0x7ffbfeff, sa_flags=0x10000004
SIGFPE: [libjvm.so+0x3fc670], sa_mask[0]=0x7ffbfeff, sa_flags=0x10000004
SIGPIPE: SIG_IGN, sa_mask[0]=0x00001000, sa_flags=0x10000000
SIGXFSZ: [libjvm.so+0x3fc670], sa_mask[0]=0x7ffbfeff, sa_flags=0x10000004
SIGILL: [libjvm.so+0x3fc670], sa_mask[0]=0x7ffbfeff, sa_flags=0x10000004
SIGUSR1: SIG_DFL, sa_mask[0]=0x00000000, sa_flags=0x00000000
SIGUSR2: [libjvm.so+0x3fdb60], sa_mask[0]=0x00000000, sa_flags=0x10000004
SIGHUP: [libjvm.so+0x3fecb0], sa_mask[0]=0x7ffbfeff, sa_flags=0x10000004
SIGINT: SIG_IGN, sa_mask[0]=0x00000000, sa_flags=0x00000000
SIGTERM: [libjvm.so+0x3fecb0], sa_mask[0]=0x7ffbfeff, sa_flags=0x10000004
SIGQUIT: [libjvm.so+0x3fecb0], sa_mask[0]=0x7ffbfeff, sa_flags=0x10000004


---------------  S Y S T E M  ---------------

OS:wheezy/sid

uname:Linux 3.8.0-32-generic #47-Ubuntu SMP Tue Oct 1 21:36:40 UTC 2013 i686
libc:glibc 2.17 NPTL 2.17 
rlimit: STACK 8192k, CORE 0k, NPROC 40256, NOFILE 4096, AS infinity
load average:0.15 0.11 0.15

/proc/meminfo:
MemTotal:        5169340 kB
MemFree:         3478980 kB
Buffers:          299900 kB
Cached:           763632 kB
SwapCached:            0 kB
Active:          1004288 kB
Inactive:         535112 kB
Active(anon):     476668 kB
Inactive(anon):    33492 kB
Active(file):     527620 kB
Inactive(file):   501620 kB
Unevictable:          32 kB
Mlocked:              32 kB
HighTotal:       4329352 kB
HighFree:        3059840 kB
LowTotal:         839988 kB
LowFree:          419140 kB
SwapTotal:       3176444 kB
SwapFree:        3176444 kB
Dirty:               188 kB
Writeback:             0 kB
AnonPages:        476084 kB
Mapped:           169088 kB
Shmem:             34296 kB
Slab:             107112 kB
SReclaimable:      85360 kB
SUnreclaim:        21752 kB
KernelStack:        3808 kB
PageTables:         8756 kB
NFS_Unstable:          0 kB
Bounce:                0 kB
WritebackTmp:          0 kB
CommitLimit:     5761112 kB
Committed_AS:    3295580 kB
VmallocTotal:     122880 kB
VmallocUsed:       22444 kB
VmallocChunk:      98700 kB
HardwareCorrupted:     0 kB
AnonHugePages:         0 kB
HugePages_Total:       0
HugePages_Free:        0
HugePages_Rsvd:        0
HugePages_Surp:        0
Hugepagesize:       2048 kB
DirectMap4k:       10232 kB
DirectMap2M:      903168 kB


CPU:total 8 (1 cores per cpu, 1 threads per core) family 6 model 58 stepping 9, cmov, cx8, fxsr, mmx, sse, sse2, sse3, ssse3, sse4.1, sse4.2, popcnt, avx, aes, erms, tsc, tscinvbit, tscinv

/proc/cpuinfo:
processor	: 0
vendor_id	: GenuineIntel
cpu family	: 6
model		: 58
model name	: Intel(R) Core(TM) i7-3610QM CPU @ 2.30GHz
stepping	: 9
microcode	: 0x15
cpu MHz		: 2294.839
cache size	: 6144 KB
fdiv_bug	: no
hlt_bug		: no
f00f_bug	: no
coma_bug	: no
fpu		: yes
fpu_exception	: yes
cpuid level	: 13
wp		: yes
flags		: fpu vme de pse tsc msr pae mce cx8 apic sep mtrr pge mca cmov pat pse36 clflush dts mmx fxsr sse sse2 ss nx rdtscp constant_tsc arch_perfmon pebs bts xtopology tsc_reliable nonstop_tsc aperfmperf eagerfpu pni pclmulqdq ssse3 pcid sse4_1 sse4_2 x2apic popcnt aes xsave avx f16c rdrand hypervisor ida arat epb xsaveopt pln pts dtherm fsgsbase smep
bogomips	: 4589.67
clflush size	: 64
cache_alignment	: 64
address sizes	: 40 bits physical, 48 bits virtual
power management:

processor	: 1
vendor_id	: GenuineIntel
cpu family	: 6
model		: 58
model name	: Intel(R) Core(TM) i7-3610QM CPU @ 2.30GHz
stepping	: 9
microcode	: 0x15
cpu MHz		: 2294.839
cache size	: 6144 KB
fdiv_bug	: no
hlt_bug		: no
f00f_bug	: no
coma_bug	: no
fpu		: yes
fpu_exception	: yes
cpuid level	: 13
wp		: yes
flags		: fpu vme de pse tsc msr pae mce cx8 apic sep mtrr pge mca cmov pat pse36 clflush dts mmx fxsr sse sse2 ss nx rdtscp constant_tsc arch_perfmon pebs bts xtopology tsc_reliable nonstop_tsc aperfmperf eagerfpu pni pclmulqdq ssse3 pcid sse4_1 sse4_2 x2apic popcnt aes xsave avx f16c rdrand hypervisor ida arat epb xsaveopt pln pts dtherm fsgsbase smep
bogomips	: 4589.67
clflush size	: 64
cache_alignment	: 64
address sizes	: 40 bits physical, 48 bits virtual
power management:

processor	: 2
vendor_id	: GenuineIntel
cpu family	: 6
model		: 58
model name	: Intel(R) Core(TM) i7-3610QM CPU @ 2.30GHz
stepping	: 9
microcode	: 0x15
cpu MHz		: 2294.839
cache size	: 6144 KB
fdiv_bug	: no
hlt_bug		: no
f00f_bug	: no
coma_bug	: no
fpu		: yes
fpu_exception	: yes
cpuid level	: 13
wp		: yes
flags		: fpu vme de pse tsc msr pae mce cx8 apic sep mtrr pge mca cmov pat pse36 clflush dts mmx fxsr sse sse2 ss nx rdtscp constant_tsc arch_perfmon pebs bts xtopology tsc_reliable nonstop_tsc aperfmperf eagerfpu pni pclmulqdq ssse3 pcid sse4_1 sse4_2 x2apic popcnt aes xsave avx f16c rdrand hypervisor ida arat epb xsaveopt pln pts dtherm fsgsbase smep
bogomips	: 4589.67
clflush size	: 64
cache_alignment	: 64
address sizes	: 40 bits physical, 48 bits virtual
power management:

processor	: 3
vendor_id	: GenuineIntel
cpu family	: 6
model		: 58
model name	: Intel(R) Core(TM) i7-3610QM CPU @ 2.30GHz
stepping	: 9
microcode	: 0x15
cpu MHz		: 2294.839
cache size	: 6144 KB
fdiv_bug	: no
hlt_bug		: no
f00f_bug	: no
coma_bug	: no
fpu		: yes
fpu_exception	: yes
cpuid level	: 13
wp		: yes
flags		: fpu vme de pse tsc msr pae mce cx8 apic sep mtrr pge mca cmov pat pse36 clflush dts mmx fxsr sse sse2 ss nx rdtscp constant_tsc arch_perfmon pebs bts xtopology tsc_reliable nonstop_tsc aperfmperf eagerfpu pni pclmulqdq ssse3 pcid sse4_1 sse4_2 x2apic popcnt aes xsave avx f16c rdrand hypervisor ida arat epb xsaveopt pln pts dtherm fsgsbase smep
bogomips	: 4589.67
clflush size	: 64
cache_alignment	: 64
address sizes	: 40 bits physical, 48 bits virtual
power management:

processor	: 4
vendor_id	: GenuineIntel
cpu family	: 6
model		: 58
model name	: Intel(R) Core(TM) i7-3610QM CPU @ 2.30GHz
stepping	: 9
microcode	: 0x15
cpu MHz		: 2294.839
cache size	: 6144 KB
fdiv_bug	: no
hlt_bug		: no
f00f_bug	: no
coma_bug	: no
fpu		: yes
fpu_exception	: yes
cpuid level	: 13
wp		: yes
flags		: fpu vme de pse tsc msr pae mce cx8 apic sep mtrr pge mca cmov pat pse36 clflush dts mmx fxsr sse sse2 ss nx rdtscp constant_tsc arch_perfmon pebs bts xtopology tsc_reliable nonstop_tsc aperfmperf eagerfpu pni pclmulqdq ssse3 pcid sse4_1 sse4_2 x2apic popcnt aes xsave avx f16c rdrand hypervisor ida arat epb xsaveopt pln pts dtherm fsgsbase smep
bogomips	: 4589.67
clflush size	: 64
cache_alignment	: 64
address sizes	: 40 bits physical, 48 bits virtual
power management:

processor	: 5
vendor_id	: GenuineIntel
cpu family	: 6
model		: 58
model name	: Intel(R) Core(TM) i7-3610QM CPU @ 2.30GHz
stepping	: 9
microcode	: 0x15
cpu MHz		: 2294.839
cache size	: 6144 KB
fdiv_bug	: no
hlt_bug		: no
f00f_bug	: no
coma_bug	: no
fpu		: yes
fpu_exception	: yes
cpuid level	: 13
wp		: yes
flags		: fpu vme de pse tsc msr pae mce cx8 apic sep mtrr pge mca cmov pat pse36 clflush dts mmx fxsr sse sse2 ss nx rdtscp constant_tsc arch_perfmon pebs bts xtopology tsc_reliable nonstop_tsc aperfmperf eagerfpu pni pclmulqdq ssse3 pcid sse4_1 sse4_2 x2apic popcnt aes xsave avx f16c rdrand hypervisor ida arat epb xsaveopt pln pts dtherm fsgsbase smep
bogomips	: 4589.67
clflush size	: 64
cache_alignment	: 64
address sizes	: 40 bits physical, 48 bits virtual
power management:

processor	: 6
vendor_id	: GenuineIntel
cpu family	: 6
model		: 58
model name	: Intel(R) Core(TM) i7-3610QM CPU @ 2.30GHz
stepping	: 9
microcode	: 0x15
cpu MHz		: 2294.839
cache size	: 6144 KB
fdiv_bug	: no
hlt_bug		: no
f00f_bug	: no
coma_bug	: no
fpu		: yes
fpu_exception	: yes
cpuid level	: 13
wp		: yes
flags		: fpu vme de pse tsc msr pae mce cx8 apic sep mtrr pge mca cmov pat pse36 clflush dts mmx fxsr sse sse2 ss nx rdtscp constant_tsc arch_perfmon pebs bts xtopology tsc_reliable nonstop_tsc aperfmperf eagerfpu pni pclmulqdq ssse3 pcid sse4_1 sse4_2 x2apic popcnt aes xsave avx f16c rdrand hypervisor ida arat epb xsaveopt pln pts dtherm fsgsbase smep
bogomips	: 4589.67
clflush size	: 64
cache_alignment	: 64
address sizes	: 40 bits physical, 48 bits virtual
power management:

processor	: 7
vendor_id	: GenuineIntel
cpu family	: 6
model		: 58
model name	: Intel(R) Core(TM) i7-3610QM CPU @ 2.30GHz
stepping	: 9
microcode	: 0x15
cpu MHz		: 2294.839
cache size	: 6144 KB
fdiv_bug	: no
hlt_bug		: no
f00f_bug	: no
coma_bug	: no
fpu		: yes
fpu_exception	: yes
cpuid level	: 13
wp		: yes
flags		: fpu vme de pse tsc msr pae mce cx8 apic sep mtrr pge mca cmov pat pse36 clflush dts mmx fxsr sse sse2 ss nx rdtscp constant_tsc arch_perfmon pebs bts xtopology tsc_reliable nonstop_tsc aperfmperf eagerfpu pni pclmulqdq ssse3 pcid sse4_1 sse4_2 x2apic popcnt aes xsave avx f16c rdrand hypervisor ida arat epb xsaveopt pln pts dtherm fsgsbase smep
bogomips	: 4589.67
clflush size	: 64
cache_alignment	: 64
address sizes	: 40 bits physical, 48 bits virtual
power management:



Memory: 4k page, physical 5169340k(3478112k free), swap 3176444k(3176444k free)

vm_info: Java HotSpot(TM) Client VM (24.45-b08) for linux-x86 JRE (1.7.0_45-b18), built on Oct  8 2013 05:47:36 by "java_re" with gcc 4.3.0 20080428 (Red Hat 4.3.0-8)

time: Tue Feb 25 08:49:40 2014
elapsed time: 4 seconds

